#
# There is insufficient memory for the Java Runtime Environment to continue.
# Native memory allocation (malloc) failed to allocate 899376 bytes for Chunk::new
# Possible reasons:
#   The system is out of physical RAM or swap space
#   The process is running with CompressedOops enabled, and the Java Heap may be blocking the growth of the native heap
# Possible solutions:
#   Reduce memory load on the system
#   Increase physical memory or swap space
#   Check if swap backing store is full
#   Decrease Java heap size (-Xmx/-Xms)
#   Decrease number of Java threads
#   Decrease Java thread stack sizes (-Xss)
#   Set larger code cache with -XX:ReservedCodeCacheSize=
#   JVM is running with Zero Based Compressed Oops mode in which the Java heap is
#     placed in the first 32GB address space. The Java Heap base address is the
#     maximum limit for the native heap growth. Please use -XX:HeapBaseMinAddress
#     to set the Java Heap base and to place the Java Heap above 32GB virtual address.
# This output file may be truncated or incomplete.
#
#  Out of Memory Error (arena.cpp:189), pid=19896, tid=19996
#
# JRE version: OpenJDK Runtime Environment (17.0.6) (build 17.0.6+0-b2043.56-9586694)
# Java VM: OpenJDK 64-Bit Server VM (17.0.6+0-b2043.56-9586694, mixed mode, tiered, compressed oops, compressed class ptrs, g1 gc, windows-amd64)
# No core dump will be written. Minidumps are not enabled by default on client versions of Windows
#

---------------  S U M M A R Y ------------

Command Line: org.jetbrains.kotlin.cli.jvm.K2JVMCompiler @E:\Tugas\Kuliah\PEMBELAJARAN\SMT4\PT2\Project\Animalie\app\build\20230523_11332084026156283918.compiler.options

Host: AMD Ryzen 5 5500U with Radeon Graphics         , 12 cores, 9G,  Windows 11 , 64 bit Build 22621 (10.0.22621.1635)
Time: Tue May 23 15:28:16 2023 SE Asia Standard Time elapsed time: 7.568928 seconds (0d 0h 0m 7s)

---------------  T H R E A D  ---------------

Current thread (0x000001e5aa8e5040):  JavaThread "C2 CompilerThread2" daemon [_thread_in_native, id=19996, stack(0x0000003550200000,0x0000003550300000)]


Current CompileTask:
C2:   7568 8462       4       org.jetbrains.kotlin.resolve.OverridingUtil::resolveUnknownVisibilityForMember (248 bytes)

Stack: [0x0000003550200000,0x0000003550300000]
Native frames: (J=compiled Java code, j=interpreted, Vv=VM code, C=native code)
V  [jvm.dll+0x683b4a]
V  [jvm.dll+0x842654]
V  [jvm.dll+0x843dfe]
V  [jvm.dll+0x844463]
V  [jvm.dll+0x249b75]
V  [jvm.dll+0xabcac]
V  [jvm.dll+0xac27c]
V  [jvm.dll+0x2b0eef]
V  [jvm.dll+0x58a207]
V  [jvm.dll+0x2243b2]
V  [jvm.dll+0x22478f]
V  [jvm.dll+0x21e055]
V  [jvm.dll+0x21b51b]
V  [jvm.dll+0x1a4fdd]
V  [jvm.dll+0x22b098]
V  [jvm.dll+0x229159]
V  [jvm.dll+0x7f809c]
V  [jvm.dll+0x7f25fa]
V  [jvm.dll+0x682985]
C  [ucrtbase.dll+0x29363]
C  [KERNEL32.DLL+0x126ad]
C  [ntdll.dll+0x5a9f8]


---------------  P R O C E S S  ---------------

Threads class SMR info:
_java_thread_list=0x000001e5aa9452a0, length=14, elements={
0x000001e58aef9770, 0x000001e5a6359a80, 0x000001e5a635a540, 0x000001e5a6c4b910,
0x000001e5a6c4c3d0, 0x000001e5a6c4f0a0, 0x000001e5a6c4f960, 0x000001e5a6c50550,
0x000001e5a6c51e60, 0x000001e5a6c52760, 0x000001e5a6dd5770, 0x000001e5a6e07ca0,
0x000001e5a74d3590, 0x000001e5aa8e5040
}

Java Threads: ( => current thread )
  0x000001e58aef9770 JavaThread "main" [_thread_in_Java, id=19692, stack(0x000000354e300000,0x000000354e400000)]
  0x000001e5a6359a80 JavaThread "Reference Handler" daemon [_thread_blocked, id=13416, stack(0x000000354ea00000,0x000000354eb00000)]
  0x000001e5a635a540 JavaThread "Finalizer" daemon [_thread_blocked, id=12616, stack(0x000000354eb00000,0x000000354ec00000)]
  0x000001e5a6c4b910 JavaThread "Signal Dispatcher" daemon [_thread_blocked, id=7340, stack(0x000000354ec00000,0x000000354ed00000)]
  0x000001e5a6c4c3d0 JavaThread "Attach Listener" daemon [_thread_blocked, id=19184, stack(0x000000354ed00000,0x000000354ee00000)]
  0x000001e5a6c4f0a0 JavaThread "Service Thread" daemon [_thread_blocked, id=7136, stack(0x000000354ee00000,0x000000354ef00000)]
  0x000001e5a6c4f960 JavaThread "Monitor Deflation Thread" daemon [_thread_blocked, id=3740, stack(0x000000354ef00000,0x000000354f000000)]
  0x000001e5a6c50550 JavaThread "C2 CompilerThread0" daemon [_thread_in_native, id=6968, stack(0x000000354f000000,0x000000354f100000)]
  0x000001e5a6c51e60 JavaThread "C1 CompilerThread0" daemon [_thread_in_vm, id=6008, stack(0x000000354f100000,0x000000354f200000)]
  0x000001e5a6c52760 JavaThread "Sweeper thread" daemon [_thread_blocked, id=348, stack(0x000000354f200000,0x000000354f300000)]
  0x000001e5a6dd5770 JavaThread "Notification Thread" daemon [_thread_blocked, id=21812, stack(0x000000354f300000,0x000000354f400000)]
  0x000001e5a6e07ca0 JavaThread "Common-Cleaner" daemon [_thread_blocked, id=17800, stack(0x000000354f500000,0x000000354f600000)]
  0x000001e5a74d3590 JavaThread "C2 CompilerThread1" daemon [_thread_in_native, id=2800, stack(0x000000354fa00000,0x000000354fb00000)]
=>0x000001e5aa8e5040 JavaThread "C2 CompilerThread2" daemon [_thread_in_native, id=19996, stack(0x0000003550200000,0x0000003550300000)]

Other Threads:
  0x000001e5a6353ba0 VMThread "VM Thread" [stack: 0x000000354e900000,0x000000354ea00000] [id=15076]
  0x000001e58af61cf0 WatcherThread [stack: 0x000000354f400000,0x000000354f500000] [id=18552]
  0x000001e58af4a180 GCTaskThread "GC Thread#0" [stack: 0x000000354e400000,0x000000354e500000] [id=14504]
  0x000001e5a7380210 GCTaskThread "GC Thread#1" [stack: 0x000000354f600000,0x000000354f700000] [id=22380]
  0x000001e5a73804c0 GCTaskThread "GC Thread#2" [stack: 0x000000354f700000,0x000000354f800000] [id=20144]
  0x000001e5a7380770 GCTaskThread "GC Thread#3" [stack: 0x000000354f800000,0x000000354f900000] [id=15976]
  0x000001e5a736a5f0 GCTaskThread "GC Thread#4" [stack: 0x000000354f900000,0x000000354fa00000] [id=18960]
  0x000001e5a877f340 GCTaskThread "GC Thread#5" [stack: 0x000000354fb00000,0x000000354fc00000] [id=17128]
  0x000001e5a877e320 GCTaskThread "GC Thread#6" [stack: 0x000000354fc00000,0x000000354fd00000] [id=3636]
  0x000001e5a877f8a0 GCTaskThread "GC Thread#7" [stack: 0x000000354fd00000,0x000000354fe00000] [id=10520]
  0x000001e5a877fb50 GCTaskThread "GC Thread#8" [stack: 0x000000354fe00000,0x000000354ff00000] [id=9180]
  0x000001e5a877e5d0 GCTaskThread "GC Thread#9" [stack: 0x000000354ff00000,0x0000003550000000] [id=19032]
  0x000001e58af56fc0 ConcurrentGCThread "G1 Main Marker" [stack: 0x000000354e500000,0x000000354e600000] [id=8404]
  0x000001e58af579d0 ConcurrentGCThread "G1 Conc#0" [stack: 0x000000354e600000,0x000000354e700000] [id=16620]
  0x000001e5a877e070 ConcurrentGCThread "G1 Conc#1" [stack: 0x0000003550000000,0x0000003550100000] [id=18972]
  0x000001e5a877eb30 ConcurrentGCThread "G1 Conc#2" [stack: 0x0000003550100000,0x0000003550200000] [id=17168]
  0x000001e58afbea90 ConcurrentGCThread "G1 Refine#0" [stack: 0x000000354e700000,0x000000354e800000] [id=10384]
  0x000001e5ab3fa7a0 ConcurrentGCThread "G1 Refine#1" [stack: 0x0000003550300000,0x0000003550400000] [id=19384]
  0x000001e5a61b64e0 ConcurrentGCThread "G1 Service" [stack: 0x000000354e800000,0x000000354e900000] [id=5496]

Threads with active compile tasks:
C2 CompilerThread0     7584 8043       4       org.jetbrains.kotlin.resolve.lazy.descriptors.AbstractLazyMemberScope::doGetFunctions (41 bytes)
C1 CompilerThread0     7584 8618       3       org.jetbrains.kotlin.resolve.SinceKotlinUtilKt::getOwnSinceKotlinVersion$consider (157 bytes)
C2 CompilerThread1     7584 7999       4       org.jetbrains.kotlin.resolve.lazy.descriptors.AbstractLazyMemberScope$functionDescriptors$1::invoke (9 bytes)
C2 CompilerThread2     7584 8462       4       org.jetbrains.kotlin.resolve.OverridingUtil::resolveUnknownVisibilityForMember (248 bytes)

VM state: not at safepoint (normal execution)

VM Mutex/Monitor currently owned by a thread: None

Heap address: 0x0000000762600000, size: 2522 MB, Compressed Oops mode: Zero based, Oop shift amount: 3

CDS archive(s) not mapped
Compressed class space mapped at: 0x0000000800000000-0x0000000840000000, reserved size: 1073741824
Narrow klass base: 0x0000000800000000, Narrow klass shift: 0, Narrow klass range: 0x40000000

GC Precious Log:
 CPUs: 12 total, 12 available
 Memory: 10085M
 Large Page Support: Disabled
 NUMA Support: Disabled
 Compressed Oops: Enabled (Zero based)
 Heap Region Size: 2M
 Heap Min Capacity: 8M
 Heap Initial Capacity: 158M
 Heap Max Capacity: 2522M
 Pre-touch: Disabled
 Parallel Workers: 10
 Concurrent Workers: 3
 Concurrent Refinement Workers: 10
 Periodic GC: Disabled

Heap:
 garbage-first heap   total 131072K, used 98150K [0x0000000762600000, 0x0000000800000000)
  region size 2048K, 21 young (43008K), 1 survivors (2048K)
 Metaspace       used 66486K, committed 66752K, reserved 1114112K
  class space    used 7881K, committed 8000K, reserved 1048576K

Heap Regions: E=young(eden), S=young(survivor), O=old, HS=humongous(starts), HC=humongous(continues), CS=collection set, F=free, OA=open archive, CA=closed archive, TAMS=top-at-mark-start (previous, next)
|   0|0x0000000762600000, 0x0000000762800000, 0x0000000762800000|100%|HS|  |TAMS 0x0000000762800000, 0x0000000762600000| Complete 
|   1|0x0000000762800000, 0x0000000762a00000, 0x0000000762a00000|100%|HC|  |TAMS 0x0000000762a00000, 0x0000000762800000| Complete 
|   2|0x0000000762a00000, 0x0000000762c00000, 0x0000000762c00000|100%|HS|  |TAMS 0x0000000762c00000, 0x0000000762a00000| Complete 
|   3|0x0000000762c00000, 0x0000000762e00000, 0x0000000762e00000|100%|HC|  |TAMS 0x0000000762e00000, 0x0000000762c00000| Complete 
|   4|0x0000000762e00000, 0x0000000763000000, 0x0000000763000000|100%| O|  |TAMS 0x0000000763000000, 0x0000000762e00000| Untracked 
|   5|0x0000000763000000, 0x0000000763200000, 0x0000000763200000|100%| O|  |TAMS 0x0000000763200000, 0x0000000763000000| Untracked 
|   6|0x0000000763200000, 0x0000000763400000, 0x0000000763400000|100%| O|  |TAMS 0x0000000763400000, 0x0000000763200000| Untracked 
|   7|0x0000000763400000, 0x0000000763600000, 0x0000000763600000|100%|HS|  |TAMS 0x0000000763600000, 0x0000000763400000| Complete 
|   8|0x0000000763600000, 0x0000000763800000, 0x0000000763800000|100%| O|  |TAMS 0x0000000763600000, 0x0000000763600000| Untracked 
|   9|0x0000000763800000, 0x0000000763a00000, 0x0000000763a00000|100%| O|  |TAMS 0x0000000763a00000, 0x0000000763800000| Untracked 
|  10|0x0000000763a00000, 0x0000000763c00000, 0x0000000763c00000|100%| O|  |TAMS 0x0000000763c00000, 0x0000000763a00000| Untracked 
|  11|0x0000000763c00000, 0x0000000763e00000, 0x0000000763e00000|100%| O|  |TAMS 0x0000000763e00000, 0x0000000763c00000| Untracked 
|  12|0x0000000763e00000, 0x0000000764000000, 0x0000000764000000|100%| O|  |TAMS 0x0000000764000000, 0x0000000763e00000| Untracked 
|  13|0x0000000764000000, 0x0000000764200000, 0x0000000764200000|100%| O|  |TAMS 0x0000000764200000, 0x0000000764000000| Untracked 
|  14|0x0000000764200000, 0x0000000764400000, 0x0000000764400000|100%| O|  |TAMS 0x0000000764400000, 0x0000000764200000| Untracked 
|  15|0x0000000764400000, 0x0000000764600000, 0x0000000764600000|100%| O|  |TAMS 0x0000000764600000, 0x0000000764400000| Untracked 
|  16|0x0000000764600000, 0x0000000764800000, 0x0000000764800000|100%| O|  |TAMS 0x0000000764800000, 0x0000000764600000| Untracked 
|  17|0x0000000764800000, 0x0000000764a00000, 0x0000000764a00000|100%| O|  |TAMS 0x000000076487ea00, 0x0000000764800000| Untracked 
|  18|0x0000000764a00000, 0x0000000764c00000, 0x0000000764c00000|100%| O|  |TAMS 0x0000000764a00000, 0x0000000764a00000| Untracked 
|  19|0x0000000764c00000, 0x0000000764e00000, 0x0000000764e00000|100%| O|  |TAMS 0x0000000764c00000, 0x0000000764c00000| Untracked 
|  20|0x0000000764e00000, 0x0000000765000000, 0x0000000765000000|100%| O|  |TAMS 0x0000000764e00000, 0x0000000764e00000| Untracked 
|  21|0x0000000765000000, 0x0000000765200000, 0x0000000765200000|100%| O|  |TAMS 0x0000000765000000, 0x0000000765000000| Untracked 
|  22|0x0000000765200000, 0x0000000765400000, 0x0000000765400000|100%| O|  |TAMS 0x0000000765200000, 0x0000000765200000| Untracked 
|  23|0x0000000765400000, 0x0000000765600000, 0x0000000765600000|100%| O|  |TAMS 0x0000000765400000, 0x0000000765400000| Untracked 
|  24|0x0000000765600000, 0x0000000765800000, 0x0000000765800000|100%| O|  |TAMS 0x0000000765600000, 0x0000000765600000| Untracked 
|  25|0x0000000765800000, 0x0000000765a00000, 0x0000000765a00000|100%| O|  |TAMS 0x0000000765800000, 0x0000000765800000| Untracked 
|  26|0x0000000765a00000, 0x0000000765c00000, 0x0000000765c00000|100%| O|  |TAMS 0x0000000765a00000, 0x0000000765a00000| Untracked 
|  27|0x0000000765c00000, 0x0000000765e00000, 0x0000000765e00000|100%| O|  |TAMS 0x0000000765c00000, 0x0000000765c00000| Untracked 
|  28|0x0000000765e00000, 0x0000000765f2b000, 0x0000000766000000| 58%| O|  |TAMS 0x0000000765e00000, 0x0000000765e00000| Untracked 
|  29|0x0000000766000000, 0x0000000766000000, 0x0000000766200000|  0%| F|  |TAMS 0x0000000766000000, 0x0000000766000000| Untracked 
|  30|0x0000000766200000, 0x0000000766200000, 0x0000000766400000|  0%| F|  |TAMS 0x0000000766200000, 0x0000000766200000| Untracked 
|  31|0x0000000766400000, 0x0000000766400000, 0x0000000766600000|  0%| F|  |TAMS 0x0000000766400000, 0x0000000766400000| Untracked 
|  32|0x0000000766600000, 0x0000000766600000, 0x0000000766800000|  0%| F|  |TAMS 0x0000000766600000, 0x0000000766600000| Untracked 
|  33|0x0000000766800000, 0x0000000766800000, 0x0000000766a00000|  0%| F|  |TAMS 0x0000000766800000, 0x0000000766800000| Untracked 
|  34|0x0000000766a00000, 0x0000000766a00000, 0x0000000766c00000|  0%| F|  |TAMS 0x0000000766a00000, 0x0000000766a00000| Untracked 
|  35|0x0000000766c00000, 0x0000000766c00000, 0x0000000766e00000|  0%| F|  |TAMS 0x0000000766c00000, 0x0000000766c00000| Untracked 
|  36|0x0000000766e00000, 0x0000000766e00000, 0x0000000767000000|  0%| F|  |TAMS 0x0000000766e00000, 0x0000000766e00000| Untracked 
|  37|0x0000000767000000, 0x0000000767000000, 0x0000000767200000|  0%| F|  |TAMS 0x0000000767000000, 0x0000000767000000| Untracked 
|  38|0x0000000767200000, 0x0000000767200000, 0x0000000767400000|  0%| F|  |TAMS 0x0000000767200000, 0x0000000767200000| Untracked 
|  39|0x0000000767400000, 0x0000000767400000, 0x0000000767600000|  0%| F|  |TAMS 0x0000000767400000, 0x0000000767400000| Untracked 
|  40|0x0000000767600000, 0x0000000767600000, 0x0000000767800000|  0%| F|  |TAMS 0x0000000767600000, 0x0000000767600000| Untracked 
|  41|0x0000000767800000, 0x0000000767800000, 0x0000000767a00000|  0%| F|  |TAMS 0x0000000767800000, 0x0000000767800000| Untracked 
|  42|0x0000000767a00000, 0x0000000767a00000, 0x0000000767c00000|  0%| F|  |TAMS 0x0000000767a00000, 0x0000000767a00000| Untracked 
|  43|0x0000000767c00000, 0x0000000767d96ac0, 0x0000000767e00000| 79%| E|  |TAMS 0x0000000767c00000, 0x0000000767c00000| Complete 
|  44|0x0000000767e00000, 0x0000000767eaeb88, 0x0000000768000000| 34%| S|CS|TAMS 0x0000000767e00000, 0x0000000767e00000| Complete 
|  45|0x0000000768000000, 0x0000000768200000, 0x0000000768200000|100%| E|CS|TAMS 0x0000000768000000, 0x0000000768000000| Complete 
|  46|0x0000000768200000, 0x0000000768400000, 0x0000000768400000|100%| E|CS|TAMS 0x0000000768200000, 0x0000000768200000| Complete 
|  47|0x0000000768400000, 0x0000000768600000, 0x0000000768600000|100%| E|CS|TAMS 0x0000000768400000, 0x0000000768400000| Complete 
|  48|0x0000000768600000, 0x0000000768800000, 0x0000000768800000|100%| E|CS|TAMS 0x0000000768600000, 0x0000000768600000| Complete 
|  49|0x0000000768800000, 0x0000000768a00000, 0x0000000768a00000|100%| E|CS|TAMS 0x0000000768800000, 0x0000000768800000| Complete 
|  50|0x0000000768a00000, 0x0000000768c00000, 0x0000000768c00000|100%| E|CS|TAMS 0x0000000768a00000, 0x0000000768a00000| Complete 
|  51|0x0000000768c00000, 0x0000000768e00000, 0x0000000768e00000|100%| E|CS|TAMS 0x0000000768c00000, 0x0000000768c00000| Complete 
|  52|0x0000000768e00000, 0x0000000769000000, 0x0000000769000000|100%| E|CS|TAMS 0x0000000768e00000, 0x0000000768e00000| Complete 
|  53|0x0000000769000000, 0x0000000769200000, 0x0000000769200000|100%| E|CS|TAMS 0x0000000769000000, 0x0000000769000000| Complete 
|  54|0x0000000769200000, 0x0000000769400000, 0x0000000769400000|100%| E|CS|TAMS 0x0000000769200000, 0x0000000769200000| Complete 
|  55|0x0000000769400000, 0x0000000769600000, 0x0000000769600000|100%| E|CS|TAMS 0x0000000769400000, 0x0000000769400000| Complete 
|  56|0x0000000769600000, 0x0000000769800000, 0x0000000769800000|100%| E|CS|TAMS 0x0000000769600000, 0x0000000769600000| Complete 
|  57|0x0000000769800000, 0x0000000769a00000, 0x0000000769a00000|100%| E|CS|TAMS 0x0000000769800000, 0x0000000769800000| Complete 
|  58|0x0000000769a00000, 0x0000000769c00000, 0x0000000769c00000|100%| E|CS|TAMS 0x0000000769a00000, 0x0000000769a00000| Complete 
|  71|0x000000076b400000, 0x000000076b600000, 0x000000076b600000|100%| E|CS|TAMS 0x000000076b400000, 0x000000076b400000| Complete 
|  72|0x000000076b600000, 0x000000076b800000, 0x000000076b800000|100%| E|CS|TAMS 0x000000076b600000, 0x000000076b600000| Complete 
|  73|0x000000076b800000, 0x000000076ba00000, 0x000000076ba00000|100%| E|CS|TAMS 0x000000076b800000, 0x000000076b800000| Complete 
|  74|0x000000076ba00000, 0x000000076bc00000, 0x000000076bc00000|100%| E|CS|TAMS 0x000000076ba00000, 0x000000076ba00000| Complete 
|  78|0x000000076c200000, 0x000000076c400000, 0x000000076c400000|100%| E|CS|TAMS 0x000000076c200000, 0x000000076c200000| Complete 

Card table byte_map: [0x000001e59de00000,0x000001e59e2f0000] _byte_map_base: 0x000001e59a2ed000

Marking Bits (Prev, Next): (CMBitMap*) 0x000001e58af4a7d0, (CMBitMap*) 0x000001e58af4a790
 Prev Bits: [0x000001e5a0f50000, 0x000001e5a36b8000)
 Next Bits: [0x000001e59e7e0000, 0x000001e5a0f48000)

Polling page: 0x000001e588c40000

Metaspace:

Usage:
  Non-class:     57.23 MB used.
      Class:      7.70 MB used.
       Both:     64.93 MB used.

Virtual space:
  Non-class space:       64.00 MB reserved,      57.38 MB ( 90%) committed,  8 nodes.
      Class space:        1.00 GB reserved,       7.81 MB ( <1%) committed,  1 nodes.
             Both:        1.06 GB reserved,      65.19 MB (  6%) committed. 

Chunk freelists:
   Non-Class:  1.69 MB
       Class:  192.00 KB
        Both:  1.88 MB

MaxMetaspaceSize: unlimited
CompressedClassSpaceSize: 1.00 GB
Initial GC threshold: 21.00 MB
Current GC threshold: 98.44 MB
CDS: off
MetaspaceReclaimPolicy: balanced
 - commit_granule_bytes: 65536.
 - commit_granule_words: 8192.
 - virtual_space_node_default_size: 1048576.
 - enlarge_chunks_in_place: 1.
 - new_chunks_are_fully_committed: 0.
 - uncommit_free_chunks: 1.
 - use_allocation_guard: 0.
 - handle_deallocations: 1.


Internal statistics:

num_allocs_failed_limit: 9.
num_arena_births: 338.
num_arena_deaths: 0.
num_vsnodes_births: 9.
num_vsnodes_deaths: 0.
num_space_committed: 1041.
num_space_uncommitted: 0.
num_chunks_returned_to_freelist: 9.
num_chunks_taken_from_freelist: 2422.
num_chunk_merges: 9.
num_chunk_splits: 1911.
num_chunks_enlarged: 1653.
num_purges: 0.
num_inconsistent_stats: 0.

CodeHeap 'non-profiled nmethods': size=120000Kb used=4291Kb max_used=4291Kb free=115708Kb
 bounds [0x000001e595e90000, 0x000001e5962d0000, 0x000001e59d3c0000]
CodeHeap 'profiled nmethods': size=120000Kb used=19468Kb max_used=19468Kb free=100531Kb
 bounds [0x000001e58e3c0000, 0x000001e58f6d0000, 0x000001e5958f0000]
CodeHeap 'non-nmethods': size=5760Kb used=1314Kb max_used=1370Kb free=4446Kb
 bounds [0x000001e5958f0000, 0x000001e595b60000, 0x000001e595e90000]
 total_blobs=8259 nmethods=7628 adapters=541
 compilation: enabled
              stopped_count=0, restarted_count=0
 full_count=0

Compilation events (20 events):
Event: 7.555 Thread 0x000001e5a6c51e60 nmethod 8584 0x000001e58f69d210 code [0x000001e58f69d3a0, 0x000001e58f69d498]
Event: 7.556 Thread 0x000001e5a6c51e60 8585       3       kotlin.Pair::hashCode (45 bytes)
Event: 7.556 Thread 0x000001e5a6c51e60 nmethod 8585 0x000001e58f69d510 code [0x000001e58f69d6c0, 0x000001e58f69da38]
Event: 7.556 Thread 0x000001e5a6c51e60 8586       3       org.jetbrains.kotlin.resolve.deprecation.DeprecationResolver::getDeprecations (34 bytes)
Event: 7.557 Thread 0x000001e5a6c51e60 nmethod 8586 0x000001e58f69db90 code [0x000001e58f69dde0, 0x000001e58f69e6e8]
Event: 7.557 Thread 0x000001e5a6c51e60 8587       1       org.jetbrains.kotlin.descriptors.impl.PropertyDescriptorImpl::getDispatchReceiverParameter (5 bytes)
Event: 7.557 Thread 0x000001e5a6c51e60 nmethod 8587 0x000001e5962bf910 code [0x000001e5962bfaa0, 0x000001e5962bfb78]
Event: 7.558 Thread 0x000001e5a6c51e60 8588       2       org.jetbrains.kotlin.resolve.lazy.declarations.ClassMemberDeclarationProvider::getCorrespondingClassOrObject (24 bytes)
Event: 7.558 Thread 0x000001e5a6c51e60 nmethod 8588 0x000001e58f69ea10 code [0x000001e58f69ebc0, 0x000001e58f69eda8]
Event: 7.560 Thread 0x000001e5a6c51e60 8589       3       org.jetbrains.kotlin.resolve.AnnotationChecker::checkEntries (524 bytes)
Event: 7.563 Thread 0x000001e5a6c51e60 nmethod 8589 0x000001e58f69ee90 code [0x000001e58f69f6c0, 0x000001e58f6a49c8]
Event: 7.563 Thread 0x000001e5a6c51e60 8593       3       org.jetbrains.kotlin.util.slicedMap.SlicedMapImpl::lambda$forEach$0 (67 bytes)
Event: 7.564 Thread 0x000001e5a6c51e60 nmethod 8593 0x000001e58f6a6310 code [0x000001e58f6a6500, 0x000001e58f6a6b88]
Event: 7.564 Thread 0x000001e5a6c51e60 8591       3       org.jetbrains.kotlin.resolve.calls.components.CheckReceivers::process (233 bytes)
Event: 7.565 Thread 0x000001e5a6c51e60 nmethod 8591 0x000001e58f6a6e10 code [0x000001e58f6a71c0, 0x000001e58f6a8e78]
Event: 7.566 Thread 0x000001e5a6c51e60 8594       1       org.jetbrains.kotlin.resolve.constants.TypedCompileTimeConstant::getType (5 bytes)
Event: 7.566 Thread 0x000001e5a6c51e60 nmethod 8594 0x000001e5962bfc10 code [0x000001e5962bfda0, 0x000001e5962bfe78]
Event: 7.566 Thread 0x000001e5a6c51e60 8595       3       java.util.RegularEnumSet$EnumSetIterator::hasNext (15 bytes)
Event: 7.566 Thread 0x000001e5a6c51e60 nmethod 8595 0x000001e58f6a9690 code [0x000001e58f6a9820, 0x000001e58f6a9998]
Event: 7.566 Thread 0x000001e5a6c51e60 8598       3       java.lang.Integer::numberOfTrailingZeros (80 bytes)

GC Heap History (20 events):
Event: 2.470 GC heap before
{Heap before GC invocations=10 (full 0):
 garbage-first heap   total 61440K, used 25466K [0x0000000762600000, 0x0000000800000000)
  region size 2048K, 3 young (6144K), 2 survivors (4096K)
 Metaspace       used 39557K, committed 39808K, reserved 1089536K
  class space    used 4952K, committed 5056K, reserved 1048576K
}
Event: 2.475 GC heap after
{Heap after GC invocations=11 (full 0):
 garbage-first heap   total 61440K, used 25554K [0x0000000762600000, 0x0000000800000000)
  region size 2048K, 1 young (2048K), 1 survivors (2048K)
 Metaspace       used 39557K, committed 39808K, reserved 1089536K
  class space    used 4952K, committed 5056K, reserved 1048576K
}
Event: 2.777 GC heap before
{Heap before GC invocations=11 (full 0):
 garbage-first heap   total 61440K, used 43986K [0x0000000762600000, 0x0000000800000000)
  region size 2048K, 10 young (20480K), 1 survivors (2048K)
 Metaspace       used 43511K, committed 43840K, reserved 1089536K
  class space    used 5294K, committed 5440K, reserved 1048576K
}
Event: 2.780 GC heap after
{Heap after GC invocations=12 (full 0):
 garbage-first heap   total 61440K, used 27124K [0x0000000762600000, 0x0000000800000000)
  region size 2048K, 1 young (2048K), 1 survivors (2048K)
 Metaspace       used 43511K, committed 43840K, reserved 1089536K
  class space    used 5294K, committed 5440K, reserved 1048576K
}
Event: 3.241 GC heap before
{Heap before GC invocations=12 (full 0):
 garbage-first heap   total 61440K, used 45556K [0x0000000762600000, 0x0000000800000000)
  region size 2048K, 10 young (20480K), 1 survivors (2048K)
 Metaspace       used 47678K, committed 47936K, reserved 1097728K
  class space    used 5766K, committed 5888K, reserved 1048576K
}
Event: 3.247 GC heap after
{Heap after GC invocations=13 (full 0):
 garbage-first heap   total 108544K, used 29092K [0x0000000762600000, 0x0000000800000000)
  region size 2048K, 2 young (4096K), 2 survivors (4096K)
 Metaspace       used 47678K, committed 47936K, reserved 1097728K
  class space    used 5766K, committed 5888K, reserved 1048576K
}
Event: 3.892 GC heap before
{Heap before GC invocations=13 (full 0):
 garbage-first heap   total 108544K, used 78244K [0x0000000762600000, 0x0000000800000000)
  region size 2048K, 25 young (51200K), 2 survivors (4096K)
 Metaspace       used 52279K, committed 52544K, reserved 1097728K
  class space    used 6278K, committed 6400K, reserved 1048576K
}
Event: 3.904 GC heap after
{Heap after GC invocations=14 (full 0):
 garbage-first heap   total 108544K, used 35339K [0x0000000762600000, 0x0000000800000000)
  region size 2048K, 4 young (8192K), 4 survivors (8192K)
 Metaspace       used 52279K, committed 52544K, reserved 1097728K
  class space    used 6278K, committed 6400K, reserved 1048576K
}
Event: 5.001 GC heap before
{Heap before GC invocations=14 (full 0):
 garbage-first heap   total 108544K, used 78347K [0x0000000762600000, 0x0000000800000000)
  region size 2048K, 25 young (51200K), 4 survivors (8192K)
 Metaspace       used 58809K, committed 59136K, reserved 1105920K
  class space    used 7012K, committed 7168K, reserved 1048576K
}
Event: 5.020 GC heap after
{Heap after GC invocations=15 (full 0):
 garbage-first heap   total 108544K, used 43514K [0x0000000762600000, 0x0000000800000000)
  region size 2048K, 4 young (8192K), 4 survivors (8192K)
 Metaspace       used 58809K, committed 59136K, reserved 1105920K
  class space    used 7012K, committed 7168K, reserved 1048576K
}
Event: 5.541 GC heap before
{Heap before GC invocations=15 (full 0):
 garbage-first heap   total 108544K, used 66042K [0x0000000762600000, 0x0000000800000000)
  region size 2048K, 16 young (32768K), 4 survivors (8192K)
 Metaspace       used 60111K, committed 60416K, reserved 1105920K
  class space    used 7085K, committed 7232K, reserved 1048576K
}
Event: 5.557 GC heap after
{Heap after GC invocations=16 (full 0):
 garbage-first heap   total 108544K, used 48372K [0x0000000762600000, 0x0000000800000000)
  region size 2048K, 3 young (6144K), 3 survivors (6144K)
 Metaspace       used 60111K, committed 60416K, reserved 1105920K
  class space    used 7085K, committed 7232K, reserved 1048576K
}
Event: 6.009 GC heap before
{Heap before GC invocations=17 (full 0):
 garbage-first heap   total 108544K, used 79092K [0x0000000762600000, 0x0000000800000000)
  region size 2048K, 18 young (36864K), 3 survivors (6144K)
 Metaspace       used 60277K, committed 60608K, reserved 1105920K
  class space    used 7094K, committed 7232K, reserved 1048576K
}
Event: 6.028 GC heap after
{Heap after GC invocations=18 (full 0):
 garbage-first heap   total 108544K, used 54527K [0x0000000762600000, 0x0000000800000000)
  region size 2048K, 3 young (6144K), 3 survivors (6144K)
 Metaspace       used 60277K, committed 60608K, reserved 1105920K
  class space    used 7094K, committed 7232K, reserved 1048576K
}
Event: 6.042 GC heap before
{Heap before GC invocations=18 (full 0):
 garbage-first heap   total 108544K, used 56575K [0x0000000762600000, 0x0000000800000000)
  region size 2048K, 4 young (8192K), 3 survivors (6144K)
 Metaspace       used 60290K, committed 60608K, reserved 1105920K
  class space    used 7094K, committed 7232K, reserved 1048576K
}
Event: 6.054 GC heap after
{Heap after GC invocations=19 (full 0):
 garbage-first heap   total 131072K, used 55278K [0x0000000762600000, 0x0000000800000000)
  region size 2048K, 1 young (2048K), 1 survivors (2048K)
 Metaspace       used 60290K, committed 60608K, reserved 1105920K
  class space    used 7094K, committed 7232K, reserved 1048576K
}
Event: 6.429 GC heap before
{Heap before GC invocations=19 (full 0):
 garbage-first heap   total 131072K, used 96238K [0x0000000762600000, 0x0000000800000000)
  region size 2048K, 21 young (43008K), 1 survivors (2048K)
 Metaspace       used 61896K, committed 62272K, reserved 1105920K
  class space    used 7317K, committed 7488K, reserved 1048576K
}
Event: 6.435 GC heap after
{Heap after GC invocations=20 (full 0):
 garbage-first heap   total 131072K, used 58501K [0x0000000762600000, 0x0000000800000000)
  region size 2048K, 3 young (6144K), 3 survivors (6144K)
 Metaspace       used 61896K, committed 62272K, reserved 1105920K
  class space    used 7317K, committed 7488K, reserved 1048576K
}
Event: 6.499 GC heap before
{Heap before GC invocations=20 (full 0):
 garbage-first heap   total 131072K, used 97413K [0x0000000762600000, 0x0000000800000000)
  region size 2048K, 22 young (45056K), 3 survivors (6144K)
 Metaspace       used 61920K, committed 62272K, reserved 1105920K
  class space    used 7319K, committed 7488K, reserved 1048576K
}
Event: 6.503 GC heap after
{Heap after GC invocations=21 (full 0):
 garbage-first heap   total 131072K, used 59238K [0x0000000762600000, 0x0000000800000000)
  region size 2048K, 1 young (2048K), 1 survivors (2048K)
 Metaspace       used 61920K, committed 62272K, reserved 1105920K
  class space    used 7319K, committed 7488K, reserved 1048576K
}

Dll operation events (2 events):
Event: 0.007 Loaded shared library C:\Program Files\Android\Android Studio\jbr\bin\java.dll
Event: 0.993 Loaded shared library C:\Program Files\Android\Android Studio\jbr\bin\verify.dll

Deoptimization events (20 events):
Event: 7.204 Thread 0x000001e58aef9770 Uncommon trap: trap_request=0xffffffc6 fr.pc=0x000001e5961ef268 relative=0x0000000000001848
Event: 7.205 Thread 0x000001e58aef9770 Uncommon trap: reason=bimorphic_or_optimized_type_check action=maybe_recompile pc=0x000001e5961ef268 method=org.jetbrains.kotlin.descriptors.impl.SimpleFunctionDescriptorImpl.initialize(Lorg/jetbrains/kotlin/descriptors/ReceiverParameterDescriptor;Lorg/je
Event: 7.205 Thread 0x000001e58aef9770 DEOPT PACKING pc=0x000001e5961ef268 sp=0x000000354e3fd840
Event: 7.205 Thread 0x000001e58aef9770 DEOPT UNPACKING pc=0x000001e5959469a3 sp=0x000000354e3fd808 mode 2
Event: 7.209 Thread 0x000001e58aef9770 Uncommon trap: trap_request=0xffffffc6 fr.pc=0x000001e5961ef268 relative=0x0000000000001848
Event: 7.209 Thread 0x000001e58aef9770 Uncommon trap: reason=bimorphic_or_optimized_type_check action=maybe_recompile pc=0x000001e5961ef268 method=org.jetbrains.kotlin.descriptors.impl.SimpleFunctionDescriptorImpl.initialize(Lorg/jetbrains/kotlin/descriptors/ReceiverParameterDescriptor;Lorg/je
Event: 7.209 Thread 0x000001e58aef9770 DEOPT PACKING pc=0x000001e5961ef268 sp=0x000000354e3fd6f0
Event: 7.209 Thread 0x000001e58aef9770 DEOPT UNPACKING pc=0x000001e5959469a3 sp=0x000000354e3fd6b8 mode 2
Event: 7.242 Thread 0x000001e58aef9770 Uncommon trap: trap_request=0xffffffc6 fr.pc=0x000001e5961ef268 relative=0x0000000000001848
Event: 7.242 Thread 0x000001e58aef9770 Uncommon trap: reason=bimorphic_or_optimized_type_check action=maybe_recompile pc=0x000001e5961ef268 method=org.jetbrains.kotlin.descriptors.impl.SimpleFunctionDescriptorImpl.initialize(Lorg/jetbrains/kotlin/descriptors/ReceiverParameterDescriptor;Lorg/je
Event: 7.242 Thread 0x000001e58aef9770 DEOPT PACKING pc=0x000001e5961ef268 sp=0x000000354e3fd770
Event: 7.242 Thread 0x000001e58aef9770 DEOPT UNPACKING pc=0x000001e5959469a3 sp=0x000000354e3fd738 mode 2
Event: 7.337 Thread 0x000001e58aef9770 Uncommon trap: trap_request=0xffffffde fr.pc=0x000001e5961f540c relative=0x0000000000001eac
Event: 7.337 Thread 0x000001e58aef9770 Uncommon trap: reason=class_check action=maybe_recompile pc=0x000001e5961f540c method=org.jetbrains.kotlin.resolve.OverridingUtil.findMaxVisibility(Ljava/util/Collection;)Lorg/jetbrains/kotlin/descriptors/DescriptorVisibility; @ 10 c2
Event: 7.337 Thread 0x000001e58aef9770 DEOPT PACKING pc=0x000001e5961f540c sp=0x000000354e3fd330
Event: 7.337 Thread 0x000001e58aef9770 DEOPT UNPACKING pc=0x000001e5959469a3 sp=0x000000354e3fd248 mode 2
Event: 7.367 Thread 0x000001e58aef9770 Uncommon trap: trap_request=0xffffffde fr.pc=0x000001e5961f540c relative=0x0000000000001eac
Event: 7.367 Thread 0x000001e58aef9770 Uncommon trap: reason=class_check action=maybe_recompile pc=0x000001e5961f540c method=org.jetbrains.kotlin.resolve.OverridingUtil.findMaxVisibility(Ljava/util/Collection;)Lorg/jetbrains/kotlin/descriptors/DescriptorVisibility; @ 10 c2
Event: 7.367 Thread 0x000001e58aef9770 DEOPT PACKING pc=0x000001e5961f540c sp=0x000000354e3fd330
Event: 7.367 Thread 0x000001e58aef9770 DEOPT UNPACKING pc=0x000001e5959469a3 sp=0x000000354e3fd248 mode 2

Classes unloaded (0 events):
No events

Classes redefined (0 events):
No events

Internal exceptions (20 events):
Event: 7.102 Thread 0x000001e58aef9770 Implicit null exception at 0x000001e595f5eef0 to 0x000001e595f66600
Event: 7.102 Thread 0x000001e58aef9770 Implicit null exception at 0x000001e595f5eef0 to 0x000001e595f66600
Event: 7.102 Thread 0x000001e58aef9770 Implicit null exception at 0x000001e595f5eef0 to 0x000001e595f66600
Event: 7.102 Thread 0x000001e58aef9770 Implicit null exception at 0x000001e595f5eef0 to 0x000001e595f66600
Event: 7.102 Thread 0x000001e58aef9770 Implicit null exception at 0x000001e595f5eef0 to 0x000001e595f66600
Event: 7.102 Thread 0x000001e58aef9770 Implicit null exception at 0x000001e595f5eef0 to 0x000001e595f66600
Event: 7.102 Thread 0x000001e58aef9770 Implicit null exception at 0x000001e595f5eef0 to 0x000001e595f66600
Event: 7.102 Thread 0x000001e58aef9770 Implicit null exception at 0x000001e595f5eef0 to 0x000001e595f66600
Event: 7.102 Thread 0x000001e58aef9770 Implicit null exception at 0x000001e595f5eef0 to 0x000001e595f66600
Event: 7.102 Thread 0x000001e58aef9770 Implicit null exception at 0x000001e595f5eef0 to 0x000001e595f66600
Event: 7.102 Thread 0x000001e58aef9770 Implicit null exception at 0x000001e595f5eef0 to 0x000001e595f66600
Event: 7.102 Thread 0x000001e58aef9770 Implicit null exception at 0x000001e595f5eef0 to 0x000001e595f66600
Event: 7.102 Thread 0x000001e58aef9770 Implicit null exception at 0x000001e59618d833 to 0x000001e596191764
Event: 7.104 Thread 0x000001e58aef9770 Implicit null exception at 0x000001e596175fa5 to 0x000001e596176267
Event: 7.105 Thread 0x000001e58aef9770 Implicit null exception at 0x000001e595eaa672 to 0x000001e595eaac50
Event: 7.127 Thread 0x000001e58aef9770 Exception <a 'java/lang/NoSuchMethodError'{0x00000007688624d8}: 'java.lang.Object java.lang.invoke.DirectMethodHandle$Holder.invokeInterface(java.lang.Object, java.lang.Object, java.lang.Object)'> (0x00000007688624d8) 
thrown [s\src\hotspot\share\interpreter\linkResolver.cpp, line 771]
Event: 7.127 Thread 0x000001e58aef9770 Exception <a 'java/lang/IncompatibleClassChangeError'{0x0000000768865e48}: Found class java.lang.Object, but interface was expected> (0x0000000768865e48) 
thrown [s\src\hotspot\share\interpreter\linkResolver.cpp, line 838]
Event: 7.143 Thread 0x000001e58aef9770 Implicit null exception at 0x000001e595eac8f2 to 0x000001e595eacee4
Event: 7.216 Thread 0x000001e58aef9770 Exception <a 'java/lang/NoSuchMethodError'{0x00000007686928b8}: 'int java.lang.invoke.DirectMethodHandle$Holder.invokeStaticInit(java.lang.Object, int)'> (0x00000007686928b8) 
thrown [s\src\hotspot\share\interpreter\linkResolver.cpp, line 771]
Event: 7.548 Thread 0x000001e58aef9770 Exception <a 'java/lang/NoSuchMethodError'{0x000000076819a710}: 'java.lang.Object java.lang.invoke.DirectMethodHandle$Holder.newInvokeSpecial(java.lang.Object, int, java.lang.Object, java.lang.Object)'> (0x000000076819a710) 
thrown [s\src\hotspot\share\interpreter\linkResolver.cpp, line 771]

VM Operations (20 events):
Event: 7.083 Executing VM operation: ICBufferFull
Event: 7.084 Executing VM operation: ICBufferFull done
Event: 7.110 Executing VM operation: HandshakeAllThreads
Event: 7.110 Executing VM operation: HandshakeAllThreads done
Event: 7.120 Executing VM operation: HandshakeAllThreads
Event: 7.120 Executing VM operation: HandshakeAllThreads done
Event: 7.134 Executing VM operation: HandshakeAllThreads
Event: 7.134 Executing VM operation: HandshakeAllThreads done
Event: 7.136 Executing VM operation: HandshakeAllThreads
Event: 7.136 Executing VM operation: HandshakeAllThreads done
Event: 7.221 Executing VM operation: HandshakeAllThreads
Event: 7.221 Executing VM operation: HandshakeAllThreads done
Event: 7.246 Executing VM operation: ICBufferFull
Event: 7.247 Executing VM operation: ICBufferFull done
Event: 7.353 Executing VM operation: ICBufferFull
Event: 7.353 Executing VM operation: ICBufferFull done
Event: 7.508 Executing VM operation: HandshakeAllThreads
Event: 7.508 Executing VM operation: HandshakeAllThreads done
Event: 7.515 Executing VM operation: ICBufferFull
Event: 7.515 Executing VM operation: ICBufferFull done

Events (20 events):
Event: 6.742 loading class java/util/stream/Node$OfPrimitive
Event: 6.742 loading class java/util/stream/Node$OfPrimitive done
Event: 6.743 loading class java/util/stream/Node$OfInt done
Event: 6.743 loading class java/util/stream/Nodes$EmptyNode$OfInt done
Event: 6.743 loading class java/util/stream/Nodes$EmptyNode$OfLong
Event: 6.743 loading class java/util/stream/Node$OfLong
Event: 6.743 loading class java/util/stream/Node$OfLong done
Event: 6.743 loading class java/util/stream/Nodes$EmptyNode$OfLong done
Event: 6.743 loading class java/util/stream/Nodes$EmptyNode$OfDouble
Event: 6.743 loading class java/util/stream/Node$OfDouble
Event: 6.743 loading class java/util/stream/Node$OfDouble done
Event: 6.743 loading class java/util/stream/Nodes$EmptyNode$OfDouble done
Event: 6.743 loading class java/util/stream/Nodes$SpinedNodeBuilder
Event: 6.743 loading class java/util/stream/Node$Builder
Event: 6.743 loading class java/util/stream/Node$Builder done
Event: 6.743 loading class java/util/stream/SpinedBuffer
Event: 6.743 loading class java/util/stream/AbstractSpinedBuffer
Event: 6.744 loading class java/util/stream/AbstractSpinedBuffer done
Event: 6.744 loading class java/util/stream/SpinedBuffer done
Event: 6.744 loading class java/util/stream/Nodes$SpinedNodeBuilder done


Dynamic libraries:
0x00007ff687320000 - 0x00007ff68732a000 	C:\Program Files\Android\Android Studio\jbr\bin\java.exe
0x00007ffe02a50000 - 0x00007ffe02c64000 	C:\WINDOWS\SYSTEM32\ntdll.dll
0x00007ffe01aa0000 - 0x00007ffe01b62000 	C:\WINDOWS\System32\KERNEL32.DLL
0x00007ffdffe70000 - 0x00007ffe00213000 	C:\WINDOWS\System32\KERNELBASE.dll
0x00007ffe00400000 - 0x00007ffe00511000 	C:\WINDOWS\System32\ucrtbase.dll
0x00007ffdf0360000 - 0x00007ffdf037b000 	C:\Program Files\Android\Android Studio\jbr\bin\VCRUNTIME140.dll
0x00007ffdf0470000 - 0x00007ffdf0487000 	C:\Program Files\Android\Android Studio\jbr\bin\jli.dll
0x00007ffe01fb0000 - 0x00007ffe0215b000 	C:\WINDOWS\System32\USER32.dll
0x00007ffe003d0000 - 0x00007ffe003f6000 	C:\WINDOWS\System32\win32u.dll
0x00007ffde4e00000 - 0x00007ffde508e000 	C:\WINDOWS\WinSxS\amd64_microsoft.windows.common-controls_6595b64144ccf1df_6.0.22621.1635_none_270f70857386168e\COMCTL32.dll
0x00007ffe025c0000 - 0x00007ffe025e9000 	C:\WINDOWS\System32\GDI32.dll
0x00007ffe01010000 - 0x00007ffe010b7000 	C:\WINDOWS\System32\msvcrt.dll
0x00007ffe00520000 - 0x00007ffe00638000 	C:\WINDOWS\System32\gdi32full.dll
0x00007ffe00640000 - 0x00007ffe006da000 	C:\WINDOWS\System32\msvcp_win.dll
0x00007ffe02580000 - 0x00007ffe025b1000 	C:\WINDOWS\System32\IMM32.DLL
0x00007ffdfcd40000 - 0x00007ffdfcd4c000 	C:\Program Files\Android\Android Studio\jbr\bin\vcruntime140_1.dll
0x00007ffdbc610000 - 0x00007ffdbc69d000 	C:\Program Files\Android\Android Studio\jbr\bin\msvcp140.dll
0x00007ffda4f60000 - 0x00007ffda5bcd000 	C:\Program Files\Android\Android Studio\jbr\bin\server\jvm.dll
0x00007ffe00850000 - 0x00007ffe008fe000 	C:\WINDOWS\System32\ADVAPI32.dll
0x00007ffe010c0000 - 0x00007ffe01164000 	C:\WINDOWS\System32\sechost.dll
0x00007ffe028f0000 - 0x00007ffe02a07000 	C:\WINDOWS\System32\RPCRT4.dll
0x00007ffdf8730000 - 0x00007ffdf8764000 	C:\WINDOWS\SYSTEM32\WINMM.dll
0x00007ffdf8230000 - 0x00007ffdf823a000 	C:\WINDOWS\SYSTEM32\VERSION.dll
0x00007ffdfcdd0000 - 0x00007ffdfcdd9000 	C:\WINDOWS\SYSTEM32\WSOCK32.dll
0x00007ffe00e70000 - 0x00007ffe00ee1000 	C:\WINDOWS\System32\WS2_32.dll
0x00007ffdfee90000 - 0x00007ffdfeea8000 	C:\WINDOWS\SYSTEM32\kernel.appcore.dll
0x00007ffdfcdc0000 - 0x00007ffdfcdca000 	C:\Program Files\Android\Android Studio\jbr\bin\jimage.dll
0x00007ffdfda60000 - 0x00007ffdfdc8e000 	C:\WINDOWS\SYSTEM32\DBGHELP.DLL
0x00007ffe02160000 - 0x00007ffe024e9000 	C:\WINDOWS\System32\combase.dll
0x00007ffe02670000 - 0x00007ffe02747000 	C:\WINDOWS\System32\OLEAUT32.dll
0x00007ffdeea10000 - 0x00007ffdeea42000 	C:\WINDOWS\SYSTEM32\dbgcore.DLL
0x00007ffe002e0000 - 0x00007ffe0035b000 	C:\WINDOWS\System32\bcryptPrimitives.dll
0x00007ffdf1890000 - 0x00007ffdf18b5000 	C:\Program Files\Android\Android Studio\jbr\bin\java.dll
0x00007ffdfcd50000 - 0x00007ffdfcd68000 	C:\Program Files\Android\Android Studio\jbr\bin\zip.dll
0x00007ffe011f0000 - 0x00007ffe019ea000 	C:\WINDOWS\System32\SHELL32.dll
0x00007ffdfde20000 - 0x00007ffdfe6ee000 	C:\WINDOWS\SYSTEM32\windows.storage.dll
0x00007ffdfdce0000 - 0x00007ffdfde1e000 	C:\WINDOWS\SYSTEM32\wintypes.dll
0x00007ffe00ef0000 - 0x00007ffe00fe1000 	C:\WINDOWS\System32\SHCORE.dll
0x00007ffe00900000 - 0x00007ffe0095e000 	C:\WINDOWS\System32\shlwapi.dll
0x00007ffdffda0000 - 0x00007ffdffdc1000 	C:\WINDOWS\SYSTEM32\profapi.dll
0x00007ffdf8240000 - 0x00007ffdf8259000 	C:\Program Files\Android\Android Studio\jbr\bin\net.dll
0x00007ffdf8010000 - 0x00007ffdf8147000 	C:\WINDOWS\SYSTEM32\WINHTTP.dll
0x00007ffdff310000 - 0x00007ffdff379000 	C:\WINDOWS\system32\mswsock.dll
0x00007ffdf2e90000 - 0x00007ffdf2ea6000 	C:\Program Files\Android\Android Studio\jbr\bin\nio.dll
0x00007ffdf85a0000 - 0x00007ffdf85b0000 	C:\Program Files\Android\Android Studio\jbr\bin\verify.dll

dbghelp: loaded successfully - version: 4.0.5 - missing functions: none
symbol engine: initialized successfully - sym options: 0x614 - pdb path: .;C:\Program Files\Android\Android Studio\jbr\bin;C:\WINDOWS\SYSTEM32;C:\WINDOWS\WinSxS\amd64_microsoft.windows.common-controls_6595b64144ccf1df_6.0.22621.1635_none_270f70857386168e;C:\Program Files\Android\Android Studio\jbr\bin\server

VM Arguments:
java_command: org.jetbrains.kotlin.cli.jvm.K2JVMCompiler @E:\Tugas\Kuliah\PEMBELAJARAN\SMT4\PT2\Project\Animalie\app\build\20230523_11332084026156283918.compiler.options
java_class_path (initial): C:\Users\panji\.gradle\caches\modules-2\files-2.1\org.jetbrains.kotlin\kotlin-compiler-embeddable\1.8.21\a4a682d55fb788432e4b7bf2ab3acb7a7365fb35\kotlin-compiler-embeddable-1.8.21.jar;C:\Users\panji\.gradle\caches\modules-2\files-2.1\org.jetbrains.kotlin\kotlin-stdlib\1.8.21\43d50ab85bc7587adfe3dda3dbe579e5f8d51265\kotlin-stdlib-1.8.21.jar;C:\Users\panji\.gradle\caches\modules-2\files-2.1\org.jetbrains.kotlin\kotlin-script-runtime\1.8.21\bf43f76b6e29bdc09b6c8a4511a9118b0ab12b1f\kotlin-script-runtime-1.8.21.jar;C:\Users\panji\.gradle\caches\modules-2\files-2.1\org.jetbrains.kotlin\kotlin-reflect\1.6.10\1cbe9c92c12a94eea200d23c2bbaedaf3daf5132\kotlin-reflect-1.6.10.jar;C:\Users\panji\.gradle\caches\modules-2\files-2.1\org.jetbrains.kotlin\kotlin-daemon-embeddable\1.8.21\882003c48db58d16c8fb5a933abf08b5974a1a19\kotlin-daemon-embeddable-1.8.21.jar;C:\Users\panji\.gradle\caches\modules-2\files-2.1\org.jetbrains.intellij.deps\trove4j\1.0.20200330\3afb14d5f9ceb459d724e907a21145e8ff394f02\trove4j-1.0.20200330.jar;C:\Users\panji\.gradle\caches\modules-2\files-2.1\net.java.dev.jna\jna\5.6.0\330f2244e9030119ab3030fc3fededc86713d9cc\jna-5.6.0.jar;C:\Users\panji\.gradle\caches\modules-2\files-2.1\org.jetbrains.kotlin\kotlin-stdlib-common\1.8.21\d749cd5ae25da36d06e5028785038e24f9d37976\kotlin-stdlib-common-1.8.21.jar;C:\Users\panji\.gradle\caches\modules-2\files-2.1\org.jetbrains\annotations\13.0\919f0dfe192fb4e063e7dacadee7f8bb9a2672a9\annotations-13.0.jar
Launcher Type: SUN_STANDARD

[Global flags]
     intx CICompilerCount                          = 4                                         {product} {ergonomic}
     uint ConcGCThreads                            = 3                                         {product} {ergonomic}
     uint G1ConcRefinementThreads                  = 10                                        {product} {ergonomic}
   size_t G1HeapRegionSize                         = 2097152                                   {product} {ergonomic}
    uintx GCDrainStackTargetSize                   = 64                                        {product} {ergonomic}
   size_t InitialHeapSize                          = 165675008                                 {product} {ergonomic}
   size_t MarkStackSize                            = 4194304                                   {product} {ergonomic}
   size_t MaxHeapSize                              = 2644508672                                {product} {ergonomic}
   size_t MaxNewSize                               = 1585446912                                {product} {ergonomic}
   size_t MinHeapDeltaBytes                        = 2097152                                   {product} {ergonomic}
   size_t MinHeapSize                              = 8388608                                   {product} {ergonomic}
    uintx NonNMethodCodeHeapSize                   = 5839372                                {pd product} {ergonomic}
    uintx NonProfiledCodeHeapSize                  = 122909434                              {pd product} {ergonomic}
    uintx ProfiledCodeHeapSize                     = 122909434                              {pd product} {ergonomic}
    uintx ReservedCodeCacheSize                    = 251658240                              {pd product} {ergonomic}
     bool SegmentedCodeCache                       = true                                      {product} {ergonomic}
   size_t SoftMaxHeapSize                          = 2644508672                             {manageable} {ergonomic}
     bool UseCompressedClassPointers               = true                           {product lp64_product} {ergonomic}
     bool UseCompressedOops                        = true                           {product lp64_product} {ergonomic}
     bool UseG1GC                                  = true                                      {product} {ergonomic}
     bool UseLargePagesIndividualAllocation        = false                                  {pd product} {ergonomic}

Logging:
Log output configuration:
 #0: stdout all=warning uptime,level,tags
 #1: stderr all=off uptime,level,tags

Environment Variables:
PATH=C:\Program Files\Oculus\Support\oculus-runtime;C:\Program Files\Microsoft\jdk-11.0.12.7-hotspot\bin;C:\Python311\Scripts\;C:\Python311\;C:\Program Files\Common Files\Oracle\Java\javapath;C:\Program Files (x86)\Common Files\Intel\Shared Libraries\redist\intel64\compiler;C:\WINDOWS\system32;C:\WINDOWS;C:\WINDOWS\System32\Wbem;C:\WINDOWS\System32\WindowsPowerShell\v1.0\;C:\WINDOWS\System32\OpenSSH\;C:\Program Files\Git\cmd;E:\xampp\php;C:\ProgramData\ComposerSetup\bin;C:\Program Files\nodejs\;C:\ProgramData\chocolatey\bin;C:\Program Files\dotnet\;C:\Users\panji\Downloads\Compressed\mongosh-1.6.1-win32-x64\bin;C:\Program Files\Microsoft SQL Server\150\Tools\Binn\;C:\Program Files\Microsoft SQL Server\Client SDK\ODBC\170\Tools\Binn\;C:\Users\panji\AppData\Local\Microsoft\WindowsApps;C:\Users\panji\AppData\Local\Programs\Microsoft VS Code\bin;C:\Program Files\JetBrains\IntelliJ IDEA Community Edition 2022.2.3\bin;;C:\Users\panji\AppData\Local\GitHubDesktop\bin;C:\Users\panji\AppData\Roaming\Composer\vendor\bin;C:\Users\panji\AppData\Roaming\npm;C:\Program Files\JetBrains\PhpStorm 2022.3\bin;;C:\src\flutter\bin;C:\Users\panji\.dotnet\tools;C:\tools\dart-sdk\bin;C:\Users\panji\AppData\Roaming\Pub\Cache\bin;
USERNAME=panji
OS=Windows_NT
PROCESSOR_IDENTIFIER=AMD64 Family 23 Model 104 Stepping 1, AuthenticAMD
TMP=C:\Users\panji\AppData\Local\Temp
TEMP=C:\Users\panji\AppData\Local\Temp



---------------  S Y S T E M  ---------------

OS:
 Windows 11 , 64 bit Build 22621 (10.0.22621.1635)
OS uptime: 0 days 20:17 hours
Hyper-V role detected

CPU: total 12 (initial active 12) (12 cores per cpu, 2 threads per core) family 23 model 104 stepping 1 microcode 0x0, cx8, cmov, fxsr, ht, mmx, 3dnowpref, sse, sse2, sse3, ssse3, sse4a, sse4.1, sse4.2, popcnt, lzcnt, tsc, tscinvbit, avx, avx2, aes, clmul, bmi1, bmi2, adx, sha, fma, vzeroupper, clflush, clflushopt, hv

Memory: 4k page, system-wide physical 10085M (494M free)
TotalPageFile size 14397M (AvailPageFile size 5M)
current process WorkingSet (physical memory assigned to process): 346M, peak: 346M
current process commit charge ("private bytes"): 387M, peak: 387M

vm_info: OpenJDK 64-Bit Server VM (17.0.6+0-b2043.56-9586694) for windows-amd64 JRE (17.0.6+0-b2043.56-9586694), built on Feb  9 2023 20:06:20 by "androidbuild" with MS VC++ 16.10 / 16.11 (VS2019)

END.
