#
# There is insufficient memory for the Java Runtime Environment to continue.
# Native memory allocation (mmap) failed to map 162529280 bytes for G1 virtual space
# Possible reasons:
#   The system is out of physical RAM or swap space
#   The process is running with CompressedOops enabled, and the Java Heap may be blocking the growth of the native heap
# Possible solutions:
#   Reduce memory load on the system
#   Increase physical memory or swap space
#   Check if swap backing store is full
#   Decrease Java heap size (-Xmx/-Xms)
#   Decrease number of Java threads
#   Decrease Java thread stack sizes (-Xss)
#   Set larger code cache with -XX:ReservedCodeCacheSize=
#   JVM is running with Unscaled Compressed Oops mode in which the Java heap is
#     placed in the first 4GB address space. The Java Heap base address is the
#     maximum limit for the native heap growth. Please use -XX:HeapBaseMinAddress
#     to set the Java Heap base and to place the Java Heap above 4GB virtual address.
# This output file may be truncated or incomplete.
#
#  Out of Memory Error (os_windows.cpp:3769), pid=11880, tid=4948
#
# JRE version: OpenJDK Runtime Environment (17.0.6) (build 17.0.6+0-b2043.56-9586694)
# Java VM: OpenJDK 64-Bit Server VM (17.0.6+0-b2043.56-9586694, mixed mode, tiered, compressed oops, compressed class ptrs, g1 gc, windows-amd64)
# No core dump will be written. Minidumps are not enabled by default on client versions of Windows
#

---------------  S U M M A R Y ------------

Command Line: --add-opens=java.base/java.util=ALL-UNNAMED --add-opens=java.base/java.lang=ALL-UNNAMED --add-opens=java.base/java.lang.invoke=ALL-UNNAMED --add-opens=java.prefs/java.util.prefs=ALL-UNNAMED --add-opens=java.base/java.nio.charset=ALL-UNNAMED --add-opens=java.base/java.net=ALL-UNNAMED --add-opens=java.base/java.util.concurrent.atomic=ALL-UNNAMED -Xmx2048m -Dfile.encoding=UTF-8 -Duser.country=US -Duser.language=en -Duser.variant org.gradle.launcher.daemon.bootstrap.GradleDaemon 8.0

Host: AMD Ryzen 5 5500U with Radeon Graphics         , 12 cores, 9G,  Windows 11 , 64 bit Build 22621 (10.0.22621.1635)
Time: Mon May 22 15:51:33 2023 SE Asia Standard Time elapsed time: 16.550975 seconds (0d 0h 0m 16s)

---------------  T H R E A D  ---------------

Current thread (0x00000271eacf5b30):  VMThread "VM Thread" [stack: 0x000000a579400000,0x000000a579500000] [id=4948]

Stack: [0x000000a579400000,0x000000a579500000]
Native frames: (J=compiled Java code, j=interpreted, Vv=VM code, C=native code)
V  [jvm.dll+0x683b4a]
V  [jvm.dll+0x842654]
V  [jvm.dll+0x843dfe]
V  [jvm.dll+0x844463]
V  [jvm.dll+0x249b75]
V  [jvm.dll+0x680a19]
V  [jvm.dll+0x674f0a]
V  [jvm.dll+0x309acb]
V  [jvm.dll+0x310f86]
V  [jvm.dll+0x3608ee]
V  [jvm.dll+0x360b1f]
V  [jvm.dll+0x2dfbf8]
V  [jvm.dll+0x2ddec4]
V  [jvm.dll+0x2dd4cc]
V  [jvm.dll+0x321f3b]
V  [jvm.dll+0x84893b]
V  [jvm.dll+0x849674]
V  [jvm.dll+0x849b8d]
V  [jvm.dll+0x849f64]
V  [jvm.dll+0x84a030]
V  [jvm.dll+0x7f25fa]
V  [jvm.dll+0x682985]
C  [ucrtbase.dll+0x29363]
C  [KERNEL32.DLL+0x126ad]
C  [ntdll.dll+0x5a9f8]

VM_Operation (0x000000a501ffc970): G1CollectForAllocation, mode: safepoint, requested by thread 0x00000271ebd1e930


---------------  P R O C E S S  ---------------

Threads class SMR info:
_java_thread_list=0x00000271f6556140, length=186, elements={
0x00000271d0a9d4c0, 0x00000271ead449e0, 0x00000271ead45590, 0x00000271eb8592d0,
0x00000271eb859c90, 0x00000271eb85cd60, 0x00000271eb85d710, 0x00000271eb85ea00,
0x00000271eb85f800, 0x00000271eb8601f0, 0x00000271eb9e7820, 0x00000271eb9e8100,
0x00000271ec685c30, 0x00000271ec686f70, 0x00000271ec686aa0, 0x00000271ec687440,
0x00000271eccf5a80, 0x00000271ecceff10, 0x00000271eccf4740, 0x00000271eccf4c10,
0x00000271eccf7290, 0x00000271eccf5f50, 0x00000271eccf55b0, 0x00000271eccf6420,
0x00000271eccf03e0, 0x00000271eccf50e0, 0x00000271eccf3da0, 0x00000271eccf1720,
0x00000271eccf68f0, 0x00000271eccf6dc0, 0x00000271eccf1250, 0x00000271eccf1bf0,
0x00000271eccf7760, 0x00000271eccf08b0, 0x00000271eccf2f30, 0x00000271eccf2a60,
0x00000271eccf3400, 0x00000271eccf4270, 0x00000271f0504d70, 0x00000271f0503a30,
0x00000271f04fd520, 0x00000271f04fd9f0, 0x00000271f0500ee0, 0x00000271f05043d0,
0x00000271f04ff6d0, 0x00000271f04fed30, 0x00000271f0500540, 0x00000271f0502220,
0x00000271f0502bc0, 0x00000271f04ffba0, 0x00000271f04fe860, 0x00000271f04fe390,
0x00000271f04ff200, 0x00000271f04fdec0, 0x00000271f0500070, 0x00000271f0503f00,
0x00000271f0501880, 0x00000271f0503090, 0x00000271f0503560, 0x00000271f05048a0,
0x00000271f0500a10, 0x00000271f05013b0, 0x00000271eccb71c0, 0x00000271eccb6820,
0x00000271eccb3800, 0x00000271eccb3cd0, 0x00000271eccb89d0, 0x00000271eccb8ea0,
0x00000271eccb41a0, 0x00000271eccb6350, 0x00000271eccb3330, 0x00000271eccb54e0,
0x00000271eccb8030, 0x00000271eccb4670, 0x00000271eccb7690, 0x00000271eccb8500,
0x00000271eccb6cf0, 0x00000271eccb7b60, 0x00000271eccb4b40, 0x00000271eccb9370,
0x00000271eccb9840, 0x00000271eccb5010, 0x00000271eccba6b0, 0x00000271eccb9d10,
0x00000271eccb59b0, 0x00000271eccba1e0, 0x00000271eccb2e60, 0x00000271eccb5e80,
0x00000271ec113e20, 0x00000271ec1142f0, 0x00000271ec115b00, 0x00000271ec1147c0,
0x00000271ec114c90, 0x00000271ec1164a0, 0x00000271ec116970, 0x00000271ec116e40,
0x00000271ec115160, 0x00000271ec115630, 0x00000271ec117310, 0x00000271ec113950,
0x00000271ec115fd0, 0x00000271ebd19c30, 0x00000271ebd1bde0, 0x00000271ebd1f2d0,
0x00000271ebd1f7a0, 0x00000271ebd1c2b0, 0x00000271ebd1af70, 0x00000271ebd1d5f0,
0x00000271ebd1a100, 0x00000271ebd1fc70, 0x00000271ebd1a5d0, 0x00000271ebd1df90,
0x00000271ebd188f0, 0x00000271ebd18dc0, 0x00000271ebd1b440, 0x00000271ebd19290,
0x00000271ebd19760, 0x00000271ebd1e460, 0x00000271ebd1dac0, 0x00000271ebd18420,
0x00000271ebd1aaa0, 0x00000271ebd1ee00, 0x00000271ebd1c780, 0x00000271ebd1b910,
0x00000271ebd1cc50, 0x00000271ebd1e930, 0x00000271ebd1d120, 0x00000271f1f6c610,
0x00000271f1f66aa0, 0x00000271f1f682b0, 0x00000271f1f66f70, 0x00000271f1f68780,
0x00000271f1f65760, 0x00000271f1f68c50, 0x00000271f1f6c140, 0x00000271f1f6cae0,
0x00000271f1f6b7a0, 0x00000271f1f69ac0, 0x00000271f1f6cfb0, 0x00000271f1f69120,
0x00000271f1f65c30, 0x00000271f1f6b2d0, 0x00000271f1f67440, 0x00000271f1f66100,
0x00000271f1f67910, 0x00000271f1f695f0, 0x00000271f1f665d0, 0x00000271f1f6a460,
0x00000271f1f67de0, 0x00000271f1f69f90, 0x00000271f1f6ae00, 0x00000271f1f6a930,
0x00000271f1f6bc70, 0x00000271ec701290, 0x00000271ec707c70, 0x00000271ec703910,
0x00000271ec701760, 0x00000271ec703440, 0x00000271ec702f70, 0x00000271ec705f90,
0x00000271ec708140, 0x00000271ec704780, 0x00000271ec703de0, 0x00000271ec7055f0,
0x00000271ec7042b0, 0x00000271ec704c50, 0x00000271ec708610, 0x00000271ec705ac0,
0x00000271ec705120, 0x00000271ee131810, 0x00000271f615f620, 0x00000271f615f150,
0x00000271f615ffc0, 0x00000271f61617d0, 0x00000271f6161300, 0x00000271f6160960,
0x00000271f615faf0, 0x00000271f6160490, 0x00000271f6161ca0, 0x00000271f615e2e0,
0x00000271f615e7b0, 0x00000271f6160e30, 0x00000271eccf38d0, 0x00000271f5d8dc20,
0x00000271f5d8d750, 0x00000271ee12ef90
}

Java Threads: ( => current thread )
  0x00000271d0a9d4c0 JavaThread "main" [_thread_blocked, id=2872, stack(0x000000a578e00000,0x000000a578f00000)]
  0x00000271ead449e0 JavaThread "Reference Handler" daemon [_thread_blocked, id=12296, stack(0x000000a579500000,0x000000a579600000)]
  0x00000271ead45590 JavaThread "Finalizer" daemon [_thread_blocked, id=17564, stack(0x000000a579600000,0x000000a579700000)]
  0x00000271eb8592d0 JavaThread "Signal Dispatcher" daemon [_thread_blocked, id=8548, stack(0x000000a579700000,0x000000a579800000)]
  0x00000271eb859c90 JavaThread "Attach Listener" daemon [_thread_blocked, id=5484, stack(0x000000a579800000,0x000000a579900000)]
  0x00000271eb85cd60 JavaThread "Service Thread" daemon [_thread_blocked, id=9248, stack(0x000000a579900000,0x000000a579a00000)]
  0x00000271eb85d710 JavaThread "Monitor Deflation Thread" daemon [_thread_blocked, id=15560, stack(0x000000a579a00000,0x000000a579b00000)]
  0x00000271eb85ea00 JavaThread "C2 CompilerThread0" daemon [_thread_blocked, id=4084, stack(0x000000a579b00000,0x000000a579c00000)]
  0x00000271eb85f800 JavaThread "C1 CompilerThread0" daemon [_thread_blocked, id=18260, stack(0x000000a579c00000,0x000000a579d00000)]
  0x00000271eb8601f0 JavaThread "Sweeper thread" daemon [_thread_blocked, id=7152, stack(0x000000a579d00000,0x000000a579e00000)]
  0x00000271eb9e7820 JavaThread "Common-Cleaner" daemon [_thread_blocked, id=17528, stack(0x000000a579e00000,0x000000a579f00000)]
  0x00000271eb9e8100 JavaThread "Notification Thread" daemon [_thread_blocked, id=6400, stack(0x000000a579f00000,0x000000a57a000000)]
  0x00000271ec685c30 JavaThread "Daemon health stats" [_thread_blocked, id=7664, stack(0x000000a57a700000,0x000000a57a800000)]
  0x00000271ec686f70 JavaThread "Incoming local TCP Connector on port 53923" [_thread_in_native, id=2836, stack(0x000000a57a800000,0x000000a57a900000)]
  0x00000271ec686aa0 JavaThread "Daemon periodic checks" [_thread_blocked, id=320, stack(0x000000a57a900000,0x000000a57aa00000)]
  0x00000271ec687440 JavaThread "Daemon" [_thread_blocked, id=9492, stack(0x000000a57aa00000,0x000000a57ab00000)]
  0x00000271eccf5a80 JavaThread "Handler for socket connection from /127.0.0.1:53923 to /127.0.0.1:53924" [_thread_in_native, id=16200, stack(0x000000a57ab00000,0x000000a57ac00000)]
  0x00000271ecceff10 JavaThread "Cancel handler" [_thread_blocked, id=7332, stack(0x000000a57ac00000,0x000000a57ad00000)]
  0x00000271eccf4740 JavaThread "Daemon worker" [_thread_blocked, id=10472, stack(0x000000a57ad00000,0x000000a57ae00000)]
  0x00000271eccf4c10 JavaThread "Asynchronous log dispatcher for DefaultDaemonConnection: socket connection from /127.0.0.1:53923 to /127.0.0.1:53924" [_thread_blocked, id=3356, stack(0x000000a57ae00000,0x000000a57af00000)]
  0x00000271eccf7290 JavaThread "Stdin handler" [_thread_blocked, id=16792, stack(0x000000a57af00000,0x000000a57b000000)]
  0x00000271eccf5f50 JavaThread "Daemon client event forwarder" [_thread_blocked, id=18232, stack(0x000000a57b000000,0x000000a57b100000)]
  0x00000271eccf55b0 JavaThread "Cache worker for journal cache (C:\Users\panji\.gradle\caches\journal-1)" [_thread_blocked, id=15612, stack(0x000000a57b800000,0x000000a57b900000)]
  0x00000271eccf6420 JavaThread "File lock request listener" [_thread_in_native, id=4992, stack(0x000000a57b900000,0x000000a57ba00000)]
  0x00000271eccf03e0 JavaThread "Cache worker for file hash cache (C:\Users\panji\.gradle\caches\8.0\fileHashes)" [_thread_blocked, id=7964, stack(0x000000a57ba00000,0x000000a57bb00000)]
  0x00000271eccf50e0 JavaThread "File watcher server" daemon [_thread_blocked, id=11308, stack(0x000000a57bb00000,0x000000a57bc00000)]
  0x00000271eccf3da0 JavaThread "File watcher consumer" daemon [_thread_blocked, id=17004, stack(0x000000a57bc00000,0x000000a57bd00000)]
  0x00000271eccf1720 JavaThread "Cache worker for checksums cache (E:\Tugas\Kuliah\PEMBELAJARAN\SMT4\PT2\Project\Animalie\.gradle\8.0\checksums)" [_thread_blocked, id=16168, stack(0x000000a57bd00000,0x000000a57be00000)]
  0x00000271eccf68f0 JavaThread "Cache worker for cache directory md-rule (C:\Users\panji\.gradle\caches\8.0\md-rule)" [_thread_blocked, id=10532, stack(0x000000a57be00000,0x000000a57bf00000)]
  0x00000271eccf6dc0 JavaThread "Cache worker for file content cache (C:\Users\panji\.gradle\caches\8.0\fileContent)" [_thread_blocked, id=5032, stack(0x000000a57bf00000,0x000000a57c000000)]
  0x00000271eccf1250 JavaThread "Cache worker for file hash cache (E:\Tugas\Kuliah\PEMBELAJARAN\SMT4\PT2\Project\Animalie\.gradle\8.0\fileHashes)" [_thread_blocked, id=8084, stack(0x000000a57c000000,0x000000a57c100000)]
  0x00000271eccf1bf0 JavaThread "Cache worker for cache directory md-supplier (C:\Users\panji\.gradle\caches\8.0\md-supplier)" [_thread_blocked, id=4228, stack(0x000000a57c100000,0x000000a57c200000)]
  0x00000271eccf7760 JavaThread "Cache worker for execution history cache (C:\Users\panji\.gradle\caches\8.0\executionHistory)" [_thread_blocked, id=16848, stack(0x000000a57c200000,0x000000a57c300000)]
  0x00000271eccf08b0 JavaThread "jar transforms" [_thread_blocked, id=6740, stack(0x000000a57c300000,0x000000a57c400000)]
  0x00000271eccf2f30 JavaThread "jar transforms Thread 2" [_thread_blocked, id=1784, stack(0x000000a57c400000,0x000000a57c500000)]
  0x00000271eccf2a60 JavaThread "jar transforms Thread 3" [_thread_blocked, id=10564, stack(0x000000a57c600000,0x000000a57c700000)]
  0x00000271eccf3400 JavaThread "jar transforms Thread 4" [_thread_blocked, id=15008, stack(0x000000a57c700000,0x000000a57c800000)]
  0x00000271eccf4270 JavaThread "Cache worker for dependencies-accessors (E:\Tugas\Kuliah\PEMBELAJARAN\SMT4\PT2\Project\Animalie\.gradle\8.0\dependencies-accessors)" [_thread_blocked, id=18212, stack(0x000000a57c800000,0x000000a57c900000)]
  0x00000271f0504d70 JavaThread "jar transforms Thread 5" [_thread_blocked, id=10196, stack(0x000000a57c900000,0x000000a57ca00000)]
  0x00000271f0503a30 JavaThread "Cache worker for Build Output Cleanup Cache (E:\Tugas\Kuliah\PEMBELAJARAN\SMT4\PT2\Project\Animalie\.gradle\buildOutputCleanup)" [_thread_blocked, id=10228, stack(0x000000a57ca00000,0x000000a57cb00000)]
  0x00000271f04fd520 JavaThread "Unconstrained build operations" [_thread_blocked, id=7236, stack(0x000000a57a100000,0x000000a57a200000)]
  0x00000271f04fd9f0 JavaThread "Unconstrained build operations Thread 2" [_thread_blocked, id=17304, stack(0x000000a57a200000,0x000000a57a300000)]
  0x00000271f0500ee0 JavaThread "Unconstrained build operations Thread 3" [_thread_blocked, id=3884, stack(0x000000a57cb00000,0x000000a57cc00000)]
  0x00000271f05043d0 JavaThread "Unconstrained build operations Thread 4" [_thread_blocked, id=4616, stack(0x000000a57cc00000,0x000000a57cd00000)]
  0x00000271f04ff6d0 JavaThread "Unconstrained build operations Thread 5" [_thread_blocked, id=8396, stack(0x000000a57cd00000,0x000000a57ce00000)]
  0x00000271f04fed30 JavaThread "Unconstrained build operations Thread 6" [_thread_blocked, id=16392, stack(0x000000a57ce00000,0x000000a57cf00000)]
  0x00000271f0500540 JavaThread "Unconstrained build operations Thread 7" [_thread_blocked, id=2312, stack(0x000000a57cf00000,0x000000a57d000000)]
  0x00000271f0502220 JavaThread "Unconstrained build operations Thread 8" [_thread_blocked, id=13868, stack(0x000000a57d000000,0x000000a57d100000)]
  0x00000271f0502bc0 JavaThread "Unconstrained build operations Thread 9" [_thread_blocked, id=2444, stack(0x000000a57d100000,0x000000a57d200000)]
  0x00000271f04ffba0 JavaThread "Unconstrained build operations Thread 10" [_thread_blocked, id=17616, stack(0x000000a57d200000,0x000000a57d300000)]
  0x00000271f04fe860 JavaThread "Unconstrained build operations Thread 11" [_thread_blocked, id=5920, stack(0x000000a57d300000,0x000000a57d400000)]
  0x00000271f04fe390 JavaThread "Unconstrained build operations Thread 12" [_thread_blocked, id=1816, stack(0x000000a57d400000,0x000000a57d500000)]
  0x00000271f04ff200 JavaThread "Unconstrained build operations Thread 13" [_thread_blocked, id=17280, stack(0x000000a57d500000,0x000000a57d600000)]
  0x00000271f04fdec0 JavaThread "Unconstrained build operations Thread 14" [_thread_blocked, id=7728, stack(0x000000a57d600000,0x000000a57d700000)]
  0x00000271f0500070 JavaThread "Unconstrained build operations Thread 15" [_thread_blocked, id=4256, stack(0x000000a57d700000,0x000000a57d800000)]
  0x00000271f0503f00 JavaThread "Unconstrained build operations Thread 16" [_thread_blocked, id=6472, stack(0x000000a57d800000,0x000000a57d900000)]
  0x00000271f0501880 JavaThread "Unconstrained build operations Thread 17" [_thread_blocked, id=4696, stack(0x000000a57d900000,0x000000a57da00000)]
  0x00000271f0503090 JavaThread "Unconstrained build operations Thread 18" [_thread_blocked, id=16524, stack(0x000000a57da00000,0x000000a57db00000)]
  0x00000271f0503560 JavaThread "Unconstrained build operations Thread 19" [_thread_blocked, id=1540, stack(0x000000a57db00000,0x000000a57dc00000)]
  0x00000271f05048a0 JavaThread "Unconstrained build operations Thread 20" [_thread_blocked, id=11916, stack(0x000000a57dc00000,0x000000a57dd00000)]
  0x00000271f0500a10 JavaThread "Unconstrained build operations Thread 21" [_thread_blocked, id=15572, stack(0x000000a57dd00000,0x000000a57de00000)]
  0x00000271f05013b0 JavaThread "Unconstrained build operations Thread 22" [_thread_blocked, id=15164, stack(0x000000a57de00000,0x000000a57df00000)]
  0x00000271eccb71c0 JavaThread "Unconstrained build operations Thread 23" [_thread_blocked, id=6340, stack(0x000000a57df00000,0x000000a57e000000)]
  0x00000271eccb6820 JavaThread "Unconstrained build operations Thread 24" [_thread_blocked, id=9848, stack(0x000000a57e000000,0x000000a57e100000)]
  0x00000271eccb3800 JavaThread "Unconstrained build operations Thread 25" [_thread_blocked, id=11356, stack(0x000000a57e100000,0x000000a57e200000)]
  0x00000271eccb3cd0 JavaThread "Unconstrained build operations Thread 26" [_thread_blocked, id=8040, stack(0x000000a57e200000,0x000000a57e300000)]
  0x00000271eccb89d0 JavaThread "Unconstrained build operations Thread 27" [_thread_blocked, id=4380, stack(0x000000a57e300000,0x000000a57e400000)]
  0x00000271eccb8ea0 JavaThread "Unconstrained build operations Thread 28" [_thread_blocked, id=7920, stack(0x000000a57e400000,0x000000a57e500000)]
  0x00000271eccb41a0 JavaThread "Unconstrained build operations Thread 29" [_thread_blocked, id=18356, stack(0x000000a57e500000,0x000000a57e600000)]
  0x00000271eccb6350 JavaThread "Unconstrained build operations Thread 30" [_thread_blocked, id=15548, stack(0x000000a57e600000,0x000000a57e700000)]
  0x00000271eccb3330 JavaThread "Unconstrained build operations Thread 31" [_thread_blocked, id=14980, stack(0x000000a57e700000,0x000000a57e800000)]
  0x00000271eccb54e0 JavaThread "Unconstrained build operations Thread 32" [_thread_blocked, id=10108, stack(0x000000a57e800000,0x000000a57e900000)]
  0x00000271eccb8030 JavaThread "Unconstrained build operations Thread 33" [_thread_blocked, id=14096, stack(0x000000a57e900000,0x000000a57ea00000)]
  0x00000271eccb4670 JavaThread "Unconstrained build operations Thread 34" [_thread_blocked, id=8280, stack(0x000000a57ea00000,0x000000a57eb00000)]
  0x00000271eccb7690 JavaThread "Unconstrained build operations Thread 35" [_thread_blocked, id=16100, stack(0x000000a57eb00000,0x000000a57ec00000)]
  0x00000271eccb8500 JavaThread "Unconstrained build operations Thread 36" [_thread_blocked, id=9992, stack(0x000000a57ec00000,0x000000a57ed00000)]
  0x00000271eccb6cf0 JavaThread "Unconstrained build operations Thread 37" [_thread_blocked, id=15580, stack(0x000000a57ed00000,0x000000a57ee00000)]
  0x00000271eccb7b60 JavaThread "Unconstrained build operations Thread 38" [_thread_blocked, id=1600, stack(0x000000a57ee00000,0x000000a57ef00000)]
  0x00000271eccb4b40 JavaThread "Unconstrained build operations Thread 39" [_thread_blocked, id=3348, stack(0x000000a57ef00000,0x000000a57f000000)]
  0x00000271eccb9370 JavaThread "Unconstrained build operations Thread 40" [_thread_blocked, id=17712, stack(0x000000a57f000000,0x000000a57f100000)]
  0x00000271eccb9840 JavaThread "Unconstrained build operations Thread 41" [_thread_blocked, id=4100, stack(0x000000a57f100000,0x000000a57f200000)]
  0x00000271eccb5010 JavaThread "Unconstrained build operations Thread 42" [_thread_blocked, id=15780, stack(0x000000a57f200000,0x000000a57f300000)]
  0x00000271eccba6b0 JavaThread "Unconstrained build operations Thread 43" [_thread_blocked, id=8520, stack(0x000000a57f300000,0x000000a57f400000)]
  0x00000271eccb9d10 JavaThread "Unconstrained build operations Thread 44" [_thread_blocked, id=16252, stack(0x000000a57f400000,0x000000a57f500000)]
  0x00000271eccb59b0 JavaThread "Unconstrained build operations Thread 45" [_thread_blocked, id=16520, stack(0x000000a57f500000,0x000000a57f600000)]
  0x00000271eccba1e0 JavaThread "Unconstrained build operations Thread 46" [_thread_blocked, id=7652, stack(0x000000a57f600000,0x000000a57f700000)]
  0x00000271eccb2e60 JavaThread "Unconstrained build operations Thread 47" [_thread_blocked, id=16264, stack(0x000000a57f700000,0x000000a57f800000)]
  0x00000271eccb5e80 JavaThread "Unconstrained build operations Thread 48" [_thread_blocked, id=17968, stack(0x000000a57f800000,0x000000a57f900000)]
  0x00000271ec113e20 JavaThread "Unconstrained build operations Thread 49" [_thread_blocked, id=12868, stack(0x000000a57f900000,0x000000a57fa00000)]
  0x00000271ec1142f0 JavaThread "Unconstrained build operations Thread 50" [_thread_blocked, id=4660, stack(0x000000a57fa00000,0x000000a57fb00000)]
  0x00000271ec115b00 JavaThread "Unconstrained build operations Thread 51" [_thread_blocked, id=16112, stack(0x000000a57fb00000,0x000000a57fc00000)]
  0x00000271ec1147c0 JavaThread "Unconstrained build operations Thread 52" [_thread_blocked, id=7056, stack(0x000000a57fc00000,0x000000a57fd00000)]
  0x00000271ec114c90 JavaThread "Unconstrained build operations Thread 53" [_thread_blocked, id=3668, stack(0x000000a57fd00000,0x000000a57fe00000)]
  0x00000271ec1164a0 JavaThread "Unconstrained build operations Thread 54" [_thread_blocked, id=8628, stack(0x000000a57fe00000,0x000000a57ff00000)]
  0x00000271ec116970 JavaThread "Unconstrained build operations Thread 55" [_thread_blocked, id=5568, stack(0x000000a57ff00000,0x000000a580000000)]
  0x00000271ec116e40 JavaThread "Unconstrained build operations Thread 56" [_thread_blocked, id=18172, stack(0x000000a500000000,0x000000a500100000)]
  0x00000271ec115160 JavaThread "Unconstrained build operations Thread 57" [_thread_blocked, id=6988, stack(0x000000a500100000,0x000000a500200000)]
  0x00000271ec115630 JavaThread "Unconstrained build operations Thread 58" [_thread_blocked, id=4076, stack(0x000000a500200000,0x000000a500300000)]
  0x00000271ec117310 JavaThread "Unconstrained build operations Thread 59" [_thread_blocked, id=9452, stack(0x000000a500400000,0x000000a500500000)]
  0x00000271ec113950 JavaThread "Unconstrained build operations Thread 60" [_thread_blocked, id=17552, stack(0x000000a500500000,0x000000a500600000)]
  0x00000271ec115fd0 JavaThread "Unconstrained build operations Thread 61" [_thread_blocked, id=14024, stack(0x000000a500600000,0x000000a500700000)]
  0x00000271ebd19c30 JavaThread "Unconstrained build operations Thread 62" [_thread_blocked, id=17732, stack(0x000000a500700000,0x000000a500800000)]
  0x00000271ebd1bde0 JavaThread "Unconstrained build operations Thread 63" [_thread_blocked, id=7176, stack(0x000000a500800000,0x000000a500900000)]
  0x00000271ebd1f2d0 JavaThread "Unconstrained build operations Thread 64" [_thread_blocked, id=12988, stack(0x000000a500900000,0x000000a500a00000)]
  0x00000271ebd1f7a0 JavaThread "Unconstrained build operations Thread 65" [_thread_blocked, id=4840, stack(0x000000a500a00000,0x000000a500b00000)]
  0x00000271ebd1c2b0 JavaThread "Unconstrained build operations Thread 66" [_thread_blocked, id=10616, stack(0x000000a500b00000,0x000000a500c00000)]
  0x00000271ebd1af70 JavaThread "Unconstrained build operations Thread 67" [_thread_blocked, id=11832, stack(0x000000a500c00000,0x000000a500d00000)]
  0x00000271ebd1d5f0 JavaThread "Unconstrained build operations Thread 68" [_thread_blocked, id=8540, stack(0x000000a500d00000,0x000000a500e00000)]
  0x00000271ebd1a100 JavaThread "Unconstrained build operations Thread 69" [_thread_blocked, id=17500, stack(0x000000a500e00000,0x000000a500f00000)]
  0x00000271ebd1fc70 JavaThread "Unconstrained build operations Thread 70" [_thread_blocked, id=8224, stack(0x000000a500f00000,0x000000a501000000)]
  0x00000271ebd1a5d0 JavaThread "Unconstrained build operations Thread 71" [_thread_blocked, id=15196, stack(0x000000a501000000,0x000000a501100000)]
  0x00000271ebd1df90 JavaThread "Unconstrained build operations Thread 72" [_thread_blocked, id=17388, stack(0x000000a501100000,0x000000a501200000)]
  0x00000271ebd188f0 JavaThread "Unconstrained build operations Thread 73" [_thread_blocked, id=15400, stack(0x000000a501200000,0x000000a501300000)]
  0x00000271ebd18dc0 JavaThread "Unconstrained build operations Thread 74" [_thread_blocked, id=16648, stack(0x000000a501300000,0x000000a501400000)]
  0x00000271ebd1b440 JavaThread "Unconstrained build operations Thread 75" [_thread_blocked, id=3396, stack(0x000000a501400000,0x000000a501500000)]
  0x00000271ebd19290 JavaThread "Unconstrained build operations Thread 76" [_thread_blocked, id=15556, stack(0x000000a501500000,0x000000a501600000)]
  0x00000271ebd19760 JavaThread "Unconstrained build operations Thread 77" [_thread_blocked, id=17384, stack(0x000000a501600000,0x000000a501700000)]
  0x00000271ebd1e460 JavaThread "Unconstrained build operations Thread 78" [_thread_blocked, id=12396, stack(0x000000a501700000,0x000000a501800000)]
  0x00000271ebd1dac0 JavaThread "Unconstrained build operations Thread 79" [_thread_blocked, id=5448, stack(0x000000a501800000,0x000000a501900000)]
  0x00000271ebd18420 JavaThread "Unconstrained build operations Thread 80" [_thread_blocked, id=5408, stack(0x000000a501900000,0x000000a501a00000)]
  0x00000271ebd1aaa0 JavaThread "Unconstrained build operations Thread 81" [_thread_blocked, id=14720, stack(0x000000a501a00000,0x000000a501b00000)]
  0x00000271ebd1ee00 JavaThread "Unconstrained build operations Thread 82" [_thread_blocked, id=6208, stack(0x000000a501b00000,0x000000a501c00000)]
  0x00000271ebd1c780 JavaThread "Unconstrained build operations Thread 83" [_thread_blocked, id=4244, stack(0x000000a501c00000,0x000000a501d00000)]
  0x00000271ebd1b910 JavaThread "Unconstrained build operations Thread 84" [_thread_blocked, id=3732, stack(0x000000a501d00000,0x000000a501e00000)]
  0x00000271ebd1cc50 JavaThread "Unconstrained build operations Thread 85" [_thread_blocked, id=7428, stack(0x000000a501e00000,0x000000a501f00000)]
  0x00000271ebd1e930 JavaThread "Unconstrained build operations Thread 86" [_thread_blocked, id=12076, stack(0x000000a501f00000,0x000000a502000000)]
  0x00000271ebd1d120 JavaThread "Unconstrained build operations Thread 87" [_thread_blocked, id=17640, stack(0x000000a502000000,0x000000a502100000)]
  0x00000271f1f6c610 JavaThread "Unconstrained build operations Thread 88" [_thread_blocked, id=10892, stack(0x000000a502100000,0x000000a502200000)]
  0x00000271f1f66aa0 JavaThread "Unconstrained build operations Thread 89" [_thread_blocked, id=10020, stack(0x000000a502200000,0x000000a502300000)]
  0x00000271f1f682b0 JavaThread "Unconstrained build operations Thread 90" [_thread_blocked, id=4768, stack(0x000000a502300000,0x000000a502400000)]
  0x00000271f1f66f70 JavaThread "Unconstrained build operations Thread 91" [_thread_blocked, id=16652, stack(0x000000a502400000,0x000000a502500000)]
  0x00000271f1f68780 JavaThread "Unconstrained build operations Thread 92" [_thread_blocked, id=14368, stack(0x000000a502500000,0x000000a502600000)]
  0x00000271f1f65760 JavaThread "Unconstrained build operations Thread 93" [_thread_blocked, id=11392, stack(0x000000a502600000,0x000000a502700000)]
  0x00000271f1f68c50 JavaThread "Unconstrained build operations Thread 94" [_thread_blocked, id=8436, stack(0x000000a502700000,0x000000a502800000)]
  0x00000271f1f6c140 JavaThread "Unconstrained build operations Thread 95" [_thread_blocked, id=12152, stack(0x000000a502800000,0x000000a502900000)]
  0x00000271f1f6cae0 JavaThread "Unconstrained build operations Thread 96" [_thread_blocked, id=8576, stack(0x000000a502900000,0x000000a502a00000)]
  0x00000271f1f6b7a0 JavaThread "Unconstrained build operations Thread 97" [_thread_blocked, id=13172, stack(0x000000a502a00000,0x000000a502b00000)]
  0x00000271f1f69ac0 JavaThread "Unconstrained build operations Thread 98" [_thread_blocked, id=6716, stack(0x000000a502b00000,0x000000a502c00000)]
  0x00000271f1f6cfb0 JavaThread "Unconstrained build operations Thread 99" [_thread_blocked, id=9620, stack(0x000000a502c00000,0x000000a502d00000)]
  0x00000271f1f69120 JavaThread "Unconstrained build operations Thread 100" [_thread_blocked, id=7904, stack(0x000000a502d00000,0x000000a502e00000)]
  0x00000271f1f65c30 JavaThread "Unconstrained build operations Thread 101" [_thread_blocked, id=10092, stack(0x000000a502e00000,0x000000a502f00000)]
  0x00000271f1f6b2d0 JavaThread "Unconstrained build operations Thread 102" [_thread_blocked, id=13296, stack(0x000000a502f00000,0x000000a503000000)]
  0x00000271f1f67440 JavaThread "Unconstrained build operations Thread 103" [_thread_blocked, id=13488, stack(0x000000a503000000,0x000000a503100000)]
  0x00000271f1f66100 JavaThread "Unconstrained build operations Thread 104" [_thread_blocked, id=11432, stack(0x000000a503100000,0x000000a503200000)]
  0x00000271f1f67910 JavaThread "Unconstrained build operations Thread 105" [_thread_blocked, id=18076, stack(0x000000a503200000,0x000000a503300000)]
  0x00000271f1f695f0 JavaThread "Unconstrained build operations Thread 106" [_thread_blocked, id=12084, stack(0x000000a503300000,0x000000a503400000)]
  0x00000271f1f665d0 JavaThread "Unconstrained build operations Thread 107" [_thread_blocked, id=12828, stack(0x000000a503400000,0x000000a503500000)]
  0x00000271f1f6a460 JavaThread "Unconstrained build operations Thread 108" [_thread_blocked, id=8004, stack(0x000000a503500000,0x000000a503600000)]
  0x00000271f1f67de0 JavaThread "Unconstrained build operations Thread 109" [_thread_blocked, id=16856, stack(0x000000a503600000,0x000000a503700000)]
  0x00000271f1f69f90 JavaThread "Unconstrained build operations Thread 110" [_thread_blocked, id=13136, stack(0x000000a503700000,0x000000a503800000)]
  0x00000271f1f6ae00 JavaThread "Unconstrained build operations Thread 111" [_thread_blocked, id=13912, stack(0x000000a503800000,0x000000a503900000)]
  0x00000271f1f6a930 JavaThread "Unconstrained build operations Thread 112" [_thread_blocked, id=12824, stack(0x000000a503900000,0x000000a503a00000)]
  0x00000271f1f6bc70 JavaThread "Unconstrained build operations Thread 113" [_thread_blocked, id=11732, stack(0x000000a503a00000,0x000000a503b00000)]
  0x00000271ec701290 JavaThread "Unconstrained build operations Thread 114" [_thread_blocked, id=18188, stack(0x000000a503b00000,0x000000a503c00000)]
  0x00000271ec707c70 JavaThread "Unconstrained build operations Thread 115" [_thread_blocked, id=14028, stack(0x000000a503c00000,0x000000a503d00000)]
  0x00000271ec703910 JavaThread "Unconstrained build operations Thread 116" [_thread_blocked, id=8292, stack(0x000000a503d00000,0x000000a503e00000)]
  0x00000271ec701760 JavaThread "Unconstrained build operations Thread 117" [_thread_blocked, id=17416, stack(0x000000a503e00000,0x000000a503f00000)]
  0x00000271ec703440 JavaThread "Unconstrained build operations Thread 118" [_thread_blocked, id=18288, stack(0x000000a503f00000,0x000000a504000000)]
  0x00000271ec702f70 JavaThread "Unconstrained build operations Thread 119" [_thread_blocked, id=11968, stack(0x000000a504000000,0x000000a504100000)]
  0x00000271ec705f90 JavaThread "Unconstrained build operations Thread 120" [_thread_blocked, id=9816, stack(0x000000a504100000,0x000000a504200000)]
  0x00000271ec708140 JavaThread "jar transforms Thread 6" [_thread_blocked, id=5488, stack(0x000000a504300000,0x000000a504400000)]
  0x00000271ec704780 JavaThread "jar transforms Thread 7" [_thread_blocked, id=15352, stack(0x000000a504400000,0x000000a504500000)]
  0x00000271ec703de0 JavaThread "jar transforms Thread 8" [_thread_blocked, id=12040, stack(0x000000a504500000,0x000000a504600000)]
  0x00000271ec7055f0 JavaThread "jar transforms Thread 9" [_thread_blocked, id=2108, stack(0x000000a504600000,0x000000a504700000)]
  0x00000271ec7042b0 JavaThread "jar transforms Thread 10" [_thread_blocked, id=6072, stack(0x000000a504700000,0x000000a504800000)]
  0x00000271ec704c50 JavaThread "jar transforms Thread 11" [_thread_blocked, id=7940, stack(0x000000a504800000,0x000000a504900000)]
  0x00000271ec708610 JavaThread "jar transforms Thread 12" [_thread_blocked, id=344, stack(0x000000a504900000,0x000000a504a00000)]
  0x00000271ec705ac0 JavaThread "build event listener" [_thread_blocked, id=16464, stack(0x000000a504a00000,0x000000a504b00000)]
  0x00000271ec705120 JavaThread "Memory manager" [_thread_blocked, id=13852, stack(0x000000a504c00000,0x000000a504d00000)]
  0x00000271ee131810 JavaThread "C2 CompilerThread1" daemon [_thread_blocked, id=8124, stack(0x000000a500300000,0x000000a500400000)]
  0x00000271f615f620 JavaThread "pool-3-thread-1" [_thread_blocked, id=6700, stack(0x000000a504d00000,0x000000a504e00000)]
  0x00000271f615f150 JavaThread "build event listener" [_thread_blocked, id=10816, stack(0x000000a504e00000,0x000000a504f00000)]
  0x00000271f615ffc0 JavaThread "included builds" [_thread_blocked, id=4556, stack(0x000000a504f00000,0x000000a505000000)]
  0x00000271f61617d0 JavaThread "Execution worker" [_thread_blocked, id=4016, stack(0x000000a505000000,0x000000a505100000)]
  0x00000271f6161300 JavaThread "Execution worker Thread 2" [_thread_blocked, id=9208, stack(0x000000a505100000,0x000000a505200000)]
  0x00000271f6160960 JavaThread "Execution worker Thread 3" [_thread_blocked, id=9824, stack(0x000000a505200000,0x000000a505300000)]
  0x00000271f615faf0 JavaThread "Execution worker Thread 4" [_thread_blocked, id=12216, stack(0x000000a505300000,0x000000a505400000)]
  0x00000271f6160490 JavaThread "Execution worker Thread 5" [_thread_blocked, id=6844, stack(0x000000a505400000,0x000000a505500000)]
  0x00000271f6161ca0 JavaThread "Execution worker Thread 6" [_thread_blocked, id=15384, stack(0x000000a505500000,0x000000a505600000)]
  0x00000271f615e2e0 JavaThread "Execution worker Thread 7" [_thread_blocked, id=10636, stack(0x000000a505600000,0x000000a505700000)]
  0x00000271f615e7b0 JavaThread "Execution worker Thread 8" [_thread_blocked, id=10628, stack(0x000000a505700000,0x000000a505800000)]
  0x00000271f6160e30 JavaThread "Execution worker Thread 9" [_thread_blocked, id=7368, stack(0x000000a505800000,0x000000a505900000)]
  0x00000271eccf38d0 JavaThread "Execution worker Thread 10" [_thread_blocked, id=5564, stack(0x000000a505900000,0x000000a505a00000)]
  0x00000271f5d8dc20 JavaThread "Execution worker Thread 11" [_thread_blocked, id=17560, stack(0x000000a505a00000,0x000000a505b00000)]
  0x00000271f5d8d750 JavaThread "Cache worker for execution history cache (E:\Tugas\Kuliah\PEMBELAJARAN\SMT4\PT2\Project\Animalie\.gradle\8.0\executionHistory)" [_thread_blocked, id=6552, stack(0x000000a505b00000,0x000000a505c00000)]
  0x00000271ee12ef90 JavaThread "C2 CompilerThread2" daemon [_thread_blocked, id=13536, stack(0x000000a504b00000,0x000000a504c00000)]

Other Threads:
=>0x00000271eacf5b30 VMThread "VM Thread" [stack: 0x000000a579400000,0x000000a579500000] [id=4948]
  0x00000271eacdc9e0 WatcherThread [stack: 0x000000a57a000000,0x000000a57a100000] [id=2568]
  0x00000271d0af8b70 GCTaskThread "GC Thread#0" [stack: 0x000000a578f00000,0x000000a579000000] [id=17164]
  0x00000271ec5bebc0 GCTaskThread "GC Thread#1" [stack: 0x000000a57a300000,0x000000a57a400000] [id=852]
  0x00000271ecc80bd0 GCTaskThread "GC Thread#2" [stack: 0x000000a57a400000,0x000000a57a500000] [id=15376]
  0x00000271ecce7c00 GCTaskThread "GC Thread#3" [stack: 0x000000a57a500000,0x000000a57a600000] [id=6492]
  0x00000271ed1c1d00 GCTaskThread "GC Thread#4" [stack: 0x000000a57a600000,0x000000a57a700000] [id=5248]
  0x00000271edddb850 GCTaskThread "GC Thread#5" [stack: 0x000000a57b100000,0x000000a57b200000] [id=12936]
  0x00000271ed15b8e0 GCTaskThread "GC Thread#6" [stack: 0x000000a57b200000,0x000000a57b300000] [id=18040]
  0x00000271ed15bb90 GCTaskThread "GC Thread#7" [stack: 0x000000a57b300000,0x000000a57b400000] [id=17936]
  0x00000271ed15be40 GCTaskThread "GC Thread#8" [stack: 0x000000a57b400000,0x000000a57b500000] [id=1984]
  0x00000271ed15c0f0 GCTaskThread "GC Thread#9" [stack: 0x000000a57b500000,0x000000a57b600000] [id=3424]
  0x00000271d0b09ab0 ConcurrentGCThread "G1 Main Marker" [stack: 0x000000a579000000,0x000000a579100000] [id=13180]
  0x00000271d0b0a620 ConcurrentGCThread "G1 Conc#0" [stack: 0x000000a579100000,0x000000a579200000] [id=4200]
  0x00000271edd379b0 ConcurrentGCThread "G1 Conc#1" [stack: 0x000000a57b600000,0x000000a57b700000] [id=9684]
  0x00000271ed2a76c0 ConcurrentGCThread "G1 Conc#2" [stack: 0x000000a57b700000,0x000000a57b800000] [id=13128]
  0x00000271eaba40f0 ConcurrentGCThread "G1 Refine#0" [stack: 0x000000a579200000,0x000000a579300000] [id=18296]
  0x00000271f189d990 ConcurrentGCThread "G1 Refine#1" [stack: 0x000000a57c500000,0x000000a57c600000] [id=8368]
  0x00000271f189c850 ConcurrentGCThread "G1 Refine#2" [stack: 0x000000a504200000,0x000000a504300000] [id=5328]
  0x00000271eaba59c0 ConcurrentGCThread "G1 Service" [stack: 0x000000a579300000,0x000000a579400000] [id=11988]

Threads with active compile tasks:
C2 CompilerThread0    16577 12417       4       org.gradle.internal.component.external.model.DefaultConfigurationMetadata::getAttributes (5 bytes)
C1 CompilerThread0    16577 12461       3       org.gradle.internal.execution.history.changes.InputValueChanges::accept (103 bytes)
C2 CompilerThread1    16577 12456       4       java.util.WeakHashMap::get (75 bytes)
C2 CompilerThread2    16577 12411       4       org.gradle.internal.component.external.model.DefaultConfigurationMetadata::getAttributes (28 bytes)

VM state: at safepoint (normal execution)

VM Mutex/Monitor currently owned by a thread:  ([mutex/lock_event])
[0x00000271d0a998f0] Threads_lock - owner thread: 0x00000271eacf5b30
[0x00000271d0a98d20] Heap_lock - owner thread: 0x00000271ebd1e930

Heap address: 0x0000000080000000, size: 2048 MB, Compressed Oops mode: 32-bit

CDS archive(s) not mapped
Compressed class space mapped at: 0x0000000100000000-0x0000000140000000, reserved size: 1073741824
Narrow klass base: 0x0000000000000000, Narrow klass shift: 3, Narrow klass range: 0x140000000

GC Precious Log:
 CPUs: 12 total, 12 available
 Memory: 10085M
 Large Page Support: Disabled
 NUMA Support: Disabled
 Compressed Oops: Enabled (32-bit)
 Heap Region Size: 1M
 Heap Min Capacity: 8M
 Heap Initial Capacity: 158M
 Heap Max Capacity: 2G
 Pre-touch: Disabled
 Parallel Workers: 10
 Concurrent Workers: 3
 Concurrent Refinement Workers: 10
 Periodic GC: Disabled

Heap:
 garbage-first heap   total 181248K, used 119754K [0x0000000080000000, 0x0000000100000000)
  region size 1024K, 3 young (3072K), 3 survivors (3072K)
 Metaspace       used 100681K, committed 101440K, reserved 1138688K
  class space    used 13717K, committed 14080K, reserved 1048576K

Heap Regions: E=young(eden), S=young(survivor), O=old, HS=humongous(starts), HC=humongous(continues), CS=collection set, F=free, OA=open archive, CA=closed archive, TAMS=top-at-mark-start (previous, next)
|   0|0x0000000080000000, 0x0000000080100000, 0x0000000080100000|100%|HS|  |TAMS 0x0000000080100000, 0x0000000080000000| Complete 
|   1|0x0000000080100000, 0x0000000080200000, 0x0000000080200000|100%|HC|  |TAMS 0x0000000080200000, 0x0000000080100000| Complete 
|   2|0x0000000080200000, 0x0000000080300000, 0x0000000080300000|100%|HC|  |TAMS 0x0000000080300000, 0x0000000080200000| Complete 
|   3|0x0000000080300000, 0x0000000080400000, 0x0000000080400000|100%|HC|  |TAMS 0x0000000080400000, 0x0000000080300000| Complete 
|   4|0x0000000080400000, 0x0000000080500000, 0x0000000080500000|100%| O|  |TAMS 0x0000000080500000, 0x0000000080400000| Untracked 
|   5|0x0000000080500000, 0x0000000080600000, 0x0000000080600000|100%| O|  |TAMS 0x0000000080600000, 0x0000000080500000| Untracked 
|   6|0x0000000080600000, 0x0000000080700000, 0x0000000080700000|100%| O|  |TAMS 0x0000000080700000, 0x0000000080600000| Untracked 
|   7|0x0000000080700000, 0x0000000080800000, 0x0000000080800000|100%| O|  |TAMS 0x0000000080800000, 0x0000000080700000| Untracked 
|   8|0x0000000080800000, 0x0000000080900000, 0x0000000080900000|100%| O|  |TAMS 0x0000000080900000, 0x0000000080800000| Untracked 
|   9|0x0000000080900000, 0x0000000080a00000, 0x0000000080a00000|100%| O|  |TAMS 0x0000000080a00000, 0x0000000080900000| Untracked 
|  10|0x0000000080a00000, 0x0000000080b00000, 0x0000000080b00000|100%| O|  |TAMS 0x0000000080b00000, 0x0000000080a00000| Untracked 
|  11|0x0000000080b00000, 0x0000000080c00000, 0x0000000080c00000|100%| O|  |TAMS 0x0000000080c00000, 0x0000000080b00000| Untracked 
|  12|0x0000000080c00000, 0x0000000080d00000, 0x0000000080d00000|100%| O|  |TAMS 0x0000000080d00000, 0x0000000080c00000| Untracked 
|  13|0x0000000080d00000, 0x0000000080e00000, 0x0000000080e00000|100%| O|  |TAMS 0x0000000080e00000, 0x0000000080d00000| Untracked 
|  14|0x0000000080e00000, 0x0000000080f00000, 0x0000000080f00000|100%| O|  |TAMS 0x0000000080f00000, 0x0000000080e00000| Untracked 
|  15|0x0000000080f00000, 0x0000000081000000, 0x0000000081000000|100%| O|  |TAMS 0x0000000081000000, 0x0000000080f00000| Untracked 
|  16|0x0000000081000000, 0x0000000081100000, 0x0000000081100000|100%| O|  |TAMS 0x0000000081100000, 0x0000000081000000| Untracked 
|  17|0x0000000081100000, 0x0000000081200000, 0x0000000081200000|100%| O|  |TAMS 0x0000000081200000, 0x0000000081100000| Untracked 
|  18|0x0000000081200000, 0x0000000081300000, 0x0000000081300000|100%| O|  |TAMS 0x0000000081300000, 0x0000000081200000| Untracked 
|  19|0x0000000081300000, 0x0000000081400000, 0x0000000081400000|100%| O|  |TAMS 0x0000000081400000, 0x0000000081300000| Untracked 
|  20|0x0000000081400000, 0x0000000081500000, 0x0000000081500000|100%| O|  |TAMS 0x0000000081500000, 0x0000000081400000| Untracked 
|  21|0x0000000081500000, 0x0000000081600000, 0x0000000081600000|100%| O|  |TAMS 0x0000000081600000, 0x0000000081500000| Untracked 
|  22|0x0000000081600000, 0x0000000081700000, 0x0000000081700000|100%| O|  |TAMS 0x0000000081600000, 0x0000000081600000| Untracked 
|  23|0x0000000081700000, 0x0000000081800000, 0x0000000081800000|100%| O|  |TAMS 0x0000000081800000, 0x0000000081700000| Untracked 
|  24|0x0000000081800000, 0x0000000081900000, 0x0000000081900000|100%| O|  |TAMS 0x0000000081900000, 0x0000000081800000| Untracked 
|  25|0x0000000081900000, 0x0000000081a00000, 0x0000000081a00000|100%| O|  |TAMS 0x0000000081a00000, 0x0000000081900000| Untracked 
|  26|0x0000000081a00000, 0x0000000081b00000, 0x0000000081b00000|100%| O|  |TAMS 0x0000000081b00000, 0x0000000081a00000| Untracked 
|  27|0x0000000081b00000, 0x0000000081c00000, 0x0000000081c00000|100%| O|  |TAMS 0x0000000081c00000, 0x0000000081b00000| Untracked 
|  28|0x0000000081c00000, 0x0000000081d00000, 0x0000000081d00000|100%| O|  |TAMS 0x0000000081d00000, 0x0000000081c00000| Untracked 
|  29|0x0000000081d00000, 0x0000000081e00000, 0x0000000081e00000|100%| O|  |TAMS 0x0000000081e00000, 0x0000000081d00000| Untracked 
|  30|0x0000000081e00000, 0x0000000081f00000, 0x0000000081f00000|100%| O|  |TAMS 0x0000000081f00000, 0x0000000081e00000| Untracked 
|  31|0x0000000081f00000, 0x0000000082000000, 0x0000000082000000|100%| O|  |TAMS 0x0000000082000000, 0x0000000081f00000| Untracked 
|  32|0x0000000082000000, 0x0000000082100000, 0x0000000082100000|100%| O|  |TAMS 0x0000000082100000, 0x0000000082000000| Untracked 
|  33|0x0000000082100000, 0x0000000082200000, 0x0000000082200000|100%| O|  |TAMS 0x0000000082200000, 0x0000000082100000| Untracked 
|  34|0x0000000082200000, 0x0000000082300000, 0x0000000082300000|100%| O|  |TAMS 0x0000000082200000, 0x0000000082200000| Untracked 
|  35|0x0000000082300000, 0x0000000082400000, 0x0000000082400000|100%| O|  |TAMS 0x0000000082400000, 0x0000000082300000| Untracked 
|  36|0x0000000082400000, 0x0000000082500000, 0x0000000082500000|100%|HS|  |TAMS 0x0000000082500000, 0x0000000082400000| Complete 
|  37|0x0000000082500000, 0x0000000082600000, 0x0000000082600000|100%| O|  |TAMS 0x0000000082600000, 0x0000000082500000| Untracked 
|  38|0x0000000082600000, 0x0000000082700000, 0x0000000082700000|100%| O|  |TAMS 0x0000000082700000, 0x0000000082600000| Untracked 
|  39|0x0000000082700000, 0x0000000082800000, 0x0000000082800000|100%| O|  |TAMS 0x0000000082800000, 0x0000000082700000| Untracked 
|  40|0x0000000082800000, 0x0000000082900000, 0x0000000082900000|100%| O|  |TAMS 0x0000000082900000, 0x0000000082800000| Untracked 
|  41|0x0000000082900000, 0x0000000082a00000, 0x0000000082a00000|100%|HS|  |TAMS 0x0000000082a00000, 0x0000000082900000| Complete 
|  42|0x0000000082a00000, 0x0000000082b00000, 0x0000000082b00000|100%|HC|  |TAMS 0x0000000082b00000, 0x0000000082a00000| Complete 
|  43|0x0000000082b00000, 0x0000000082c00000, 0x0000000082c00000|100%|HS|  |TAMS 0x0000000082c00000, 0x0000000082b00000| Complete 
|  44|0x0000000082c00000, 0x0000000082d00000, 0x0000000082d00000|100%|HS|  |TAMS 0x0000000082d00000, 0x0000000082c00000| Complete 
|  45|0x0000000082d00000, 0x0000000082e00000, 0x0000000082e00000|100%|HC|  |TAMS 0x0000000082e00000, 0x0000000082d00000| Complete 
|  46|0x0000000082e00000, 0x0000000082f00000, 0x0000000082f00000|100%|HC|  |TAMS 0x0000000082f00000, 0x0000000082e00000| Complete 
|  47|0x0000000082f00000, 0x0000000083000000, 0x0000000083000000|100%|HC|  |TAMS 0x0000000083000000, 0x0000000082f00000| Complete 
|  48|0x0000000083000000, 0x0000000083100000, 0x0000000083100000|100%| O|  |TAMS 0x0000000083100000, 0x0000000083000000| Untracked 
|  49|0x0000000083100000, 0x0000000083200000, 0x0000000083200000|100%| O|  |TAMS 0x0000000083200000, 0x0000000083100000| Untracked 
|  50|0x0000000083200000, 0x0000000083300000, 0x0000000083300000|100%| O|  |TAMS 0x0000000083300000, 0x0000000083200000| Untracked 
|  51|0x0000000083300000, 0x0000000083400000, 0x0000000083400000|100%| O|  |TAMS 0x0000000083400000, 0x0000000083300000| Untracked 
|  52|0x0000000083400000, 0x0000000083500000, 0x0000000083500000|100%| O|  |TAMS 0x0000000083500000, 0x0000000083400000| Untracked 
|  53|0x0000000083500000, 0x0000000083600000, 0x0000000083600000|100%| O|  |TAMS 0x0000000083600000, 0x0000000083500000| Untracked 
|  54|0x0000000083600000, 0x0000000083700000, 0x0000000083700000|100%| O|  |TAMS 0x0000000083700000, 0x0000000083600000| Untracked 
|  55|0x0000000083700000, 0x0000000083800000, 0x0000000083800000|100%| O|  |TAMS 0x0000000083800000, 0x0000000083700000| Untracked 
|  56|0x0000000083800000, 0x0000000083900000, 0x0000000083900000|100%| O|  |TAMS 0x0000000083900000, 0x0000000083800000| Untracked 
|  57|0x0000000083900000, 0x0000000083a00000, 0x0000000083a00000|100%| O|  |TAMS 0x0000000083a00000, 0x0000000083900000| Untracked 
|  58|0x0000000083a00000, 0x0000000083b00000, 0x0000000083b00000|100%| O|  |TAMS 0x0000000083b00000, 0x0000000083a00000| Untracked 
|  59|0x0000000083b00000, 0x0000000083c00000, 0x0000000083c00000|100%| O|  |TAMS 0x0000000083c00000, 0x0000000083b00000| Untracked 
|  60|0x0000000083c00000, 0x0000000083d00000, 0x0000000083d00000|100%| O|  |TAMS 0x0000000083d00000, 0x0000000083c00000| Untracked 
|  61|0x0000000083d00000, 0x0000000083e00000, 0x0000000083e00000|100%| O|  |TAMS 0x0000000083e00000, 0x0000000083d00000| Untracked 
|  62|0x0000000083e00000, 0x0000000083f00000, 0x0000000083f00000|100%| O|  |TAMS 0x0000000083f00000, 0x0000000083e00000| Untracked 
|  63|0x0000000083f00000, 0x0000000084000000, 0x0000000084000000|100%| O|  |TAMS 0x0000000084000000, 0x0000000083f00000| Untracked 
|  64|0x0000000084000000, 0x0000000084100000, 0x0000000084100000|100%| O|  |TAMS 0x0000000084100000, 0x0000000084000000| Untracked 
|  65|0x0000000084100000, 0x0000000084200000, 0x0000000084200000|100%| O|  |TAMS 0x0000000084200000, 0x0000000084100000| Untracked 
|  66|0x0000000084200000, 0x0000000084300000, 0x0000000084300000|100%| O|  |TAMS 0x0000000084300000, 0x0000000084200000| Untracked 
|  67|0x0000000084300000, 0x0000000084400000, 0x0000000084400000|100%| O|  |TAMS 0x0000000084400000, 0x0000000084300000| Untracked 
|  68|0x0000000084400000, 0x0000000084500000, 0x0000000084500000|100%| O|  |TAMS 0x0000000084500000, 0x0000000084400000| Untracked 
|  69|0x0000000084500000, 0x0000000084600000, 0x0000000084600000|100%| O|  |TAMS 0x0000000084600000, 0x0000000084500000| Untracked 
|  70|0x0000000084600000, 0x0000000084700000, 0x0000000084700000|100%| O|  |TAMS 0x0000000084700000, 0x0000000084600000| Untracked 
|  71|0x0000000084700000, 0x0000000084800000, 0x0000000084800000|100%| O|  |TAMS 0x0000000084800000, 0x0000000084700000| Untracked 
|  72|0x0000000084800000, 0x0000000084900000, 0x0000000084900000|100%| O|  |TAMS 0x0000000084900000, 0x0000000084800000| Untracked 
|  73|0x0000000084900000, 0x0000000084a00000, 0x0000000084a00000|100%| O|  |TAMS 0x0000000084a00000, 0x0000000084900000| Untracked 
|  74|0x0000000084a00000, 0x0000000084b00000, 0x0000000084b00000|100%| O|  |TAMS 0x0000000084b00000, 0x0000000084a00000| Untracked 
|  75|0x0000000084b00000, 0x0000000084c00000, 0x0000000084c00000|100%| O|  |TAMS 0x0000000084c00000, 0x0000000084b00000| Untracked 
|  76|0x0000000084c00000, 0x0000000084d00000, 0x0000000084d00000|100%| O|  |TAMS 0x0000000084d00000, 0x0000000084c00000| Untracked 
|  77|0x0000000084d00000, 0x0000000084e00000, 0x0000000084e00000|100%| O|  |TAMS 0x0000000084e00000, 0x0000000084d00000| Untracked 
|  78|0x0000000084e00000, 0x0000000084f00000, 0x0000000084f00000|100%| O|  |TAMS 0x0000000084ece800, 0x0000000084e00000| Untracked 
|  79|0x0000000084f00000, 0x0000000085000000, 0x0000000085000000|100%| O|  |TAMS 0x0000000084f00000, 0x0000000084f00000| Untracked 
|  80|0x0000000085000000, 0x0000000085100000, 0x0000000085100000|100%| O|  |TAMS 0x0000000085000000, 0x0000000085000000| Untracked 
|  81|0x0000000085100000, 0x0000000085200000, 0x0000000085200000|100%| O|  |TAMS 0x0000000085100000, 0x0000000085100000| Untracked 
|  82|0x0000000085200000, 0x0000000085300000, 0x0000000085300000|100%| O|  |TAMS 0x0000000085200000, 0x0000000085200000| Untracked 
|  83|0x0000000085300000, 0x0000000085400000, 0x0000000085400000|100%| O|  |TAMS 0x0000000085300000, 0x0000000085300000| Untracked 
|  84|0x0000000085400000, 0x0000000085500000, 0x0000000085500000|100%| O|  |TAMS 0x0000000085400000, 0x0000000085400000| Untracked 
|  85|0x0000000085500000, 0x0000000085600000, 0x0000000085600000|100%| O|  |TAMS 0x0000000085500000, 0x0000000085500000| Untracked 
|  86|0x0000000085600000, 0x0000000085700000, 0x0000000085700000|100%| O|  |TAMS 0x0000000085600000, 0x0000000085600000| Untracked 
|  87|0x0000000085700000, 0x0000000085800000, 0x0000000085800000|100%| O|  |TAMS 0x0000000085700000, 0x0000000085700000| Untracked 
|  88|0x0000000085800000, 0x0000000085900000, 0x0000000085900000|100%| O|  |TAMS 0x0000000085800000, 0x0000000085800000| Untracked 
|  89|0x0000000085900000, 0x0000000085a00000, 0x0000000085a00000|100%| O|  |TAMS 0x0000000085900000, 0x0000000085900000| Untracked 
|  90|0x0000000085a00000, 0x0000000085b00000, 0x0000000085b00000|100%| O|  |TAMS 0x0000000085a00000, 0x0000000085a00000| Untracked 
|  91|0x0000000085b00000, 0x0000000085c00000, 0x0000000085c00000|100%| O|  |TAMS 0x0000000085b00000, 0x0000000085b00000| Untracked 
|  92|0x0000000085c00000, 0x0000000085d00000, 0x0000000085d00000|100%| O|  |TAMS 0x0000000085c00000, 0x0000000085c00000| Untracked 
|  93|0x0000000085d00000, 0x0000000085e00000, 0x0000000085e00000|100%| O|  |TAMS 0x0000000085d00000, 0x0000000085d00000| Untracked 
|  94|0x0000000085e00000, 0x0000000085f00000, 0x0000000085f00000|100%| O|  |TAMS 0x0000000085e00000, 0x0000000085e00000| Untracked 
|  95|0x0000000085f00000, 0x0000000086000000, 0x0000000086000000|100%| O|  |TAMS 0x0000000085f00000, 0x0000000085f00000| Untracked 
|  96|0x0000000086000000, 0x0000000086100000, 0x0000000086100000|100%| O|  |TAMS 0x0000000086000000, 0x0000000086000000| Untracked 
|  97|0x0000000086100000, 0x0000000086200000, 0x0000000086200000|100%| O|  |TAMS 0x0000000086100000, 0x0000000086100000| Untracked 
|  98|0x0000000086200000, 0x0000000086300000, 0x0000000086300000|100%| O|  |TAMS 0x0000000086200000, 0x0000000086200000| Untracked 
|  99|0x0000000086300000, 0x0000000086400000, 0x0000000086400000|100%| O|  |TAMS 0x0000000086300000, 0x0000000086300000| Untracked 
| 100|0x0000000086400000, 0x0000000086500000, 0x0000000086500000|100%| O|  |TAMS 0x0000000086400000, 0x0000000086400000| Untracked 
| 101|0x0000000086500000, 0x0000000086600000, 0x0000000086600000|100%| O|  |TAMS 0x0000000086500000, 0x0000000086500000| Untracked 
| 102|0x0000000086600000, 0x0000000086700000, 0x0000000086700000|100%| O|  |TAMS 0x0000000086600000, 0x0000000086600000| Untracked 
| 103|0x0000000086700000, 0x0000000086800000, 0x0000000086800000|100%| O|  |TAMS 0x0000000086700000, 0x0000000086700000| Untracked 
| 104|0x0000000086800000, 0x0000000086900000, 0x0000000086900000|100%| O|  |TAMS 0x0000000086800000, 0x0000000086800000| Untracked 
| 105|0x0000000086900000, 0x0000000086a00000, 0x0000000086a00000|100%| O|  |TAMS 0x0000000086900000, 0x0000000086900000| Untracked 
| 106|0x0000000086a00000, 0x0000000086b00000, 0x0000000086b00000|100%| O|  |TAMS 0x0000000086a00000, 0x0000000086a00000| Untracked 
| 107|0x0000000086b00000, 0x0000000086c00000, 0x0000000086c00000|100%| O|  |TAMS 0x0000000086b00000, 0x0000000086b00000| Untracked 
| 108|0x0000000086c00000, 0x0000000086d00000, 0x0000000086d00000|100%| O|  |TAMS 0x0000000086c00000, 0x0000000086c00000| Untracked 
| 109|0x0000000086d00000, 0x0000000086e00000, 0x0000000086e00000|100%| O|  |TAMS 0x0000000086d00000, 0x0000000086d00000| Untracked 
| 110|0x0000000086e00000, 0x0000000086f00000, 0x0000000086f00000|100%| O|  |TAMS 0x0000000086e00000, 0x0000000086e00000| Untracked 
| 111|0x0000000086f00000, 0x0000000087000000, 0x0000000087000000|100%| O|  |TAMS 0x0000000086f00000, 0x0000000086f00000| Untracked 
| 112|0x0000000087000000, 0x0000000087100000, 0x0000000087100000|100%| O|  |TAMS 0x0000000087000000, 0x0000000087000000| Untracked 
| 113|0x0000000087100000, 0x0000000087200000, 0x0000000087200000|100%| O|  |TAMS 0x0000000087100000, 0x0000000087100000| Untracked 
| 114|0x0000000087200000, 0x000000008720ca00, 0x0000000087300000|  4%| O|  |TAMS 0x0000000087200000, 0x0000000087200000| Untracked 
| 115|0x0000000087300000, 0x0000000087300000, 0x0000000087400000|  0%| F|  |TAMS 0x0000000087300000, 0x0000000087300000| Untracked 
| 116|0x0000000087400000, 0x0000000087400000, 0x0000000087500000|  0%| F|  |TAMS 0x0000000087400000, 0x0000000087400000| Untracked 
| 117|0x0000000087500000, 0x0000000087500000, 0x0000000087600000|  0%| F|  |TAMS 0x0000000087500000, 0x0000000087500000| Untracked 
| 118|0x0000000087600000, 0x0000000087600000, 0x0000000087700000|  0%| F|  |TAMS 0x0000000087600000, 0x0000000087600000| Untracked 
| 119|0x0000000087700000, 0x0000000087700000, 0x0000000087800000|  0%| F|  |TAMS 0x0000000087700000, 0x0000000087700000| Untracked 
| 120|0x0000000087800000, 0x0000000087800000, 0x0000000087900000|  0%| F|  |TAMS 0x0000000087800000, 0x0000000087800000| Untracked 
| 121|0x0000000087900000, 0x0000000087900000, 0x0000000087a00000|  0%| F|  |TAMS 0x0000000087900000, 0x0000000087900000| Untracked 
| 122|0x0000000087a00000, 0x0000000087a00000, 0x0000000087b00000|  0%| F|  |TAMS 0x0000000087a00000, 0x0000000087a00000| Untracked 
| 123|0x0000000087b00000, 0x0000000087b00000, 0x0000000087c00000|  0%| F|  |TAMS 0x0000000087b00000, 0x0000000087b00000| Untracked 
| 124|0x0000000087c00000, 0x0000000087c00000, 0x0000000087d00000|  0%| F|  |TAMS 0x0000000087c00000, 0x0000000087c00000| Untracked 
| 125|0x0000000087d00000, 0x0000000087d00000, 0x0000000087e00000|  0%| F|  |TAMS 0x0000000087d00000, 0x0000000087d00000| Untracked 
| 126|0x0000000087e00000, 0x0000000087e00000, 0x0000000087f00000|  0%| F|  |TAMS 0x0000000087e00000, 0x0000000087e00000| Untracked 
| 127|0x0000000087f00000, 0x0000000087f00000, 0x0000000088000000|  0%| F|  |TAMS 0x0000000087f00000, 0x0000000087f00000| Untracked 
| 128|0x0000000088000000, 0x0000000088000000, 0x0000000088100000|  0%| F|  |TAMS 0x0000000088000000, 0x0000000088000000| Untracked 
| 129|0x0000000088100000, 0x0000000088100000, 0x0000000088200000|  0%| F|  |TAMS 0x0000000088100000, 0x0000000088100000| Untracked 
| 130|0x0000000088200000, 0x0000000088200000, 0x0000000088300000|  0%| F|  |TAMS 0x0000000088200000, 0x0000000088200000| Untracked 
| 131|0x0000000088300000, 0x0000000088300000, 0x0000000088400000|  0%| F|  |TAMS 0x0000000088300000, 0x0000000088300000| Untracked 
| 132|0x0000000088400000, 0x0000000088400000, 0x0000000088500000|  0%| F|  |TAMS 0x0000000088400000, 0x0000000088400000| Untracked 
| 133|0x0000000088500000, 0x0000000088500000, 0x0000000088600000|  0%| F|  |TAMS 0x0000000088500000, 0x0000000088500000| Untracked 
| 134|0x0000000088600000, 0x0000000088600000, 0x0000000088700000|  0%| F|  |TAMS 0x0000000088600000, 0x0000000088600000| Untracked 
| 135|0x0000000088700000, 0x0000000088700000, 0x0000000088800000|  0%| F|  |TAMS 0x0000000088700000, 0x0000000088700000| Untracked 
| 136|0x0000000088800000, 0x0000000088800000, 0x0000000088900000|  0%| F|  |TAMS 0x0000000088800000, 0x0000000088800000| Untracked 
| 137|0x0000000088900000, 0x0000000088900000, 0x0000000088a00000|  0%| F|  |TAMS 0x0000000088900000, 0x0000000088900000| Untracked 
| 138|0x0000000088a00000, 0x0000000088ae6160, 0x0000000088b00000| 89%| S|CS|TAMS 0x0000000088a00000, 0x0000000088a00000| Complete 
| 139|0x0000000088b00000, 0x0000000088b00000, 0x0000000088c00000|  0%| F|  |TAMS 0x0000000088b00000, 0x0000000088b00000| Untracked 
| 140|0x0000000088c00000, 0x0000000088c00000, 0x0000000088d00000|  0%| F|  |TAMS 0x0000000088c00000, 0x0000000088c00000| Untracked 
| 141|0x0000000088d00000, 0x0000000088e00000, 0x0000000088e00000|100%| S|CS|TAMS 0x0000000088d00000, 0x0000000088d00000| Complete 
| 142|0x0000000088e00000, 0x0000000088f00000, 0x0000000088f00000|100%| S|CS|TAMS 0x0000000088e00000, 0x0000000088e00000| Complete 
| 143|0x0000000088f00000, 0x0000000088f00000, 0x0000000089000000|  0%| F|  |TAMS 0x0000000088f00000, 0x0000000088f00000| Untracked 
| 144|0x0000000089000000, 0x0000000089000000, 0x0000000089100000|  0%| F|  |TAMS 0x0000000089000000, 0x0000000089000000| Untracked 
| 145|0x0000000089100000, 0x0000000089100000, 0x0000000089200000|  0%| F|  |TAMS 0x0000000089100000, 0x0000000089100000| Untracked 
| 146|0x0000000089200000, 0x0000000089200000, 0x0000000089300000|  0%| F|  |TAMS 0x0000000089200000, 0x0000000089200000| Untracked 
| 147|0x0000000089300000, 0x0000000089300000, 0x0000000089400000|  0%| F|  |TAMS 0x0000000089300000, 0x0000000089300000| Untracked 
| 148|0x0000000089400000, 0x0000000089400000, 0x0000000089500000|  0%| F|  |TAMS 0x0000000089400000, 0x0000000089400000| Untracked 
| 149|0x0000000089500000, 0x0000000089500000, 0x0000000089600000|  0%| F|  |TAMS 0x0000000089500000, 0x0000000089500000| Untracked 
| 150|0x0000000089600000, 0x0000000089600000, 0x0000000089700000|  0%| F|  |TAMS 0x0000000089600000, 0x0000000089600000| Untracked 
| 151|0x0000000089700000, 0x0000000089700000, 0x0000000089800000|  0%| F|  |TAMS 0x0000000089700000, 0x0000000089700000| Untracked 
| 152|0x0000000089800000, 0x0000000089800000, 0x0000000089900000|  0%| F|  |TAMS 0x0000000089800000, 0x0000000089800000| Untracked 
| 153|0x0000000089900000, 0x0000000089900000, 0x0000000089a00000|  0%| F|  |TAMS 0x0000000089900000, 0x0000000089900000| Untracked 
| 154|0x0000000089a00000, 0x0000000089a00000, 0x0000000089b00000|  0%| F|  |TAMS 0x0000000089a00000, 0x0000000089a00000| Untracked 
| 155|0x0000000089b00000, 0x0000000089b00000, 0x0000000089c00000|  0%| F|  |TAMS 0x0000000089b00000, 0x0000000089b00000| Untracked 
| 156|0x0000000089c00000, 0x0000000089c00000, 0x0000000089d00000|  0%| F|  |TAMS 0x0000000089c00000, 0x0000000089c00000| Untracked 
| 157|0x0000000089d00000, 0x0000000089d00000, 0x0000000089e00000|  0%| F|  |TAMS 0x0000000089d00000, 0x0000000089d00000| Untracked 
| 158|0x0000000089e00000, 0x0000000089e00000, 0x0000000089f00000|  0%| F|  |TAMS 0x0000000089e00000, 0x0000000089e00000| Untracked 
| 159|0x0000000089f00000, 0x0000000089f00000, 0x000000008a000000|  0%| F|  |TAMS 0x0000000089f00000, 0x0000000089f00000| Untracked 
| 160|0x000000008a000000, 0x000000008a000000, 0x000000008a100000|  0%| F|  |TAMS 0x000000008a000000, 0x000000008a000000| Untracked 
| 161|0x000000008a100000, 0x000000008a100000, 0x000000008a200000|  0%| F|  |TAMS 0x000000008a100000, 0x000000008a100000| Untracked 
| 162|0x000000008a200000, 0x000000008a200000, 0x000000008a300000|  0%| F|  |TAMS 0x000000008a200000, 0x000000008a200000| Untracked 
| 163|0x000000008a300000, 0x000000008a300000, 0x000000008a400000|  0%| F|  |TAMS 0x000000008a300000, 0x000000008a300000| Untracked 
| 164|0x000000008a400000, 0x000000008a400000, 0x000000008a500000|  0%| F|  |TAMS 0x000000008a400000, 0x000000008a400000| Untracked 
| 165|0x000000008a500000, 0x000000008a500000, 0x000000008a600000|  0%| F|  |TAMS 0x000000008a500000, 0x000000008a500000| Untracked 
| 166|0x000000008a600000, 0x000000008a600000, 0x000000008a700000|  0%| F|  |TAMS 0x000000008a600000, 0x000000008a600000| Untracked 
| 167|0x000000008a700000, 0x000000008a700000, 0x000000008a800000|  0%| F|  |TAMS 0x000000008a700000, 0x000000008a700000| Untracked 
| 168|0x000000008a800000, 0x000000008a800000, 0x000000008a900000|  0%| F|  |TAMS 0x000000008a800000, 0x000000008a800000| Untracked 
| 169|0x000000008a900000, 0x000000008a900000, 0x000000008aa00000|  0%| F|  |TAMS 0x000000008a900000, 0x000000008a900000| Untracked 
| 170|0x000000008aa00000, 0x000000008aa00000, 0x000000008ab00000|  0%| F|  |TAMS 0x000000008aa00000, 0x000000008aa00000| Untracked 
| 171|0x000000008ab00000, 0x000000008ab00000, 0x000000008ac00000|  0%| F|  |TAMS 0x000000008ab00000, 0x000000008ab00000| Untracked 
| 172|0x000000008ac00000, 0x000000008ac00000, 0x000000008ad00000|  0%| F|  |TAMS 0x000000008ac00000, 0x000000008ac00000| Untracked 
| 173|0x000000008ad00000, 0x000000008ad00000, 0x000000008ae00000|  0%| F|  |TAMS 0x000000008ad00000, 0x000000008ad00000| Untracked 
| 174|0x000000008ae00000, 0x000000008ae00000, 0x000000008af00000|  0%| F|  |TAMS 0x000000008ae00000, 0x000000008ae00000| Untracked 
| 175|0x000000008af00000, 0x000000008af00000, 0x000000008b000000|  0%| F|  |TAMS 0x000000008af00000, 0x000000008af00000| Untracked 
| 176|0x000000008b000000, 0x000000008b000000, 0x000000008b100000|  0%| F|  |TAMS 0x000000008b000000, 0x000000008b000000| Untracked 

Card table byte_map: [0x00000271e38b0000,0x00000271e3cb0000] _byte_map_base: 0x00000271e34b0000

Marking Bits (Prev, Next): (CMBitMap*) 0x00000271d0af9180, (CMBitMap*) 0x00000271d0af91c0
 Prev Bits: [0x00000271e40b0000, 0x00000271e60b0000)
 Next Bits: [0x00000271e60b0000, 0x00000271e80b0000)

Polling page: 0x00000271d0260000

Metaspace:

Usage:
  Non-class:     84.93 MB used.
      Class:     13.40 MB used.
       Both:     98.32 MB used.

Virtual space:
  Non-class space:       88.00 MB reserved,      85.31 MB ( 97%) committed,  11 nodes.
      Class space:        1.00 GB reserved,      13.75 MB (  1%) committed,  1 nodes.
             Both:        1.09 GB reserved,      99.06 MB (  9%) committed. 

Chunk freelists:
   Non-Class:  2.50 MB
       Class:  2.16 MB
        Both:  4.66 MB

MaxMetaspaceSize: unlimited
CompressedClassSpaceSize: 1.00 GB
Initial GC threshold: 21.00 MB
Current GC threshold: 142.44 MB
CDS: off
MetaspaceReclaimPolicy: balanced
 - commit_granule_bytes: 65536.
 - commit_granule_words: 8192.
 - virtual_space_node_default_size: 1048576.
 - enlarge_chunks_in_place: 1.
 - new_chunks_are_fully_committed: 0.
 - uncommit_free_chunks: 1.
 - use_allocation_guard: 0.
 - handle_deallocations: 1.


Internal statistics:

num_allocs_failed_limit: 6.
num_arena_births: 1006.
num_arena_deaths: 0.
num_vsnodes_births: 12.
num_vsnodes_deaths: 0.
num_space_committed: 1585.
num_space_uncommitted: 0.
num_chunks_returned_to_freelist: 6.
num_chunks_taken_from_freelist: 4789.
num_chunk_merges: 6.
num_chunk_splits: 3130.
num_chunks_enlarged: 2038.
num_purges: 0.
num_inconsistent_stats: 0.

CodeHeap 'non-profiled nmethods': size=120000Kb used=7273Kb max_used=7273Kb free=112726Kb
 bounds [0x00000271dba30000, 0x00000271dc150000, 0x00000271e2f60000]
CodeHeap 'profiled nmethods': size=120000Kb used=20873Kb max_used=20873Kb free=99126Kb
 bounds [0x00000271d3f60000, 0x00000271d53d0000, 0x00000271db490000]
CodeHeap 'non-nmethods': size=5760Kb used=2387Kb max_used=2488Kb free=3372Kb
 bounds [0x00000271db490000, 0x00000271db710000, 0x00000271dba30000]
 total_blobs=11780 nmethods=10857 adapters=835
 compilation: enabled
              stopped_count=0, restarted_count=0
 full_count=0

Compilation events (20 events):
Event: 16.514 Thread 0x00000271eb85f800 12452       3       org.gradle.api.internal.artifacts.ivyservice.modulecache.artifacts.DefaultModuleArtifactCache$CachedArtifactSerializer::denormalizeAndResolveFilePath (55 bytes)
Event: 16.514 Thread 0x00000271eb85f800 nmethod 12452 0x00000271d53bdf10 code [0x00000271d53be140, 0x00000271d53be798]
Event: 16.514 Thread 0x00000271eb85f800 12453       3       org.gradle.api.internal.artifacts.ivyservice.modulecache.artifacts.DefaultCachedArtifact::<init> (28 bytes)
Event: 16.515 Thread 0x00000271eb85f800 nmethod 12453 0x00000271d53bea10 code [0x00000271d53bebc0, 0x00000271d53beeb8]
Event: 16.515 Thread 0x00000271eb85f800 12454       3       org.gradle.api.internal.artifacts.ivyservice.resolutionstrategy.DefaultCachePolicy$$Lambda$570/0x000000010066e468::execute (16 bytes)
Event: 16.515 Thread 0x00000271eb85f800 nmethod 12454 0x00000271d53bef90 code [0x00000271d53bf160, 0x00000271d53bf568]
Event: 16.516 Thread 0x00000271ee131810 nmethod 12440 0x00000271dc149310 code [0x00000271dc1494a0, 0x00000271dc149658]
Event: 16.516 Thread 0x00000271ee131810 12439   !   4       org.gradle.internal.serialize.kryo.StringDeduplicatingKryoBackedDecoder::readSmallInt (16 bytes)
Event: 16.518 Thread 0x00000271eb85f800 12455       3       org.gradle.internal.execution.steps.ResolveChangesStep::lambda$resolveExecutionStateChanges$6 (33 bytes)
Event: 16.520 Thread 0x00000271eb85f800 nmethod 12455 0x00000271d53bf710 code [0x00000271d53bfa40, 0x00000271d53c0f88]
Event: 16.521 Thread 0x00000271eb85f800 12457       3       org.gradle.internal.fingerprint.impl.EmptyCurrentFileCollectionFingerprint::getRootHashes (4 bytes)
Event: 16.521 Thread 0x00000271eb85f800 nmethod 12457 0x00000271d53c1690 code [0x00000271d53c1840, 0x00000271d53c1a18]
Event: 16.524 Thread 0x00000271eb85f800 12459       3       org.gradle.internal.execution.steps.ResolveChangesStep::lambda$resolveExecutionStateChanges$4 (38 bytes)
Event: 16.524 Thread 0x00000271ee131810 nmethod 12439 0x00000271dc149890 code [0x00000271dc149a60, 0x00000271dc14a098]
Event: 16.524 Thread 0x00000271eb85f800 nmethod 12459 0x00000271d53c1b10 code [0x00000271d53c1ce0, 0x00000271d53c20a8]
Event: 16.524 Thread 0x00000271ee131810 12456       4       java.util.WeakHashMap::get (75 bytes)
Event: 16.525 Thread 0x00000271eb85f800 12460       3       com.esotericsoftware.kryo.io.Output::writeByte (36 bytes)
Event: 16.526 Thread 0x00000271eb85f800 nmethod 12460 0x00000271d53c2290 code [0x00000271d53c2440, 0x00000271d53c2628]
Event: 16.526 Thread 0x00000271eb85f800 12461       3       org.gradle.internal.execution.history.changes.InputValueChanges::accept (103 bytes)
Event: 16.528 Thread 0x00000271eb85f800 nmethod 12461 0x00000271d53c2710 code [0x00000271d53c2a60, 0x00000271d53c4308]

GC Heap History (20 events):
Event: 11.724 GC heap after
{Heap after GC invocations=30 (full 0):
 garbage-first heap   total 150528K, used 82809K [0x0000000080000000, 0x0000000100000000)
  region size 1024K, 4 young (4096K), 4 survivors (4096K)
 Metaspace       used 86675K, committed 87424K, reserved 1130496K
  class space    used 11771K, committed 12096K, reserved 1048576K
}
Event: 12.325 GC heap before
{Heap before GC invocations=31 (full 0):
 garbage-first heap   total 150528K, used 122745K [0x0000000080000000, 0x0000000100000000)
  region size 1024K, 43 young (44032K), 4 survivors (4096K)
 Metaspace       used 90395K, committed 91072K, reserved 1130496K
  class space    used 12333K, committed 12672K, reserved 1048576K
}
Event: 12.329 GC heap after
{Heap after GC invocations=32 (full 0):
 garbage-first heap   total 150528K, used 86127K [0x0000000080000000, 0x0000000100000000)
  region size 1024K, 6 young (6144K), 6 survivors (6144K)
 Metaspace       used 90395K, committed 91072K, reserved 1130496K
  class space    used 12333K, committed 12672K, reserved 1048576K
}
Event: 12.341 GC heap before
{Heap before GC invocations=32 (full 0):
 garbage-first heap   total 150528K, used 87151K [0x0000000080000000, 0x0000000100000000)
  region size 1024K, 7 young (7168K), 6 survivors (6144K)
 Metaspace       used 90516K, committed 91200K, reserved 1130496K
  class space    used 12355K, committed 12672K, reserved 1048576K
}
Event: 12.346 GC heap after
{Heap after GC invocations=33 (full 0):
 garbage-first heap   total 181248K, used 86612K [0x0000000080000000, 0x0000000100000000)
  region size 1024K, 1 young (1024K), 1 survivors (1024K)
 Metaspace       used 90516K, committed 91200K, reserved 1130496K
  class space    used 12355K, committed 12672K, reserved 1048576K
}
Event: 13.181 GC heap before
{Heap before GC invocations=33 (full 0):
 garbage-first heap   total 181248K, used 148052K [0x0000000080000000, 0x0000000100000000)
  region size 1024K, 61 young (62464K), 1 survivors (1024K)
 Metaspace       used 94699K, committed 95488K, reserved 1138688K
  class space    used 12925K, committed 13312K, reserved 1048576K
}
Event: 13.187 GC heap after
{Heap after GC invocations=34 (full 0):
 garbage-first heap   total 181248K, used 92104K [0x0000000080000000, 0x0000000100000000)
  region size 1024K, 7 young (7168K), 7 survivors (7168K)
 Metaspace       used 94699K, committed 95488K, reserved 1138688K
  class space    used 12925K, committed 13312K, reserved 1048576K
}
Event: 13.607 GC heap before
{Heap before GC invocations=34 (full 0):
 garbage-first heap   total 181248K, used 145352K [0x0000000080000000, 0x0000000100000000)
  region size 1024K, 60 young (61440K), 7 survivors (7168K)
 Metaspace       used 96432K, committed 97216K, reserved 1138688K
  class space    used 13062K, committed 13440K, reserved 1048576K
}
Event: 13.614 GC heap after
{Heap after GC invocations=35 (full 0):
 garbage-first heap   total 181248K, used 100975K [0x0000000080000000, 0x0000000100000000)
  region size 1024K, 8 young (8192K), 8 survivors (8192K)
 Metaspace       used 96432K, committed 97216K, reserved 1138688K
  class space    used 13062K, committed 13440K, reserved 1048576K
}
Event: 14.617 GC heap before
{Heap before GC invocations=35 (full 0):
 garbage-first heap   total 181248K, used 145007K [0x0000000080000000, 0x0000000100000000)
  region size 1024K, 52 young (53248K), 8 survivors (8192K)
 Metaspace       used 99057K, committed 99840K, reserved 1138688K
  class space    used 13583K, committed 13952K, reserved 1048576K
}
Event: 14.626 GC heap after
{Heap after GC invocations=36 (full 0):
 garbage-first heap   total 181248K, used 106908K [0x0000000080000000, 0x0000000100000000)
  region size 1024K, 6 young (6144K), 6 survivors (6144K)
 Metaspace       used 99057K, committed 99840K, reserved 1138688K
  class space    used 13583K, committed 13952K, reserved 1048576K
}
Event: 14.867 GC heap before
{Heap before GC invocations=36 (full 0):
 garbage-first heap   total 181248K, used 146844K [0x0000000080000000, 0x0000000100000000)
  region size 1024K, 46 young (47104K), 6 survivors (6144K)
 Metaspace       used 99245K, committed 100032K, reserved 1138688K
  class space    used 13585K, committed 13952K, reserved 1048576K
}
Event: 14.872 GC heap after
{Heap after GC invocations=37 (full 0):
 garbage-first heap   total 181248K, used 109237K [0x0000000080000000, 0x0000000100000000)
  region size 1024K, 3 young (3072K), 3 survivors (3072K)
 Metaspace       used 99245K, committed 100032K, reserved 1138688K
  class space    used 13585K, committed 13952K, reserved 1048576K
}
Event: 15.512 GC heap before
{Heap before GC invocations=37 (full 0):
 garbage-first heap   total 181248K, used 148149K [0x0000000080000000, 0x0000000100000000)
  region size 1024K, 42 young (43008K), 3 survivors (3072K)
 Metaspace       used 100066K, committed 100864K, reserved 1138688K
  class space    used 13669K, committed 14016K, reserved 1048576K
}
Event: 15.516 GC heap after
{Heap after GC invocations=38 (full 0):
 garbage-first heap   total 181248K, used 111724K [0x0000000080000000, 0x0000000100000000)
  region size 1024K, 5 young (5120K), 5 survivors (5120K)
 Metaspace       used 100066K, committed 100864K, reserved 1138688K
  class space    used 13669K, committed 14016K, reserved 1048576K
}
Event: 15.849 GC heap before
{Heap before GC invocations=38 (full 0):
 garbage-first heap   total 181248K, used 149612K [0x0000000080000000, 0x0000000100000000)
  region size 1024K, 43 young (44032K), 5 survivors (5120K)
 Metaspace       used 100389K, committed 101184K, reserved 1138688K
  class space    used 13697K, committed 14080K, reserved 1048576K
}
Event: 15.854 GC heap after
{Heap after GC invocations=39 (full 0):
 garbage-first heap   total 181248K, used 114314K [0x0000000080000000, 0x0000000100000000)
  region size 1024K, 6 young (6144K), 6 survivors (6144K)
 Metaspace       used 100389K, committed 101184K, reserved 1138688K
  class space    used 13697K, committed 14080K, reserved 1048576K
}
Event: 16.165 GC heap before
{Heap before GC invocations=39 (full 0):
 garbage-first heap   total 181248K, used 150154K [0x0000000080000000, 0x0000000100000000)
  region size 1024K, 42 young (43008K), 6 survivors (6144K)
 Metaspace       used 100576K, committed 101376K, reserved 1138688K
  class space    used 13706K, committed 14080K, reserved 1048576K
}
Event: 16.170 GC heap after
{Heap after GC invocations=40 (full 0):
 garbage-first heap   total 181248K, used 117308K [0x0000000080000000, 0x0000000100000000)
  region size 1024K, 6 young (6144K), 6 survivors (6144K)
 Metaspace       used 100576K, committed 101376K, reserved 1138688K
  class space    used 13706K, committed 14080K, reserved 1048576K
}
Event: 16.528 GC heap before
{Heap before GC invocations=40 (full 0):
 garbage-first heap   total 181248K, used 151100K [0x0000000080000000, 0x0000000100000000)
  region size 1024K, 40 young (40960K), 6 survivors (6144K)
 Metaspace       used 100681K, committed 101440K, reserved 1138688K
  class space    used 13717K, committed 14080K, reserved 1048576K
}

Dll operation events (2 events):
Event: 0.006 Loaded shared library C:\Program Files\Android\Android Studio\jbr\bin\java.dll
Event: 0.339 Loaded shared library C:\Program Files\Android\Android Studio\jbr\bin\verify.dll

Deoptimization events (20 events):
Event: 15.693 Thread 0x00000271eccb9d10 Uncommon trap: trap_request=0xffffff45 fr.pc=0x00000271dc0b20bc relative=0x00000000000012fc
Event: 15.693 Thread 0x00000271eccb9d10 Uncommon trap: reason=unstable_if action=reinterpret pc=0x00000271dc0b20bc method=java.util.concurrent.ConcurrentHashMap.computeIfAbsent(Ljava/lang/Object;Ljava/util/function/Function;)Ljava/lang/Object; @ 199 c2
Event: 15.693 Thread 0x00000271eccb9d10 DEOPT PACKING pc=0x00000271dc0b20bc sp=0x000000a57f4fe060
Event: 15.693 Thread 0x00000271eccb9d10 DEOPT UNPACKING pc=0x00000271db4e69a3 sp=0x000000a57f4fdff8 mode 2
Event: 16.141 Thread 0x00000271f5d8d750 Uncommon trap: trap_request=0xffffff45 fr.pc=0x00000271dc097738 relative=0x00000000000003f8
Event: 16.141 Thread 0x00000271f5d8d750 Uncommon trap: reason=unstable_if action=reinterpret pc=0x00000271dc097738 method=com.esotericsoftware.kryo.io.Input.readVarLong(Z)J @ 152 c2
Event: 16.141 Thread 0x00000271f5d8d750 DEOPT PACKING pc=0x00000271dc097738 sp=0x000000a505bfe3a0
Event: 16.141 Thread 0x00000271f5d8d750 DEOPT UNPACKING pc=0x00000271db4e69a3 sp=0x000000a505bfe350 mode 2
Event: 16.178 Thread 0x00000271f615ffc0 Uncommon trap: trap_request=0xffffff45 fr.pc=0x00000271dc0f2bfc relative=0x00000000000000dc
Event: 16.178 Thread 0x00000271f615ffc0 Uncommon trap: reason=unstable_if action=reinterpret pc=0x00000271dc0f2bfc method=org.gradle.api.internal.attributes.DefaultImmutableAttributes.equals(Ljava/lang/Object;)Z @ 2 c2
Event: 16.178 Thread 0x00000271f615ffc0 DEOPT PACKING pc=0x00000271dc0f2bfc sp=0x000000a504ff8350
Event: 16.178 Thread 0x00000271f615ffc0 DEOPT UNPACKING pc=0x00000271db4e69a3 sp=0x000000a504ff8260 mode 2
Event: 16.178 Thread 0x00000271f615ffc0 Uncommon trap: trap_request=0xffffff45 fr.pc=0x00000271dc0fbdf8 relative=0x0000000000001438
Event: 16.178 Thread 0x00000271f615ffc0 Uncommon trap: reason=unstable_if action=reinterpret pc=0x00000271dc0fbdf8 method=java.util.concurrent.ConcurrentHashMap.computeIfAbsent(Ljava/lang/Object;Ljava/util/function/Function;)Ljava/lang/Object; @ 244 c2
Event: 16.178 Thread 0x00000271f615ffc0 DEOPT PACKING pc=0x00000271dc0fbdf8 sp=0x000000a504ff8390
Event: 16.178 Thread 0x00000271f615ffc0 DEOPT UNPACKING pc=0x00000271db4e69a3 sp=0x000000a504ff8318 mode 2
Event: 16.178 Thread 0x00000271f615ffc0 Uncommon trap: trap_request=0xffffff45 fr.pc=0x00000271dbca3ee0 relative=0x0000000000000060
Event: 16.178 Thread 0x00000271f615ffc0 Uncommon trap: reason=unstable_if action=reinterpret pc=0x00000271dbca3ee0 method=org.gradle.api.internal.attributes.DefaultImmutableAttributes.equals(Ljava/lang/Object;)Z @ 2 c2
Event: 16.178 Thread 0x00000271f615ffc0 DEOPT PACKING pc=0x00000271dbca3ee0 sp=0x000000a504ff8270
Event: 16.178 Thread 0x00000271f615ffc0 DEOPT UNPACKING pc=0x00000271db4e69a3 sp=0x000000a504ff8200 mode 2

Classes unloaded (0 events):
No events

Classes redefined (0 events):
No events

Internal exceptions (20 events):
Event: 14.546 Thread 0x00000271f04fe860 Exception <a 'java/lang/NoSuchMethodError'{0x0000000088d59070}: 'java.lang.Object java.lang.invoke.DirectMethodHandle$Holder.invokeSpecialIFC(java.lang.Object, java.lang.Object, java.lang.Object)'> (0x0000000088d59070) 
thrown [s\src\hotspot\share\interpreter\linkResolver.cpp, line 771]
Event: 14.546 Thread 0x00000271f04ff200 Exception <a 'java/lang/NoSuchMethodError'{0x0000000088d18b28}: 'java.lang.Object java.lang.invoke.DirectMethodHandle$Holder.invokeSpecialIFC(java.lang.Object, java.lang.Object, java.lang.Object)'> (0x0000000088d18b28) 
thrown [s\src\hotspot\share\interpreter\linkResolver.cpp, line 771]
Event: 14.546 Thread 0x00000271ebd1e930 Exception <a 'java/lang/NoSuchMethodError'{0x0000000088d65ed0}: 'java.lang.Object java.lang.invoke.DirectMethodHandle$Holder.invokeSpecialIFC(java.lang.Object, java.lang.Object, java.lang.Object)'> (0x0000000088d65ed0) 
thrown [s\src\hotspot\share\interpreter\linkResolver.cpp, line 771]
Event: 14.546 Thread 0x00000271f04ff6d0 Exception <a 'java/lang/NoSuchMethodError'{0x0000000088d9e680}: 'java.lang.Object java.lang.invoke.DirectMethodHandle$Holder.invokeSpecialIFC(java.lang.Object, java.lang.Object, java.lang.Object)'> (0x0000000088d9e680) 
thrown [s\src\hotspot\share\interpreter\linkResolver.cpp, line 771]
Event: 14.546 Thread 0x00000271ebd1bde0 Exception <a 'java/lang/NoSuchMethodError'{0x0000000088d30aa0}: 'java.lang.Object java.lang.invoke.DirectMethodHandle$Holder.invokeSpecialIFC(java.lang.Object, java.lang.Object, java.lang.Object)'> (0x0000000088d30aa0) 
thrown [s\src\hotspot\share\interpreter\linkResolver.cpp, line 771]
Event: 14.546 Thread 0x00000271f6160490 Exception <a 'java/lang/NoSuchMethodError'{0x0000000088d74208}: 'java.lang.Object java.lang.invoke.DirectMethodHandle$Holder.invokeSpecialIFC(java.lang.Object, java.lang.Object, java.lang.Object)'> (0x0000000088d74208) 
thrown [s\src\hotspot\share\interpreter\linkResolver.cpp, line 771]
Event: 14.546 Thread 0x00000271f0500540 Exception <a 'java/lang/NoSuchMethodError'{0x0000000088d90018}: 'java.lang.Object java.lang.invoke.DirectMethodHandle$Holder.invokeSpecialIFC(java.lang.Object, java.lang.Object, java.lang.Object)'> (0x0000000088d90018) 
thrown [s\src\hotspot\share\interpreter\linkResolver.cpp, line 771]
Event: 14.546 Thread 0x00000271f04fe390 Exception <a 'java/lang/NoSuchMethodError'{0x0000000088d21be8}: 'java.lang.Object java.lang.invoke.DirectMethodHandle$Holder.invokeSpecialIFC(java.lang.Object, java.lang.Object, java.lang.Object)'> (0x0000000088d21be8) 
thrown [s\src\hotspot\share\interpreter\linkResolver.cpp, line 771]
Event: 14.546 Thread 0x00000271f04fd9f0 Exception <a 'java/lang/NoSuchMethodError'{0x0000000088dac220}: 'java.lang.Object java.lang.invoke.DirectMethodHandle$Holder.invokeSpecialIFC(java.lang.Object, java.lang.Object, java.lang.Object)'> (0x0000000088dac220) 
thrown [s\src\hotspot\share\interpreter\linkResolver.cpp, line 771]
Event: 14.629 Thread 0x00000271f04ff200 Exception <a 'java/lang/NoSuchMethodError'{0x000000008af06df0}: 'void java.lang.invoke.DirectMethodHandle$Holder.invokeVirtual(java.lang.Object, java.lang.Object)'> (0x000000008af06df0) 
thrown [s\src\hotspot\share\interpreter\linkResolver.cpp, line 771]
Event: 15.189 Thread 0x00000271f6160490 Exception <a 'java/lang/ClassNotFoundException'{0x0000000089f68398}: com/google/firebase/crashlytics/buildtools/mappingfiles/MappingFileIdReaderBeanInfo> (0x0000000089f68398) 
thrown [s\src\hotspot\share\classfile\systemDictionary.cpp, line 256]
Event: 15.189 Thread 0x00000271f6160490 Exception <a 'java/lang/ClassNotFoundException'{0x0000000089f6f7f0}: com/google/firebase/crashlytics/buildtools/mappingfiles/MappingFileIdReaderCustomizer> (0x0000000089f6f7f0) 
thrown [s\src\hotspot\share\classfile\systemDictionary.cpp, line 256]
Event: 15.194 Thread 0x00000271f6160490 Exception <a 'java/lang/ClassNotFoundException'{0x0000000089f94b00}: com/google/firebase/crashlytics/buildtools/mappingfiles/MappingFileIdReader$FileIdReaderBeanInfo> (0x0000000089f94b00) 
thrown [s\src\hotspot\share\classfile\systemDictionary.cpp, line 256]
Event: 15.194 Thread 0x00000271f6160490 Exception <a 'java/lang/ClassNotFoundException'{0x0000000089f9c1e0}: com/google/firebase/crashlytics/buildtools/mappingfiles/MappingFileIdReader$FileIdReaderCustomizer> (0x0000000089f9c1e0) 
thrown [s\src\hotspot\share\classfile\systemDictionary.cpp, line 256]
Event: 16.149 Thread 0x00000271f615ffc0 Exception <a 'java/lang/NoSuchMethodError'{0x0000000088d5efb8}: static Lcom/android/build/gradle/internal/scope/InternalArtifactType;.<clinit>()V> (0x0000000088d5efb8) 
thrown [s\src\hotspot\share\prims\jni.cpp, line 1108]
Event: 16.149 Thread 0x00000271f615ffc0 Exception <a 'java/lang/NoSuchMethodError'{0x0000000088d609b8}: static Lcom/android/build/gradle/internal/scope/InternalArtifactType;.<clinit>()V> (0x0000000088d609b8) 
thrown [s\src\hotspot\share\prims\jni.cpp, line 1108]
Event: 16.149 Thread 0x00000271f615ffc0 Exception <a 'java/lang/NoSuchMethodError'{0x0000000088d64160}: static Lcom/android/build/api/artifact/Artifact$Single;.<clinit>()V> (0x0000000088d64160) 
thrown [s\src\hotspot\share\prims\jni.cpp, line 1108]
Event: 16.149 Thread 0x00000271f615ffc0 Exception <a 'java/lang/NoSuchMethodError'{0x0000000088d66980}: static Ljava/lang/Object;.<clinit>()V> (0x0000000088d66980) 
thrown [s\src\hotspot\share\prims\jni.cpp, line 1108]
Event: 16.151 Thread 0x00000271f615ffc0 Exception <a 'java/lang/NoSuchMethodError'{0x0000000088d80d18}: static Lcom/android/build/api/artifact/ArtifactKind;.<clinit>()V> (0x0000000088d80d18) 
thrown [s\src\hotspot\share\prims\jni.cpp, line 1108]
Event: 16.151 Thread 0x00000271f615ffc0 Exception <a 'java/lang/NoSuchMethodError'{0x0000000088d82180}: static Lcom/android/build/api/artifact/ArtifactKind;.<clinit>()V> (0x0000000088d82180) 
thrown [s\src\hotspot\share\prims\jni.cpp, line 1108]

VM Operations (20 events):
Event: 15.517 Executing VM operation: G1CollectForAllocation done
Event: 15.620 Executing VM operation: HandshakeAllThreads
Event: 15.620 Executing VM operation: HandshakeAllThreads done
Event: 15.724 Executing VM operation: ICBufferFull
Event: 15.724 Executing VM operation: ICBufferFull done
Event: 15.849 Executing VM operation: G1CollectForAllocation
Event: 15.854 Executing VM operation: G1CollectForAllocation done
Event: 16.155 Executing VM operation: HandshakeAllThreads
Event: 16.155 Executing VM operation: HandshakeAllThreads done
Event: 16.165 Executing VM operation: G1CollectForAllocation
Event: 16.170 Executing VM operation: G1CollectForAllocation done
Event: 16.174 Executing VM operation: HandshakeAllThreads
Event: 16.174 Executing VM operation: HandshakeAllThreads done
Event: 16.176 Executing VM operation: HandshakeAllThreads
Event: 16.176 Executing VM operation: HandshakeAllThreads done
Event: 16.245 Executing VM operation: HandshakeAllThreads
Event: 16.245 Executing VM operation: HandshakeAllThreads done
Event: 16.299 Executing VM operation: ICBufferFull
Event: 16.299 Executing VM operation: ICBufferFull done
Event: 16.528 Executing VM operation: G1CollectForAllocation

Events (20 events):
Event: 15.218 loading class org/w3c/dom/CharacterData
Event: 15.218 loading class org/w3c/dom/CharacterData done
Event: 15.218 loading class org/w3c/dom/Text
Event: 15.218 loading class org/w3c/dom/Text done
Event: 15.218 loading class com/sun/org/apache/xerces/internal/dom/CharacterDataImpl
Event: 15.218 loading class com/sun/org/apache/xerces/internal/dom/CharacterDataImpl done
Event: 15.218 loading class com/sun/org/apache/xerces/internal/dom/TextImpl done
Event: 15.218 loading class com/sun/org/apache/xerces/internal/dom/DeferredTextImpl done
Event: 15.218 loading class com/sun/org/apache/xerces/internal/dom/CharacterDataImpl$1
Event: 15.218 loading class com/sun/org/apache/xerces/internal/dom/CharacterDataImpl$1 done
Event: 15.218 loading class com/sun/org/apache/xerces/internal/dom/DeferredCommentImpl
Event: 15.218 loading class com/sun/org/apache/xerces/internal/dom/CommentImpl
Event: 15.218 loading class org/w3c/dom/Comment
Event: 15.218 loading class org/w3c/dom/Comment done
Event: 15.218 loading class com/sun/org/apache/xerces/internal/dom/CommentImpl done
Event: 15.218 loading class com/sun/org/apache/xerces/internal/dom/DeferredCommentImpl done
Event: 15.455 loading class java/util/stream/SortedOps$SizedRefSortingSink
Event: 15.455 loading class java/util/stream/SortedOps$SizedRefSortingSink done
Event: 16.259 Thread 0x00000271eb8601f0 flushing nmethod 0x00000271d4679210
Event: 16.267 Thread 0x00000271eb8601f0 flushing nmethod 0x00000271d4df3d10


Dynamic libraries:
0x00007ff6f4350000 - 0x00007ff6f435a000 	C:\Program Files\Android\Android Studio\jbr\bin\java.exe
0x00007ff8311f0000 - 0x00007ff831404000 	C:\WINDOWS\SYSTEM32\ntdll.dll
0x00007ff82f7e0000 - 0x00007ff82f8a2000 	C:\WINDOWS\System32\KERNEL32.DLL
0x00007ff82ea80000 - 0x00007ff82ee23000 	C:\WINDOWS\System32\KERNELBASE.dll
0x00007ff82e610000 - 0x00007ff82e721000 	C:\WINDOWS\System32\ucrtbase.dll
0x00007ff80bd20000 - 0x00007ff80bd3b000 	C:\Program Files\Android\Android Studio\jbr\bin\VCRUNTIME140.dll
0x00007ff80b240000 - 0x00007ff80b257000 	C:\Program Files\Android\Android Studio\jbr\bin\jli.dll
0x00007ff82f8b0000 - 0x00007ff82fa5b000 	C:\WINDOWS\System32\USER32.dll
0x00007ff82efc0000 - 0x00007ff82efe6000 	C:\WINDOWS\System32\win32u.dll
0x00007ff82fc00000 - 0x00007ff82fc29000 	C:\WINDOWS\System32\GDI32.dll
0x00007ff814f30000 - 0x00007ff8151be000 	C:\WINDOWS\WinSxS\amd64_microsoft.windows.common-controls_6595b64144ccf1df_6.0.22621.1635_none_270f70857386168e\COMCTL32.dll
0x00007ff82e730000 - 0x00007ff82e848000 	C:\WINDOWS\System32\gdi32full.dll
0x00007ff82ee30000 - 0x00007ff82eeca000 	C:\WINDOWS\System32\msvcp_win.dll
0x00007ff82f600000 - 0x00007ff82f6a7000 	C:\WINDOWS\System32\msvcrt.dll
0x00007ff82eff0000 - 0x00007ff82f021000 	C:\WINDOWS\System32\IMM32.DLL
0x00007ff80be10000 - 0x00007ff80be1c000 	C:\Program Files\Android\Android Studio\jbr\bin\vcruntime140_1.dll
0x00007ff802440000 - 0x00007ff8024cd000 	C:\Program Files\Android\Android Studio\jbr\bin\msvcp140.dll
0x00007fffe3500000 - 0x00007fffe416d000 	C:\Program Files\Android\Android Studio\jbr\bin\server\jvm.dll
0x00007ff831100000 - 0x00007ff8311ae000 	C:\WINDOWS\System32\ADVAPI32.dll
0x00007ff82f3a0000 - 0x00007ff82f444000 	C:\WINDOWS\System32\sechost.dll
0x00007ff830f60000 - 0x00007ff831077000 	C:\WINDOWS\System32\RPCRT4.dll
0x00007ff826ed0000 - 0x00007ff826f04000 	C:\WINDOWS\SYSTEM32\WINMM.dll
0x00007ff826af0000 - 0x00007ff826afa000 	C:\WINDOWS\SYSTEM32\VERSION.dll
0x00007ff82b590000 - 0x00007ff82b599000 	C:\WINDOWS\SYSTEM32\WSOCK32.dll
0x00007ff82f030000 - 0x00007ff82f0a1000 	C:\WINDOWS\System32\WS2_32.dll
0x00007ff82d630000 - 0x00007ff82d648000 	C:\WINDOWS\SYSTEM32\kernel.appcore.dll
0x00007ff82b4a0000 - 0x00007ff82b4aa000 	C:\Program Files\Android\Android Studio\jbr\bin\jimage.dll
0x00007ff82c090000 - 0x00007ff82c2be000 	C:\WINDOWS\SYSTEM32\DBGHELP.DLL
0x00007ff82fd50000 - 0x00007ff8300d9000 	C:\WINDOWS\System32\combase.dll
0x00007ff830140000 - 0x00007ff830217000 	C:\WINDOWS\System32\OLEAUT32.dll
0x00007ff81bed0000 - 0x00007ff81bf02000 	C:\WINDOWS\SYSTEM32\dbgcore.DLL
0x00007ff82eed0000 - 0x00007ff82ef4b000 	C:\WINDOWS\System32\bcryptPrimitives.dll
0x00007ff8245d0000 - 0x00007ff8245f5000 	C:\Program Files\Android\Android Studio\jbr\bin\java.dll
0x00007ff829430000 - 0x00007ff829448000 	C:\Program Files\Android\Android Studio\jbr\bin\zip.dll
0x00007ff830760000 - 0x00007ff830f5a000 	C:\WINDOWS\System32\SHELL32.dll
0x00007ff82c5c0000 - 0x00007ff82ce8e000 	C:\WINDOWS\SYSTEM32\windows.storage.dll
0x00007ff82c480000 - 0x00007ff82c5be000 	C:\WINDOWS\SYSTEM32\wintypes.dll
0x00007ff82f500000 - 0x00007ff82f5f1000 	C:\WINDOWS\System32\SHCORE.dll
0x00007ff830220000 - 0x00007ff83027e000 	C:\WINDOWS\System32\shlwapi.dll
0x00007ff82e540000 - 0x00007ff82e561000 	C:\WINDOWS\SYSTEM32\profapi.dll
0x00007ff8293f0000 - 0x00007ff829409000 	C:\Program Files\Android\Android Studio\jbr\bin\net.dll
0x00007ff826820000 - 0x00007ff826957000 	C:\WINDOWS\SYSTEM32\WINHTTP.dll
0x00007ff82dab0000 - 0x00007ff82db19000 	C:\WINDOWS\system32\mswsock.dll
0x00007ff8273e0000 - 0x00007ff8273f6000 	C:\Program Files\Android\Android Studio\jbr\bin\nio.dll
0x00007ff827ac0000 - 0x00007ff827ad0000 	C:\Program Files\Android\Android Studio\jbr\bin\verify.dll
0x00007ff80ef60000 - 0x00007ff80ef87000 	C:\Users\panji\.gradle\native\68d5fa5c4cc2d200863cafc0d521ce42e7d3e7ee720ec0a83991735586a16f82\windows-amd64\native-platform.dll
0x00007ff80ba30000 - 0x00007ff80bb74000 	C:\Users\panji\.gradle\native\e376f236ea51e6404a007f0833ffe2c6e607c4080706a723a18a27aeea778392\windows-amd64\native-platform-file-events.dll
0x00007ff82b490000 - 0x00007ff82b499000 	C:\Program Files\Android\Android Studio\jbr\bin\management.dll
0x00007ff828bc0000 - 0x00007ff828bcb000 	C:\Program Files\Android\Android Studio\jbr\bin\management_ext.dll
0x00007ff830130000 - 0x00007ff830138000 	C:\WINDOWS\System32\PSAPI.DLL
0x00007ff82dd40000 - 0x00007ff82dd5b000 	C:\WINDOWS\SYSTEM32\CRYPTSP.dll
0x00007ff82d5a0000 - 0x00007ff82d5d5000 	C:\WINDOWS\system32\rsaenh.dll
0x00007ff82dbd0000 - 0x00007ff82dbf8000 	C:\WINDOWS\SYSTEM32\USERENV.dll
0x00007ff82ded0000 - 0x00007ff82def8000 	C:\WINDOWS\SYSTEM32\bcrypt.dll
0x00007ff82dd30000 - 0x00007ff82dd3c000 	C:\WINDOWS\SYSTEM32\CRYPTBASE.dll
0x00007ff82d0f0000 - 0x00007ff82d11d000 	C:\WINDOWS\SYSTEM32\IPHLPAPI.DLL
0x00007ff82f0b0000 - 0x00007ff82f0b9000 	C:\WINDOWS\System32\NSI.dll
0x00007ff826e10000 - 0x00007ff826e29000 	C:\WINDOWS\SYSTEM32\dhcpcsvc6.DLL
0x00007ff826b00000 - 0x00007ff826b1f000 	C:\WINDOWS\SYSTEM32\dhcpcsvc.DLL
0x00007ff82d160000 - 0x00007ff82d253000 	C:\WINDOWS\SYSTEM32\DNSAPI.dll
0x00007ff81e910000 - 0x00007ff81e918000 	C:\WINDOWS\system32\wshunix.dll
0x00007ff817820000 - 0x00007ff817837000 	C:\WINDOWS\system32\napinsp.dll
0x00007ff8151d0000 - 0x00007ff8151eb000 	C:\WINDOWS\system32\pnrpnsp.dll
0x00007ff814ee0000 - 0x00007ff814ef1000 	C:\WINDOWS\System32\winrnr.dll
0x00007ff8114e0000 - 0x00007ff8114f5000 	C:\WINDOWS\system32\wshbth.dll
0x00007ff8114b0000 - 0x00007ff8114d1000 	C:\WINDOWS\system32\nlansp_c.dll
0x00007ff821e20000 - 0x00007ff821e2a000 	C:\Windows\System32\rasadhlp.dll
0x00007ff824bd0000 - 0x00007ff824c54000 	C:\WINDOWS\System32\fwpuclnt.dll

dbghelp: loaded successfully - version: 4.0.5 - missing functions: none
symbol engine: initialized successfully - sym options: 0x614 - pdb path: .;C:\Program Files\Android\Android Studio\jbr\bin;C:\WINDOWS\SYSTEM32;C:\WINDOWS\WinSxS\amd64_microsoft.windows.common-controls_6595b64144ccf1df_6.0.22621.1635_none_270f70857386168e;C:\Program Files\Android\Android Studio\jbr\bin\server;C:\Users\panji\.gradle\native\68d5fa5c4cc2d200863cafc0d521ce42e7d3e7ee720ec0a83991735586a16f82\windows-amd64;C:\Users\panji\.gradle\native\e376f236ea51e6404a007f0833ffe2c6e607c4080706a723a18a27aeea778392\windows-amd64

VM Arguments:
jvm_args: --add-opens=java.base/java.util=ALL-UNNAMED --add-opens=java.base/java.lang=ALL-UNNAMED --add-opens=java.base/java.lang.invoke=ALL-UNNAMED --add-opens=java.prefs/java.util.prefs=ALL-UNNAMED --add-opens=java.base/java.nio.charset=ALL-UNNAMED --add-opens=java.base/java.net=ALL-UNNAMED --add-opens=java.base/java.util.concurrent.atomic=ALL-UNNAMED -Xmx2048m -Dfile.encoding=UTF-8 -Duser.country=US -Duser.language=en -Duser.variant 
java_command: org.gradle.launcher.daemon.bootstrap.GradleDaemon 8.0
java_class_path (initial): C:\Users\panji\.gradle\wrapper\dists\gradle-8.0-bin\ca5e32bp14vu59qr306oxotwh\gradle-8.0\lib\gradle-launcher-8.0.jar
Launcher Type: SUN_STANDARD

[Global flags]
     intx CICompilerCount                          = 4                                         {product} {ergonomic}
     uint ConcGCThreads                            = 3                                         {product} {ergonomic}
     uint G1ConcRefinementThreads                  = 10                                        {product} {ergonomic}
   size_t G1HeapRegionSize                         = 1048576                                   {product} {ergonomic}
    uintx GCDrainStackTargetSize                   = 64                                        {product} {ergonomic}
   size_t InitialHeapSize                          = 165675008                                 {product} {ergonomic}
   size_t MarkStackSize                            = 4194304                                   {product} {ergonomic}
   size_t MaxHeapSize                              = 2147483648                                {product} {command line}
   size_t MaxNewSize                               = 1287651328                                {product} {ergonomic}
   size_t MinHeapDeltaBytes                        = 1048576                                   {product} {ergonomic}
   size_t MinHeapSize                              = 8388608                                   {product} {ergonomic}
    uintx NonNMethodCodeHeapSize                   = 5839372                                {pd product} {ergonomic}
    uintx NonProfiledCodeHeapSize                  = 122909434                              {pd product} {ergonomic}
    uintx ProfiledCodeHeapSize                     = 122909434                              {pd product} {ergonomic}
    uintx ReservedCodeCacheSize                    = 251658240                              {pd product} {ergonomic}
     bool SegmentedCodeCache                       = true                                      {product} {ergonomic}
   size_t SoftMaxHeapSize                          = 2147483648                             {manageable} {ergonomic}
     bool UseCompressedClassPointers               = true                           {product lp64_product} {ergonomic}
     bool UseCompressedOops                        = true                           {product lp64_product} {ergonomic}
     bool UseG1GC                                  = true                                      {product} {ergonomic}
     bool UseLargePagesIndividualAllocation        = false                                  {pd product} {ergonomic}

Logging:
Log output configuration:
 #0: stdout all=warning uptime,level,tags
 #1: stderr all=off uptime,level,tags

Environment Variables:
PATH=C:\Program Files\Oculus\Support\oculus-runtime;C:\Program Files\Microsoft\jdk-11.0.12.7-hotspot\bin;C:\Python311\Scripts\;C:\Python311\;C:\Program Files\Common Files\Oracle\Java\javapath;C:\Program Files (x86)\Common Files\Intel\Shared Libraries\redist\intel64\compiler;C:\WINDOWS\system32;C:\WINDOWS;C:\WINDOWS\System32\Wbem;C:\WINDOWS\System32\WindowsPowerShell\v1.0\;C:\WINDOWS\System32\OpenSSH\;C:\Program Files\Git\cmd;E:\xampp\php;C:\ProgramData\ComposerSetup\bin;C:\Program Files\nodejs\;C:\ProgramData\chocolatey\bin;C:\Program Files\dotnet\;C:\Users\panji\Downloads\Compressed\mongosh-1.6.1-win32-x64\bin;C:\Program Files\Microsoft SQL Server\150\Tools\Binn\;C:\Program Files\Microsoft SQL Server\Client SDK\ODBC\170\Tools\Binn\;C:\Users\panji\AppData\Local\Microsoft\WindowsApps;C:\Users\panji\AppData\Local\Programs\Microsoft VS Code\bin;C:\Program Files\JetBrains\IntelliJ IDEA Community Edition 2022.2.3\bin;;C:\Users\panji\AppData\Local\GitHubDesktop\bin;C:\Users\panji\AppData\Roaming\Composer\vendor\bin;C:\Users\panji\AppData\Roaming\npm;C:\Program Files\JetBrains\PhpStorm 2022.3\bin;;C:\src\flutter\bin;C:\Users\panji\.dotnet\tools;C:\tools\dart-sdk\bin;C:\Users\panji\AppData\Roaming\Pub\Cache\bin;
USERNAME=panji
OS=Windows_NT
PROCESSOR_IDENTIFIER=AMD64 Family 23 Model 104 Stepping 1, AuthenticAMD
TMP=C:\Users\panji\AppData\Local\Temp
TEMP=C:\Users\panji\AppData\Local\Temp



---------------  S Y S T E M  ---------------

OS:
 Windows 11 , 64 bit Build 22621 (10.0.22621.1635)
OS uptime: 0 days 1:09 hours
Hyper-V role detected

CPU: total 12 (initial active 12) (12 cores per cpu, 2 threads per core) family 23 model 104 stepping 1 microcode 0x0, cx8, cmov, fxsr, ht, mmx, 3dnowpref, sse, sse2, sse3, ssse3, sse4a, sse4.1, sse4.2, popcnt, lzcnt, tsc, tscinvbit, avx, avx2, aes, clmul, bmi1, bmi2, adx, sha, fma, vzeroupper, clflush, clflushopt, hv

Memory: 4k page, system-wide physical 10085M (1278M free)
TotalPageFile size 12133M (AvailPageFile size 34M)
current process WorkingSet (physical memory assigned to process): 463M, peak: 474M
current process commit charge ("private bytes"): 504M, peak: 659M

vm_info: OpenJDK 64-Bit Server VM (17.0.6+0-b2043.56-9586694) for windows-amd64 JRE (17.0.6+0-b2043.56-9586694), built on Feb  9 2023 20:06:20 by "androidbuild" with MS VC++ 16.10 / 16.11 (VS2019)

END.
