#
# There is insufficient memory for the Java Runtime Environment to continue.
# Native memory allocation (malloc) failed to allocate 1065936 bytes for Chunk::new
# Possible reasons:
#   The system is out of physical RAM or swap space
#   The process is running with CompressedOops enabled, and the Java Heap may be blocking the growth of the native heap
# Possible solutions:
#   Reduce memory load on the system
#   Increase physical memory or swap space
#   Check if swap backing store is full
#   Decrease Java heap size (-Xmx/-Xms)
#   Decrease number of Java threads
#   Decrease Java thread stack sizes (-Xss)
#   Set larger code cache with -XX:ReservedCodeCacheSize=
#   JVM is running with Unscaled Compressed Oops mode in which the Java heap is
#     placed in the first 4GB address space. The Java Heap base address is the
#     maximum limit for the native heap growth. Please use -XX:HeapBaseMinAddress
#     to set the Java Heap base and to place the Java Heap above 4GB virtual address.
# This output file may be truncated or incomplete.
#
#  Out of Memory Error (arena.cpp:189), pid=16548, tid=11092
#
# JRE version: OpenJDK Runtime Environment (17.0.6) (build 17.0.6+0-b2043.56-9586694)
# Java VM: OpenJDK 64-Bit Server VM (17.0.6+0-b2043.56-9586694, mixed mode, tiered, compressed oops, compressed class ptrs, g1 gc, windows-amd64)
# No core dump will be written. Minidumps are not enabled by default on client versions of Windows
#

---------------  S U M M A R Y ------------

Command Line: --add-opens=java.base/java.util=ALL-UNNAMED --add-opens=java.base/java.lang=ALL-UNNAMED --add-opens=java.base/java.lang.invoke=ALL-UNNAMED --add-opens=java.prefs/java.util.prefs=ALL-UNNAMED --add-opens=java.base/java.nio.charset=ALL-UNNAMED --add-opens=java.base/java.net=ALL-UNNAMED --add-opens=java.base/java.util.concurrent.atomic=ALL-UNNAMED -Xmx2048m -Dfile.encoding=UTF-8 -Duser.country=US -Duser.language=en -Duser.variant org.gradle.launcher.daemon.bootstrap.GradleDaemon 8.0

Host: AMD Ryzen 5 5500U with Radeon Graphics         , 12 cores, 9G,  Windows 11 , 64 bit Build 22621 (10.0.22621.1635)
Time: Mon May 22 12:48:47 2023 SE Asia Standard Time elapsed time: 22.076625 seconds (0d 0h 0m 22s)

---------------  T H R E A D  ---------------

Current thread (0x000001d67f10ea70):  JavaThread "C2 CompilerThread1" daemon [_thread_in_native, id=11092, stack(0x000000043c900000,0x000000043ca00000)]


Current CompileTask:
C2:  22076 8670 %     4       groovy.lang.MetaClassImpl::inheritInterfaceNewMetaMethods @ 100 (195 bytes)

Stack: [0x000000043c900000,0x000000043ca00000]
Native frames: (J=compiled Java code, j=interpreted, Vv=VM code, C=native code)
V  [jvm.dll+0x683b4a]
V  [jvm.dll+0x842654]
V  [jvm.dll+0x843dfe]
V  [jvm.dll+0x844463]
V  [jvm.dll+0x249b75]
V  [jvm.dll+0xabcac]
V  [jvm.dll+0xac27c]
V  [jvm.dll+0x2b0eef]
V  [jvm.dll+0x58a207]
V  [jvm.dll+0x2243b2]
V  [jvm.dll+0x21dd02]
V  [jvm.dll+0x21b51b]
V  [jvm.dll+0x1a4fdd]
V  [jvm.dll+0x22b098]
V  [jvm.dll+0x229159]
V  [jvm.dll+0x7f809c]
V  [jvm.dll+0x7f25fa]
V  [jvm.dll+0x682985]
C  [ucrtbase.dll+0x29363]
C  [KERNEL32.DLL+0x126ad]
C  [ntdll.dll+0x5a9f8]


---------------  P R O C E S S  ---------------

Threads class SMR info:
_java_thread_list=0x000001d600c32430, length=170, elements={
0x000001d65c66ac10, 0x000001d679436260, 0x000001d679436e10, 0x000001d6788d0690,
0x000001d6788d1240, 0x000001d679468030, 0x000001d6794688f0, 0x000001d6794694e0,
0x000001d679469e90, 0x000001d67946a880, 0x000001d6796090e0, 0x000001d67960b5c0,
0x000001d67ab8ea40, 0x000001d67a131370, 0x000001d67c393020, 0x000001d67a8c3580,
0x000001d67a896530, 0x000001d67a8951f0, 0x000001d67a8939e0, 0x000001d67a8956c0,
0x000001d67a894d20, 0x000001d67a896060, 0x000001d67a893eb0, 0x000001d67a895b90,
0x000001d67a896a00, 0x000001d67a896ed0, 0x000001d67a8973a0, 0x000001d67a894380,
0x000001d67a894850, 0x000001d67cf1e370, 0x000001d67cf209f0, 0x000001d67cf1fb80,
0x000001d67cf23070, 0x000001d67cf22ba0, 0x000001d67cf21d30, 0x000001d67cf20ec0,
0x000001d67cf1e840, 0x000001d67cf20520, 0x000001d67cf23a10, 0x000001d67cf22200,
0x000001d67cf23ee0, 0x000001d67cf21860, 0x000001d67cf23540, 0x000001d67cf243b0,
0x000001d67cf24880, 0x000001d67cf24d50, 0x000001d67cf1f6b0, 0x000001d67cf256f0,
0x000001d67cf1dea0, 0x000001d67c0ebdf0, 0x000001d67c0ea110, 0x000001d67c0ea5e0,
0x000001d67c0eb450, 0x000001d67c0ef2e0, 0x000001d67c0ee940, 0x000001d67c0eb920,
0x000001d67c0ed130, 0x000001d67c0ec2c0, 0x000001d67c0e7a90, 0x000001d67c0ec790,
0x000001d67c0ecc60, 0x000001d67c0ed600, 0x000001d67c0e7f60, 0x000001d67c0edad0,
0x000001d67c0e8dd0, 0x000001d67c0edfa0, 0x000001d67c0e8430, 0x000001d67c0e8900,
0x000001d67c0e92a0, 0x000001d67c0ee470, 0x000001d67c0eee10, 0x000001d67c0e9770,
0x000001d67c0eaab0, 0x000001d67c0e9c40, 0x000001d67c0eaf80, 0x000001d67bd626a0,
0x000001d67bd62b70, 0x000001d67bd66ed0, 0x000001d67bd69080, 0x000001d67bd63040,
0x000001d67bd656c0, 0x000001d67bd61d00, 0x000001d67bd63510, 0x000001d67bd64380,
0x000001d67bd69550, 0x000001d67bd639e0, 0x000001d67bd63eb0, 0x000001d67bd621d0,
0x000001d67bd686e0, 0x000001d67bd64850, 0x000001d67bd64d20, 0x000001d67bd66a00,
0x000001d67bd651f0, 0x000001d67bd65b90, 0x000001d67bd67d40, 0x000001d67bd66060,
0x000001d67bd673a0, 0x000001d67bd66530, 0x000001d67bd67870, 0x000001d67bd68210,
0x000001d67bd68bb0, 0x000001d67bfede80, 0x000001d67bfee350, 0x000001d67bfef1c0,
0x000001d67bff3520, 0x000001d67bff0500, 0x000001d67bff09d0, 0x000001d67bff1840,
0x000001d67bfef690, 0x000001d67bfed9b0, 0x000001d67bff4860, 0x000001d67bff0ea0,
0x000001d67bfed4e0, 0x000001d67bff0030, 0x000001d67bff1370, 0x000001d67bff3ec0,
0x000001d67bff39f0, 0x000001d67bff4d30, 0x000001d67bff1d10, 0x000001d67bfee820,
0x000001d67bff21e0, 0x000001d67bff26b0, 0x000001d67bfefb60, 0x000001d67bff4390,
0x000001d67bff2b80, 0x000001d67bff3050, 0x000001d67bfeecf0, 0x000001d67c36dde0,
0x000001d67c36ec50, 0x000001d67c36d440, 0x000001d67c369f50, 0x000001d67c36caa0,
0x000001d67c3678d0, 0x000001d67c36f120, 0x000001d67c36c100, 0x000001d67c36a420,
0x000001d67c36c5d0, 0x000001d67c36b760, 0x000001d67c367da0, 0x000001d67c368270,
0x000001d67c36a8f0, 0x000001d67c369a80, 0x000001d67c368740, 0x000001d67c36e2b0,
0x000001d67c368c10, 0x000001d67c36d910, 0x000001d67c36bc30, 0x000001d67c36cf70,
0x000001d67c3690e0, 0x000001d67c36e780, 0x000001d67c3695b0, 0x000001d67c36b290,
0x000001d67c36adc0, 0x000001d679560750, 0x000001d67955dc00, 0x000001d67955abe0,
0x000001d6795615c0, 0x000001d67955c8c0, 0x000001d67955e0d0, 0x000001d67955b580,
0x000001d67955ea70, 0x000001d679560c20, 0x000001d679559d70, 0x000001d679560280,
0x000001d67955ba50, 0x000001d67955a240, 0x000001d67955b0b0, 0x000001d67955d260,
0x000001d67955ef40, 0x000001d67f10ea70
}

Java Threads: ( => current thread )
  0x000001d65c66ac10 JavaThread "main" [_thread_blocked, id=19312, stack(0x0000000439300000,0x0000000439400000)]
  0x000001d679436260 JavaThread "Reference Handler" daemon [_thread_blocked, id=18060, stack(0x0000000439a00000,0x0000000439b00000)]
  0x000001d679436e10 JavaThread "Finalizer" daemon [_thread_blocked, id=12484, stack(0x0000000439b00000,0x0000000439c00000)]
  0x000001d6788d0690 JavaThread "Signal Dispatcher" daemon [_thread_blocked, id=18056, stack(0x0000000439c00000,0x0000000439d00000)]
  0x000001d6788d1240 JavaThread "Attach Listener" daemon [_thread_blocked, id=18644, stack(0x0000000439d00000,0x0000000439e00000)]
  0x000001d679468030 JavaThread "Service Thread" daemon [_thread_blocked, id=17736, stack(0x0000000439e00000,0x0000000439f00000)]
  0x000001d6794688f0 JavaThread "Monitor Deflation Thread" daemon [_thread_blocked, id=14912, stack(0x0000000439f00000,0x000000043a000000)]
  0x000001d6794694e0 JavaThread "C2 CompilerThread0" daemon [_thread_in_native, id=1160, stack(0x000000043a000000,0x000000043a100000)]
  0x000001d679469e90 JavaThread "C1 CompilerThread0" daemon [_thread_blocked, id=1540, stack(0x000000043a100000,0x000000043a200000)]
  0x000001d67946a880 JavaThread "Sweeper thread" daemon [_thread_blocked, id=9464, stack(0x000000043a200000,0x000000043a300000)]
  0x000001d6796090e0 JavaThread "Common-Cleaner" daemon [_thread_blocked, id=17604, stack(0x000000043a300000,0x000000043a400000)]
  0x000001d67960b5c0 JavaThread "Notification Thread" daemon [_thread_blocked, id=18448, stack(0x000000043a400000,0x000000043a500000)]
  0x000001d67ab8ea40 JavaThread "Daemon health stats" [_thread_blocked, id=5892, stack(0x000000043ac00000,0x000000043ad00000)]
  0x000001d67a131370 JavaThread "Incoming local TCP Connector on port 50649" [_thread_in_native, id=5236, stack(0x000000043ad00000,0x000000043ae00000)]
  0x000001d67c393020 JavaThread "Daemon periodic checks" [_thread_blocked, id=16144, stack(0x000000043ae00000,0x000000043af00000)]
  0x000001d67a8c3580 JavaThread "Daemon" [_thread_blocked, id=2464, stack(0x000000043af00000,0x000000043b000000)]
  0x000001d67a896530 JavaThread "Handler for socket connection from /127.0.0.1:50649 to /127.0.0.1:50650" [_thread_in_native, id=19028, stack(0x000000043b000000,0x000000043b100000)]
  0x000001d67a8951f0 JavaThread "Cancel handler" [_thread_blocked, id=5308, stack(0x000000043b100000,0x000000043b200000)]
  0x000001d67a8939e0 JavaThread "Daemon worker" [_thread_in_vm, id=3844, stack(0x000000043b200000,0x000000043b300000)]
  0x000001d67a8956c0 JavaThread "Asynchronous log dispatcher for DefaultDaemonConnection: socket connection from /127.0.0.1:50649 to /127.0.0.1:50650" [_thread_blocked, id=17232, stack(0x000000043b300000,0x000000043b400000)]
  0x000001d67a894d20 JavaThread "Stdin handler" [_thread_blocked, id=2704, stack(0x000000043b400000,0x000000043b500000)]
  0x000001d67a896060 JavaThread "Daemon client event forwarder" [_thread_blocked, id=14076, stack(0x000000043b500000,0x000000043b600000)]
  0x000001d67a893eb0 JavaThread "Cache worker for journal cache (C:\Users\panji\.gradle\caches\journal-1)" [_thread_blocked, id=10820, stack(0x000000043bb00000,0x000000043bc00000)]
  0x000001d67a895b90 JavaThread "File lock request listener" [_thread_in_native, id=4668, stack(0x000000043bc00000,0x000000043bd00000)]
  0x000001d67a896a00 JavaThread "Cache worker for file hash cache (C:\Users\panji\.gradle\caches\8.0\fileHashes)" [_thread_blocked, id=12296, stack(0x000000043bd00000,0x000000043be00000)]
  0x000001d67a896ed0 JavaThread "File watcher server" daemon [_thread_in_native, id=19896, stack(0x000000043c000000,0x000000043c100000)]
  0x000001d67a8973a0 JavaThread "File watcher consumer" daemon [_thread_blocked, id=8584, stack(0x000000043c100000,0x000000043c200000)]
  0x000001d67a894380 JavaThread "Cache worker for checksums cache (E:\Tugas\Kuliah\PEMBELAJARAN\SMT4\PT2\Project\Animalie\.gradle\8.0\checksums)" [_thread_blocked, id=9628, stack(0x000000043c200000,0x000000043c300000)]
  0x000001d67a894850 JavaThread "Cache worker for cache directory md-rule (C:\Users\panji\.gradle\caches\8.0\md-rule)" [_thread_blocked, id=18696, stack(0x000000043c300000,0x000000043c400000)]
  0x000001d67cf1e370 JavaThread "Cache worker for file content cache (C:\Users\panji\.gradle\caches\8.0\fileContent)" [_thread_blocked, id=18160, stack(0x000000043bf00000,0x000000043c000000)]
  0x000001d67cf209f0 JavaThread "Cache worker for file hash cache (E:\Tugas\Kuliah\PEMBELAJARAN\SMT4\PT2\Project\Animalie\.gradle\8.0\fileHashes)" [_thread_blocked, id=5736, stack(0x000000043c400000,0x000000043c500000)]
  0x000001d67cf1fb80 JavaThread "Cache worker for cache directory md-supplier (C:\Users\panji\.gradle\caches\8.0\md-supplier)" [_thread_blocked, id=17768, stack(0x000000043c500000,0x000000043c600000)]
  0x000001d67cf23070 JavaThread "Cache worker for execution history cache (C:\Users\panji\.gradle\caches\8.0\executionHistory)" [_thread_blocked, id=19844, stack(0x000000043be00000,0x000000043bf00000)]
  0x000001d67cf22ba0 JavaThread "jar transforms" [_thread_blocked, id=4776, stack(0x000000043c600000,0x000000043c700000)]
  0x000001d67cf21d30 JavaThread "jar transforms Thread 2" [_thread_blocked, id=12704, stack(0x000000043c700000,0x000000043c800000)]
  0x000001d67cf20ec0 JavaThread "jar transforms Thread 3" [_thread_blocked, id=16212, stack(0x000000043cb00000,0x000000043cc00000)]
  0x000001d67cf1e840 JavaThread "jar transforms Thread 4" [_thread_blocked, id=1912, stack(0x000000043cc00000,0x000000043cd00000)]
  0x000001d67cf20520 JavaThread "Cache worker for dependencies-accessors (E:\Tugas\Kuliah\PEMBELAJARAN\SMT4\PT2\Project\Animalie\.gradle\8.0\dependencies-accessors)" [_thread_blocked, id=19056, stack(0x000000043cd00000,0x000000043ce00000)]
  0x000001d67cf23a10 JavaThread "jar transforms Thread 5" [_thread_blocked, id=15724, stack(0x000000043ce00000,0x000000043cf00000)]
  0x000001d67cf22200 JavaThread "Cache worker for Build Output Cleanup Cache (E:\Tugas\Kuliah\PEMBELAJARAN\SMT4\PT2\Project\Animalie\.gradle\buildOutputCleanup)" [_thread_blocked, id=11624, stack(0x000000043c800000,0x000000043c900000)]
  0x000001d67cf23ee0 JavaThread "Unconstrained build operations" [_thread_blocked, id=12160, stack(0x000000043cf00000,0x000000043d000000)]
  0x000001d67cf21860 JavaThread "Unconstrained build operations Thread 2" [_thread_blocked, id=11032, stack(0x000000043d100000,0x000000043d200000)]
  0x000001d67cf23540 JavaThread "Unconstrained build operations Thread 3" [_thread_blocked, id=17980, stack(0x000000043d200000,0x000000043d300000)]
  0x000001d67cf243b0 JavaThread "Unconstrained build operations Thread 4" [_thread_blocked, id=17924, stack(0x000000043d300000,0x000000043d400000)]
  0x000001d67cf24880 JavaThread "Unconstrained build operations Thread 5" [_thread_blocked, id=15612, stack(0x000000043d400000,0x000000043d500000)]
  0x000001d67cf24d50 JavaThread "Unconstrained build operations Thread 6" [_thread_blocked, id=18848, stack(0x000000043d500000,0x000000043d600000)]
  0x000001d67cf1f6b0 JavaThread "Unconstrained build operations Thread 7" [_thread_blocked, id=12664, stack(0x000000043d600000,0x000000043d700000)]
  0x000001d67cf256f0 JavaThread "Unconstrained build operations Thread 8" [_thread_blocked, id=19360, stack(0x000000043d700000,0x000000043d800000)]
  0x000001d67cf1dea0 JavaThread "Unconstrained build operations Thread 9" [_thread_blocked, id=16740, stack(0x000000043d800000,0x000000043d900000)]
  0x000001d67c0ebdf0 JavaThread "Unconstrained build operations Thread 10" [_thread_blocked, id=19608, stack(0x000000043d900000,0x000000043da00000)]
  0x000001d67c0ea110 JavaThread "Unconstrained build operations Thread 11" [_thread_blocked, id=19700, stack(0x000000043da00000,0x000000043db00000)]
  0x000001d67c0ea5e0 JavaThread "Unconstrained build operations Thread 12" [_thread_blocked, id=9844, stack(0x000000043db00000,0x000000043dc00000)]
  0x000001d67c0eb450 JavaThread "Unconstrained build operations Thread 13" [_thread_blocked, id=15792, stack(0x000000043dc00000,0x000000043dd00000)]
  0x000001d67c0ef2e0 JavaThread "Unconstrained build operations Thread 14" [_thread_blocked, id=19088, stack(0x000000043dd00000,0x000000043de00000)]
  0x000001d67c0ee940 JavaThread "Unconstrained build operations Thread 15" [_thread_blocked, id=10100, stack(0x000000043de00000,0x000000043df00000)]
  0x000001d67c0eb920 JavaThread "Unconstrained build operations Thread 16" [_thread_blocked, id=13748, stack(0x000000043df00000,0x000000043e000000)]
  0x000001d67c0ed130 JavaThread "Unconstrained build operations Thread 17" [_thread_blocked, id=3464, stack(0x000000043e000000,0x000000043e100000)]
  0x000001d67c0ec2c0 JavaThread "Unconstrained build operations Thread 18" [_thread_blocked, id=3904, stack(0x000000043e100000,0x000000043e200000)]
  0x000001d67c0e7a90 JavaThread "Unconstrained build operations Thread 19" [_thread_blocked, id=16488, stack(0x000000043e200000,0x000000043e300000)]
  0x000001d67c0ec790 JavaThread "Unconstrained build operations Thread 20" [_thread_blocked, id=3852, stack(0x000000043e300000,0x000000043e400000)]
  0x000001d67c0ecc60 JavaThread "Unconstrained build operations Thread 21" [_thread_blocked, id=12788, stack(0x000000043e400000,0x000000043e500000)]
  0x000001d67c0ed600 JavaThread "Unconstrained build operations Thread 22" [_thread_blocked, id=18024, stack(0x000000043e500000,0x000000043e600000)]
  0x000001d67c0e7f60 JavaThread "Unconstrained build operations Thread 23" [_thread_blocked, id=8576, stack(0x000000043e600000,0x000000043e700000)]
  0x000001d67c0edad0 JavaThread "Unconstrained build operations Thread 24" [_thread_blocked, id=13152, stack(0x000000043e700000,0x000000043e800000)]
  0x000001d67c0e8dd0 JavaThread "Unconstrained build operations Thread 25" [_thread_blocked, id=14112, stack(0x000000043e800000,0x000000043e900000)]
  0x000001d67c0edfa0 JavaThread "Unconstrained build operations Thread 26" [_thread_blocked, id=20052, stack(0x000000043e900000,0x000000043ea00000)]
  0x000001d67c0e8430 JavaThread "Unconstrained build operations Thread 27" [_thread_blocked, id=4852, stack(0x000000043ea00000,0x000000043eb00000)]
  0x000001d67c0e8900 JavaThread "Unconstrained build operations Thread 28" [_thread_blocked, id=11668, stack(0x000000043eb00000,0x000000043ec00000)]
  0x000001d67c0e92a0 JavaThread "Unconstrained build operations Thread 29" [_thread_blocked, id=2656, stack(0x000000043ec00000,0x000000043ed00000)]
  0x000001d67c0ee470 JavaThread "Unconstrained build operations Thread 30" [_thread_blocked, id=11112, stack(0x000000043ed00000,0x000000043ee00000)]
  0x000001d67c0eee10 JavaThread "Unconstrained build operations Thread 31" [_thread_blocked, id=9116, stack(0x000000043ee00000,0x000000043ef00000)]
  0x000001d67c0e9770 JavaThread "Unconstrained build operations Thread 32" [_thread_blocked, id=16708, stack(0x000000043ef00000,0x000000043f000000)]
  0x000001d67c0eaab0 JavaThread "Unconstrained build operations Thread 33" [_thread_blocked, id=3992, stack(0x000000043f000000,0x000000043f100000)]
  0x000001d67c0e9c40 JavaThread "Unconstrained build operations Thread 34" [_thread_blocked, id=1572, stack(0x000000043f100000,0x000000043f200000)]
  0x000001d67c0eaf80 JavaThread "Unconstrained build operations Thread 35" [_thread_blocked, id=20456, stack(0x000000043f200000,0x000000043f300000)]
  0x000001d67bd626a0 JavaThread "Unconstrained build operations Thread 36" [_thread_blocked, id=3876, stack(0x000000043f300000,0x000000043f400000)]
  0x000001d67bd62b70 JavaThread "Unconstrained build operations Thread 37" [_thread_blocked, id=17896, stack(0x000000043f400000,0x000000043f500000)]
  0x000001d67bd66ed0 JavaThread "Unconstrained build operations Thread 38" [_thread_blocked, id=15584, stack(0x000000043f500000,0x000000043f600000)]
  0x000001d67bd69080 JavaThread "Unconstrained build operations Thread 39" [_thread_blocked, id=11248, stack(0x000000043f600000,0x000000043f700000)]
  0x000001d67bd63040 JavaThread "Unconstrained build operations Thread 40" [_thread_blocked, id=15252, stack(0x000000043f700000,0x000000043f800000)]
  0x000001d67bd656c0 JavaThread "Unconstrained build operations Thread 41" [_thread_blocked, id=18260, stack(0x000000043f800000,0x000000043f900000)]
  0x000001d67bd61d00 JavaThread "Unconstrained build operations Thread 42" [_thread_blocked, id=15308, stack(0x000000043f900000,0x000000043fa00000)]
  0x000001d67bd63510 JavaThread "Unconstrained build operations Thread 43" [_thread_blocked, id=6608, stack(0x000000043fa00000,0x000000043fb00000)]
  0x000001d67bd64380 JavaThread "Unconstrained build operations Thread 44" [_thread_blocked, id=15688, stack(0x000000043fb00000,0x000000043fc00000)]
  0x000001d67bd69550 JavaThread "Unconstrained build operations Thread 45" [_thread_blocked, id=15340, stack(0x000000043fc00000,0x000000043fd00000)]
  0x000001d67bd639e0 JavaThread "Unconstrained build operations Thread 46" [_thread_blocked, id=10724, stack(0x000000043fd00000,0x000000043fe00000)]
  0x000001d67bd63eb0 JavaThread "Unconstrained build operations Thread 47" [_thread_blocked, id=16988, stack(0x000000043fe00000,0x000000043ff00000)]
  0x000001d67bd621d0 JavaThread "Unconstrained build operations Thread 48" [_thread_blocked, id=18836, stack(0x000000043ff00000,0x0000000440000000)]
  0x000001d67bd686e0 JavaThread "Unconstrained build operations Thread 49" [_thread_blocked, id=10180, stack(0x0000000440000000,0x0000000440100000)]
  0x000001d67bd64850 JavaThread "Unconstrained build operations Thread 50" [_thread_blocked, id=12440, stack(0x0000000440100000,0x0000000440200000)]
  0x000001d67bd64d20 JavaThread "Unconstrained build operations Thread 51" [_thread_blocked, id=7272, stack(0x0000000440200000,0x0000000440300000)]
  0x000001d67bd66a00 JavaThread "Unconstrained build operations Thread 52" [_thread_blocked, id=1948, stack(0x0000000440300000,0x0000000440400000)]
  0x000001d67bd651f0 JavaThread "Unconstrained build operations Thread 53" [_thread_blocked, id=9880, stack(0x0000000440400000,0x0000000440500000)]
  0x000001d67bd65b90 JavaThread "Unconstrained build operations Thread 54" [_thread_blocked, id=4072, stack(0x0000000440500000,0x0000000440600000)]
  0x000001d67bd67d40 JavaThread "Unconstrained build operations Thread 55" [_thread_blocked, id=18388, stack(0x0000000440600000,0x0000000440700000)]
  0x000001d67bd66060 JavaThread "Unconstrained build operations Thread 56" [_thread_blocked, id=18988, stack(0x0000000440700000,0x0000000440800000)]
  0x000001d67bd673a0 JavaThread "Unconstrained build operations Thread 57" [_thread_blocked, id=10528, stack(0x0000000440800000,0x0000000440900000)]
  0x000001d67bd66530 JavaThread "Unconstrained build operations Thread 58" [_thread_blocked, id=14408, stack(0x0000000440900000,0x0000000440a00000)]
  0x000001d67bd67870 JavaThread "Unconstrained build operations Thread 59" [_thread_blocked, id=12472, stack(0x0000000440a00000,0x0000000440b00000)]
  0x000001d67bd68210 JavaThread "Unconstrained build operations Thread 60" [_thread_blocked, id=20432, stack(0x0000000440b00000,0x0000000440c00000)]
  0x000001d67bd68bb0 JavaThread "Unconstrained build operations Thread 61" [_thread_blocked, id=14252, stack(0x0000000440c00000,0x0000000440d00000)]
  0x000001d67bfede80 JavaThread "Unconstrained build operations Thread 62" [_thread_blocked, id=10488, stack(0x0000000440d00000,0x0000000440e00000)]
  0x000001d67bfee350 JavaThread "Unconstrained build operations Thread 63" [_thread_blocked, id=13988, stack(0x0000000440e00000,0x0000000440f00000)]
  0x000001d67bfef1c0 JavaThread "Unconstrained build operations Thread 64" [_thread_blocked, id=3980, stack(0x0000000440f00000,0x0000000441000000)]
  0x000001d67bff3520 JavaThread "Unconstrained build operations Thread 65" [_thread_blocked, id=1316, stack(0x0000000441000000,0x0000000441100000)]
  0x000001d67bff0500 JavaThread "Unconstrained build operations Thread 66" [_thread_blocked, id=13020, stack(0x0000000441100000,0x0000000441200000)]
  0x000001d67bff09d0 JavaThread "Unconstrained build operations Thread 67" [_thread_blocked, id=16116, stack(0x0000000441200000,0x0000000441300000)]
  0x000001d67bff1840 JavaThread "Unconstrained build operations Thread 68" [_thread_blocked, id=12508, stack(0x0000000441300000,0x0000000441400000)]
  0x000001d67bfef690 JavaThread "Unconstrained build operations Thread 69" [_thread_blocked, id=17648, stack(0x0000000441400000,0x0000000441500000)]
  0x000001d67bfed9b0 JavaThread "Unconstrained build operations Thread 70" [_thread_blocked, id=13584, stack(0x0000000441500000,0x0000000441600000)]
  0x000001d67bff4860 JavaThread "Unconstrained build operations Thread 71" [_thread_blocked, id=3312, stack(0x0000000441600000,0x0000000441700000)]
  0x000001d67bff0ea0 JavaThread "Unconstrained build operations Thread 72" [_thread_blocked, id=11180, stack(0x0000000441700000,0x0000000441800000)]
  0x000001d67bfed4e0 JavaThread "Unconstrained build operations Thread 73" [_thread_blocked, id=11632, stack(0x0000000441800000,0x0000000441900000)]
  0x000001d67bff0030 JavaThread "Unconstrained build operations Thread 74" [_thread_blocked, id=5936, stack(0x0000000441900000,0x0000000441a00000)]
  0x000001d67bff1370 JavaThread "Unconstrained build operations Thread 75" [_thread_blocked, id=17680, stack(0x0000000441a00000,0x0000000441b00000)]
  0x000001d67bff3ec0 JavaThread "Unconstrained build operations Thread 76" [_thread_blocked, id=14652, stack(0x0000000441b00000,0x0000000441c00000)]
  0x000001d67bff39f0 JavaThread "Unconstrained build operations Thread 77" [_thread_blocked, id=6448, stack(0x0000000441c00000,0x0000000441d00000)]
  0x000001d67bff4d30 JavaThread "Unconstrained build operations Thread 78" [_thread_blocked, id=17156, stack(0x0000000441d00000,0x0000000441e00000)]
  0x000001d67bff1d10 JavaThread "Unconstrained build operations Thread 79" [_thread_blocked, id=2920, stack(0x0000000441e00000,0x0000000441f00000)]
  0x000001d67bfee820 JavaThread "Unconstrained build operations Thread 80" [_thread_blocked, id=12608, stack(0x0000000441f00000,0x0000000442000000)]
  0x000001d67bff21e0 JavaThread "Unconstrained build operations Thread 81" [_thread_blocked, id=14036, stack(0x0000000442000000,0x0000000442100000)]
  0x000001d67bff26b0 JavaThread "Unconstrained build operations Thread 82" [_thread_blocked, id=13036, stack(0x0000000442100000,0x0000000442200000)]
  0x000001d67bfefb60 JavaThread "Unconstrained build operations Thread 83" [_thread_blocked, id=14312, stack(0x0000000442200000,0x0000000442300000)]
  0x000001d67bff4390 JavaThread "Unconstrained build operations Thread 84" [_thread_blocked, id=19992, stack(0x0000000442300000,0x0000000442400000)]
  0x000001d67bff2b80 JavaThread "Unconstrained build operations Thread 85" [_thread_blocked, id=20200, stack(0x0000000442400000,0x0000000442500000)]
  0x000001d67bff3050 JavaThread "Unconstrained build operations Thread 86" [_thread_blocked, id=14284, stack(0x0000000442500000,0x0000000442600000)]
  0x000001d67bfeecf0 JavaThread "Unconstrained build operations Thread 87" [_thread_blocked, id=4432, stack(0x0000000442600000,0x0000000442700000)]
  0x000001d67c36dde0 JavaThread "Unconstrained build operations Thread 88" [_thread_blocked, id=2556, stack(0x0000000442700000,0x0000000442800000)]
  0x000001d67c36ec50 JavaThread "Unconstrained build operations Thread 89" [_thread_blocked, id=1836, stack(0x0000000442800000,0x0000000442900000)]
  0x000001d67c36d440 JavaThread "Unconstrained build operations Thread 90" [_thread_blocked, id=4856, stack(0x0000000442900000,0x0000000442a00000)]
  0x000001d67c369f50 JavaThread "Unconstrained build operations Thread 91" [_thread_blocked, id=15836, stack(0x0000000442a00000,0x0000000442b00000)]
  0x000001d67c36caa0 JavaThread "Unconstrained build operations Thread 92" [_thread_blocked, id=7204, stack(0x0000000442b00000,0x0000000442c00000)]
  0x000001d67c3678d0 JavaThread "Unconstrained build operations Thread 93" [_thread_blocked, id=11844, stack(0x0000000442c00000,0x0000000442d00000)]
  0x000001d67c36f120 JavaThread "Unconstrained build operations Thread 94" [_thread_blocked, id=17968, stack(0x0000000442d00000,0x0000000442e00000)]
  0x000001d67c36c100 JavaThread "Unconstrained build operations Thread 95" [_thread_blocked, id=10356, stack(0x0000000442e00000,0x0000000442f00000)]
  0x000001d67c36a420 JavaThread "Unconstrained build operations Thread 96" [_thread_blocked, id=18544, stack(0x0000000442f00000,0x0000000443000000)]
  0x000001d67c36c5d0 JavaThread "Unconstrained build operations Thread 97" [_thread_blocked, id=19960, stack(0x0000000443000000,0x0000000443100000)]
  0x000001d67c36b760 JavaThread "Unconstrained build operations Thread 98" [_thread_blocked, id=4588, stack(0x0000000443100000,0x0000000443200000)]
  0x000001d67c367da0 JavaThread "Unconstrained build operations Thread 99" [_thread_blocked, id=15260, stack(0x0000000443200000,0x0000000443300000)]
  0x000001d67c368270 JavaThread "Unconstrained build operations Thread 100" [_thread_blocked, id=4832, stack(0x0000000443300000,0x0000000443400000)]
  0x000001d67c36a8f0 JavaThread "Unconstrained build operations Thread 101" [_thread_blocked, id=17104, stack(0x0000000443400000,0x0000000443500000)]
  0x000001d67c369a80 JavaThread "Unconstrained build operations Thread 102" [_thread_blocked, id=15844, stack(0x0000000443500000,0x0000000443600000)]
  0x000001d67c368740 JavaThread "Unconstrained build operations Thread 103" [_thread_blocked, id=11220, stack(0x0000000443600000,0x0000000443700000)]
  0x000001d67c36e2b0 JavaThread "Unconstrained build operations Thread 104" [_thread_blocked, id=6456, stack(0x0000000443700000,0x0000000443800000)]
  0x000001d67c368c10 JavaThread "Unconstrained build operations Thread 105" [_thread_blocked, id=12992, stack(0x0000000443800000,0x0000000443900000)]
  0x000001d67c36d910 JavaThread "Unconstrained build operations Thread 106" [_thread_blocked, id=18240, stack(0x0000000443900000,0x0000000443a00000)]
  0x000001d67c36bc30 JavaThread "Unconstrained build operations Thread 107" [_thread_blocked, id=9836, stack(0x0000000443a00000,0x0000000443b00000)]
  0x000001d67c36cf70 JavaThread "Unconstrained build operations Thread 108" [_thread_blocked, id=13600, stack(0x0000000443b00000,0x0000000443c00000)]
  0x000001d67c3690e0 JavaThread "Unconstrained build operations Thread 109" [_thread_blocked, id=14068, stack(0x0000000443c00000,0x0000000443d00000)]
  0x000001d67c36e780 JavaThread "Unconstrained build operations Thread 110" [_thread_blocked, id=14528, stack(0x0000000443d00000,0x0000000443e00000)]
  0x000001d67c3695b0 JavaThread "Unconstrained build operations Thread 111" [_thread_blocked, id=6516, stack(0x0000000443e00000,0x0000000443f00000)]
  0x000001d67c36b290 JavaThread "Unconstrained build operations Thread 112" [_thread_blocked, id=19980, stack(0x0000000443f00000,0x0000000444000000)]
  0x000001d67c36adc0 JavaThread "Unconstrained build operations Thread 113" [_thread_blocked, id=12340, stack(0x0000000444000000,0x0000000444100000)]
  0x000001d679560750 JavaThread "Unconstrained build operations Thread 114" [_thread_blocked, id=12252, stack(0x0000000444100000,0x0000000444200000)]
  0x000001d67955dc00 JavaThread "Unconstrained build operations Thread 115" [_thread_blocked, id=16524, stack(0x0000000444200000,0x0000000444300000)]
  0x000001d67955abe0 JavaThread "Unconstrained build operations Thread 116" [_thread_blocked, id=16380, stack(0x0000000444300000,0x0000000444400000)]
  0x000001d6795615c0 JavaThread "Unconstrained build operations Thread 117" [_thread_blocked, id=12716, stack(0x0000000444400000,0x0000000444500000)]
  0x000001d67955c8c0 JavaThread "Unconstrained build operations Thread 118" [_thread_blocked, id=19124, stack(0x0000000444500000,0x0000000444600000)]
  0x000001d67955e0d0 JavaThread "Unconstrained build operations Thread 119" [_thread_blocked, id=13828, stack(0x0000000444600000,0x0000000444700000)]
  0x000001d67955b580 JavaThread "Unconstrained build operations Thread 120" [_thread_blocked, id=6192, stack(0x0000000444700000,0x0000000444800000)]
  0x000001d67955ea70 JavaThread "jar transforms Thread 6" [_thread_blocked, id=3472, stack(0x0000000444800000,0x0000000444900000)]
  0x000001d679560c20 JavaThread "jar transforms Thread 7" [_thread_blocked, id=18172, stack(0x0000000444900000,0x0000000444a00000)]
  0x000001d679559d70 JavaThread "jar transforms Thread 8" [_thread_blocked, id=11652, stack(0x0000000444a00000,0x0000000444b00000)]
  0x000001d679560280 JavaThread "jar transforms Thread 9" [_thread_blocked, id=13560, stack(0x0000000444b00000,0x0000000444c00000)]
  0x000001d67955ba50 JavaThread "jar transforms Thread 10" [_thread_blocked, id=12740, stack(0x0000000444c00000,0x0000000444d00000)]
  0x000001d67955a240 JavaThread "jar transforms Thread 11" [_thread_blocked, id=14196, stack(0x0000000444d00000,0x0000000444e00000)]
  0x000001d67955b0b0 JavaThread "jar transforms Thread 12" [_thread_blocked, id=6724, stack(0x0000000444e00000,0x0000000444f00000)]
  0x000001d67955d260 JavaThread "build event listener" [_thread_blocked, id=1368, stack(0x0000000444f00000,0x0000000445000000)]
  0x000001d67955ef40 JavaThread "Memory manager" [_thread_blocked, id=15264, stack(0x0000000445100000,0x0000000445200000)]
=>0x000001d67f10ea70 JavaThread "C2 CompilerThread1" daemon [_thread_in_native, id=11092, stack(0x000000043c900000,0x000000043ca00000)]

Other Threads:
  0x000001d679420ba0 VMThread "VM Thread" [stack: 0x0000000439900000,0x0000000439a00000] [id=3356]
  0x000001d65c6e3570 WatcherThread [stack: 0x000000043a500000,0x000000043a600000] [id=3592]
  0x000001d65c6c5c80 GCTaskThread "GC Thread#0" [stack: 0x0000000439400000,0x0000000439500000] [id=17484]
  0x000001d67a2d7350 GCTaskThread "GC Thread#1" [stack: 0x000000043a800000,0x000000043a900000] [id=8652]
  0x000001d67a2d7600 GCTaskThread "GC Thread#2" [stack: 0x000000043a900000,0x000000043aa00000] [id=14176]
  0x000001d679ef98f0 GCTaskThread "GC Thread#3" [stack: 0x000000043aa00000,0x000000043ab00000] [id=14504]
  0x000001d67aefb640 GCTaskThread "GC Thread#4" [stack: 0x000000043a700000,0x000000043a800000] [id=1988]
  0x000001d679e9d850 GCTaskThread "GC Thread#5" [stack: 0x000000043a600000,0x000000043a700000] [id=14164]
  0x000001d67bed9020 GCTaskThread "GC Thread#6" [stack: 0x000000043ab00000,0x000000043ac00000] [id=10808]
  0x000001d67adc5460 GCTaskThread "GC Thread#7" [stack: 0x000000043b600000,0x000000043b700000] [id=16656]
  0x000001d67b8210b0 GCTaskThread "GC Thread#8" [stack: 0x000000043b700000,0x000000043b800000] [id=9412]
  0x000001d67c32c230 GCTaskThread "GC Thread#9" [stack: 0x000000043b800000,0x000000043b900000] [id=15828]
  0x000001d65c6d6d20 ConcurrentGCThread "G1 Main Marker" [stack: 0x0000000439500000,0x0000000439600000] [id=1700]
  0x000001d65c6d7ed0 ConcurrentGCThread "G1 Conc#0" [stack: 0x0000000439600000,0x0000000439700000] [id=6044]
  0x000001d67aeae0b0 ConcurrentGCThread "G1 Conc#1" [stack: 0x000000043b900000,0x000000043ba00000] [id=11968]
  0x000001d67af33e10 ConcurrentGCThread "G1 Conc#2" [stack: 0x000000043ba00000,0x000000043bb00000] [id=9280]
  0x000001d65c72dd90 ConcurrentGCThread "G1 Refine#0" [stack: 0x0000000439700000,0x0000000439800000] [id=19736]
  0x000001d67c92a480 ConcurrentGCThread "G1 Refine#1" [stack: 0x000000043ca00000,0x000000043cb00000] [id=16904]
  0x000001d65c72e650 ConcurrentGCThread "G1 Service" [stack: 0x0000000439800000,0x0000000439900000] [id=19744]

Threads with active compile tasks:
C2 CompilerThread0    22121 8652       4       java.beans.Introspector::addMethod (196 bytes)
C2 CompilerThread1    22121 8670 %     4       groovy.lang.MetaClassImpl::inheritInterfaceNewMetaMethods @ 100 (195 bytes)
C2 CompilerThread2    22121 8629       4       org.gradle.internal.operations.DefaultBuildOperationAncestryTracker::findClosestExistingAncestor (44 bytes)

VM state: not at safepoint (normal execution)

VM Mutex/Monitor currently owned by a thread: None

Heap address: 0x0000000080000000, size: 2048 MB, Compressed Oops mode: 32-bit

CDS archive(s) not mapped
Compressed class space mapped at: 0x0000000100000000-0x0000000140000000, reserved size: 1073741824
Narrow klass base: 0x0000000000000000, Narrow klass shift: 3, Narrow klass range: 0x140000000

GC Precious Log:
 CPUs: 12 total, 12 available
 Memory: 10085M
 Large Page Support: Disabled
 NUMA Support: Disabled
 Compressed Oops: Enabled (32-bit)
 Heap Region Size: 1M
 Heap Min Capacity: 8M
 Heap Initial Capacity: 158M
 Heap Max Capacity: 2G
 Pre-touch: Disabled
 Parallel Workers: 10
 Concurrent Workers: 3
 Concurrent Refinement Workers: 10
 Periodic GC: Disabled

Heap:
 garbage-first heap   total 172032K, used 112752K [0x0000000080000000, 0x0000000100000000)
  region size 1024K, 40 young (40960K), 4 survivors (4096K)
 Metaspace       used 91089K, committed 91776K, reserved 1130496K
  class space    used 12294K, committed 12608K, reserved 1048576K

Heap Regions: E=young(eden), S=young(survivor), O=old, HS=humongous(starts), HC=humongous(continues), CS=collection set, F=free, OA=open archive, CA=closed archive, TAMS=top-at-mark-start (previous, next)
|   0|0x0000000080000000, 0x0000000080100000, 0x0000000080100000|100%|HS|  |TAMS 0x0000000080100000, 0x0000000080000000| Complete 
|   1|0x0000000080100000, 0x0000000080200000, 0x0000000080200000|100%|HC|  |TAMS 0x0000000080200000, 0x0000000080100000| Complete 
|   2|0x0000000080200000, 0x0000000080300000, 0x0000000080300000|100%|HC|  |TAMS 0x0000000080300000, 0x0000000080200000| Complete 
|   3|0x0000000080300000, 0x0000000080400000, 0x0000000080400000|100%|HC|  |TAMS 0x0000000080400000, 0x0000000080300000| Complete 
|   4|0x0000000080400000, 0x0000000080500000, 0x0000000080500000|100%| O|  |TAMS 0x0000000080500000, 0x0000000080400000| Untracked 
|   5|0x0000000080500000, 0x0000000080600000, 0x0000000080600000|100%| O|  |TAMS 0x0000000080500000, 0x0000000080500000| Untracked 
|   6|0x0000000080600000, 0x0000000080700000, 0x0000000080700000|100%| O|  |TAMS 0x0000000080700000, 0x0000000080600000| Untracked 
|   7|0x0000000080700000, 0x0000000080800000, 0x0000000080800000|100%| O|  |TAMS 0x0000000080800000, 0x0000000080700000| Untracked 
|   8|0x0000000080800000, 0x0000000080900000, 0x0000000080900000|100%| O|  |TAMS 0x0000000080900000, 0x0000000080800000| Untracked 
|   9|0x0000000080900000, 0x0000000080a00000, 0x0000000080a00000|100%| O|  |TAMS 0x0000000080a00000, 0x0000000080900000| Untracked 
|  10|0x0000000080a00000, 0x0000000080b00000, 0x0000000080b00000|100%| O|  |TAMS 0x0000000080b00000, 0x0000000080a00000| Untracked 
|  11|0x0000000080b00000, 0x0000000080c00000, 0x0000000080c00000|100%| O|  |TAMS 0x0000000080c00000, 0x0000000080b00000| Untracked 
|  12|0x0000000080c00000, 0x0000000080d00000, 0x0000000080d00000|100%| O|  |TAMS 0x0000000080d00000, 0x0000000080c00000| Untracked 
|  13|0x0000000080d00000, 0x0000000080e00000, 0x0000000080e00000|100%| O|  |TAMS 0x0000000080e00000, 0x0000000080d00000| Untracked 
|  14|0x0000000080e00000, 0x0000000080f00000, 0x0000000080f00000|100%| O|  |TAMS 0x0000000080f00000, 0x0000000080e00000| Untracked 
|  15|0x0000000080f00000, 0x0000000081000000, 0x0000000081000000|100%| O|  |TAMS 0x0000000081000000, 0x0000000080f00000| Untracked 
|  16|0x0000000081000000, 0x0000000081100000, 0x0000000081100000|100%| O|  |TAMS 0x0000000081100000, 0x0000000081000000| Untracked 
|  17|0x0000000081100000, 0x0000000081200000, 0x0000000081200000|100%| O|  |TAMS 0x0000000081200000, 0x0000000081100000| Untracked 
|  18|0x0000000081200000, 0x0000000081300000, 0x0000000081300000|100%| O|  |TAMS 0x0000000081300000, 0x0000000081200000| Untracked 
|  19|0x0000000081300000, 0x0000000081400000, 0x0000000081400000|100%| O|  |TAMS 0x0000000081400000, 0x0000000081300000| Untracked 
|  20|0x0000000081400000, 0x0000000081500000, 0x0000000081500000|100%| O|  |TAMS 0x0000000081500000, 0x0000000081400000| Untracked 
|  21|0x0000000081500000, 0x0000000081600000, 0x0000000081600000|100%| O|  |TAMS 0x0000000081600000, 0x0000000081500000| Untracked 
|  22|0x0000000081600000, 0x0000000081700000, 0x0000000081700000|100%| O|  |TAMS 0x0000000081700000, 0x0000000081600000| Untracked 
|  23|0x0000000081700000, 0x0000000081800000, 0x0000000081800000|100%| O|  |TAMS 0x0000000081800000, 0x0000000081700000| Untracked 
|  24|0x0000000081800000, 0x0000000081900000, 0x0000000081900000|100%| O|  |TAMS 0x0000000081859200, 0x0000000081800000| Untracked 
|  25|0x0000000081900000, 0x0000000081a00000, 0x0000000081a00000|100%| O|  |TAMS 0x0000000081a00000, 0x0000000081900000| Untracked 
|  26|0x0000000081a00000, 0x0000000081b00000, 0x0000000081b00000|100%| O|  |TAMS 0x0000000081b00000, 0x0000000081a00000| Untracked 
|  27|0x0000000081b00000, 0x0000000081c00000, 0x0000000081c00000|100%| O|  |TAMS 0x0000000081c00000, 0x0000000081b00000| Untracked 
|  28|0x0000000081c00000, 0x0000000081d00000, 0x0000000081d00000|100%| O|  |TAMS 0x0000000081d00000, 0x0000000081c00000| Untracked 
|  29|0x0000000081d00000, 0x0000000081e00000, 0x0000000081e00000|100%| O|  |TAMS 0x0000000081e00000, 0x0000000081d00000| Untracked 
|  30|0x0000000081e00000, 0x0000000081f00000, 0x0000000081f00000|100%| O|  |TAMS 0x0000000081f00000, 0x0000000081e00000| Untracked 
|  31|0x0000000081f00000, 0x0000000082000000, 0x0000000082000000|100%| O|  |TAMS 0x0000000082000000, 0x0000000081f00000| Untracked 
|  32|0x0000000082000000, 0x0000000082100000, 0x0000000082100000|100%| O|  |TAMS 0x0000000082100000, 0x0000000082000000| Untracked 
|  33|0x0000000082100000, 0x0000000082200000, 0x0000000082200000|100%| O|  |TAMS 0x0000000082200000, 0x0000000082100000| Untracked 
|  34|0x0000000082200000, 0x0000000082300000, 0x0000000082300000|100%| O|  |TAMS 0x0000000082300000, 0x0000000082200000| Untracked 
|  35|0x0000000082300000, 0x0000000082400000, 0x0000000082400000|100%| O|  |TAMS 0x0000000082300000, 0x0000000082300000| Untracked 
|  36|0x0000000082400000, 0x0000000082500000, 0x0000000082500000|100%| O|  |TAMS 0x0000000082500000, 0x0000000082400000| Untracked 
|  37|0x0000000082500000, 0x0000000082600000, 0x0000000082600000|100%| O|  |TAMS 0x0000000082600000, 0x0000000082500000| Untracked 
|  38|0x0000000082600000, 0x0000000082700000, 0x0000000082700000|100%| O|  |TAMS 0x0000000082700000, 0x0000000082600000| Untracked 
|  39|0x0000000082700000, 0x0000000082800000, 0x0000000082800000|100%| O|  |TAMS 0x0000000082800000, 0x0000000082700000| Untracked 
|  40|0x0000000082800000, 0x0000000082900000, 0x0000000082900000|100%|HS|  |TAMS 0x0000000082900000, 0x0000000082800000| Complete 
|  41|0x0000000082900000, 0x0000000082a00000, 0x0000000082a00000|100%|HS|  |TAMS 0x0000000082a00000, 0x0000000082900000| Complete 
|  42|0x0000000082a00000, 0x0000000082b00000, 0x0000000082b00000|100%|HC|  |TAMS 0x0000000082b00000, 0x0000000082a00000| Complete 
|  43|0x0000000082b00000, 0x0000000082c00000, 0x0000000082c00000|100%|HS|  |TAMS 0x0000000082c00000, 0x0000000082b00000| Complete 
|  44|0x0000000082c00000, 0x0000000082d00000, 0x0000000082d00000|100%|HS|  |TAMS 0x0000000082d00000, 0x0000000082c00000| Complete 
|  45|0x0000000082d00000, 0x0000000082e00000, 0x0000000082e00000|100%|HC|  |TAMS 0x0000000082e00000, 0x0000000082d00000| Complete 
|  46|0x0000000082e00000, 0x0000000082f00000, 0x0000000082f00000|100%|HC|  |TAMS 0x0000000082f00000, 0x0000000082e00000| Complete 
|  47|0x0000000082f00000, 0x0000000083000000, 0x0000000083000000|100%|HC|  |TAMS 0x0000000083000000, 0x0000000082f00000| Complete 
|  48|0x0000000083000000, 0x0000000083100000, 0x0000000083100000|100%| O|  |TAMS 0x0000000083100000, 0x0000000083000000| Untracked 
|  49|0x0000000083100000, 0x0000000083200000, 0x0000000083200000|100%| O|  |TAMS 0x0000000083200000, 0x0000000083100000| Untracked 
|  50|0x0000000083200000, 0x0000000083300000, 0x0000000083300000|100%| O|  |TAMS 0x0000000083300000, 0x0000000083200000| Untracked 
|  51|0x0000000083300000, 0x0000000083400000, 0x0000000083400000|100%| O|  |TAMS 0x0000000083400000, 0x0000000083300000| Untracked 
|  52|0x0000000083400000, 0x0000000083500000, 0x0000000083500000|100%| O|  |TAMS 0x0000000083500000, 0x0000000083400000| Untracked 
|  53|0x0000000083500000, 0x0000000083600000, 0x0000000083600000|100%| O|  |TAMS 0x0000000083600000, 0x0000000083500000| Untracked 
|  54|0x0000000083600000, 0x0000000083700000, 0x0000000083700000|100%| O|  |TAMS 0x0000000083700000, 0x0000000083600000| Untracked 
|  55|0x0000000083700000, 0x0000000083800000, 0x0000000083800000|100%| O|  |TAMS 0x0000000083800000, 0x0000000083700000| Untracked 
|  56|0x0000000083800000, 0x0000000083900000, 0x0000000083900000|100%| O|  |TAMS 0x0000000083900000, 0x0000000083800000| Untracked 
|  57|0x0000000083900000, 0x0000000083a00000, 0x0000000083a00000|100%| O|  |TAMS 0x0000000083900000, 0x0000000083900000| Untracked 
|  58|0x0000000083a00000, 0x0000000083b00000, 0x0000000083b00000|100%| O|  |TAMS 0x0000000083a00000, 0x0000000083a00000| Untracked 
|  59|0x0000000083b00000, 0x0000000083c00000, 0x0000000083c00000|100%| O|  |TAMS 0x0000000083b00000, 0x0000000083b00000| Untracked 
|  60|0x0000000083c00000, 0x0000000083d00000, 0x0000000083d00000|100%| O|  |TAMS 0x0000000083c00000, 0x0000000083c00000| Untracked 
|  61|0x0000000083d00000, 0x0000000083e00000, 0x0000000083e00000|100%| O|  |TAMS 0x0000000083d00000, 0x0000000083d00000| Untracked 
|  62|0x0000000083e00000, 0x0000000083f00000, 0x0000000083f00000|100%| O|  |TAMS 0x0000000083e00000, 0x0000000083e00000| Untracked 
|  63|0x0000000083f00000, 0x0000000084000000, 0x0000000084000000|100%| O|  |TAMS 0x0000000083f00000, 0x0000000083f00000| Untracked 
|  64|0x0000000084000000, 0x0000000084100000, 0x0000000084100000|100%| O|  |TAMS 0x0000000084000000, 0x0000000084000000| Untracked 
|  65|0x0000000084100000, 0x0000000084200000, 0x0000000084200000|100%| O|  |TAMS 0x0000000084100000, 0x0000000084100000| Untracked 
|  66|0x0000000084200000, 0x0000000084300000, 0x0000000084300000|100%| O|  |TAMS 0x0000000084200000, 0x0000000084200000| Untracked 
|  67|0x0000000084300000, 0x0000000084400000, 0x0000000084400000|100%| O|  |TAMS 0x0000000084300000, 0x0000000084300000| Untracked 
|  68|0x0000000084400000, 0x0000000084500000, 0x0000000084500000|100%| O|  |TAMS 0x0000000084400000, 0x0000000084400000| Untracked 
|  69|0x0000000084500000, 0x0000000084600000, 0x0000000084600000|100%| O|  |TAMS 0x0000000084500000, 0x0000000084500000| Untracked 
|  70|0x0000000084600000, 0x0000000084700000, 0x0000000084700000|100%| O|  |TAMS 0x0000000084600000, 0x0000000084600000| Untracked 
|  71|0x0000000084700000, 0x000000008474de00, 0x0000000084800000| 30%| O|  |TAMS 0x0000000084700000, 0x0000000084700000| Untracked 
|  72|0x0000000084800000, 0x0000000084800000, 0x0000000084900000|  0%| F|  |TAMS 0x0000000084800000, 0x0000000084800000| Untracked 
|  73|0x0000000084900000, 0x0000000084900000, 0x0000000084a00000|  0%| F|  |TAMS 0x0000000084900000, 0x0000000084900000| Untracked 
|  74|0x0000000084a00000, 0x0000000084a00000, 0x0000000084b00000|  0%| F|  |TAMS 0x0000000084a00000, 0x0000000084a00000| Untracked 
|  75|0x0000000084b00000, 0x0000000084b00000, 0x0000000084c00000|  0%| F|  |TAMS 0x0000000084b00000, 0x0000000084b00000| Untracked 
|  76|0x0000000084c00000, 0x0000000084c00000, 0x0000000084d00000|  0%| F|  |TAMS 0x0000000084c00000, 0x0000000084c00000| Untracked 
|  77|0x0000000084d00000, 0x0000000084d00000, 0x0000000084e00000|  0%| F|  |TAMS 0x0000000084d00000, 0x0000000084d00000| Untracked 
|  78|0x0000000084e00000, 0x0000000084e00000, 0x0000000084f00000|  0%| F|  |TAMS 0x0000000084e00000, 0x0000000084e00000| Untracked 
|  79|0x0000000084f00000, 0x0000000084f00000, 0x0000000085000000|  0%| F|  |TAMS 0x0000000084f00000, 0x0000000084f00000| Untracked 
|  80|0x0000000085000000, 0x0000000085000000, 0x0000000085100000|  0%| F|  |TAMS 0x0000000085000000, 0x0000000085000000| Untracked 
|  81|0x0000000085100000, 0x0000000085100000, 0x0000000085200000|  0%| F|  |TAMS 0x0000000085100000, 0x0000000085100000| Untracked 
|  82|0x0000000085200000, 0x0000000085200000, 0x0000000085300000|  0%| F|  |TAMS 0x0000000085200000, 0x0000000085200000| Untracked 
|  83|0x0000000085300000, 0x0000000085300000, 0x0000000085400000|  0%| F|  |TAMS 0x0000000085300000, 0x0000000085300000| Untracked 
|  84|0x0000000085400000, 0x0000000085400000, 0x0000000085500000|  0%| F|  |TAMS 0x0000000085400000, 0x0000000085400000| Untracked 
|  85|0x0000000085500000, 0x0000000085500000, 0x0000000085600000|  0%| F|  |TAMS 0x0000000085500000, 0x0000000085500000| Untracked 
|  86|0x0000000085600000, 0x0000000085600000, 0x0000000085700000|  0%| F|  |TAMS 0x0000000085600000, 0x0000000085600000| Untracked 
|  87|0x0000000085700000, 0x0000000085700000, 0x0000000085800000|  0%| F|  |TAMS 0x0000000085700000, 0x0000000085700000| Untracked 
|  88|0x0000000085800000, 0x0000000085800000, 0x0000000085900000|  0%| F|  |TAMS 0x0000000085800000, 0x0000000085800000| Untracked 
|  89|0x0000000085900000, 0x0000000085900000, 0x0000000085a00000|  0%| F|  |TAMS 0x0000000085900000, 0x0000000085900000| Untracked 
|  90|0x0000000085a00000, 0x0000000085a00000, 0x0000000085b00000|  0%| F|  |TAMS 0x0000000085a00000, 0x0000000085a00000| Untracked 
|  91|0x0000000085b00000, 0x0000000085b00000, 0x0000000085c00000|  0%| F|  |TAMS 0x0000000085b00000, 0x0000000085b00000| Untracked 
|  92|0x0000000085c00000, 0x0000000085c00000, 0x0000000085d00000|  0%| F|  |TAMS 0x0000000085c00000, 0x0000000085c00000| Untracked 
|  93|0x0000000085d00000, 0x0000000085d00000, 0x0000000085e00000|  0%| F|  |TAMS 0x0000000085d00000, 0x0000000085d00000| Untracked 
|  94|0x0000000085e00000, 0x0000000085e00000, 0x0000000085f00000|  0%| F|  |TAMS 0x0000000085e00000, 0x0000000085e00000| Untracked 
|  95|0x0000000085f00000, 0x0000000085f00000, 0x0000000086000000|  0%| F|  |TAMS 0x0000000085f00000, 0x0000000085f00000| Untracked 
|  96|0x0000000086000000, 0x0000000086000000, 0x0000000086100000|  0%| F|  |TAMS 0x0000000086000000, 0x0000000086000000| Untracked 
|  97|0x0000000086100000, 0x0000000086100000, 0x0000000086200000|  0%| F|  |TAMS 0x0000000086100000, 0x0000000086100000| Untracked 
|  98|0x0000000086200000, 0x0000000086200000, 0x0000000086300000|  0%| F|  |TAMS 0x0000000086200000, 0x0000000086200000| Untracked 
|  99|0x0000000086300000, 0x0000000086300000, 0x0000000086400000|  0%| F|  |TAMS 0x0000000086300000, 0x0000000086300000| Untracked 
| 100|0x0000000086400000, 0x0000000086400000, 0x0000000086500000|  0%| F|  |TAMS 0x0000000086400000, 0x0000000086400000| Untracked 
| 101|0x0000000086500000, 0x0000000086500000, 0x0000000086600000|  0%| F|  |TAMS 0x0000000086500000, 0x0000000086500000| Untracked 
| 102|0x0000000086600000, 0x0000000086600000, 0x0000000086700000|  0%| F|  |TAMS 0x0000000086600000, 0x0000000086600000| Untracked 
| 103|0x0000000086700000, 0x00000000867ce458, 0x0000000086800000| 80%| S|CS|TAMS 0x0000000086700000, 0x0000000086700000| Complete 
| 104|0x0000000086800000, 0x0000000086900000, 0x0000000086900000|100%| S|CS|TAMS 0x0000000086800000, 0x0000000086800000| Complete 
| 105|0x0000000086900000, 0x0000000086900000, 0x0000000086a00000|  0%| F|  |TAMS 0x0000000086900000, 0x0000000086900000| Untracked 
| 106|0x0000000086a00000, 0x0000000086b00000, 0x0000000086b00000|100%| S|CS|TAMS 0x0000000086a00000, 0x0000000086a00000| Complete 
| 107|0x0000000086b00000, 0x0000000086c00000, 0x0000000086c00000|100%| S|CS|TAMS 0x0000000086b00000, 0x0000000086b00000| Complete 
| 108|0x0000000086c00000, 0x0000000086c00000, 0x0000000086d00000|  0%| F|  |TAMS 0x0000000086c00000, 0x0000000086c00000| Untracked 
| 109|0x0000000086d00000, 0x0000000086d00000, 0x0000000086e00000|  0%| F|  |TAMS 0x0000000086d00000, 0x0000000086d00000| Untracked 
| 110|0x0000000086e00000, 0x0000000086e00000, 0x0000000086f00000|  0%| F|  |TAMS 0x0000000086e00000, 0x0000000086e00000| Untracked 
| 111|0x0000000086f00000, 0x0000000086f00000, 0x0000000087000000|  0%| F|  |TAMS 0x0000000086f00000, 0x0000000086f00000| Untracked 
| 112|0x0000000087000000, 0x0000000087000000, 0x0000000087100000|  0%| F|  |TAMS 0x0000000087000000, 0x0000000087000000| Untracked 
| 113|0x0000000087100000, 0x0000000087100000, 0x0000000087200000|  0%| F|  |TAMS 0x0000000087100000, 0x0000000087100000| Untracked 
| 114|0x0000000087200000, 0x0000000087200000, 0x0000000087300000|  0%| F|  |TAMS 0x0000000087200000, 0x0000000087200000| Untracked 
| 115|0x0000000087300000, 0x0000000087300000, 0x0000000087400000|  0%| F|  |TAMS 0x0000000087300000, 0x0000000087300000| Untracked 
| 116|0x0000000087400000, 0x0000000087400000, 0x0000000087500000|  0%| F|  |TAMS 0x0000000087400000, 0x0000000087400000| Untracked 
| 117|0x0000000087500000, 0x0000000087500000, 0x0000000087600000|  0%| F|  |TAMS 0x0000000087500000, 0x0000000087500000| Untracked 
| 118|0x0000000087600000, 0x0000000087600000, 0x0000000087700000|  0%| F|  |TAMS 0x0000000087600000, 0x0000000087600000| Untracked 
| 119|0x0000000087700000, 0x0000000087700000, 0x0000000087800000|  0%| F|  |TAMS 0x0000000087700000, 0x0000000087700000| Untracked 
| 120|0x0000000087800000, 0x0000000087800000, 0x0000000087900000|  0%| F|  |TAMS 0x0000000087800000, 0x0000000087800000| Untracked 
| 121|0x0000000087900000, 0x0000000087900000, 0x0000000087a00000|  0%| F|  |TAMS 0x0000000087900000, 0x0000000087900000| Untracked 
| 122|0x0000000087a00000, 0x0000000087a00000, 0x0000000087b00000|  0%| F|  |TAMS 0x0000000087a00000, 0x0000000087a00000| Untracked 
| 123|0x0000000087b00000, 0x0000000087b00000, 0x0000000087c00000|  0%| F|  |TAMS 0x0000000087b00000, 0x0000000087b00000| Untracked 
| 124|0x0000000087c00000, 0x0000000087c00000, 0x0000000087d00000|  0%| F|  |TAMS 0x0000000087c00000, 0x0000000087c00000| Untracked 
| 125|0x0000000087d00000, 0x0000000087d00000, 0x0000000087e00000|  0%| F|  |TAMS 0x0000000087d00000, 0x0000000087d00000| Untracked 
| 126|0x0000000087e00000, 0x0000000087e00000, 0x0000000087f00000|  0%| F|  |TAMS 0x0000000087e00000, 0x0000000087e00000| Untracked 
| 127|0x0000000087f00000, 0x0000000087f00000, 0x0000000088000000|  0%| F|  |TAMS 0x0000000087f00000, 0x0000000087f00000| Untracked 
| 128|0x0000000088000000, 0x0000000088000000, 0x0000000088100000|  0%| F|  |TAMS 0x0000000088000000, 0x0000000088000000| Untracked 
| 129|0x0000000088100000, 0x0000000088100000, 0x0000000088200000|  0%| F|  |TAMS 0x0000000088100000, 0x0000000088100000| Untracked 
| 130|0x0000000088200000, 0x0000000088200000, 0x0000000088300000|  0%| F|  |TAMS 0x0000000088200000, 0x0000000088200000| Untracked 
| 131|0x0000000088300000, 0x0000000088300000, 0x0000000088400000|  0%| F|  |TAMS 0x0000000088300000, 0x0000000088300000| Untracked 
| 132|0x0000000088400000, 0x0000000088500000, 0x0000000088500000|100%| E|  |TAMS 0x0000000088400000, 0x0000000088400000| Complete 
| 133|0x0000000088500000, 0x0000000088600000, 0x0000000088600000|100%| E|CS|TAMS 0x0000000088500000, 0x0000000088500000| Complete 
| 134|0x0000000088600000, 0x0000000088700000, 0x0000000088700000|100%| E|CS|TAMS 0x0000000088600000, 0x0000000088600000| Complete 
| 135|0x0000000088700000, 0x0000000088800000, 0x0000000088800000|100%| E|CS|TAMS 0x0000000088700000, 0x0000000088700000| Complete 
| 136|0x0000000088800000, 0x0000000088900000, 0x0000000088900000|100%| E|CS|TAMS 0x0000000088800000, 0x0000000088800000| Complete 
| 137|0x0000000088900000, 0x0000000088a00000, 0x0000000088a00000|100%| E|CS|TAMS 0x0000000088900000, 0x0000000088900000| Complete 
| 138|0x0000000088a00000, 0x0000000088b00000, 0x0000000088b00000|100%| E|CS|TAMS 0x0000000088a00000, 0x0000000088a00000| Complete 
| 139|0x0000000088b00000, 0x0000000088c00000, 0x0000000088c00000|100%| E|CS|TAMS 0x0000000088b00000, 0x0000000088b00000| Complete 
| 140|0x0000000088c00000, 0x0000000088d00000, 0x0000000088d00000|100%| E|CS|TAMS 0x0000000088c00000, 0x0000000088c00000| Complete 
| 141|0x0000000088d00000, 0x0000000088e00000, 0x0000000088e00000|100%| E|CS|TAMS 0x0000000088d00000, 0x0000000088d00000| Complete 
| 142|0x0000000088e00000, 0x0000000088f00000, 0x0000000088f00000|100%| E|CS|TAMS 0x0000000088e00000, 0x0000000088e00000| Complete 
| 143|0x0000000088f00000, 0x0000000089000000, 0x0000000089000000|100%| E|CS|TAMS 0x0000000088f00000, 0x0000000088f00000| Complete 
| 144|0x0000000089000000, 0x0000000089100000, 0x0000000089100000|100%| E|CS|TAMS 0x0000000089000000, 0x0000000089000000| Complete 
| 145|0x0000000089100000, 0x0000000089200000, 0x0000000089200000|100%| E|CS|TAMS 0x0000000089100000, 0x0000000089100000| Complete 
| 146|0x0000000089200000, 0x0000000089300000, 0x0000000089300000|100%| E|CS|TAMS 0x0000000089200000, 0x0000000089200000| Complete 
| 147|0x0000000089300000, 0x0000000089400000, 0x0000000089400000|100%| E|CS|TAMS 0x0000000089300000, 0x0000000089300000| Complete 
| 148|0x0000000089400000, 0x0000000089500000, 0x0000000089500000|100%| E|CS|TAMS 0x0000000089400000, 0x0000000089400000| Complete 
| 149|0x0000000089500000, 0x0000000089600000, 0x0000000089600000|100%| E|CS|TAMS 0x0000000089500000, 0x0000000089500000| Complete 
| 150|0x0000000089600000, 0x0000000089700000, 0x0000000089700000|100%| E|CS|TAMS 0x0000000089600000, 0x0000000089600000| Complete 
| 151|0x0000000089700000, 0x0000000089800000, 0x0000000089800000|100%| E|CS|TAMS 0x0000000089700000, 0x0000000089700000| Complete 
| 152|0x0000000089800000, 0x0000000089900000, 0x0000000089900000|100%| E|CS|TAMS 0x0000000089800000, 0x0000000089800000| Complete 
| 153|0x0000000089900000, 0x0000000089a00000, 0x0000000089a00000|100%| E|CS|TAMS 0x0000000089900000, 0x0000000089900000| Complete 
| 154|0x0000000089a00000, 0x0000000089b00000, 0x0000000089b00000|100%| E|CS|TAMS 0x0000000089a00000, 0x0000000089a00000| Complete 
| 155|0x0000000089b00000, 0x0000000089c00000, 0x0000000089c00000|100%| E|CS|TAMS 0x0000000089b00000, 0x0000000089b00000| Complete 
| 156|0x0000000089c00000, 0x0000000089d00000, 0x0000000089d00000|100%| E|CS|TAMS 0x0000000089c00000, 0x0000000089c00000| Complete 
| 157|0x0000000089d00000, 0x0000000089e00000, 0x0000000089e00000|100%| E|CS|TAMS 0x0000000089d00000, 0x0000000089d00000| Complete 
| 158|0x0000000089e00000, 0x0000000089f00000, 0x0000000089f00000|100%| E|CS|TAMS 0x0000000089e00000, 0x0000000089e00000| Complete 
| 159|0x0000000089f00000, 0x000000008a000000, 0x000000008a000000|100%| E|CS|TAMS 0x0000000089f00000, 0x0000000089f00000| Complete 
| 160|0x000000008a000000, 0x000000008a100000, 0x000000008a100000|100%| E|CS|TAMS 0x000000008a000000, 0x000000008a000000| Complete 
| 161|0x000000008a100000, 0x000000008a200000, 0x000000008a200000|100%| E|CS|TAMS 0x000000008a100000, 0x000000008a100000| Complete 
| 162|0x000000008a200000, 0x000000008a300000, 0x000000008a300000|100%| E|CS|TAMS 0x000000008a200000, 0x000000008a200000| Complete 
| 163|0x000000008a300000, 0x000000008a400000, 0x000000008a400000|100%| E|CS|TAMS 0x000000008a300000, 0x000000008a300000| Complete 
| 164|0x000000008a400000, 0x000000008a500000, 0x000000008a500000|100%| E|CS|TAMS 0x000000008a400000, 0x000000008a400000| Complete 
| 165|0x000000008a500000, 0x000000008a600000, 0x000000008a600000|100%| E|CS|TAMS 0x000000008a500000, 0x000000008a500000| Complete 
| 166|0x000000008a600000, 0x000000008a700000, 0x000000008a700000|100%| E|CS|TAMS 0x000000008a600000, 0x000000008a600000| Complete 
| 167|0x000000008a700000, 0x000000008a800000, 0x000000008a800000|100%| E|CS|TAMS 0x000000008a700000, 0x000000008a700000| Complete 

Card table byte_map: [0x000001d6713b0000,0x000001d6717b0000] _byte_map_base: 0x000001d670fb0000

Marking Bits (Prev, Next): (CMBitMap*) 0x000001d65c6c62d0, (CMBitMap*) 0x000001d65c6c6290
 Prev Bits: [0x000001d673bb0000, 0x000001d675bb0000)
 Next Bits: [0x000001d671bb0000, 0x000001d673bb0000)

Polling page: 0x000001d65c730000

Metaspace:

Usage:
  Non-class:     76.97 MB used.
      Class:     12.01 MB used.
       Both:     88.98 MB used.

Virtual space:
  Non-class space:       80.00 MB reserved,      77.31 MB ( 97%) committed,  10 nodes.
      Class space:        1.00 GB reserved,      12.31 MB (  1%) committed,  1 nodes.
             Both:        1.08 GB reserved,      89.62 MB (  8%) committed. 

Chunk freelists:
   Non-Class:  2.72 MB
       Class:  3.53 MB
        Both:  6.25 MB

MaxMetaspaceSize: unlimited
CompressedClassSpaceSize: 1.00 GB
Initial GC threshold: 21.00 MB
Current GC threshold: 108.44 MB
CDS: off
MetaspaceReclaimPolicy: balanced
 - commit_granule_bytes: 65536.
 - commit_granule_words: 8192.
 - virtual_space_node_default_size: 1048576.
 - enlarge_chunks_in_place: 1.
 - new_chunks_are_fully_committed: 0.
 - uncommit_free_chunks: 1.
 - use_allocation_guard: 0.
 - handle_deallocations: 1.


Internal statistics:

num_allocs_failed_limit: 6.
num_arena_births: 736.
num_arena_deaths: 0.
num_vsnodes_births: 11.
num_vsnodes_deaths: 0.
num_space_committed: 1434.
num_space_uncommitted: 0.
num_chunks_returned_to_freelist: 6.
num_chunks_taken_from_freelist: 3833.
num_chunk_merges: 6.
num_chunk_splits: 2597.
num_chunks_enlarged: 1797.
num_purges: 0.
num_inconsistent_stats: 0.

CodeHeap 'non-profiled nmethods': size=120000Kb used=5181Kb max_used=5181Kb free=114818Kb
 bounds [0x000001d668dd0000, 0x000001d6692e0000, 0x000001d670300000]
CodeHeap 'profiled nmethods': size=120000Kb used=15658Kb max_used=15658Kb free=104341Kb
 bounds [0x000001d661300000, 0x000001d662250000, 0x000001d668830000]
CodeHeap 'non-nmethods': size=5760Kb used=2416Kb max_used=2474Kb free=3343Kb
 bounds [0x000001d668830000, 0x000001d668ab0000, 0x000001d668dd0000]
 total_blobs=8905 nmethods=7950 adapters=867
 compilation: enabled
              stopped_count=0, restarted_count=0
 full_count=0

Compilation events (20 events):
Event: 22.038 Thread 0x000001d679469e90 8731       3       org.gradle.api.internal.tasks.DefaultTaskDependency$VisitBehavior::<init> (10 bytes)
Event: 22.038 Thread 0x000001d679469e90 nmethod 8731 0x000001d66223d010 code [0x000001d66223d1a0, 0x000001d66223d358]
Event: 22.040 Thread 0x000001d679469e90 8732       3       java.util.LinkedList::get (14 bytes)
Event: 22.040 Thread 0x000001d679469e90 nmethod 8732 0x000001d66223d410 code [0x000001d66223d5e0, 0x000001d66223d9c8]
Event: 22.040 Thread 0x000001d679469e90 8736  s    3       com.android.build.api.artifact.impl.TypedStorageProvider::getArtifact$gradle_core (80 bytes)
Event: 22.041 Thread 0x000001d679469e90 nmethod 8736 0x000001d66223db90 code [0x000001d66223de80, 0x000001d66223ef28]
Event: 22.041 Thread 0x000001d679469e90 8735       1       org.gradle.api.internal.artifacts.configurations.DefaultVariant::getName (5 bytes)
Event: 22.041 Thread 0x000001d679469e90 nmethod 8735 0x000001d6692dc310 code [0x000001d6692dc4a0, 0x000001d6692dc578]
Event: 22.041 Thread 0x000001d679469e90 8733       3       org.gradle.api.internal.artifacts.DefaultPublishArtifactSet::<init> (51 bytes)
Event: 22.042 Thread 0x000001d679469e90 nmethod 8733 0x000001d66223f510 code [0x000001d66223f7c0, 0x000001d662240788]
Event: 22.042 Thread 0x000001d679469e90 8734       3       org.gradle.api.internal.artifacts.DefaultPublishArtifactSet$$Lambda$549/0x000000010064c6b8::<init> (10 bytes)
Event: 22.042 Thread 0x000001d679469e90 nmethod 8734 0x000001d662240e10 code [0x000001d662240fa0, 0x000001d662241158]
Event: 22.043 Thread 0x000001d679469e90 8737       3       org.gradle.internal.ImmutableActionSet$SetWithManyActions::addAll (6 bytes)
Event: 22.043 Thread 0x000001d679469e90 nmethod 8737 0x000001d662241210 code [0x000001d662241420, 0x000001d662241b28]
Event: 22.046 Thread 0x000001d679469e90 8738       3       org.gradle.api.internal.project.DefaultProject::getExtensions (5 bytes)
Event: 22.046 Thread 0x000001d679469e90 nmethod 8738 0x000001d662241e10 code [0x000001d662241fc0, 0x000001d662242418]
Event: 22.046 Thread 0x000001d679469e90 8739       1       org.gradle.configuration.internal.UserCodeApplicationId::longValue (5 bytes)
Event: 22.046 Thread 0x000001d679469e90 nmethod 8739 0x000001d6692dc610 code [0x000001d6692dc7a0, 0x000001d6692dc878]
Event: 22.046 Thread 0x000001d679469e90 8740       1       org.jetbrains.kotlin.gradle.plugin.mpp.compilationImpl.KotlinCompilationImpl$Params::getSourceSets (5 bytes)
Event: 22.046 Thread 0x000001d679469e90 nmethod 8740 0x000001d6692dc910 code [0x000001d6692dcaa0, 0x000001d6692dcb78]

GC Heap History (20 events):
Event: 15.490 GC heap before
{Heap before GC invocations=26 (full 0):
 garbage-first heap   total 81920K, used 59389K [0x0000000080000000, 0x0000000100000000)
  region size 1024K, 4 young (4096K), 2 survivors (2048K)
 Metaspace       used 59933K, committed 60416K, reserved 1105920K
  class space    used 7866K, committed 8064K, reserved 1048576K
}
Event: 15.492 GC heap after
{Heap after GC invocations=27 (full 0):
 garbage-first heap   total 81920K, used 56792K [0x0000000080000000, 0x0000000100000000)
  region size 1024K, 1 young (1024K), 1 survivors (1024K)
 Metaspace       used 59933K, committed 60416K, reserved 1105920K
  class space    used 7866K, committed 8064K, reserved 1048576K
}
Event: 15.639 GC heap before
{Heap before GC invocations=27 (full 0):
 garbage-first heap   total 81920K, used 63960K [0x0000000080000000, 0x0000000100000000)
  region size 1024K, 8 young (8192K), 1 survivors (1024K)
 Metaspace       used 60812K, committed 61312K, reserved 1105920K
  class space    used 7997K, committed 8192K, reserved 1048576K
}
Event: 15.641 GC heap after
{Heap after GC invocations=28 (full 0):
 garbage-first heap   total 81920K, used 57011K [0x0000000080000000, 0x0000000100000000)
  region size 1024K, 1 young (1024K), 1 survivors (1024K)
 Metaspace       used 60812K, committed 61312K, reserved 1105920K
  class space    used 7997K, committed 8192K, reserved 1048576K
}
Event: 15.809 GC heap before
{Heap before GC invocations=29 (full 0):
 garbage-first heap   total 101376K, used 65203K [0x0000000080000000, 0x0000000100000000)
  region size 1024K, 9 young (9216K), 1 survivors (1024K)
 Metaspace       used 61950K, committed 62464K, reserved 1105920K
  class space    used 8168K, committed 8384K, reserved 1048576K
}
Event: 15.811 GC heap after
{Heap after GC invocations=30 (full 0):
 garbage-first heap   total 101376K, used 57289K [0x0000000080000000, 0x0000000100000000)
  region size 1024K, 1 young (1024K), 1 survivors (1024K)
 Metaspace       used 61950K, committed 62464K, reserved 1105920K
  class space    used 8168K, committed 8384K, reserved 1048576K
}
Event: 15.892 GC heap before
{Heap before GC invocations=30 (full 0):
 garbage-first heap   total 101376K, used 60361K [0x0000000080000000, 0x0000000100000000)
  region size 1024K, 4 young (4096K), 1 survivors (1024K)
 Metaspace       used 62379K, committed 62848K, reserved 1105920K
  class space    used 8219K, committed 8448K, reserved 1048576K
}
Event: 15.895 GC heap after
{Heap after GC invocations=31 (full 0):
 garbage-first heap   total 101376K, used 57241K [0x0000000080000000, 0x0000000100000000)
  region size 1024K, 1 young (1024K), 1 survivors (1024K)
 Metaspace       used 62379K, committed 62848K, reserved 1105920K
  class space    used 8219K, committed 8448K, reserved 1048576K
}
Event: 16.364 GC heap before
{Heap before GC invocations=31 (full 0):
 garbage-first heap   total 101376K, used 76697K [0x0000000080000000, 0x0000000100000000)
  region size 1024K, 20 young (20480K), 1 survivors (1024K)
 Metaspace       used 66014K, committed 66496K, reserved 1114112K
  class space    used 8618K, committed 8832K, reserved 1048576K
}
Event: 16.368 GC heap after
{Heap after GC invocations=32 (full 0):
 garbage-first heap   total 172032K, used 57841K [0x0000000080000000, 0x0000000100000000)
  region size 1024K, 2 young (2048K), 2 survivors (2048K)
 Metaspace       used 66014K, committed 66496K, reserved 1114112K
  class space    used 8618K, committed 8832K, reserved 1048576K
}
Event: 17.692 GC heap before
{Heap before GC invocations=33 (full 0):
 garbage-first heap   total 172032K, used 127473K [0x0000000080000000, 0x0000000100000000)
  region size 1024K, 64 young (65536K), 2 survivors (2048K)
 Metaspace       used 72389K, committed 72896K, reserved 1114112K
  class space    used 9486K, committed 9728K, reserved 1048576K
}
Event: 17.699 GC heap after
{Heap after GC invocations=34 (full 0):
 garbage-first heap   total 172032K, used 63310K [0x0000000080000000, 0x0000000100000000)
  region size 1024K, 7 young (7168K), 7 survivors (7168K)
 Metaspace       used 72389K, committed 72896K, reserved 1114112K
  class space    used 9486K, committed 9728K, reserved 1048576K
}
Event: 17.713 GC heap before
{Heap before GC invocations=34 (full 0):
 garbage-first heap   total 172032K, used 64334K [0x0000000080000000, 0x0000000100000000)
  region size 1024K, 8 young (8192K), 7 survivors (7168K)
 Metaspace       used 72394K, committed 72896K, reserved 1114112K
  class space    used 9486K, committed 9728K, reserved 1048576K
}
Event: 17.719 GC heap after
{Heap after GC invocations=35 (full 0):
 garbage-first heap   total 172032K, used 63976K [0x0000000080000000, 0x0000000100000000)
  region size 1024K, 1 young (1024K), 1 survivors (1024K)
 Metaspace       used 72394K, committed 72896K, reserved 1114112K
  class space    used 9486K, committed 9728K, reserved 1048576K
}
Event: 18.976 GC heap before
{Heap before GC invocations=35 (full 0):
 garbage-first heap   total 172032K, used 128488K [0x0000000080000000, 0x0000000100000000)
  region size 1024K, 63 young (64512K), 1 survivors (1024K)
 Metaspace       used 77964K, committed 78656K, reserved 1122304K
  class space    used 10241K, committed 10560K, reserved 1048576K
}
Event: 18.981 GC heap after
{Heap after GC invocations=36 (full 0):
 garbage-first heap   total 172032K, used 67995K [0x0000000080000000, 0x0000000100000000)
  region size 1024K, 5 young (5120K), 5 survivors (5120K)
 Metaspace       used 77964K, committed 78656K, reserved 1122304K
  class space    used 10241K, committed 10560K, reserved 1048576K
}
Event: 19.861 GC heap before
{Heap before GC invocations=36 (full 0):
 garbage-first heap   total 172032K, used 131483K [0x0000000080000000, 0x0000000100000000)
  region size 1024K, 67 young (68608K), 5 survivors (5120K)
 Metaspace       used 80762K, committed 81408K, reserved 1122304K
  class space    used 10637K, committed 10944K, reserved 1048576K
}
Event: 19.868 GC heap after
{Heap after GC invocations=37 (full 0):
 garbage-first heap   total 172032K, used 72960K [0x0000000080000000, 0x0000000100000000)
  region size 1024K, 5 young (5120K), 5 survivors (5120K)
 Metaspace       used 80762K, committed 81408K, reserved 1122304K
  class space    used 10637K, committed 10944K, reserved 1048576K
}
Event: 21.513 GC heap before
{Heap before GC invocations=37 (full 0):
 garbage-first heap   total 172032K, used 134400K [0x0000000080000000, 0x0000000100000000)
  region size 1024K, 65 young (66560K), 5 survivors (5120K)
 Metaspace       used 88390K, committed 88960K, reserved 1130496K
  class space    used 11894K, committed 12160K, reserved 1048576K
}
Event: 21.518 GC heap after
{Heap after GC invocations=38 (full 0):
 garbage-first heap   total 172032K, used 76912K [0x0000000080000000, 0x0000000100000000)
  region size 1024K, 4 young (4096K), 4 survivors (4096K)
 Metaspace       used 88390K, committed 88960K, reserved 1130496K
  class space    used 11894K, committed 12160K, reserved 1048576K
}

Dll operation events (2 events):
Event: 0.007 Loaded shared library C:\Program Files\Android\Android Studio\jbr\bin\java.dll
Event: 0.413 Loaded shared library C:\Program Files\Android\Android Studio\jbr\bin\verify.dll

Deoptimization events (20 events):
Event: 21.507 Thread 0x000001d67a8939e0 Uncommon trap: trap_request=0xffffffde fr.pc=0x000001d6692b2178 relative=0x0000000000000498
Event: 21.507 Thread 0x000001d67a8939e0 Uncommon trap: reason=class_check action=maybe_recompile pc=0x000001d6692b2178 method=kotlin.reflect.jvm.internal.impl.protobuf.CodedInputStream.tryRefillBuffer(I)Z @ 175 c2
Event: 21.507 Thread 0x000001d67a8939e0 DEOPT PACKING pc=0x000001d6692b2178 sp=0x000000043b2f6ff0
Event: 21.507 Thread 0x000001d67a8939e0 DEOPT UNPACKING pc=0x000001d6688869a3 sp=0x000000043b2f6ed8 mode 2
Event: 21.511 Thread 0x000001d67a8939e0 Uncommon trap: trap_request=0xffffffde fr.pc=0x000001d6692b2178 relative=0x0000000000000498
Event: 21.511 Thread 0x000001d67a8939e0 Uncommon trap: reason=class_check action=maybe_recompile pc=0x000001d6692b2178 method=kotlin.reflect.jvm.internal.impl.protobuf.CodedInputStream.tryRefillBuffer(I)Z @ 175 c2
Event: 21.511 Thread 0x000001d67a8939e0 DEOPT PACKING pc=0x000001d6692b2178 sp=0x000000043b2f6ff0
Event: 21.511 Thread 0x000001d67a8939e0 DEOPT UNPACKING pc=0x000001d6688869a3 sp=0x000000043b2f6ed8 mode 2
Event: 21.512 Thread 0x000001d67a8939e0 Uncommon trap: trap_request=0xffffffde fr.pc=0x000001d6692b2178 relative=0x0000000000000498
Event: 21.512 Thread 0x000001d67a8939e0 Uncommon trap: reason=class_check action=maybe_recompile pc=0x000001d6692b2178 method=kotlin.reflect.jvm.internal.impl.protobuf.CodedInputStream.tryRefillBuffer(I)Z @ 175 c2
Event: 21.512 Thread 0x000001d67a8939e0 DEOPT PACKING pc=0x000001d6692b2178 sp=0x000000043b2f70e0
Event: 21.512 Thread 0x000001d67a8939e0 DEOPT UNPACKING pc=0x000001d6688869a3 sp=0x000000043b2f6fc8 mode 2
Event: 21.519 Thread 0x000001d67a8939e0 Uncommon trap: trap_request=0xffffffde fr.pc=0x000001d6692b2178 relative=0x0000000000000498
Event: 21.519 Thread 0x000001d67a8939e0 Uncommon trap: reason=class_check action=maybe_recompile pc=0x000001d6692b2178 method=kotlin.reflect.jvm.internal.impl.protobuf.CodedInputStream.tryRefillBuffer(I)Z @ 175 c2
Event: 21.519 Thread 0x000001d67a8939e0 DEOPT PACKING pc=0x000001d6692b2178 sp=0x000000043b2f70e0
Event: 21.519 Thread 0x000001d67a8939e0 DEOPT UNPACKING pc=0x000001d6688869a3 sp=0x000000043b2f6fc8 mode 2
Event: 21.896 Thread 0x000001d67a8939e0 Uncommon trap: trap_request=0xffffff45 fr.pc=0x000001d66921aa44 relative=0x0000000000000444
Event: 21.896 Thread 0x000001d67a8939e0 Uncommon trap: reason=unstable_if action=reinterpret pc=0x000001d66921aa44 method=groovy.lang.MetaClassImpl.filterPropertyMethod(Ljava/lang/Object;ZZ)Ljava/lang/Object; @ 153 c2
Event: 21.896 Thread 0x000001d67a8939e0 DEOPT PACKING pc=0x000001d66921aa44 sp=0x000000043b2f6880
Event: 21.896 Thread 0x000001d67a8939e0 DEOPT UNPACKING pc=0x000001d6688869a3 sp=0x000000043b2f67e0 mode 2

Classes unloaded (0 events):
No events

Classes redefined (0 events):
No events

Internal exceptions (20 events):
Event: 21.892 Thread 0x000001d67a8939e0 Exception <a 'java/lang/ClassNotFoundException'{0x00000000895bbeb0}: com/google/gms/googleservices/GoogleServicesTaskCustomizer> (0x00000000895bbeb0) 
thrown [s\src\hotspot\share\classfile\systemDictionary.cpp, line 256]
Event: 21.899 Thread 0x000001d67a8939e0 Exception <a 'java/lang/NoSuchMethodError'{0x00000000895ec810}: 'long java.lang.invoke.DirectMethodHandle$Holder.invokeStatic(java.lang.Object, java.lang.Object)'> (0x00000000895ec810) 
thrown [s\src\hotspot\share\interpreter\linkResolver.cpp, line 771]
Event: 21.906 Thread 0x000001d67a8939e0 Exception <a 'java/lang/ClassNotFoundException'{0x000000008930bc98}: java/lang/StringBeanInfo> (0x000000008930bc98) 
thrown [s\src\hotspot\share\classfile\systemDictionary.cpp, line 256]
Event: 21.907 Thread 0x000001d67a8939e0 Exception <a 'java/lang/ClassNotFoundException'{0x0000000089312f78}: java/lang/StringCustomizer> (0x0000000089312f78) 
thrown [s\src\hotspot\share\classfile\systemDictionary.cpp, line 256]
Event: 21.921 Thread 0x000001d67a8939e0 Exception <a 'java/lang/ClassNotFoundException'{0x00000000890769b8}: org/gradle/api/internal/tasks/DefaultTaskContainer_DecoratedBeanInfo> (0x00000000890769b8) 
thrown [s\src\hotspot\share\classfile\systemDictionary.cpp, line 256]
Event: 21.922 Thread 0x000001d67a8939e0 Exception <a 'java/lang/ClassNotFoundException'{0x0000000089083ea8}: org/gradle/api/internal/tasks/DefaultTaskContainerBeanInfo> (0x0000000089083ea8) 
thrown [s\src\hotspot\share\classfile\systemDictionary.cpp, line 256]
Event: 21.922 Thread 0x000001d67a8939e0 Exception <a 'java/lang/ClassNotFoundException'{0x0000000089091170}: org/gradle/api/internal/tasks/DefaultTaskCollectionBeanInfo> (0x0000000089091170) 
thrown [s\src\hotspot\share\classfile\systemDictionary.cpp, line 256]
Event: 21.923 Thread 0x000001d67a8939e0 Exception <a 'java/lang/ClassNotFoundException'{0x000000008909e408}: org/gradle/api/internal/tasks/DefaultTaskCollectionCustomizer> (0x000000008909e408) 
thrown [s\src\hotspot\share\classfile\systemDictionary.cpp, line 256]
Event: 21.926 Thread 0x000001d67a8939e0 Exception <a 'java/lang/ClassNotFoundException'{0x00000000890d8f88}: org/gradle/api/internal/tasks/DefaultTaskContainerCustomizer> (0x00000000890d8f88) 
thrown [s\src\hotspot\share\classfile\systemDictionary.cpp, line 256]
Event: 21.930 Thread 0x000001d67a8939e0 Exception <a 'java/lang/ClassNotFoundException'{0x0000000088f38190}: org/gradle/api/internal/tasks/DefaultTaskContainer_DecoratedCustomizer> (0x0000000088f38190) 
thrown [s\src\hotspot\share\classfile\systemDictionary.cpp, line 256]
Event: 21.942 Thread 0x000001d67a8939e0 Exception <a 'java/lang/ClassNotFoundException'{0x0000000088e925f8}: java/util/Collections$SingletonListBeanInfo> (0x0000000088e925f8) 
thrown [s\src\hotspot\share\classfile\systemDictionary.cpp, line 256]
Event: 21.943 Thread 0x000001d67a8939e0 Exception <a 'java/lang/ClassNotFoundException'{0x0000000088e999c0}: java/util/Collections$SingletonListCustomizer> (0x0000000088e999c0) 
thrown [s\src\hotspot\share\classfile\systemDictionary.cpp, line 256]
Event: 21.951 Thread 0x000001d67a8939e0 Exception <a 'java/lang/ClassNotFoundException'{0x0000000088d1ce60}: org/gradle/api/internal/tasks/DefaultTaskContainer$TaskCreatingProvider_DecoratedBeanInfo> (0x0000000088d1ce60) 
thrown [s\src\hotspot\share\classfile\systemDictionary.cpp, line 256]
Event: 21.952 Thread 0x000001d67a8939e0 Exception <a 'java/lang/ClassNotFoundException'{0x0000000088d2a3a8}: org/gradle/api/internal/tasks/DefaultTaskContainer$TaskCreatingProviderBeanInfo> (0x0000000088d2a3a8) 
thrown [s\src\hotspot\share\classfile\systemDictionary.cpp, line 256]
Event: 21.952 Thread 0x000001d67a8939e0 Exception <a 'java/lang/ClassNotFoundException'{0x0000000088d37a48}: org/gradle/api/internal/DefaultNamedDomainObjectCollection$AbstractDomainObjectCreatingProviderBeanInfo> (0x0000000088d37a48) 
thrown [s\src\hotspot\share\classfile\systemDictionary.cpp, line 256]
Event: 21.953 Thread 0x000001d67a8939e0 Exception <a 'java/lang/ClassNotFoundException'{0x0000000088d45080}: org/gradle/api/internal/DefaultNamedDomainObjectCollection$AbstractNamedDomainObjectProviderBeanInfo> (0x0000000088d45080) 
thrown [s\src\hotspot\share\classfile\systemDictionary.cpp, line 256]
Event: 21.954 Thread 0x000001d67a8939e0 Exception <a 'java/lang/ClassNotFoundException'{0x0000000088d52688}: org/gradle/api/internal/DefaultNamedDomainObjectCollection$AbstractNamedDomainObjectProviderCustomizer> (0x0000000088d52688) 
thrown [s\src\hotspot\share\classfile\systemDictionary.cpp, line 256]
Event: 21.955 Thread 0x000001d67a8939e0 Exception <a 'java/lang/ClassNotFoundException'{0x0000000088d73030}: org/gradle/api/internal/DefaultNamedDomainObjectCollection$AbstractDomainObjectCreatingProviderCustomizer> (0x0000000088d73030) 
thrown [s\src\hotspot\share\classfile\systemDictionary.cpp, line 256]
Event: 21.957 Thread 0x000001d67a8939e0 Exception <a 'java/lang/ClassNotFoundException'{0x0000000088d8b688}: org/gradle/api/internal/tasks/DefaultTaskContainer$TaskCreatingProviderCustomizer> (0x0000000088d8b688) 
thrown [s\src\hotspot\share\classfile\systemDictionary.cpp, line 256]
Event: 21.958 Thread 0x000001d67a8939e0 Exception <a 'java/lang/ClassNotFoundException'{0x0000000088da0410}: org/gradle/api/internal/tasks/DefaultTaskContainer$TaskCreatingProvider_DecoratedCustomizer> (0x0000000088da0410) 
thrown [s\src\hotspot\share\classfile\systemDictionary.cpp, line 256]

VM Operations (20 events):
Event: 17.713 Executing VM operation: G1CollectForAllocation
Event: 17.719 Executing VM operation: G1CollectForAllocation done
Event: 18.222 Executing VM operation: HandshakeAllThreads
Event: 18.222 Executing VM operation: HandshakeAllThreads done
Event: 18.489 Executing VM operation: ICBufferFull
Event: 18.490 Executing VM operation: ICBufferFull done
Event: 18.505 Executing VM operation: HandshakeAllThreads
Event: 18.505 Executing VM operation: HandshakeAllThreads done
Event: 18.845 Executing VM operation: HandshakeAllThreads
Event: 18.845 Executing VM operation: HandshakeAllThreads done
Event: 18.975 Executing VM operation: G1CollectForAllocation
Event: 18.981 Executing VM operation: G1CollectForAllocation done
Event: 19.377 Executing VM operation: HandshakeAllThreads
Event: 19.378 Executing VM operation: HandshakeAllThreads done
Event: 19.861 Executing VM operation: G1CollectForAllocation
Event: 19.868 Executing VM operation: G1CollectForAllocation done
Event: 20.882 Executing VM operation: Cleanup
Event: 20.883 Executing VM operation: Cleanup done
Event: 21.513 Executing VM operation: G1CollectForAllocation
Event: 21.519 Executing VM operation: G1CollectForAllocation done

Events (20 events):
Event: 21.902 loading class java/util/stream/ReduceOps$CountingSink done
Event: 21.902 loading class java/util/stream/ReduceOps$CountingSink$OfInt done
Event: 21.905 loading class java/lang/StringBeanInfo
Event: 21.905 loading class java/lang/StringBeanInfo done
Event: 21.906 loading class java/lang/StringBeanInfo
Event: 21.906 loading class java/lang/StringBeanInfo done
Event: 21.907 loading class java/lang/StringCustomizer
Event: 21.907 loading class java/lang/StringCustomizer done
Event: 21.907 loading class java/lang/StringCustomizer
Event: 21.907 loading class java/lang/StringCustomizer done
Event: 21.942 loading class java/util/Collections$SingletonListBeanInfo
Event: 21.942 loading class java/util/Collections$SingletonListBeanInfo done
Event: 21.942 loading class java/util/Collections$SingletonListBeanInfo
Event: 21.942 loading class java/util/Collections$SingletonListBeanInfo done
Event: 21.942 loading class java/util/Collections$SingletonListCustomizer
Event: 21.942 loading class java/util/Collections$SingletonListCustomizer done
Event: 21.943 loading class java/util/Collections$SingletonListCustomizer
Event: 21.943 loading class java/util/Collections$SingletonListCustomizer done
Event: 22.002 loading class java/io/CharArrayWriter
Event: 22.003 loading class java/io/CharArrayWriter done


Dynamic libraries:
0x00007ff7a9d90000 - 0x00007ff7a9d9a000 	C:\Program Files\Android\Android Studio\jbr\bin\java.exe
0x00007ffe94b10000 - 0x00007ffe94d24000 	C:\WINDOWS\SYSTEM32\ntdll.dll
0x00007ffe94600000 - 0x00007ffe946c2000 	C:\WINDOWS\System32\KERNEL32.DLL
0x00007ffe92190000 - 0x00007ffe92533000 	C:\WINDOWS\System32\KERNELBASE.dll
0x00007ffe925e0000 - 0x00007ffe926f1000 	C:\WINDOWS\System32\ucrtbase.dll
0x00007ffe2bec0000 - 0x00007ffe2bed7000 	C:\Program Files\Android\Android Studio\jbr\bin\jli.dll
0x00007ffe2e810000 - 0x00007ffe2e82b000 	C:\Program Files\Android\Android Studio\jbr\bin\VCRUNTIME140.dll
0x00007ffe947d0000 - 0x00007ffe9497b000 	C:\WINDOWS\System32\USER32.dll
0x00007ffe91f30000 - 0x00007ffe91f56000 	C:\WINDOWS\System32\win32u.dll
0x00007ffe93840000 - 0x00007ffe93869000 	C:\WINDOWS\System32\GDI32.dll
0x00007ffe92770000 - 0x00007ffe92888000 	C:\WINDOWS\System32\gdi32full.dll
0x00007ffe78310000 - 0x00007ffe7859e000 	C:\WINDOWS\WinSxS\amd64_microsoft.windows.common-controls_6595b64144ccf1df_6.0.22621.1635_none_270f70857386168e\COMCTL32.dll
0x00007ffe93230000 - 0x00007ffe932d7000 	C:\WINDOWS\System32\msvcrt.dll
0x00007ffe92540000 - 0x00007ffe925da000 	C:\WINDOWS\System32\msvcp_win.dll
0x00007ffe94a90000 - 0x00007ffe94ac1000 	C:\WINDOWS\System32\IMM32.DLL
0x00007ffe6b330000 - 0x00007ffe6b33c000 	C:\Program Files\Android\Android Studio\jbr\bin\vcruntime140_1.dll
0x00007ffe20de0000 - 0x00007ffe20e6d000 	C:\Program Files\Android\Android Studio\jbr\bin\msvcp140.dll
0x00007ffe2a070000 - 0x00007ffe2acdd000 	C:\Program Files\Android\Android Studio\jbr\bin\server\jvm.dll
0x00007ffe949e0000 - 0x00007ffe94a8e000 	C:\WINDOWS\System32\ADVAPI32.dll
0x00007ffe94550000 - 0x00007ffe945f4000 	C:\WINDOWS\System32\sechost.dll
0x00007ffe940f0000 - 0x00007ffe94207000 	C:\WINDOWS\System32\RPCRT4.dll
0x00007ffe8b780000 - 0x00007ffe8b7b4000 	C:\WINDOWS\SYSTEM32\WINMM.dll
0x00007ffe7aae0000 - 0x00007ffe7aae9000 	C:\WINDOWS\SYSTEM32\WSOCK32.dll
0x00007ffe892b0000 - 0x00007ffe892ba000 	C:\WINDOWS\SYSTEM32\VERSION.dll
0x00007ffe93870000 - 0x00007ffe938e1000 	C:\WINDOWS\System32\WS2_32.dll
0x00007ffe90f50000 - 0x00007ffe90f68000 	C:\WINDOWS\SYSTEM32\kernel.appcore.dll
0x00007ffe782d0000 - 0x00007ffe782da000 	C:\Program Files\Android\Android Studio\jbr\bin\jimage.dll
0x00007ffe8f9b0000 - 0x00007ffe8fbde000 	C:\WINDOWS\SYSTEM32\DBGHELP.DLL
0x00007ffe932e0000 - 0x00007ffe93669000 	C:\WINDOWS\System32\combase.dll
0x00007ffe92ea0000 - 0x00007ffe92f77000 	C:\WINDOWS\System32\OLEAUT32.dll
0x00007ffe81540000 - 0x00007ffe81572000 	C:\WINDOWS\SYSTEM32\dbgcore.DLL
0x00007ffe92890000 - 0x00007ffe9290b000 	C:\WINDOWS\System32\bcryptPrimitives.dll
0x00007ffe6e180000 - 0x00007ffe6e1a5000 	C:\Program Files\Android\Android Studio\jbr\bin\java.dll
0x00007ffe6b790000 - 0x00007ffe6b7a8000 	C:\Program Files\Android\Android Studio\jbr\bin\zip.dll
0x00007ffe938f0000 - 0x00007ffe940ea000 	C:\WINDOWS\System32\SHELL32.dll
0x00007ffe8fee0000 - 0x00007ffe907ae000 	C:\WINDOWS\SYSTEM32\windows.storage.dll
0x00007ffe8fda0000 - 0x00007ffe8fede000 	C:\WINDOWS\SYSTEM32\wintypes.dll
0x00007ffe946d0000 - 0x00007ffe947c1000 	C:\WINDOWS\System32\SHCORE.dll
0x00007ffe93030000 - 0x00007ffe9308e000 	C:\WINDOWS\System32\shlwapi.dll
0x00007ffe91e60000 - 0x00007ffe91e81000 	C:\WINDOWS\SYSTEM32\profapi.dll
0x00007ffe6afd0000 - 0x00007ffe6afe9000 	C:\Program Files\Android\Android Studio\jbr\bin\net.dll
0x00007ffe8b640000 - 0x00007ffe8b777000 	C:\WINDOWS\SYSTEM32\WINHTTP.dll
0x00007ffe913f0000 - 0x00007ffe91459000 	C:\WINDOWS\system32\mswsock.dll
0x00007ffe68f50000 - 0x00007ffe68f66000 	C:\Program Files\Android\Android Studio\jbr\bin\nio.dll
0x00007ffe775f0000 - 0x00007ffe77600000 	C:\Program Files\Android\Android Studio\jbr\bin\verify.dll
0x00007ffe6b340000 - 0x00007ffe6b367000 	C:\Users\panji\.gradle\native\68d5fa5c4cc2d200863cafc0d521ce42e7d3e7ee720ec0a83991735586a16f82\windows-amd64\native-platform.dll
0x00007ffe1ce30000 - 0x00007ffe1cf74000 	C:\Users\panji\.gradle\native\e376f236ea51e6404a007f0833ffe2c6e607c4080706a723a18a27aeea778392\windows-amd64\native-platform-file-events.dll
0x00007ffe77fa0000 - 0x00007ffe77fa9000 	C:\Program Files\Android\Android Studio\jbr\bin\management.dll
0x00007ffe77b20000 - 0x00007ffe77b2b000 	C:\Program Files\Android\Android Studio\jbr\bin\management_ext.dll
0x00007ffe94540000 - 0x00007ffe94548000 	C:\WINDOWS\System32\PSAPI.DLL
0x00007ffe91650000 - 0x00007ffe9166b000 	C:\WINDOWS\SYSTEM32\CRYPTSP.dll
0x00007ffe90ec0000 - 0x00007ffe90ef5000 	C:\WINDOWS\system32\rsaenh.dll
0x00007ffe914f0000 - 0x00007ffe91518000 	C:\WINDOWS\SYSTEM32\USERENV.dll
0x00007ffe917f0000 - 0x00007ffe91818000 	C:\WINDOWS\SYSTEM32\bcrypt.dll
0x00007ffe91670000 - 0x00007ffe9167c000 	C:\WINDOWS\SYSTEM32\CRYPTBASE.dll
0x00007ffe90a50000 - 0x00007ffe90a7d000 	C:\WINDOWS\SYSTEM32\IPHLPAPI.DLL
0x00007ffe93670000 - 0x00007ffe93679000 	C:\WINDOWS\System32\NSI.dll
0x00007ffe8b620000 - 0x00007ffe8b639000 	C:\WINDOWS\SYSTEM32\dhcpcsvc6.DLL
0x00007ffe8b600000 - 0x00007ffe8b61f000 	C:\WINDOWS\SYSTEM32\dhcpcsvc.DLL
0x00007ffe90a80000 - 0x00007ffe90b73000 	C:\WINDOWS\SYSTEM32\DNSAPI.dll
0x00007ffe6f700000 - 0x00007ffe6f708000 	C:\WINDOWS\system32\wshunix.dll
0x00007ffe88f90000 - 0x00007ffe88f9a000 	C:\Windows\System32\rasadhlp.dll
0x00007ffe89360000 - 0x00007ffe893e4000 	C:\WINDOWS\System32\fwpuclnt.dll

dbghelp: loaded successfully - version: 4.0.5 - missing functions: none
symbol engine: initialized successfully - sym options: 0x614 - pdb path: .;C:\Program Files\Android\Android Studio\jbr\bin;C:\WINDOWS\SYSTEM32;C:\WINDOWS\WinSxS\amd64_microsoft.windows.common-controls_6595b64144ccf1df_6.0.22621.1635_none_270f70857386168e;C:\Program Files\Android\Android Studio\jbr\bin\server;C:\Users\panji\.gradle\native\68d5fa5c4cc2d200863cafc0d521ce42e7d3e7ee720ec0a83991735586a16f82\windows-amd64;C:\Users\panji\.gradle\native\e376f236ea51e6404a007f0833ffe2c6e607c4080706a723a18a27aeea778392\windows-amd64

VM Arguments:
jvm_args: --add-opens=java.base/java.util=ALL-UNNAMED --add-opens=java.base/java.lang=ALL-UNNAMED --add-opens=java.base/java.lang.invoke=ALL-UNNAMED --add-opens=java.prefs/java.util.prefs=ALL-UNNAMED --add-opens=java.base/java.nio.charset=ALL-UNNAMED --add-opens=java.base/java.net=ALL-UNNAMED --add-opens=java.base/java.util.concurrent.atomic=ALL-UNNAMED -Xmx2048m -Dfile.encoding=UTF-8 -Duser.country=US -Duser.language=en -Duser.variant 
java_command: org.gradle.launcher.daemon.bootstrap.GradleDaemon 8.0
java_class_path (initial): C:\Users\panji\.gradle\wrapper\dists\gradle-8.0-bin\ca5e32bp14vu59qr306oxotwh\gradle-8.0\lib\gradle-launcher-8.0.jar
Launcher Type: SUN_STANDARD

[Global flags]
     intx CICompilerCount                          = 4                                         {product} {ergonomic}
     uint ConcGCThreads                            = 3                                         {product} {ergonomic}
     uint G1ConcRefinementThreads                  = 10                                        {product} {ergonomic}
   size_t G1HeapRegionSize                         = 1048576                                   {product} {ergonomic}
    uintx GCDrainStackTargetSize                   = 64                                        {product} {ergonomic}
   size_t InitialHeapSize                          = 165675008                                 {product} {ergonomic}
   size_t MarkStackSize                            = 4194304                                   {product} {ergonomic}
   size_t MaxHeapSize                              = 2147483648                                {product} {command line}
   size_t MaxNewSize                               = 1287651328                                {product} {ergonomic}
   size_t MinHeapDeltaBytes                        = 1048576                                   {product} {ergonomic}
   size_t MinHeapSize                              = 8388608                                   {product} {ergonomic}
    uintx NonNMethodCodeHeapSize                   = 5839372                                {pd product} {ergonomic}
    uintx NonProfiledCodeHeapSize                  = 122909434                              {pd product} {ergonomic}
    uintx ProfiledCodeHeapSize                     = 122909434                              {pd product} {ergonomic}
    uintx ReservedCodeCacheSize                    = 251658240                              {pd product} {ergonomic}
     bool SegmentedCodeCache                       = true                                      {product} {ergonomic}
   size_t SoftMaxHeapSize                          = 2147483648                             {manageable} {ergonomic}
     bool UseCompressedClassPointers               = true                           {product lp64_product} {ergonomic}
     bool UseCompressedOops                        = true                           {product lp64_product} {ergonomic}
     bool UseG1GC                                  = true                                      {product} {ergonomic}
     bool UseLargePagesIndividualAllocation        = false                                  {pd product} {ergonomic}

Logging:
Log output configuration:
 #0: stdout all=warning uptime,level,tags
 #1: stderr all=off uptime,level,tags

Environment Variables:
PATH=C:\Program Files\Oculus\Support\oculus-runtime;C:\Program Files\Microsoft\jdk-11.0.12.7-hotspot\bin;C:\Python311\Scripts\;C:\Python311\;C:\Program Files\Common Files\Oracle\Java\javapath;C:\Program Files (x86)\Common Files\Intel\Shared Libraries\redist\intel64\compiler;C:\WINDOWS\system32;C:\WINDOWS;C:\WINDOWS\System32\Wbem;C:\WINDOWS\System32\WindowsPowerShell\v1.0\;C:\WINDOWS\System32\OpenSSH\;C:\Program Files\Git\cmd;E:\xampp\php;C:\ProgramData\ComposerSetup\bin;C:\Program Files\nodejs\;C:\ProgramData\chocolatey\bin;C:\Program Files\dotnet\;C:\Users\panji\Downloads\Compressed\mongosh-1.6.1-win32-x64\bin;C:\Program Files\Microsoft SQL Server\150\Tools\Binn\;C:\Program Files\Microsoft SQL Server\Client SDK\ODBC\170\Tools\Binn\;C:\Users\panji\AppData\Local\Microsoft\WindowsApps;C:\Users\panji\AppData\Local\Programs\Microsoft VS Code\bin;C:\Program Files\JetBrains\IntelliJ IDEA Community Edition 2022.2.3\bin;;C:\Users\panji\AppData\Local\GitHubDesktop\bin;C:\Users\panji\AppData\Roaming\Composer\vendor\bin;C:\Users\panji\AppData\Roaming\npm;C:\Program Files\JetBrains\PhpStorm 2022.3\bin;;C:\src\flutter\bin;C:\Users\panji\.dotnet\tools;C:\tools\dart-sdk\bin;C:\Users\panji\AppData\Roaming\Pub\Cache\bin;
USERNAME=panji
OS=Windows_NT
PROCESSOR_IDENTIFIER=AMD64 Family 23 Model 104 Stepping 1, AuthenticAMD
TMP=C:\Users\panji\AppData\Local\Temp
TEMP=C:\Users\panji\AppData\Local\Temp



---------------  S Y S T E M  ---------------

OS:
 Windows 11 , 64 bit Build 22621 (10.0.22621.1635)
OS uptime: 0 days 0:27 hours
Hyper-V role detected

CPU: total 12 (initial active 12) (12 cores per cpu, 2 threads per core) family 23 model 104 stepping 1 microcode 0x0, cx8, cmov, fxsr, ht, mmx, 3dnowpref, sse, sse2, sse3, ssse3, sse4a, sse4.1, sse4.2, popcnt, lzcnt, tsc, tscinvbit, avx, avx2, aes, clmul, bmi1, bmi2, adx, sha, fma, vzeroupper, clflush, clflushopt, hv

Memory: 4k page, system-wide physical 10085M (649M free)
TotalPageFile size 12133M (AvailPageFile size 374M)
current process WorkingSet (physical memory assigned to process): 417M, peak: 417M
current process commit charge ("private bytes"): 471M, peak: 471M

vm_info: OpenJDK 64-Bit Server VM (17.0.6+0-b2043.56-9586694) for windows-amd64 JRE (17.0.6+0-b2043.56-9586694), built on Feb  9 2023 20:06:20 by "androidbuild" with MS VC++ 16.10 / 16.11 (VS2019)

END.
