#
# There is insufficient memory for the Java Runtime Environment to continue.
# Native memory allocation (mmap) failed to map 123731968 bytes for G1 virtual space
# Possible reasons:
#   The system is out of physical RAM or swap space
#   The process is running with CompressedOops enabled, and the Java Heap may be blocking the growth of the native heap
# Possible solutions:
#   Reduce memory load on the system
#   Increase physical memory or swap space
#   Check if swap backing store is full
#   Decrease Java heap size (-Xmx/-Xms)
#   Decrease number of Java threads
#   Decrease Java thread stack sizes (-Xss)
#   Set larger code cache with -XX:ReservedCodeCacheSize=
#   JVM is running with Zero Based Compressed Oops mode in which the Java heap is
#     placed in the first 32GB address space. The Java Heap base address is the
#     maximum limit for the native heap growth. Please use -XX:HeapBaseMinAddress
#     to set the Java Heap base and to place the Java Heap above 32GB virtual address.
# This output file may be truncated or incomplete.
#
#  Out of Memory Error (os_windows.cpp:3769), pid=15656, tid=8268
#
# JRE version: OpenJDK Runtime Environment (17.0.6) (build 17.0.6+0-b2043.56-9586694)
# Java VM: OpenJDK 64-Bit Server VM (17.0.6+0-b2043.56-9586694, mixed mode, tiered, compressed oops, compressed class ptrs, g1 gc, windows-amd64)
# No core dump will be written. Minidumps are not enabled by default on client versions of Windows
#

---------------  S U M M A R Y ------------

Command Line: org.jetbrains.kotlin.cli.jvm.K2JVMCompiler @E:\Tugas\Kuliah\PEMBELAJARAN\SMT4\PT2\Project\Animalie\app\build\20230523_6081626982159717517.compiler.options

Host: AMD Ryzen 5 5500U with Radeon Graphics         , 12 cores, 9G,  Windows 11 , 64 bit Build 22621 (10.0.22621.1635)
Time: Tue May 23 15:27:35 2023 SE Asia Standard Time elapsed time: 14.607716 seconds (0d 0h 0m 14s)

---------------  T H R E A D  ---------------

Current thread (0x00000250237487f0):  VMThread "VM Thread" [stack: 0x000000a28c100000,0x000000a28c200000] [id=8268]

Stack: [0x000000a28c100000,0x000000a28c200000]
Native frames: (J=compiled Java code, j=interpreted, Vv=VM code, C=native code)
V  [jvm.dll+0x683b4a]
V  [jvm.dll+0x842654]
V  [jvm.dll+0x843dfe]
V  [jvm.dll+0x844463]
V  [jvm.dll+0x249b75]
V  [jvm.dll+0x680a19]
V  [jvm.dll+0x674f0a]
V  [jvm.dll+0x309acb]
V  [jvm.dll+0x310f86]
V  [jvm.dll+0x3608ee]
V  [jvm.dll+0x360b1f]
V  [jvm.dll+0x2dfbf8]
V  [jvm.dll+0x2ddec4]
V  [jvm.dll+0x2dd4cc]
V  [jvm.dll+0x321f3b]
V  [jvm.dll+0x84893b]
V  [jvm.dll+0x849674]
V  [jvm.dll+0x849b8d]
V  [jvm.dll+0x849f64]
V  [jvm.dll+0x84a030]
V  [jvm.dll+0x7f25fa]
V  [jvm.dll+0x682985]
C  [ucrtbase.dll+0x29363]
C  [KERNEL32.DLL+0x126ad]
C  [ntdll.dll+0x5a9f8]

VM_Operation (0x000000a28bbfcc20): G1CollectForAllocation, mode: safepoint, requested by thread 0x0000025008308df0


---------------  P R O C E S S  ---------------

Threads class SMR info:
_java_thread_list=0x000002502650bb10, length=14, elements={
0x0000025008308df0, 0x000002502376c670, 0x000002502376ce30, 0x0000025023756bc0,
0x0000025023757290, 0x0000025023757850, 0x0000025024048940, 0x0000025024049230,
0x0000025024049ef0, 0x0000025024055a00, 0x00000250241a62e0, 0x00000250241bd4c0,
0x00000250266529d0, 0x00000250265e7050
}

Java Threads: ( => current thread )
  0x0000025008308df0 JavaThread "main" [_thread_blocked, id=12724, stack(0x000000a28bb00000,0x000000a28bc00000)]
  0x000002502376c670 JavaThread "Reference Handler" daemon [_thread_blocked, id=12124, stack(0x000000a28c200000,0x000000a28c300000)]
  0x000002502376ce30 JavaThread "Finalizer" daemon [_thread_blocked, id=13636, stack(0x000000a28c300000,0x000000a28c400000)]
  0x0000025023756bc0 JavaThread "Signal Dispatcher" daemon [_thread_blocked, id=22496, stack(0x000000a28c400000,0x000000a28c500000)]
  0x0000025023757290 JavaThread "Attach Listener" daemon [_thread_blocked, id=19752, stack(0x000000a28c500000,0x000000a28c600000)]
  0x0000025023757850 JavaThread "Service Thread" daemon [_thread_blocked, id=11392, stack(0x000000a28c600000,0x000000a28c700000)]
  0x0000025024048940 JavaThread "Monitor Deflation Thread" daemon [_thread_blocked, id=18696, stack(0x000000a28c700000,0x000000a28c800000)]
  0x0000025024049230 JavaThread "C2 CompilerThread0" daemon [_thread_blocked, id=21584, stack(0x000000a28c800000,0x000000a28c900000)]
  0x0000025024049ef0 JavaThread "C1 CompilerThread0" daemon [_thread_blocked, id=15320, stack(0x000000a28c900000,0x000000a28ca00000)]
  0x0000025024055a00 JavaThread "Sweeper thread" daemon [_thread_blocked, id=11352, stack(0x000000a28ca00000,0x000000a28cb00000)]
  0x00000250241a62e0 JavaThread "Notification Thread" daemon [_thread_blocked, id=3220, stack(0x000000a28cb00000,0x000000a28cc00000)]
  0x00000250241bd4c0 JavaThread "Common-Cleaner" daemon [_thread_blocked, id=12976, stack(0x000000a28cd00000,0x000000a28ce00000)]
  0x00000250266529d0 JavaThread "C2 CompilerThread1" daemon [_thread_blocked, id=7112, stack(0x000000a28ce00000,0x000000a28cf00000)]
  0x00000250265e7050 JavaThread "C2 CompilerThread2" daemon [_thread_blocked, id=21444, stack(0x000000a28d300000,0x000000a28d400000)]

Other Threads:
=>0x00000250237487f0 VMThread "VM Thread" [stack: 0x000000a28c100000,0x000000a28c200000] [id=8268]
  0x0000025008391a00 WatcherThread [stack: 0x000000a28cc00000,0x000000a28cd00000] [id=15352]
  0x0000025008359a00 GCTaskThread "GC Thread#0" [stack: 0x000000a28bc00000,0x000000a28bd00000] [id=21440]
  0x00000250247ebc70 GCTaskThread "GC Thread#1" [stack: 0x000000a28cf00000,0x000000a28d000000] [id=12056]
  0x00000250247ef5c0 GCTaskThread "GC Thread#2" [stack: 0x000000a28d000000,0x000000a28d100000] [id=17016]
  0x00000250248aa450 GCTaskThread "GC Thread#3" [stack: 0x000000a28d100000,0x000000a28d200000] [id=20240]
  0x00000250248aa700 GCTaskThread "GC Thread#4" [stack: 0x000000a28d200000,0x000000a28d300000] [id=18776]
  0x000002502586f380 GCTaskThread "GC Thread#5" [stack: 0x000000a28d400000,0x000000a28d500000] [id=19720]
  0x0000025025870650 GCTaskThread "GC Thread#6" [stack: 0x000000a28d500000,0x000000a28d600000] [id=14524]
  0x000002502586f630 GCTaskThread "GC Thread#7" [stack: 0x000000a28d600000,0x000000a28d700000] [id=8592]
  0x000002502586f8e0 GCTaskThread "GC Thread#8" [stack: 0x000000a28d700000,0x000000a28d800000] [id=13028]
  0x0000025025870900 GCTaskThread "GC Thread#9" [stack: 0x000000a28d800000,0x000000a28d900000] [id=12564]
  0x00000250083646d0 ConcurrentGCThread "G1 Main Marker" [stack: 0x000000a28bd00000,0x000000a28be00000] [id=4380]
  0x0000025008365240 ConcurrentGCThread "G1 Conc#0" [stack: 0x000000a28be00000,0x000000a28bf00000] [id=1756]
  0x000002502586f0d0 ConcurrentGCThread "G1 Conc#1" [stack: 0x000000a28d900000,0x000000a28da00000] [id=12868]
  0x000002502586fb90 ConcurrentGCThread "G1 Conc#2" [stack: 0x000000a28da00000,0x000000a28db00000] [id=5412]
  0x00000250235b20b0 ConcurrentGCThread "G1 Refine#0" [stack: 0x000000a28bf00000,0x000000a28c000000] [id=7680]
  0x00000250235b2980 ConcurrentGCThread "G1 Service" [stack: 0x000000a28c000000,0x000000a28c100000] [id=5700]

Threads with active compile tasks:
C1 CompilerThread0    14617 12684       3       org.jetbrains.kotlin.cfg.ControlFlowProcessor$CFPVisitor::visitSimpleNameExpression (229 bytes)
C2 CompilerThread1    14617 12681       4       org.jetbrains.kotlin.util.slicedMap.SlicedMapImpl::get (68 bytes)
C2 CompilerThread2    14617 12680       4       org.jetbrains.kotlin.cfg.pseudocodeTraverser.PseudocodeTraverserKt::traverse (88 bytes)

VM state: at safepoint (normal execution)

VM Mutex/Monitor currently owned by a thread:  ([mutex/lock_event])
[0x0000025008305780] Threads_lock - owner thread: 0x00000250237487f0
[0x00000250083050c0] Heap_lock - owner thread: 0x0000025008308df0

Heap address: 0x0000000762600000, size: 2522 MB, Compressed Oops mode: Zero based, Oop shift amount: 3

CDS archive(s) not mapped
Compressed class space mapped at: 0x0000000800000000-0x0000000840000000, reserved size: 1073741824
Narrow klass base: 0x0000000800000000, Narrow klass shift: 0, Narrow klass range: 0x40000000

GC Precious Log:
 CPUs: 12 total, 12 available
 Memory: 10085M
 Large Page Support: Disabled
 NUMA Support: Disabled
 Compressed Oops: Enabled (Zero based)
 Heap Region Size: 2M
 Heap Min Capacity: 8M
 Heap Initial Capacity: 158M
 Heap Max Capacity: 2522M
 Pre-touch: Disabled
 Parallel Workers: 10
 Concurrent Workers: 3
 Concurrent Refinement Workers: 10
 Periodic GC: Disabled

Heap:
 garbage-first heap   total 161792K, used 82618K [0x0000000762600000, 0x0000000800000000)
  region size 2048K, 1 young (2048K), 1 survivors (2048K)
 Metaspace       used 71460K, committed 71808K, reserved 1114112K
  class space    used 8110K, committed 8256K, reserved 1048576K

Heap Regions: E=young(eden), S=young(survivor), O=old, HS=humongous(starts), HC=humongous(continues), CS=collection set, F=free, OA=open archive, CA=closed archive, TAMS=top-at-mark-start (previous, next)
|   0|0x0000000762600000, 0x0000000762800000, 0x0000000762800000|100%|HS|  |TAMS 0x0000000762800000, 0x0000000762800000| Complete 
|   1|0x0000000762800000, 0x0000000762a00000, 0x0000000762a00000|100%|HC|  |TAMS 0x0000000762a00000, 0x0000000762a00000| Complete 
|   2|0x0000000762a00000, 0x0000000762c00000, 0x0000000762c00000|100%|HS|  |TAMS 0x0000000762c00000, 0x0000000762c00000| Complete 
|   3|0x0000000762c00000, 0x0000000762e00000, 0x0000000762e00000|100%|HC|  |TAMS 0x0000000762e00000, 0x0000000762e00000| Complete 
|   4|0x0000000762e00000, 0x0000000763000000, 0x0000000763000000|100%| O|  |TAMS 0x0000000763000000, 0x0000000763000000| Untracked 
|   5|0x0000000763000000, 0x0000000763200000, 0x0000000763200000|100%| O|  |TAMS 0x0000000763200000, 0x0000000763200000| Untracked 
|   6|0x0000000763200000, 0x0000000763400000, 0x0000000763400000|100%| O|  |TAMS 0x0000000763400000, 0x0000000763400000| Untracked 
|   7|0x0000000763400000, 0x0000000763600000, 0x0000000763600000|100%| O|  |TAMS 0x0000000763600000, 0x0000000763600000| Untracked 
|   8|0x0000000763600000, 0x0000000763800000, 0x0000000763800000|100%| O|  |TAMS 0x0000000763800000, 0x0000000763800000| Untracked 
|   9|0x0000000763800000, 0x0000000763a00000, 0x0000000763a00000|100%| O|  |TAMS 0x0000000763a00000, 0x0000000763a00000| Untracked 
|  10|0x0000000763a00000, 0x0000000763c00000, 0x0000000763c00000|100%| O|  |TAMS 0x0000000763c00000, 0x0000000763c00000| Untracked 
|  11|0x0000000763c00000, 0x0000000763e00000, 0x0000000763e00000|100%| O|  |TAMS 0x0000000763e00000, 0x0000000763e00000| Untracked 
|  12|0x0000000763e00000, 0x0000000764000000, 0x0000000764000000|100%| O|  |TAMS 0x0000000764000000, 0x0000000764000000| Untracked 
|  13|0x0000000764000000, 0x0000000764200000, 0x0000000764200000|100%| O|  |TAMS 0x0000000764200000, 0x0000000764200000| Untracked 
|  14|0x0000000764200000, 0x0000000764400000, 0x0000000764400000|100%| O|  |TAMS 0x0000000764400000, 0x0000000764400000| Untracked 
|  15|0x0000000764400000, 0x0000000764600000, 0x0000000764600000|100%|HS|  |TAMS 0x0000000764600000, 0x0000000764600000| Complete 
|  16|0x0000000764600000, 0x0000000764800000, 0x0000000764800000|100%| O|  |TAMS 0x0000000764800000, 0x0000000764800000| Untracked 
|  17|0x0000000764800000, 0x0000000764a00000, 0x0000000764a00000|100%| O|  |TAMS 0x0000000764a00000, 0x0000000764a00000| Untracked 
|  18|0x0000000764a00000, 0x0000000764c00000, 0x0000000764c00000|100%| O|  |TAMS 0x0000000764c00000, 0x0000000764c00000| Untracked 
|  19|0x0000000764c00000, 0x0000000764e00000, 0x0000000764e00000|100%| O|  |TAMS 0x0000000764e00000, 0x0000000764e00000| Untracked 
|  20|0x0000000764e00000, 0x0000000765000000, 0x0000000765000000|100%| O|  |TAMS 0x0000000765000000, 0x0000000765000000| Untracked 
|  21|0x0000000765000000, 0x0000000765200000, 0x0000000765200000|100%| O|  |TAMS 0x0000000765200000, 0x0000000765200000| Untracked 
|  22|0x0000000765200000, 0x0000000765400000, 0x0000000765400000|100%| O|  |TAMS 0x0000000765400000, 0x0000000765400000| Untracked 
|  23|0x0000000765400000, 0x0000000765600000, 0x0000000765600000|100%| O|  |TAMS 0x0000000765600000, 0x0000000765600000| Untracked 
|  24|0x0000000765600000, 0x0000000765800000, 0x0000000765800000|100%| O|  |TAMS 0x0000000765800000, 0x0000000765800000| Untracked 
|  25|0x0000000765800000, 0x0000000765a00000, 0x0000000765a00000|100%| O|  |TAMS 0x0000000765a00000, 0x0000000765a00000| Untracked 
|  26|0x0000000765a00000, 0x0000000765c00000, 0x0000000765c00000|100%| O|  |TAMS 0x0000000765c00000, 0x0000000765c00000| Untracked 
|  27|0x0000000765c00000, 0x0000000765e00000, 0x0000000765e00000|100%| O|  |TAMS 0x0000000765e00000, 0x0000000765e00000| Untracked 
|  28|0x0000000765e00000, 0x0000000766000000, 0x0000000766000000|100%| O|  |TAMS 0x0000000766000000, 0x0000000766000000| Untracked 
|  29|0x0000000766000000, 0x0000000766200000, 0x0000000766200000|100%| O|  |TAMS 0x0000000766200000, 0x0000000766200000| Untracked 
|  30|0x0000000766200000, 0x0000000766400000, 0x0000000766400000|100%| O|  |TAMS 0x0000000766400000, 0x0000000766400000| Untracked 
|  31|0x0000000766400000, 0x0000000766600000, 0x0000000766600000|100%| O|  |TAMS 0x00000007664ff000, 0x0000000766600000| Untracked 
|  32|0x0000000766600000, 0x0000000766800000, 0x0000000766800000|100%| O|  |TAMS 0x0000000766600000, 0x0000000766800000| Untracked 
|  33|0x0000000766800000, 0x0000000766a00000, 0x0000000766a00000|100%| O|  |TAMS 0x0000000766800000, 0x0000000766a00000| Untracked 
|  34|0x0000000766a00000, 0x0000000766c00000, 0x0000000766c00000|100%| O|  |TAMS 0x0000000766a00000, 0x0000000766c00000| Untracked 
|  35|0x0000000766c00000, 0x0000000766e00000, 0x0000000766e00000|100%|HS|  |TAMS 0x0000000766c00000, 0x0000000766e00000| Complete 
|  36|0x0000000766e00000, 0x0000000767000000, 0x0000000767000000|100%| O|  |TAMS 0x0000000766e00000, 0x0000000767000000| Untracked 
|  37|0x0000000767000000, 0x0000000767200000, 0x0000000767200000|100%| O|  |TAMS 0x0000000767000000, 0x0000000767057000| Untracked 
|  38|0x0000000767200000, 0x0000000767400000, 0x0000000767400000|100%| O|  |TAMS 0x0000000767200000, 0x0000000767200000| Untracked 
|  39|0x0000000767400000, 0x00000007674aea00, 0x0000000767600000| 34%| O|  |TAMS 0x0000000767400000, 0x0000000767400000| Untracked 
|  40|0x0000000767600000, 0x0000000767600000, 0x0000000767800000|  0%| F|  |TAMS 0x0000000767600000, 0x0000000767600000| Untracked 
|  41|0x0000000767800000, 0x0000000767800000, 0x0000000767a00000|  0%| F|  |TAMS 0x0000000767800000, 0x0000000767800000| Untracked 
|  42|0x0000000767a00000, 0x0000000767a00000, 0x0000000767c00000|  0%| F|  |TAMS 0x0000000767a00000, 0x0000000767a00000| Untracked 
|  43|0x0000000767c00000, 0x0000000767c00000, 0x0000000767e00000|  0%| F|  |TAMS 0x0000000767c00000, 0x0000000767c00000| Untracked 
|  44|0x0000000767e00000, 0x0000000767e00000, 0x0000000768000000|  0%| F|  |TAMS 0x0000000767e00000, 0x0000000767e00000| Untracked 
|  45|0x0000000768000000, 0x0000000768000000, 0x0000000768200000|  0%| F|  |TAMS 0x0000000768000000, 0x0000000768000000| Untracked 
|  46|0x0000000768200000, 0x0000000768200000, 0x0000000768400000|  0%| F|  |TAMS 0x0000000768200000, 0x0000000768200000| Untracked 
|  47|0x0000000768400000, 0x0000000768400000, 0x0000000768600000|  0%| F|  |TAMS 0x0000000768400000, 0x0000000768400000| Untracked 
|  48|0x0000000768600000, 0x0000000768600000, 0x0000000768800000|  0%| F|  |TAMS 0x0000000768600000, 0x0000000768600000| Untracked 
|  49|0x0000000768800000, 0x0000000768a00000, 0x0000000768a00000|100%| S|CS|TAMS 0x0000000768800000, 0x0000000768800000| Complete 
|  50|0x0000000768a00000, 0x0000000768a00000, 0x0000000768c00000|  0%| F|  |TAMS 0x0000000768a00000, 0x0000000768a00000| Untracked 
|  51|0x0000000768c00000, 0x0000000768c00000, 0x0000000768e00000|  0%| F|  |TAMS 0x0000000768c00000, 0x0000000768c00000| Untracked 
|  52|0x0000000768e00000, 0x0000000768e00000, 0x0000000769000000|  0%| F|  |TAMS 0x0000000768e00000, 0x0000000768e00000| Untracked 
|  53|0x0000000769000000, 0x0000000769000000, 0x0000000769200000|  0%| F|  |TAMS 0x0000000769000000, 0x0000000769000000| Untracked 
|  54|0x0000000769200000, 0x0000000769200000, 0x0000000769400000|  0%| F|  |TAMS 0x0000000769200000, 0x0000000769200000| Untracked 
|  55|0x0000000769400000, 0x0000000769400000, 0x0000000769600000|  0%| F|  |TAMS 0x0000000769400000, 0x0000000769400000| Untracked 
|  56|0x0000000769600000, 0x0000000769600000, 0x0000000769800000|  0%| F|  |TAMS 0x0000000769600000, 0x0000000769600000| Untracked 
|  57|0x0000000769800000, 0x0000000769800000, 0x0000000769a00000|  0%| F|  |TAMS 0x0000000769800000, 0x0000000769800000| Untracked 
|  58|0x0000000769a00000, 0x0000000769a00000, 0x0000000769c00000|  0%| F|  |TAMS 0x0000000769a00000, 0x0000000769a00000| Untracked 
|  59|0x0000000769c00000, 0x0000000769c00000, 0x0000000769e00000|  0%| F|  |TAMS 0x0000000769c00000, 0x0000000769c00000| Untracked 
|  60|0x0000000769e00000, 0x0000000769e00000, 0x000000076a000000|  0%| F|  |TAMS 0x0000000769e00000, 0x0000000769e00000| Untracked 
|  61|0x000000076a000000, 0x000000076a000000, 0x000000076a200000|  0%| F|  |TAMS 0x000000076a000000, 0x000000076a000000| Untracked 
|  62|0x000000076a200000, 0x000000076a200000, 0x000000076a400000|  0%| F|  |TAMS 0x000000076a200000, 0x000000076a200000| Untracked 
|  63|0x000000076a400000, 0x000000076a400000, 0x000000076a600000|  0%| F|  |TAMS 0x000000076a400000, 0x000000076a400000| Untracked 
|  64|0x000000076a600000, 0x000000076a600000, 0x000000076a800000|  0%| F|  |TAMS 0x000000076a600000, 0x000000076a600000| Untracked 
|  65|0x000000076a800000, 0x000000076a800000, 0x000000076aa00000|  0%| F|  |TAMS 0x000000076a800000, 0x000000076a800000| Untracked 
|  66|0x000000076aa00000, 0x000000076aa00000, 0x000000076ac00000|  0%| F|  |TAMS 0x000000076aa00000, 0x000000076aa00000| Untracked 
|  67|0x000000076ac00000, 0x000000076ac00000, 0x000000076ae00000|  0%| F|  |TAMS 0x000000076ac00000, 0x000000076ac00000| Untracked 
|  68|0x000000076ae00000, 0x000000076ae00000, 0x000000076b000000|  0%| F|  |TAMS 0x000000076ae00000, 0x000000076ae00000| Untracked 
|  69|0x000000076b000000, 0x000000076b000000, 0x000000076b200000|  0%| F|  |TAMS 0x000000076b000000, 0x000000076b000000| Untracked 
|  70|0x000000076b200000, 0x000000076b200000, 0x000000076b400000|  0%| F|  |TAMS 0x000000076b200000, 0x000000076b200000| Untracked 
|  71|0x000000076b400000, 0x000000076b400000, 0x000000076b600000|  0%| F|  |TAMS 0x000000076b400000, 0x000000076b400000| Untracked 
|  72|0x000000076b600000, 0x000000076b600000, 0x000000076b800000|  0%| F|  |TAMS 0x000000076b600000, 0x000000076b600000| Untracked 
|  73|0x000000076b800000, 0x000000076b800000, 0x000000076ba00000|  0%| F|  |TAMS 0x000000076b800000, 0x000000076b800000| Untracked 
|  74|0x000000076ba00000, 0x000000076ba00000, 0x000000076bc00000|  0%| F|  |TAMS 0x000000076ba00000, 0x000000076ba00000| Untracked 
|  75|0x000000076bc00000, 0x000000076bc00000, 0x000000076be00000|  0%| F|  |TAMS 0x000000076bc00000, 0x000000076bc00000| Untracked 
|  76|0x000000076be00000, 0x000000076be00000, 0x000000076c000000|  0%| F|  |TAMS 0x000000076be00000, 0x000000076be00000| Untracked 
|  77|0x000000076c000000, 0x000000076c000000, 0x000000076c200000|  0%| F|  |TAMS 0x000000076c000000, 0x000000076c000000| Untracked 
|  78|0x000000076c200000, 0x000000076c200000, 0x000000076c400000|  0%| F|  |TAMS 0x000000076c200000, 0x000000076c200000| Untracked 

Card table byte_map: [0x000002501b210000,0x000002501b700000] _byte_map_base: 0x00000250176fd000

Marking Bits (Prev, Next): (CMBitMap*) 0x000002500835a050, (CMBitMap*) 0x000002500835a010
 Prev Bits: [0x000002501e360000, 0x0000025020ac8000)
 Next Bits: [0x000002501bbf0000, 0x000002501e358000)

Polling page: 0x00000250062d0000

Metaspace:

Usage:
  Non-class:     61.87 MB used.
      Class:      7.92 MB used.
       Both:     69.79 MB used.

Virtual space:
  Non-class space:       64.00 MB reserved,      62.06 MB ( 97%) committed,  8 nodes.
      Class space:        1.00 GB reserved,       8.06 MB ( <1%) committed,  1 nodes.
             Both:        1.06 GB reserved,      70.12 MB (  6%) committed. 

Chunk freelists:
   Non-Class:  1.22 MB
       Class:  3.97 MB
        Both:  5.19 MB

MaxMetaspaceSize: unlimited
CompressedClassSpaceSize: 1.00 GB
Initial GC threshold: 21.00 MB
Current GC threshold: 115.25 MB
CDS: off
MetaspaceReclaimPolicy: balanced
 - commit_granule_bytes: 65536.
 - commit_granule_words: 8192.
 - virtual_space_node_default_size: 1048576.
 - enlarge_chunks_in_place: 1.
 - new_chunks_are_fully_committed: 0.
 - uncommit_free_chunks: 1.
 - use_allocation_guard: 0.
 - handle_deallocations: 1.


Internal statistics:

num_allocs_failed_limit: 6.
num_arena_births: 362.
num_arena_deaths: 0.
num_vsnodes_births: 9.
num_vsnodes_deaths: 0.
num_space_committed: 1120.
num_space_uncommitted: 0.
num_chunks_returned_to_freelist: 6.
num_chunks_taken_from_freelist: 2671.
num_chunk_merges: 6.
num_chunk_splits: 2083.
num_chunks_enlarged: 1780.
num_purges: 0.
num_inconsistent_stats: 0.

CodeHeap 'non-profiled nmethods': size=120000Kb used=6448Kb max_used=6572Kb free=113552Kb
 bounds [0x00000250132a0000, 0x0000025013910000, 0x000002501a7d0000]
CodeHeap 'profiled nmethods': size=120000Kb used=30833Kb max_used=31364Kb free=89167Kb
 bounds [0x000002500b7d0000, 0x000002500d680000, 0x0000025012d00000]
CodeHeap 'non-nmethods': size=5760Kb used=1320Kb max_used=1386Kb free=4439Kb
 bounds [0x0000025012d00000, 0x0000025012f70000, 0x00000250132a0000]
 total_blobs=11195 nmethods=10560 adapters=545
 compilation: enabled
              stopped_count=0, restarted_count=0
 full_count=0

Compilation events (20 events):
Event: 14.590 Thread 0x0000025024049ef0 12677       3       org.jetbrains.kotlin.cfg.pseudocode.ControlFlowInstructionsGenerator$ControlFlowInstructionsGeneratorWorker::bindValue (24 bytes)
Event: 14.590 Thread 0x00000250265e7050 12680       4       org.jetbrains.kotlin.cfg.pseudocodeTraverser.PseudocodeTraverserKt::traverse (88 bytes)
Event: 14.590 Thread 0x00000250266529d0 12681       4       org.jetbrains.kotlin.util.slicedMap.SlicedMapImpl::get (68 bytes)
Event: 14.591 Thread 0x0000025024049ef0 nmethod 12677 0x000002500c929990 code [0x000002500c929d20, 0x000002500c92b1a8]
Event: 14.591 Thread 0x0000025024049ef0 12678       3       java.util.Collections$UnmodifiableCollection::toArray (10 bytes)
Event: 14.591 Thread 0x0000025024049ef0 nmethod 12678 0x000002500c8fd510 code [0x000002500c8fd6c0, 0x000002500c8fd8a8]
Event: 14.591 Thread 0x0000025024049ef0 12675       3       org.jetbrains.kotlin.cfg.pseudocode.instructions.eval.ReadValueInstruction::<init> (59 bytes)
Event: 14.592 Thread 0x0000025024049ef0 nmethod 12675 0x000002500c969e10 code [0x000002500c96a220, 0x000002500c96bc38]
Event: 14.592 Thread 0x0000025024049ef0 12683       3       org.jetbrains.kotlin.cfg.variable.PseudocodeVariablesData$ReadOnlyUseControlFlowInfoImpl::getOrNull (9 bytes)
Event: 14.593 Thread 0x0000025024049ef0 nmethod 12683 0x000002500cacc210 code [0x000002500cacc3c0, 0x000002500cacc608]
Event: 14.593 Thread 0x0000025024049ef0 12682       3       javaslang.collection.HashSet::add (31 bytes)
Event: 14.593 Thread 0x0000025024049ef0 nmethod 12682 0x000002500ba1cf90 code [0x000002500ba1d1a0, 0x000002500ba1da78]
Event: 14.593 Thread 0x0000025024049ef0 12676       3       org.jetbrains.kotlin.cfg.pseudocode.instructions.eval.ReadValueInstruction::<init> (16 bytes)
Event: 14.593 Thread 0x0000025024049ef0 nmethod 12676 0x000002500c3cdb90 code [0x000002500c3cdd40, 0x000002500c3cdee8]
Event: 14.593 Thread 0x0000025024049ef0 12679       3       org.jetbrains.kotlin.cfg.pseudocode.ControlFlowInstructionsGenerator$ControlFlowInstructionsGeneratorWorker::read (34 bytes)
Event: 14.594 Thread 0x0000025024049ef0 nmethod 12679 0x000002500ba1bd90 code [0x000002500ba1bfe0, 0x000002500ba1c9e8]
Event: 14.594 Thread 0x0000025024049ef0 12684       3       org.jetbrains.kotlin.cfg.ControlFlowProcessor$CFPVisitor::visitSimpleNameExpression (229 bytes)
Event: 14.594 Thread 0x0000025024049230 nmethod 12669 0x00000250137a2a90 code [0x00000250137a2c60, 0x00000250137a3538]
Event: 14.594 Thread 0x0000025024049230 12685       4       org.jetbrains.kotlin.cfg.pseudocode.ControlFlowInstructionsGenerator::getDelegateBuilder (20 bytes)
Event: 14.595 Thread 0x0000025024049230 nmethod 12685 0x00000250137a2790 code [0x00000250137a2900, 0x00000250137a2998]

GC Heap History (20 events):
Event: 7.396 GC heap after
{Heap after GC invocations=21 (full 0):
 garbage-first heap   total 88064K, used 51524K [0x0000000762600000, 0x0000000800000000)
  region size 2048K, 2 young (4096K), 2 survivors (4096K)
 Metaspace       used 60274K, committed 60608K, reserved 1105920K
  class space    used 7093K, committed 7232K, reserved 1048576K
}
Event: 7.572 GC heap before
{Heap before GC invocations=22 (full 0):
 garbage-first heap   total 96256K, used 65860K [0x0000000762600000, 0x0000000800000000)
  region size 2048K, 9 young (18432K), 2 survivors (4096K)
 Metaspace       used 60331K, committed 60672K, reserved 1105920K
  class space    used 7098K, committed 7232K, reserved 1048576K
}
Event: 7.581 GC heap after
{Heap after GC invocations=23 (full 0):
 garbage-first heap   total 96256K, used 54371K [0x0000000762600000, 0x0000000800000000)
  region size 2048K, 2 young (4096K), 2 survivors (4096K)
 Metaspace       used 60331K, committed 60672K, reserved 1105920K
  class space    used 7098K, committed 7232K, reserved 1048576K
}
Event: 7.591 GC heap before
{Heap before GC invocations=23 (full 0):
 garbage-first heap   total 96256K, used 56419K [0x0000000762600000, 0x0000000800000000)
  region size 2048K, 3 young (6144K), 2 survivors (4096K)
 Metaspace       used 60334K, committed 60672K, reserved 1105920K
  class space    used 7098K, committed 7232K, reserved 1048576K
}
Event: 7.600 GC heap after
{Heap after GC invocations=24 (full 0):
 garbage-first heap   total 124928K, used 55177K [0x0000000762600000, 0x0000000800000000)
  region size 2048K, 1 young (2048K), 1 survivors (2048K)
 Metaspace       used 60334K, committed 60672K, reserved 1105920K
  class space    used 7098K, committed 7232K, reserved 1048576K
}
Event: 7.938 GC heap before
{Heap before GC invocations=24 (full 0):
 garbage-first heap   total 124928K, used 92041K [0x0000000762600000, 0x0000000800000000)
  region size 2048K, 19 young (38912K), 1 survivors (2048K)
 Metaspace       used 61942K, committed 62208K, reserved 1105920K
  class space    used 7322K, committed 7424K, reserved 1048576K
}
Event: 7.946 GC heap after
{Heap after GC invocations=25 (full 0):
 garbage-first heap   total 124928K, used 58037K [0x0000000762600000, 0x0000000800000000)
  region size 2048K, 2 young (4096K), 2 survivors (4096K)
 Metaspace       used 61942K, committed 62208K, reserved 1105920K
  class space    used 7322K, committed 7424K, reserved 1048576K
}
Event: 8.014 GC heap before
{Heap before GC invocations=25 (full 0):
 garbage-first heap   total 124928K, used 92853K [0x0000000762600000, 0x0000000800000000)
  region size 2048K, 19 young (38912K), 2 survivors (4096K)
 Metaspace       used 61967K, committed 62208K, reserved 1105920K
  class space    used 7323K, committed 7424K, reserved 1048576K
}
Event: 8.019 GC heap after
{Heap after GC invocations=26 (full 0):
 garbage-first heap   total 124928K, used 58540K [0x0000000762600000, 0x0000000800000000)
  region size 2048K, 1 young (2048K), 1 survivors (2048K)
 Metaspace       used 61967K, committed 62208K, reserved 1105920K
  class space    used 7323K, committed 7424K, reserved 1048576K
}
Event: 8.632 GC heap before
{Heap before GC invocations=26 (full 0):
 garbage-first heap   total 124928K, used 93356K [0x0000000762600000, 0x0000000800000000)
  region size 2048K, 18 young (36864K), 1 survivors (2048K)
 Metaspace       used 65495K, committed 65792K, reserved 1114112K
  class space    used 7796K, committed 7936K, reserved 1048576K
}
Event: 8.637 GC heap after
{Heap after GC invocations=27 (full 0):
 garbage-first heap   total 124928K, used 60001K [0x0000000762600000, 0x0000000800000000)
  region size 2048K, 1 young (2048K), 1 survivors (2048K)
 Metaspace       used 65495K, committed 65792K, reserved 1114112K
  class space    used 7796K, committed 7936K, reserved 1048576K
}
Event: 10.394 GC heap before
{Heap before GC invocations=28 (full 0):
 garbage-first heap   total 124928K, used 96865K [0x0000000762600000, 0x0000000800000000)
  region size 2048K, 19 young (38912K), 1 survivors (2048K)
 Metaspace       used 68280K, committed 68608K, reserved 1114112K
  class space    used 7950K, committed 8128K, reserved 1048576K
}
Event: 10.409 GC heap after
{Heap after GC invocations=29 (full 0):
 garbage-first heap   total 124928K, used 64482K [0x0000000762600000, 0x0000000800000000)
  region size 2048K, 3 young (6144K), 3 survivors (6144K)
 Metaspace       used 68280K, committed 68608K, reserved 1114112K
  class space    used 7950K, committed 8128K, reserved 1048576K
}
Event: 11.505 GC heap before
{Heap before GC invocations=29 (full 0):
 garbage-first heap   total 124928K, used 97250K [0x0000000762600000, 0x0000000800000000)
  region size 2048K, 19 young (38912K), 3 survivors (6144K)
 Metaspace       used 69828K, committed 70144K, reserved 1114112K
  class space    used 8041K, committed 8192K, reserved 1048576K
}
Event: 11.528 GC heap after
{Heap after GC invocations=30 (full 0):
 garbage-first heap   total 124928K, used 70614K [0x0000000762600000, 0x0000000800000000)
  region size 2048K, 3 young (6144K), 3 survivors (6144K)
 Metaspace       used 69828K, committed 70144K, reserved 1114112K
  class space    used 8041K, committed 8192K, reserved 1048576K
}
Event: 12.619 GC heap before
{Heap before GC invocations=31 (full 0):
 garbage-first heap   total 126976K, used 95190K [0x0000000762600000, 0x0000000800000000)
  region size 2048K, 16 young (32768K), 3 survivors (6144K)
 Metaspace       used 70468K, committed 70784K, reserved 1114112K
  class space    used 8059K, committed 8192K, reserved 1048576K
}
Event: 12.635 GC heap after
{Heap after GC invocations=32 (full 0):
 garbage-first heap   total 126976K, used 73718K [0x0000000762600000, 0x0000000800000000)
  region size 2048K, 2 young (4096K), 2 survivors (4096K)
 Metaspace       used 70468K, committed 70784K, reserved 1114112K
  class space    used 8059K, committed 8192K, reserved 1048576K
}
Event: 13.527 GC heap before
{Heap before GC invocations=33 (full 0):
 garbage-first heap   total 133120K, used 102390K [0x0000000762600000, 0x0000000800000000)
  region size 2048K, 15 young (30720K), 2 survivors (4096K)
 Metaspace       used 70893K, committed 71168K, reserved 1114112K
  class space    used 8071K, committed 8192K, reserved 1048576K
}
Event: 13.537 GC heap after
{Heap after GC invocations=34 (full 0):
 garbage-first heap   total 133120K, used 80220K [0x0000000762600000, 0x0000000800000000)
  region size 2048K, 2 young (4096K), 2 survivors (4096K)
 Metaspace       used 70893K, committed 71168K, reserved 1114112K
  class space    used 8071K, committed 8192K, reserved 1048576K
}
Event: 14.595 GC heap before
{Heap before GC invocations=34 (full 0):
 garbage-first heap   total 133120K, used 106844K [0x0000000762600000, 0x0000000800000000)
  region size 2048K, 15 young (30720K), 2 survivors (4096K)
 Metaspace       used 71460K, committed 71808K, reserved 1114112K
  class space    used 8110K, committed 8256K, reserved 1048576K
}

Dll operation events (2 events):
Event: 0.007 Loaded shared library C:\Program Files\Android\Android Studio\jbr\bin\java.dll
Event: 1.040 Loaded shared library C:\Program Files\Android\Android Studio\jbr\bin\verify.dll

Deoptimization events (20 events):
Event: 14.536 Thread 0x0000025008308df0 Uncommon trap: trap_request=0xffffff45 fr.pc=0x00000250135cd6f0 relative=0x0000000000000130
Event: 14.536 Thread 0x0000025008308df0 Uncommon trap: reason=unstable_if action=reinterpret pc=0x00000250135cd6f0 method=org.jetbrains.kotlin.cfg.ControlFlowInformationProviderImpl$markAnnotationArguments$lambda$16$$inlined$forEachDescendantOfType$1.visitElement(Lorg/jetbrains/kotlin/com/intel
Event: 14.536 Thread 0x0000025008308df0 DEOPT PACKING pc=0x00000250135cd6f0 sp=0x000000a28bbfe320
Event: 14.536 Thread 0x0000025008308df0 DEOPT UNPACKING pc=0x0000025012d569a3 sp=0x000000a28bbfe2d0 mode 2
Event: 14.583 Thread 0x0000025008308df0 Uncommon trap: trap_request=0xffffffde fr.pc=0x00000250137a5c9c relative=0x00000000000007fc
Event: 14.583 Thread 0x0000025008308df0 Uncommon trap: reason=class_check action=maybe_recompile pc=0x00000250137a5c9c method=org.jetbrains.kotlin.cfg.pseudocodeTraverser.PseudocodeTraverserKt.traverse(Lorg/jetbrains/kotlin/cfg/pseudocode/Pseudocode;Lorg/jetbrains/kotlin/cfg/pseudocodeTraverser
Event: 14.583 Thread 0x0000025008308df0 DEOPT PACKING pc=0x00000250137a5c9c sp=0x000000a28bbfe410
Event: 14.583 Thread 0x0000025008308df0 DEOPT UNPACKING pc=0x0000025012d569a3 sp=0x000000a28bbfe3e8 mode 2
Event: 14.583 Thread 0x0000025008308df0 Uncommon trap: trap_request=0xffffffde fr.pc=0x00000250137a5828 relative=0x0000000000000388
Event: 14.583 Thread 0x0000025008308df0 Uncommon trap: reason=class_check action=maybe_recompile pc=0x00000250137a5828 method=org.jetbrains.kotlin.cfg.pseudocodeTraverser.PseudocodeTraverserKt.traverse(Lorg/jetbrains/kotlin/cfg/pseudocode/Pseudocode;Lorg/jetbrains/kotlin/cfg/pseudocodeTraverser
Event: 14.583 Thread 0x0000025008308df0 DEOPT PACKING pc=0x00000250137a5828 sp=0x000000a28bbfe380
Event: 14.583 Thread 0x0000025008308df0 DEOPT UNPACKING pc=0x0000025012d569a3 sp=0x000000a28bbfe2d0 mode 2
Event: 14.583 Thread 0x0000025008308df0 Uncommon trap: trap_request=0xffffffde fr.pc=0x00000250137a5c9c relative=0x00000000000007fc
Event: 14.583 Thread 0x0000025008308df0 Uncommon trap: reason=class_check action=maybe_recompile pc=0x00000250137a5c9c method=org.jetbrains.kotlin.cfg.pseudocodeTraverser.PseudocodeTraverserKt.traverse(Lorg/jetbrains/kotlin/cfg/pseudocode/Pseudocode;Lorg/jetbrains/kotlin/cfg/pseudocodeTraverser
Event: 14.584 Thread 0x0000025008308df0 DEOPT PACKING pc=0x00000250137a5c9c sp=0x000000a28bbfe410
Event: 14.584 Thread 0x0000025008308df0 DEOPT UNPACKING pc=0x0000025012d569a3 sp=0x000000a28bbfe3e8 mode 2
Event: 14.584 Thread 0x0000025008308df0 Uncommon trap: trap_request=0xffffffde fr.pc=0x00000250137a5828 relative=0x0000000000000388
Event: 14.584 Thread 0x0000025008308df0 Uncommon trap: reason=class_check action=maybe_recompile pc=0x00000250137a5828 method=org.jetbrains.kotlin.cfg.pseudocodeTraverser.PseudocodeTraverserKt.traverse(Lorg/jetbrains/kotlin/cfg/pseudocode/Pseudocode;Lorg/jetbrains/kotlin/cfg/pseudocodeTraverser
Event: 14.584 Thread 0x0000025008308df0 DEOPT PACKING pc=0x00000250137a5828 sp=0x000000a28bbfe380
Event: 14.584 Thread 0x0000025008308df0 DEOPT UNPACKING pc=0x0000025012d569a3 sp=0x000000a28bbfe2d0 mode 2

Classes unloaded (0 events):
No events

Classes redefined (0 events):
No events

Internal exceptions (20 events):
Event: 7.170 Thread 0x0000025008308df0 Implicit null exception at 0x000002501330bf0f to 0x000002501330bf89
Event: 7.444 Thread 0x0000025008308df0 Exception <a 'java/lang/NoSuchMethodError'{0x000000076bd34890}: 'java.lang.Object java.lang.invoke.DirectMethodHandle$Holder.newInvokeSpecial(java.lang.Object, int, java.lang.Object)'> (0x000000076bd34890) 
thrown [s\src\hotspot\share\interpreter\linkResolver.cpp, line 771]
Event: 7.867 Thread 0x0000025008308df0 Implicit null exception at 0x000002501332fa95 to 0x00000250133314cc
Event: 7.867 Thread 0x0000025008308df0 Implicit null exception at 0x000002501335a5a0 to 0x000002501335a71c
Event: 8.154 Thread 0x0000025008308df0 Exception <a 'java/lang/NoSuchMethodError'{0x0000000768d85730}: 'int java.lang.invoke.DirectMethodHandle$Holder.invokeVirtual(java.lang.Object, java.lang.Object, java.lang.Object)'> (0x0000000768d85730) 
thrown [s\src\hotspot\share\interpreter\linkResolver.cpp, line 771]
Event: 8.189 Thread 0x0000025008308df0 Exception <a 'java/lang/NoSuchMethodError'{0x0000000768a5c370}: 'void java.lang.invoke.DirectMethodHandle$Holder.invokeSpecial(java.lang.Object, java.lang.Object, int, java.lang.Object)'> (0x0000000768a5c370) 
thrown [s\src\hotspot\share\interpreter\linkResolver.cpp, line 771]
Event: 8.255 Thread 0x0000025008308df0 Exception <a 'java/lang/NoSuchMethodError'{0x0000000768840d18}: 'void java.lang.invoke.DirectMethodHandle$Holder.invokeInterface(java.lang.Object, java.lang.Object)'> (0x0000000768840d18) 
thrown [s\src\hotspot\share\interpreter\linkResolver.cpp, line 771]
Event: 8.315 Thread 0x0000025008308df0 Exception <a 'java/lang/IncompatibleClassChangeError'{0x000000076894b2c0}: Found class java.lang.Object, but interface was expected> (0x000000076894b2c0) 
thrown [s\src\hotspot\share\interpreter\linkResolver.cpp, line 838]
Event: 8.321 Thread 0x0000025008308df0 Implicit null exception at 0x000002501342704c to 0x0000025013427134
Event: 8.631 Thread 0x0000025008308df0 Implicit null exception at 0x00000250132baef2 to 0x00000250132bb4d0
Event: 8.661 Thread 0x0000025008308df0 Exception <a 'java/lang/NoSuchMethodError'{0x000000076c2c8270}: 'java.lang.Object java.lang.invoke.DirectMethodHandle$Holder.invokeInterface(java.lang.Object, java.lang.Object, java.lang.Object)'> (0x000000076c2c8270) 
thrown [s\src\hotspot\share\interpreter\linkResolver.cpp, line 771]
Event: 8.662 Thread 0x0000025008308df0 Exception <a 'java/lang/IncompatibleClassChangeError'{0x000000076c2cbbe0}: Found class java.lang.Object, but interface was expected> (0x000000076c2cbbe0) 
thrown [s\src\hotspot\share\interpreter\linkResolver.cpp, line 838]
Event: 8.690 Thread 0x0000025008308df0 Implicit null exception at 0x00000250132bcc72 to 0x00000250132bd264
Event: 8.767 Thread 0x0000025008308df0 Exception <a 'java/lang/NoSuchMethodError'{0x000000076bcfa010}: 'int java.lang.invoke.DirectMethodHandle$Holder.invokeStaticInit(java.lang.Object, int)'> (0x000000076bcfa010) 
thrown [s\src\hotspot\share\interpreter\linkResolver.cpp, line 771]
Event: 9.096 Thread 0x0000025008308df0 Exception <a 'java/lang/NoSuchMethodError'{0x000000076b7eb270}: 'java.lang.Object java.lang.invoke.DirectMethodHandle$Holder.newInvokeSpecial(java.lang.Object, int, java.lang.Object, java.lang.Object)'> (0x000000076b7eb270) 
thrown [s\src\hotspot\share\interpreter\linkResolver.cpp, line 771]
Event: 9.272 Thread 0x0000025008308df0 Exception <a 'java/lang/NoSuchMethodError'{0x0000000768e719d0}: 'java.lang.Object java.lang.invoke.DirectMethodHandle$Holder.newInvokeSpecial(java.lang.Object, java.lang.Object, java.lang.Object, java.lang.Object, java.lang.Object, java.lang.Object, java.lang.Object)'> (0x0000000768e719d0) 
thrown [s\src\hotspot\share\interpreter\linkResolver.cpp, line 771]
Event: 9.272 Thread 0x0000025008308df0 Exception <a 'java/lang/NoSuchMethodError'{0x0000000768e766a0}: 'java.lang.Object java.lang.invoke.Invokers$Holder.linkToTargetMethod(java.lang.Object, java.lang.Object, java.lang.Object, java.lang.Object, java.lang.Object, java.lang.Object, java.lang.Object)'> (0x0000000768e766a0) 
thrown [s\src\hotspot\share\interpreter\linkResolver.cpp, line 771]
Event: 9.715 Thread 0x0000025008308df0 Implicit null exception at 0x0000025013309a58 to 0x0000025013309aee
Event: 10.533 Thread 0x0000025008308df0 Exception <a 'java/lang/NoSuchMethodError'{0x000000076bd69808}: 'java.lang.Object java.lang.invoke.DirectMethodHandle$Holder.invokeStatic(java.lang.Object, int, java.lang.Object)'> (0x000000076bd69808) 
thrown [s\src\hotspot\share\interpreter\linkResolver.cpp, line 771]
Event: 14.457 Thread 0x0000025008308df0 Implicit null exception at 0x0000025013349feb to 0x000002501334a1c0

VM Operations (20 events):
Event: 13.537 Executing VM operation: G1CollectForAllocation done
Event: 13.716 Executing VM operation: ICBufferFull
Event: 13.716 Executing VM operation: ICBufferFull done
Event: 13.758 Executing VM operation: HandshakeAllThreads
Event: 13.758 Executing VM operation: HandshakeAllThreads done
Event: 13.792 Executing VM operation: HandshakeAllThreads
Event: 13.792 Executing VM operation: HandshakeAllThreads done
Event: 13.835 Executing VM operation: HandshakeAllThreads
Event: 13.835 Executing VM operation: HandshakeAllThreads done
Event: 13.971 Executing VM operation: ICBufferFull
Event: 13.972 Executing VM operation: ICBufferFull done
Event: 14.369 Executing VM operation: ICBufferFull
Event: 14.369 Executing VM operation: ICBufferFull done
Event: 14.511 Executing VM operation: HandshakeAllThreads
Event: 14.511 Executing VM operation: HandshakeAllThreads done
Event: 14.525 Executing VM operation: HandshakeAllThreads
Event: 14.525 Executing VM operation: HandshakeAllThreads done
Event: 14.525 Executing VM operation: ICBufferFull
Event: 14.525 Executing VM operation: ICBufferFull done
Event: 14.595 Executing VM operation: G1CollectForAllocation

Events (20 events):
Event: 13.859 Thread 0x0000025024055a00 flushing nmethod 0x000002500d237e90
Event: 13.859 Thread 0x0000025024055a00 flushing nmethod 0x000002500d23b590
Event: 13.859 Thread 0x0000025024055a00 flushing nmethod 0x000002500d23da90
Event: 13.859 Thread 0x0000025024055a00 flushing nmethod 0x000002500d23e590
Event: 13.859 Thread 0x0000025024055a00 flushing nmethod 0x000002500d23f610
Event: 13.859 Thread 0x0000025024055a00 flushing nmethod 0x000002500d243090
Event: 13.859 Thread 0x0000025024055a00 flushing nmethod 0x000002500d243f90
Event: 13.859 Thread 0x0000025024055a00 flushing nmethod 0x000002500d245b90
Event: 13.859 Thread 0x0000025024055a00 flushing nmethod 0x000002500d246d90
Event: 13.859 Thread 0x0000025024055a00 flushing nmethod 0x000002500d249f10
Event: 13.859 Thread 0x0000025024055a00 flushing nmethod 0x000002500d24c310
Event: 13.859 Thread 0x0000025024055a00 flushing nmethod 0x000002500d24d810
Event: 13.859 Thread 0x0000025024055a00 flushing nmethod 0x000002500d250090
Event: 13.859 Thread 0x0000025024055a00 flushing nmethod 0x000002500d256e10
Event: 13.859 Thread 0x0000025024055a00 flushing nmethod 0x000002500d25a410
Event: 13.859 Thread 0x0000025024055a00 flushing nmethod 0x000002500d2d0d10
Event: 13.859 Thread 0x0000025024055a00 flushing nmethod 0x000002500d32a590
Event: 13.859 Thread 0x0000025024055a00 flushing nmethod 0x000002500d361510
Event: 13.860 Thread 0x0000025024055a00 flushing nmethod 0x000002500d45d590
Event: 13.860 Thread 0x0000025024055a00 flushing nmethod 0x000002500d485610


Dynamic libraries:
0x00007ff687320000 - 0x00007ff68732a000 	C:\Program Files\Android\Android Studio\jbr\bin\java.exe
0x00007ffe02a50000 - 0x00007ffe02c64000 	C:\WINDOWS\SYSTEM32\ntdll.dll
0x00007ffe01aa0000 - 0x00007ffe01b62000 	C:\WINDOWS\System32\KERNEL32.DLL
0x00007ffdffe70000 - 0x00007ffe00213000 	C:\WINDOWS\System32\KERNELBASE.dll
0x00007ffe00400000 - 0x00007ffe00511000 	C:\WINDOWS\System32\ucrtbase.dll
0x00007ffdf0470000 - 0x00007ffdf0487000 	C:\Program Files\Android\Android Studio\jbr\bin\jli.dll
0x00007ffdf0360000 - 0x00007ffdf037b000 	C:\Program Files\Android\Android Studio\jbr\bin\VCRUNTIME140.dll
0x00007ffe01fb0000 - 0x00007ffe0215b000 	C:\WINDOWS\System32\USER32.dll
0x00007ffe003d0000 - 0x00007ffe003f6000 	C:\WINDOWS\System32\win32u.dll
0x00007ffde4e00000 - 0x00007ffde508e000 	C:\WINDOWS\WinSxS\amd64_microsoft.windows.common-controls_6595b64144ccf1df_6.0.22621.1635_none_270f70857386168e\COMCTL32.dll
0x00007ffe025c0000 - 0x00007ffe025e9000 	C:\WINDOWS\System32\GDI32.dll
0x00007ffe00520000 - 0x00007ffe00638000 	C:\WINDOWS\System32\gdi32full.dll
0x00007ffe01010000 - 0x00007ffe010b7000 	C:\WINDOWS\System32\msvcrt.dll
0x00007ffe00640000 - 0x00007ffe006da000 	C:\WINDOWS\System32\msvcp_win.dll
0x00007ffe02580000 - 0x00007ffe025b1000 	C:\WINDOWS\System32\IMM32.DLL
0x00007ffdfcd40000 - 0x00007ffdfcd4c000 	C:\Program Files\Android\Android Studio\jbr\bin\vcruntime140_1.dll
0x00007ffdbc610000 - 0x00007ffdbc69d000 	C:\Program Files\Android\Android Studio\jbr\bin\msvcp140.dll
0x00007ffda4f60000 - 0x00007ffda5bcd000 	C:\Program Files\Android\Android Studio\jbr\bin\server\jvm.dll
0x00007ffe00850000 - 0x00007ffe008fe000 	C:\WINDOWS\System32\ADVAPI32.dll
0x00007ffe010c0000 - 0x00007ffe01164000 	C:\WINDOWS\System32\sechost.dll
0x00007ffe028f0000 - 0x00007ffe02a07000 	C:\WINDOWS\System32\RPCRT4.dll
0x00007ffdf8730000 - 0x00007ffdf8764000 	C:\WINDOWS\SYSTEM32\WINMM.dll
0x00007ffdfcdd0000 - 0x00007ffdfcdd9000 	C:\WINDOWS\SYSTEM32\WSOCK32.dll
0x00007ffdf8230000 - 0x00007ffdf823a000 	C:\WINDOWS\SYSTEM32\VERSION.dll
0x00007ffe00e70000 - 0x00007ffe00ee1000 	C:\WINDOWS\System32\WS2_32.dll
0x00007ffdfee90000 - 0x00007ffdfeea8000 	C:\WINDOWS\SYSTEM32\kernel.appcore.dll
0x00007ffdfcdc0000 - 0x00007ffdfcdca000 	C:\Program Files\Android\Android Studio\jbr\bin\jimage.dll
0x00007ffdfda60000 - 0x00007ffdfdc8e000 	C:\WINDOWS\SYSTEM32\DBGHELP.DLL
0x00007ffe02160000 - 0x00007ffe024e9000 	C:\WINDOWS\System32\combase.dll
0x00007ffe02670000 - 0x00007ffe02747000 	C:\WINDOWS\System32\OLEAUT32.dll
0x00007ffdeea10000 - 0x00007ffdeea42000 	C:\WINDOWS\SYSTEM32\dbgcore.DLL
0x00007ffe002e0000 - 0x00007ffe0035b000 	C:\WINDOWS\System32\bcryptPrimitives.dll
0x00007ffdf1890000 - 0x00007ffdf18b5000 	C:\Program Files\Android\Android Studio\jbr\bin\java.dll
0x00007ffdfcd50000 - 0x00007ffdfcd68000 	C:\Program Files\Android\Android Studio\jbr\bin\zip.dll
0x00007ffe011f0000 - 0x00007ffe019ea000 	C:\WINDOWS\System32\SHELL32.dll
0x00007ffdfde20000 - 0x00007ffdfe6ee000 	C:\WINDOWS\SYSTEM32\windows.storage.dll
0x00007ffdfdce0000 - 0x00007ffdfde1e000 	C:\WINDOWS\SYSTEM32\wintypes.dll
0x00007ffe00ef0000 - 0x00007ffe00fe1000 	C:\WINDOWS\System32\SHCORE.dll
0x00007ffe00900000 - 0x00007ffe0095e000 	C:\WINDOWS\System32\shlwapi.dll
0x00007ffdffda0000 - 0x00007ffdffdc1000 	C:\WINDOWS\SYSTEM32\profapi.dll
0x00007ffdf8240000 - 0x00007ffdf8259000 	C:\Program Files\Android\Android Studio\jbr\bin\net.dll
0x00007ffdf8010000 - 0x00007ffdf8147000 	C:\WINDOWS\SYSTEM32\WINHTTP.dll
0x00007ffdff310000 - 0x00007ffdff379000 	C:\WINDOWS\system32\mswsock.dll
0x00007ffdf2e90000 - 0x00007ffdf2ea6000 	C:\Program Files\Android\Android Studio\jbr\bin\nio.dll
0x00007ffdf85a0000 - 0x00007ffdf85b0000 	C:\Program Files\Android\Android Studio\jbr\bin\verify.dll

dbghelp: loaded successfully - version: 4.0.5 - missing functions: none
symbol engine: initialized successfully - sym options: 0x614 - pdb path: .;C:\Program Files\Android\Android Studio\jbr\bin;C:\WINDOWS\SYSTEM32;C:\WINDOWS\WinSxS\amd64_microsoft.windows.common-controls_6595b64144ccf1df_6.0.22621.1635_none_270f70857386168e;C:\Program Files\Android\Android Studio\jbr\bin\server

VM Arguments:
java_command: org.jetbrains.kotlin.cli.jvm.K2JVMCompiler @E:\Tugas\Kuliah\PEMBELAJARAN\SMT4\PT2\Project\Animalie\app\build\20230523_6081626982159717517.compiler.options
java_class_path (initial): C:\Users\panji\.gradle\caches\modules-2\files-2.1\org.jetbrains.kotlin\kotlin-compiler-embeddable\1.8.21\a4a682d55fb788432e4b7bf2ab3acb7a7365fb35\kotlin-compiler-embeddable-1.8.21.jar;C:\Users\panji\.gradle\caches\modules-2\files-2.1\org.jetbrains.kotlin\kotlin-stdlib\1.8.21\43d50ab85bc7587adfe3dda3dbe579e5f8d51265\kotlin-stdlib-1.8.21.jar;C:\Users\panji\.gradle\caches\modules-2\files-2.1\org.jetbrains.kotlin\kotlin-script-runtime\1.8.21\bf43f76b6e29bdc09b6c8a4511a9118b0ab12b1f\kotlin-script-runtime-1.8.21.jar;C:\Users\panji\.gradle\caches\modules-2\files-2.1\org.jetbrains.kotlin\kotlin-reflect\1.6.10\1cbe9c92c12a94eea200d23c2bbaedaf3daf5132\kotlin-reflect-1.6.10.jar;C:\Users\panji\.gradle\caches\modules-2\files-2.1\org.jetbrains.kotlin\kotlin-daemon-embeddable\1.8.21\882003c48db58d16c8fb5a933abf08b5974a1a19\kotlin-daemon-embeddable-1.8.21.jar;C:\Users\panji\.gradle\caches\modules-2\files-2.1\org.jetbrains.intellij.deps\trove4j\1.0.20200330\3afb14d5f9ceb459d724e907a21145e8ff394f02\trove4j-1.0.20200330.jar;C:\Users\panji\.gradle\caches\modules-2\files-2.1\net.java.dev.jna\jna\5.6.0\330f2244e9030119ab3030fc3fededc86713d9cc\jna-5.6.0.jar;C:\Users\panji\.gradle\caches\modules-2\files-2.1\org.jetbrains.kotlin\kotlin-stdlib-common\1.8.21\d749cd5ae25da36d06e5028785038e24f9d37976\kotlin-stdlib-common-1.8.21.jar;C:\Users\panji\.gradle\caches\modules-2\files-2.1\org.jetbrains\annotations\13.0\919f0dfe192fb4e063e7dacadee7f8bb9a2672a9\annotations-13.0.jar
Launcher Type: SUN_STANDARD

[Global flags]
     intx CICompilerCount                          = 4                                         {product} {ergonomic}
     uint ConcGCThreads                            = 3                                         {product} {ergonomic}
     uint G1ConcRefinementThreads                  = 10                                        {product} {ergonomic}
   size_t G1HeapRegionSize                         = 2097152                                   {product} {ergonomic}
    uintx GCDrainStackTargetSize                   = 64                                        {product} {ergonomic}
   size_t InitialHeapSize                          = 165675008                                 {product} {ergonomic}
   size_t MarkStackSize                            = 4194304                                   {product} {ergonomic}
   size_t MaxHeapSize                              = 2644508672                                {product} {ergonomic}
   size_t MaxNewSize                               = 1585446912                                {product} {ergonomic}
   size_t MinHeapDeltaBytes                        = 2097152                                   {product} {ergonomic}
   size_t MinHeapSize                              = 8388608                                   {product} {ergonomic}
    uintx NonNMethodCodeHeapSize                   = 5839372                                {pd product} {ergonomic}
    uintx NonProfiledCodeHeapSize                  = 122909434                              {pd product} {ergonomic}
    uintx ProfiledCodeHeapSize                     = 122909434                              {pd product} {ergonomic}
    uintx ReservedCodeCacheSize                    = 251658240                              {pd product} {ergonomic}
     bool SegmentedCodeCache                       = true                                      {product} {ergonomic}
   size_t SoftMaxHeapSize                          = 2644508672                             {manageable} {ergonomic}
     bool UseCompressedClassPointers               = true                           {product lp64_product} {ergonomic}
     bool UseCompressedOops                        = true                           {product lp64_product} {ergonomic}
     bool UseG1GC                                  = true                                      {product} {ergonomic}
     bool UseLargePagesIndividualAllocation        = false                                  {pd product} {ergonomic}

Logging:
Log output configuration:
 #0: stdout all=warning uptime,level,tags
 #1: stderr all=off uptime,level,tags

Environment Variables:
PATH=C:\Program Files\Oculus\Support\oculus-runtime;C:\Program Files\Microsoft\jdk-11.0.12.7-hotspot\bin;C:\Python311\Scripts\;C:\Python311\;C:\Program Files\Common Files\Oracle\Java\javapath;C:\Program Files (x86)\Common Files\Intel\Shared Libraries\redist\intel64\compiler;C:\WINDOWS\system32;C:\WINDOWS;C:\WINDOWS\System32\Wbem;C:\WINDOWS\System32\WindowsPowerShell\v1.0\;C:\WINDOWS\System32\OpenSSH\;C:\Program Files\Git\cmd;E:\xampp\php;C:\ProgramData\ComposerSetup\bin;C:\Program Files\nodejs\;C:\ProgramData\chocolatey\bin;C:\Program Files\dotnet\;C:\Users\panji\Downloads\Compressed\mongosh-1.6.1-win32-x64\bin;C:\Program Files\Microsoft SQL Server\150\Tools\Binn\;C:\Program Files\Microsoft SQL Server\Client SDK\ODBC\170\Tools\Binn\;C:\Users\panji\AppData\Local\Microsoft\WindowsApps;C:\Users\panji\AppData\Local\Programs\Microsoft VS Code\bin;C:\Program Files\JetBrains\IntelliJ IDEA Community Edition 2022.2.3\bin;;C:\Users\panji\AppData\Local\GitHubDesktop\bin;C:\Users\panji\AppData\Roaming\Composer\vendor\bin;C:\Users\panji\AppData\Roaming\npm;C:\Program Files\JetBrains\PhpStorm 2022.3\bin;;C:\src\flutter\bin;C:\Users\panji\.dotnet\tools;C:\tools\dart-sdk\bin;C:\Users\panji\AppData\Roaming\Pub\Cache\bin;
USERNAME=panji
OS=Windows_NT
PROCESSOR_IDENTIFIER=AMD64 Family 23 Model 104 Stepping 1, AuthenticAMD
TMP=C:\Users\panji\AppData\Local\Temp
TEMP=C:\Users\panji\AppData\Local\Temp



---------------  S Y S T E M  ---------------

OS:
 Windows 11 , 64 bit Build 22621 (10.0.22621.1635)
OS uptime: 0 days 20:16 hours
Hyper-V role detected

CPU: total 12 (initial active 12) (12 cores per cpu, 2 threads per core) family 23 model 104 stepping 1 microcode 0x0, cx8, cmov, fxsr, ht, mmx, 3dnowpref, sse, sse2, sse3, ssse3, sse4a, sse4.1, sse4.2, popcnt, lzcnt, tsc, tscinvbit, avx, avx2, aes, clmul, bmi1, bmi2, adx, sha, fma, vzeroupper, clflush, clflushopt, hv

Memory: 4k page, system-wide physical 10085M (447M free)
TotalPageFile size 14397M (AvailPageFile size 29M)
current process WorkingSet (physical memory assigned to process): 357M, peak: 371M
current process commit charge ("private bytes"): 424M, peak: 542M

vm_info: OpenJDK 64-Bit Server VM (17.0.6+0-b2043.56-9586694) for windows-amd64 JRE (17.0.6+0-b2043.56-9586694), built on Feb  9 2023 20:06:20 by "androidbuild" with MS VC++ 16.10 / 16.11 (VS2019)

END.
