#
# There is insufficient memory for the Java Runtime Environment to continue.
# Native memory allocation (malloc) failed to allocate 1693664 bytes for Chunk::new
# Possible reasons:
#   The system is out of physical RAM or swap space
#   The process is running with CompressedOops enabled, and the Java Heap may be blocking the growth of the native heap
# Possible solutions:
#   Reduce memory load on the system
#   Increase physical memory or swap space
#   Check if swap backing store is full
#   Decrease Java heap size (-Xmx/-Xms)
#   Decrease number of Java threads
#   Decrease Java thread stack sizes (-Xss)
#   Set larger code cache with -XX:ReservedCodeCacheSize=
#   JVM is running with Zero Based Compressed Oops mode in which the Java heap is
#     placed in the first 32GB address space. The Java Heap base address is the
#     maximum limit for the native heap growth. Please use -XX:HeapBaseMinAddress
#     to set the Java Heap base and to place the Java Heap above 32GB virtual address.
# This output file may be truncated or incomplete.
#
#  Out of Memory Error (arena.cpp:189), pid=13636, tid=15656
#
# JRE version: OpenJDK Runtime Environment (17.0.6) (build 17.0.6+0-b2043.56-9586694)
# Java VM: OpenJDK 64-Bit Server VM (17.0.6+0-b2043.56-9586694, mixed mode, tiered, compressed oops, compressed class ptrs, g1 gc, windows-amd64)
# No core dump will be written. Minidumps are not enabled by default on client versions of Windows
#

---------------  S U M M A R Y ------------

Command Line: org.jetbrains.kotlin.cli.jvm.K2JVMCompiler @E:\Tugas\Kuliah\PEMBELAJARAN\SMT4\PT2\Project\Animalie\app\build\20230523_4734194465255554019.compiler.options

Host: AMD Ryzen 5 5500U with Radeon Graphics         , 12 cores, 9G,  Windows 11 , 64 bit Build 22621 (10.0.22621.1635)
Time: Tue May 23 15:29:37 2023 SE Asia Standard Time elapsed time: 6.098702 seconds (0d 0h 0m 6s)

---------------  T H R E A D  ---------------

Current thread (0x000001ffb581e9c0):  JavaThread "C2 CompilerThread1" daemon [_thread_in_native, id=15656, stack(0x000000ee1f300000,0x000000ee1f400000)]


Current CompileTask:
C2:   6098 6962       4       org.jetbrains.kotlin.types.TypeUtils::contains (301 bytes)

Stack: [0x000000ee1f300000,0x000000ee1f400000]
Native frames: (J=compiled Java code, j=interpreted, Vv=VM code, C=native code)
V  [jvm.dll+0x683b4a]
V  [jvm.dll+0x842654]
V  [jvm.dll+0x843dfe]
V  [jvm.dll+0x844463]
V  [jvm.dll+0x249b75]
V  [jvm.dll+0xabcac]
V  [jvm.dll+0xac27c]
V  [jvm.dll+0x368857]
V  [jvm.dll+0x1bd0b8]
V  [jvm.dll+0x21c359]
V  [jvm.dll+0x21b621]
V  [jvm.dll+0x1a4fdd]
V  [jvm.dll+0x22b098]
V  [jvm.dll+0x229159]
V  [jvm.dll+0x7f809c]
V  [jvm.dll+0x7f25fa]
V  [jvm.dll+0x682985]
C  [ucrtbase.dll+0x29363]
C  [KERNEL32.DLL+0x126ad]
C  [ntdll.dll+0x5a9f8]


---------------  P R O C E S S  ---------------

Threads class SMR info:
_java_thread_list=0x000001ffb5804a70, length=13, elements={
0x000001ff99429dd0, 0x000001ffb489b670, 0x000001ffb489c130, 0x000001ffb542c550,
0x000001ffb542cf10, 0x000001ffb54317f0, 0x000001ffb54320b0, 0x000001ffb5432ca0,
0x000001ffb5446410, 0x000001ffb544ed20, 0x000001ffb55aeda0, 0x000001ffb55b1280,
0x000001ffb581e9c0
}

Java Threads: ( => current thread )
  0x000001ff99429dd0 JavaThread "main" [_thread_in_Java, id=19720, stack(0x000000ee1e000000,0x000000ee1e100000)]
  0x000001ffb489b670 JavaThread "Reference Handler" daemon [_thread_blocked, id=7112, stack(0x000000ee1e700000,0x000000ee1e800000)]
  0x000001ffb489c130 JavaThread "Finalizer" daemon [_thread_blocked, id=21444, stack(0x000000ee1e800000,0x000000ee1e900000)]
  0x000001ffb542c550 JavaThread "Signal Dispatcher" daemon [_thread_blocked, id=16924, stack(0x000000ee1e900000,0x000000ee1ea00000)]
  0x000001ffb542cf10 JavaThread "Attach Listener" daemon [_thread_blocked, id=8652, stack(0x000000ee1ea00000,0x000000ee1eb00000)]
  0x000001ffb54317f0 JavaThread "Service Thread" daemon [_thread_blocked, id=21836, stack(0x000000ee1eb00000,0x000000ee1ec00000)]
  0x000001ffb54320b0 JavaThread "Monitor Deflation Thread" daemon [_thread_blocked, id=10988, stack(0x000000ee1ec00000,0x000000ee1ed00000)]
  0x000001ffb5432ca0 JavaThread "C2 CompilerThread0" daemon [_thread_in_native, id=6660, stack(0x000000ee1ed00000,0x000000ee1ee00000)]
  0x000001ffb5446410 JavaThread "C1 CompilerThread0" daemon [_thread_blocked, id=8268, stack(0x000000ee1ee00000,0x000000ee1ef00000)]
  0x000001ffb544ed20 JavaThread "Sweeper thread" daemon [_thread_blocked, id=13088, stack(0x000000ee1ef00000,0x000000ee1f000000)]
  0x000001ffb55aeda0 JavaThread "Notification Thread" daemon [_thread_blocked, id=5484, stack(0x000000ee1f000000,0x000000ee1f100000)]
  0x000001ffb55b1280 JavaThread "Common-Cleaner" daemon [_thread_blocked, id=20836, stack(0x000000ee1f200000,0x000000ee1f300000)]
=>0x000001ffb581e9c0 JavaThread "C2 CompilerThread1" daemon [_thread_in_native, id=15656, stack(0x000000ee1f300000,0x000000ee1f400000)]

Other Threads:
  0x000001ffb48765b0 VMThread "VM Thread" [stack: 0x000000ee1e600000,0x000000ee1e700000] [id=5412]
  0x000001ff9948c780 WatcherThread [stack: 0x000000ee1f100000,0x000000ee1f200000] [id=6288]
  0x000001ff9947a9e0 GCTaskThread "GC Thread#0" [stack: 0x000000ee1e100000,0x000000ee1e200000] [id=14524]
  0x000001ffb5a9b340 GCTaskThread "GC Thread#1" [stack: 0x000000ee1f400000,0x000000ee1f500000] [id=15380]
  0x000001ffb5a9b5f0 GCTaskThread "GC Thread#2" [stack: 0x000000ee1f500000,0x000000ee1f600000] [id=20816]
  0x000001ffb5b6b1d0 GCTaskThread "GC Thread#3" [stack: 0x000000ee1f600000,0x000000ee1f700000] [id=17360]
  0x000001ffb5b6b480 GCTaskThread "GC Thread#4" [stack: 0x000000ee1f700000,0x000000ee1f800000] [id=19268]
  0x000001ffb702da40 GCTaskThread "GC Thread#5" [stack: 0x000000ee1f800000,0x000000ee1f900000] [id=18136]
  0x000001ffb703ad30 GCTaskThread "GC Thread#6" [stack: 0x000000ee1f900000,0x000000ee1fa00000] [id=7604]
  0x000001ffb6c61600 GCTaskThread "GC Thread#7" [stack: 0x000000ee1fa00000,0x000000ee1fb00000] [id=4472]
  0x000001ffb6c610a0 GCTaskThread "GC Thread#8" [stack: 0x000000ee1fb00000,0x000000ee1fc00000] [id=21372]
  0x000001ffb6c61350 GCTaskThread "GC Thread#9" [stack: 0x000000ee1fc00000,0x000000ee1fd00000] [id=21472]
  0x000001ff99485720 ConcurrentGCThread "G1 Main Marker" [stack: 0x000000ee1e200000,0x000000ee1e300000] [id=8592]
  0x000001ff99486040 ConcurrentGCThread "G1 Conc#0" [stack: 0x000000ee1e300000,0x000000ee1e400000] [id=13028]
  0x000001ffb6c60890 ConcurrentGCThread "G1 Conc#1" [stack: 0x000000ee1fd00000,0x000000ee1fe00000] [id=15072]
  0x000001ffb6c60df0 ConcurrentGCThread "G1 Conc#2" [stack: 0x000000ee1fe00000,0x000000ee1ff00000] [id=8308]
  0x000001ff994e1850 ConcurrentGCThread "G1 Refine#0" [stack: 0x000000ee1e400000,0x000000ee1e500000] [id=12564]
  0x000001ffb46e2310 ConcurrentGCThread "G1 Service" [stack: 0x000000ee1e500000,0x000000ee1e600000] [id=12868]

Threads with active compile tasks:
C2 CompilerThread0     6107 7285       4       org.jetbrains.kotlin.load.java.descriptors.JavaMethodDescriptor::<init> (68 bytes)
C1 CompilerThread0     6107 7288       3       org.jetbrains.kotlin.descriptors.java.JavaVisibilities$ProtectedAndPackage::compareTo (50 bytes)
C2 CompilerThread1     6107 6962       4       org.jetbrains.kotlin.types.TypeUtils::contains (301 bytes)

VM state: not at safepoint (normal execution)

VM Mutex/Monitor currently owned by a thread: None

Heap address: 0x0000000762600000, size: 2522 MB, Compressed Oops mode: Zero based, Oop shift amount: 3

CDS archive(s) not mapped
Compressed class space mapped at: 0x0000000800000000-0x0000000840000000, reserved size: 1073741824
Narrow klass base: 0x0000000800000000, Narrow klass shift: 0, Narrow klass range: 0x40000000

GC Precious Log:
 CPUs: 12 total, 12 available
 Memory: 10085M
 Large Page Support: Disabled
 NUMA Support: Disabled
 Compressed Oops: Enabled (Zero based)
 Heap Region Size: 2M
 Heap Min Capacity: 8M
 Heap Initial Capacity: 158M
 Heap Max Capacity: 2522M
 Pre-touch: Disabled
 Parallel Workers: 10
 Concurrent Workers: 3
 Concurrent Refinement Workers: 10
 Periodic GC: Disabled

Heap:
 garbage-first heap   total 98304K, used 62445K [0x0000000762600000, 0x0000000800000000)
  region size 2048K, 7 young (14336K), 2 survivors (4096K)
 Metaspace       used 60298K, committed 60608K, reserved 1105920K
  class space    used 7098K, committed 7232K, reserved 1048576K

Heap Regions: E=young(eden), S=young(survivor), O=old, HS=humongous(starts), HC=humongous(continues), CS=collection set, F=free, OA=open archive, CA=closed archive, TAMS=top-at-mark-start (previous, next)
|   0|0x0000000762600000, 0x0000000762800000, 0x0000000762800000|100%|HS|  |TAMS 0x0000000762800000, 0x0000000762600000| Complete 
|   1|0x0000000762800000, 0x0000000762a00000, 0x0000000762a00000|100%|HC|  |TAMS 0x0000000762a00000, 0x0000000762800000| Complete 
|   2|0x0000000762a00000, 0x0000000762c00000, 0x0000000762c00000|100%|HS|  |TAMS 0x0000000762c00000, 0x0000000762a00000| Complete 
|   3|0x0000000762c00000, 0x0000000762e00000, 0x0000000762e00000|100%|HC|  |TAMS 0x0000000762e00000, 0x0000000762c00000| Complete 
|   4|0x0000000762e00000, 0x0000000763000000, 0x0000000763000000|100%| O|  |TAMS 0x0000000763000000, 0x0000000762e00000| Untracked 
|   5|0x0000000763000000, 0x0000000763200000, 0x0000000763200000|100%| O|  |TAMS 0x0000000763200000, 0x0000000763000000| Untracked 
|   6|0x0000000763200000, 0x0000000763400000, 0x0000000763400000|100%| O|  |TAMS 0x0000000763400000, 0x0000000763200000| Untracked 
|   7|0x0000000763400000, 0x0000000763600000, 0x0000000763600000|100%| O|  |TAMS 0x0000000763600000, 0x0000000763400000| Untracked 
|   8|0x0000000763600000, 0x0000000763800000, 0x0000000763800000|100%| O|  |TAMS 0x0000000763800000, 0x0000000763600000| Untracked 
|   9|0x0000000763800000, 0x0000000763a00000, 0x0000000763a00000|100%| O|  |TAMS 0x0000000763a00000, 0x0000000763800000| Untracked 
|  10|0x0000000763a00000, 0x0000000763c00000, 0x0000000763c00000|100%| O|  |TAMS 0x0000000763c00000, 0x0000000763a00000| Untracked 
|  11|0x0000000763c00000, 0x0000000763e00000, 0x0000000763e00000|100%| O|  |TAMS 0x0000000763e00000, 0x0000000763c00000| Untracked 
|  12|0x0000000763e00000, 0x0000000764000000, 0x0000000764000000|100%| O|  |TAMS 0x0000000764000000, 0x0000000763e00000| Untracked 
|  13|0x0000000764000000, 0x0000000764200000, 0x0000000764200000|100%| O|  |TAMS 0x0000000764200000, 0x0000000764000000| Untracked 
|  14|0x0000000764200000, 0x0000000764400000, 0x0000000764400000|100%| O|  |TAMS 0x0000000764400000, 0x0000000764200000| Untracked 
|  15|0x0000000764400000, 0x0000000764600000, 0x0000000764600000|100%|HS|  |TAMS 0x0000000764600000, 0x0000000764400000| Complete 
|  16|0x0000000764600000, 0x0000000764800000, 0x0000000764800000|100%| O|  |TAMS 0x0000000764800000, 0x0000000764600000| Untracked 
|  17|0x0000000764800000, 0x0000000764a00000, 0x0000000764a00000|100%| O|  |TAMS 0x0000000764a00000, 0x0000000764800000| Untracked 
|  18|0x0000000764a00000, 0x0000000764c00000, 0x0000000764c00000|100%| O|  |TAMS 0x0000000764c00000, 0x0000000764a00000| Untracked 
|  19|0x0000000764c00000, 0x0000000764e00000, 0x0000000764e00000|100%| O|  |TAMS 0x0000000764e00000, 0x0000000764c00000| Untracked 
|  20|0x0000000764e00000, 0x0000000765000000, 0x0000000765000000|100%| O|  |TAMS 0x0000000765000000, 0x0000000764e00000| Untracked 
|  21|0x0000000765000000, 0x0000000765200000, 0x0000000765200000|100%| O|  |TAMS 0x0000000765149400, 0x0000000765000000| Untracked 
|  22|0x0000000765200000, 0x0000000765400000, 0x0000000765400000|100%| O|  |TAMS 0x0000000765200000, 0x0000000765200000| Untracked 
|  23|0x0000000765400000, 0x0000000765600000, 0x0000000765600000|100%| O|  |TAMS 0x0000000765400000, 0x0000000765400000| Untracked 
|  24|0x0000000765600000, 0x00000007656fb600, 0x0000000765800000| 49%| O|  |TAMS 0x0000000765600000, 0x0000000765600000| Untracked 
|  25|0x0000000765800000, 0x0000000765800000, 0x0000000765a00000|  0%| F|  |TAMS 0x0000000765800000, 0x0000000765800000| Untracked 
|  26|0x0000000765a00000, 0x0000000765a00000, 0x0000000765c00000|  0%| F|  |TAMS 0x0000000765a00000, 0x0000000765a00000| Untracked 
|  27|0x0000000765c00000, 0x0000000765c00000, 0x0000000765e00000|  0%| F|  |TAMS 0x0000000765c00000, 0x0000000765c00000| Untracked 
|  28|0x0000000765e00000, 0x0000000765e00000, 0x0000000766000000|  0%| F|  |TAMS 0x0000000765e00000, 0x0000000765e00000| Untracked 
|  29|0x0000000766000000, 0x0000000766000000, 0x0000000766200000|  0%| F|  |TAMS 0x0000000766000000, 0x0000000766000000| Untracked 
|  30|0x0000000766200000, 0x0000000766200000, 0x0000000766400000|  0%| F|  |TAMS 0x0000000766200000, 0x0000000766200000| Untracked 
|  31|0x0000000766400000, 0x0000000766400000, 0x0000000766600000|  0%| F|  |TAMS 0x0000000766400000, 0x0000000766400000| Untracked 
|  32|0x0000000766600000, 0x0000000766600000, 0x0000000766800000|  0%| F|  |TAMS 0x0000000766600000, 0x0000000766600000| Untracked 
|  33|0x0000000766800000, 0x0000000766a00000, 0x0000000766a00000|100%| S|CS|TAMS 0x0000000766800000, 0x0000000766800000| Complete 
|  34|0x0000000766a00000, 0x0000000766c00000, 0x0000000766c00000|100%| S|CS|TAMS 0x0000000766a00000, 0x0000000766a00000| Complete 
|  35|0x0000000766c00000, 0x0000000766c00000, 0x0000000766e00000|  0%| F|  |TAMS 0x0000000766c00000, 0x0000000766c00000| Untracked 
|  36|0x0000000766e00000, 0x0000000766e00000, 0x0000000767000000|  0%| F|  |TAMS 0x0000000766e00000, 0x0000000766e00000| Untracked 
|  37|0x0000000767000000, 0x0000000767000000, 0x0000000767200000|  0%| F|  |TAMS 0x0000000767000000, 0x0000000767000000| Untracked 
|  38|0x0000000767200000, 0x0000000767200000, 0x0000000767400000|  0%| F|  |TAMS 0x0000000767200000, 0x0000000767200000| Untracked 
|  39|0x0000000767400000, 0x0000000767400000, 0x0000000767600000|  0%| F|  |TAMS 0x0000000767400000, 0x0000000767400000| Untracked 
|  40|0x0000000767600000, 0x0000000767600000, 0x0000000767800000|  0%| F|  |TAMS 0x0000000767600000, 0x0000000767600000| Untracked 
|  41|0x0000000767800000, 0x0000000767800000, 0x0000000767a00000|  0%| F|  |TAMS 0x0000000767800000, 0x0000000767800000| Untracked 
|  42|0x0000000767a00000, 0x0000000767a00000, 0x0000000767c00000|  0%| F|  |TAMS 0x0000000767a00000, 0x0000000767a00000| Untracked 
|  72|0x000000076b600000, 0x000000076b731220, 0x000000076b800000| 59%| E|  |TAMS 0x000000076b600000, 0x000000076b600000| Complete 
|  73|0x000000076b800000, 0x000000076ba00000, 0x000000076ba00000|100%| E|CS|TAMS 0x000000076b800000, 0x000000076b800000| Complete 
|  74|0x000000076ba00000, 0x000000076bc00000, 0x000000076bc00000|100%| E|CS|TAMS 0x000000076ba00000, 0x000000076ba00000| Complete 
|  75|0x000000076bc00000, 0x000000076be00000, 0x000000076be00000|100%| E|CS|TAMS 0x000000076bc00000, 0x000000076bc00000| Complete 
|  78|0x000000076c200000, 0x000000076c400000, 0x000000076c400000|100%| E|CS|TAMS 0x000000076c200000, 0x000000076c200000| Complete 

Card table byte_map: [0x000001ffac340000,0x000001ffac830000] _byte_map_base: 0x000001ffa882d000

Marking Bits (Prev, Next): (CMBitMap*) 0x000001ff9947af00, (CMBitMap*) 0x000001ff9947af40
 Prev Bits: [0x000001ffacd20000, 0x000001ffaf488000)
 Next Bits: [0x000001ffaf490000, 0x000001ffb1bf8000)

Polling page: 0x000001ff973a0000

Metaspace:

Usage:
  Non-class:     51.95 MB used.
      Class:      6.93 MB used.
       Both:     58.88 MB used.

Virtual space:
  Non-class space:       56.00 MB reserved,      52.12 MB ( 93%) committed,  7 nodes.
      Class space:        1.00 GB reserved,       7.06 MB ( <1%) committed,  1 nodes.
             Both:        1.05 GB reserved,      59.19 MB (  5%) committed. 

Chunk freelists:
   Non-Class:  3.77 MB
       Class:  1006.00 KB
        Both:  4.75 MB

MaxMetaspaceSize: unlimited
CompressedClassSpaceSize: 1.00 GB
Initial GC threshold: 21.00 MB
Current GC threshold: 98.25 MB
CDS: off
MetaspaceReclaimPolicy: balanced
 - commit_granule_bytes: 65536.
 - commit_granule_words: 8192.
 - virtual_space_node_default_size: 1048576.
 - enlarge_chunks_in_place: 1.
 - new_chunks_are_fully_committed: 0.
 - uncommit_free_chunks: 1.
 - use_allocation_guard: 0.
 - handle_deallocations: 1.


Internal statistics:

num_allocs_failed_limit: 6.
num_arena_births: 302.
num_arena_deaths: 0.
num_vsnodes_births: 8.
num_vsnodes_deaths: 0.
num_space_committed: 945.
num_space_uncommitted: 0.
num_chunks_returned_to_freelist: 6.
num_chunks_taken_from_freelist: 2142.
num_chunk_merges: 6.
num_chunk_splits: 1696.
num_chunks_enlarged: 1466.
num_purges: 0.
num_inconsistent_stats: 0.

CodeHeap 'non-profiled nmethods': size=120000Kb used=2977Kb max_used=3115Kb free=117022Kb
 bounds [0x000001ffa43c0000, 0x000001ffa46d0000, 0x000001ffab8f0000]
CodeHeap 'profiled nmethods': size=120000Kb used=14441Kb max_used=14441Kb free=105558Kb
 bounds [0x000001ff9c8f0000, 0x000001ff9d710000, 0x000001ffa3e20000]
CodeHeap 'non-nmethods': size=5760Kb used=1321Kb max_used=1369Kb free=4438Kb
 bounds [0x000001ffa3e20000, 0x000001ffa4090000, 0x000001ffa43c0000]
 total_blobs=6923 nmethods=6296 adapters=534
 compilation: enabled
              stopped_count=0, restarted_count=0
 full_count=0

Compilation events (20 events):
Event: 6.067 Thread 0x000001ffb5446410 7234       3       org.jetbrains.kotlin.resolve.lazy.descriptors.AbstractLazyMemberScope$declaredPropertyDescriptors$1::invoke (9 bytes)
Event: 6.067 Thread 0x000001ffb5446410 nmethod 7234 0x000001ff9d6e3710 code [0x000001ff9d6e3940, 0x000001ff9d6e4108]
Event: 6.067 Thread 0x000001ffb5446410 7235       3       org.jetbrains.kotlin.resolve.lazy.descriptors.AbstractLazyMemberScope$declaredPropertyDescriptors$1::invoke (15 bytes)
Event: 6.067 Thread 0x000001ffb5446410 nmethod 7235 0x000001ff9d6e4410 code [0x000001ff9d6e4640, 0x000001ff9d6e4c88]
Event: 6.067 Thread 0x000001ffb5446410 7236       3       org.jetbrains.kotlin.resolve.lazy.descriptors.AbstractLazyMemberScope::access$getDeclaredProperties (6 bytes)
Event: 6.067 Thread 0x000001ffb5446410 nmethod 7236 0x000001ff9d189810 code [0x000001ff9d1899a0, 0x000001ff9d189ac8]
Event: 6.067 Thread 0x000001ffb5446410 7238       3       org.jetbrains.kotlin.resolve.lazy.declarations.AbstractPsiBasedDeclarationProvider::getPropertyDeclarations (9 bytes)
Event: 6.067 Thread 0x000001ffb5446410 nmethod 7238 0x000001ff9d02e110 code [0x000001ff9d02e2c0, 0x000001ff9d02e588]
Event: 6.067 Thread 0x000001ffb5446410 7239       3       org.jetbrains.kotlin.resolve.lazy.declarations.AbstractPsiBasedDeclarationProvider::getPropertyDeclarations (41 bytes)
Event: 6.068 Thread 0x000001ffb5446410 nmethod 7239 0x000001ff9d6e4f10 code [0x000001ff9d6e51a0, 0x000001ff9d6e5e58]
Event: 6.068 Thread 0x000001ffb5446410 7240       3       org.jetbrains.kotlin.resolve.lazy.declarations.AbstractPsiBasedDeclarationProvider::getDestructuringDeclarationsEntries (44 bytes)
Event: 6.069 Thread 0x000001ffb5446410 nmethod 7240 0x000001ff9d6e6290 code [0x000001ff9d6e6540, 0x000001ff9d6e72f8]
Event: 6.070 Thread 0x000001ffb5446410 7247       3       org.jetbrains.kotlin.descriptors.impl.PropertyAccessorDescriptorImpl::getVisibility (14 bytes)
Event: 6.070 Thread 0x000001ffb5446410 nmethod 7247 0x000001ff9d33fa90 code [0x000001ff9d33fc40, 0x000001ff9d33fdc8]
Event: 6.070 Thread 0x000001ffb5446410 7248       3       org.jetbrains.kotlin.descriptors.impl.FunctionDescriptorImpl::substitute (41 bytes)
Event: 6.071 Thread 0x000001ffb5446410 nmethod 7248 0x000001ff9d6e7710 code [0x000001ff9d6e7980, 0x000001ff9d6e8398]
Event: 6.071 Thread 0x000001ffb5446410 7249       1       org.jetbrains.kotlin.descriptors.impl.PropertyAccessorDescriptorImpl::setInitialSignatureDescriptor (6 bytes)
Event: 6.071 Thread 0x000001ffb5446410 nmethod 7249 0x000001ffa4557590 code [0x000001ffa4557720, 0x000001ffa4557838]
Event: 6.071 Thread 0x000001ffb5446410 7250       3       kotlin.jvm.internal.FunctionReference::<init> (37 bytes)
Event: 6.071 Thread 0x000001ffb5446410 nmethod 7250 0x000001ff9d0f3510 code [0x000001ff9d0f36c0, 0x000001ff9d0f3a98]

GC Heap History (20 events):
Event: 3.253 GC heap before
{Heap before GC invocations=11 (full 0):
 garbage-first heap   total 59392K, used 43616K [0x0000000762600000, 0x0000000800000000)
  region size 2048K, 9 young (18432K), 1 survivors (2048K)
 Metaspace       used 46663K, committed 46976K, reserved 1097728K
  class space    used 5626K, committed 5760K, reserved 1048576K
}
Event: 3.257 GC heap after
{Heap after GC invocations=12 (full 0):
 garbage-first heap   total 59392K, used 28766K [0x0000000762600000, 0x0000000800000000)
  region size 2048K, 2 young (4096K), 2 survivors (4096K)
 Metaspace       used 46663K, committed 46976K, reserved 1097728K
  class space    used 5626K, committed 5760K, reserved 1048576K
}
Event: 3.582 GC heap before
{Heap before GC invocations=12 (full 0):
 garbage-first heap   total 59392K, used 43102K [0x0000000762600000, 0x0000000800000000)
  region size 2048K, 10 young (20480K), 2 survivors (4096K)
 Metaspace       used 49782K, committed 50112K, reserved 1097728K
  class space    used 6018K, committed 6144K, reserved 1048576K
}
Event: 3.588 GC heap after
{Heap after GC invocations=13 (full 0):
 garbage-first heap   total 59392K, used 30691K [0x0000000762600000, 0x0000000800000000)
  region size 2048K, 2 young (4096K), 2 survivors (4096K)
 Metaspace       used 49782K, committed 50112K, reserved 1097728K
  class space    used 6018K, committed 6144K, reserved 1048576K
}
Event: 3.639 GC heap before
{Heap before GC invocations=13 (full 0):
 garbage-first heap   total 59392K, used 45027K [0x0000000762600000, 0x0000000800000000)
  region size 2048K, 9 young (18432K), 2 survivors (4096K)
 Metaspace       used 49892K, committed 50176K, reserved 1097728K
  class space    used 6019K, committed 6144K, reserved 1048576K
}
Event: 3.645 GC heap after
{Heap after GC invocations=14 (full 0):
 garbage-first heap   total 71680K, used 31523K [0x0000000762600000, 0x0000000800000000)
  region size 2048K, 2 young (4096K), 2 survivors (4096K)
 Metaspace       used 49892K, committed 50176K, reserved 1097728K
  class space    used 6019K, committed 6144K, reserved 1048576K
}
Event: 3.896 GC heap before
{Heap before GC invocations=15 (full 0):
 garbage-first heap   total 71680K, used 54051K [0x0000000762600000, 0x0000000800000000)
  region size 2048K, 12 young (24576K), 2 survivors (4096K)
 Metaspace       used 51896K, committed 52096K, reserved 1097728K
  class space    used 6255K, committed 6336K, reserved 1048576K
}
Event: 3.902 GC heap after
{Heap after GC invocations=16 (full 0):
 garbage-first heap   total 71680K, used 36064K [0x0000000762600000, 0x0000000800000000)
  region size 2048K, 2 young (4096K), 2 survivors (4096K)
 Metaspace       used 51896K, committed 52096K, reserved 1097728K
  class space    used 6255K, committed 6336K, reserved 1048576K
}
Event: 4.316 GC heap before
{Heap before GC invocations=16 (full 0):
 garbage-first heap   total 71680K, used 50400K [0x0000000762600000, 0x0000000800000000)
  region size 2048K, 10 young (20480K), 2 survivors (4096K)
 Metaspace       used 55971K, committed 56320K, reserved 1105920K
  class space    used 6770K, committed 6912K, reserved 1048576K
}
Event: 4.322 GC heap after
{Heap after GC invocations=17 (full 0):
 garbage-first heap   total 71680K, used 38563K [0x0000000762600000, 0x0000000800000000)
  region size 2048K, 2 young (4096K), 2 survivors (4096K)
 Metaspace       used 55971K, committed 56320K, reserved 1105920K
  class space    used 6770K, committed 6912K, reserved 1048576K
}
Event: 4.645 GC heap before
{Heap before GC invocations=18 (full 0):
 garbage-first heap   total 71680K, used 50851K [0x0000000762600000, 0x0000000800000000)
  region size 2048K, 9 young (18432K), 2 survivors (4096K)
 Metaspace       used 57889K, committed 58176K, reserved 1105920K
  class space    used 6976K, committed 7104K, reserved 1048576K
}
Event: 4.652 GC heap after
{Heap after GC invocations=19 (full 0):
 garbage-first heap   total 71680K, used 40560K [0x0000000762600000, 0x0000000800000000)
  region size 2048K, 2 young (4096K), 2 survivors (4096K)
 Metaspace       used 57889K, committed 58176K, reserved 1105920K
  class space    used 6976K, committed 7104K, reserved 1048576K
}
Event: 5.016 GC heap before
{Heap before GC invocations=19 (full 0):
 garbage-first heap   total 71680K, used 54896K [0x0000000762600000, 0x0000000800000000)
  region size 2048K, 9 young (18432K), 2 survivors (4096K)
 Metaspace       used 58888K, committed 59136K, reserved 1105920K
  class space    used 7033K, committed 7168K, reserved 1048576K
}
Event: 5.026 GC heap after
{Heap after GC invocations=20 (full 0):
 garbage-first heap   total 71680K, used 44431K [0x0000000762600000, 0x0000000800000000)
  region size 2048K, 2 young (4096K), 2 survivors (4096K)
 Metaspace       used 58888K, committed 59136K, reserved 1105920K
  class space    used 7033K, committed 7168K, reserved 1048576K
}
Event: 5.261 GC heap before
{Heap before GC invocations=21 (full 0):
 garbage-first heap   total 79872K, used 54671K [0x0000000762600000, 0x0000000800000000)
  region size 2048K, 7 young (14336K), 2 survivors (4096K)
 Metaspace       used 59622K, committed 59904K, reserved 1105920K
  class space    used 7079K, committed 7168K, reserved 1048576K
}
Event: 5.270 GC heap after
{Heap after GC invocations=22 (full 0):
 garbage-first heap   total 79872K, used 46314K [0x0000000762600000, 0x0000000800000000)
  region size 2048K, 1 young (2048K), 1 survivors (2048K)
 Metaspace       used 59622K, committed 59904K, reserved 1105920K
  class space    used 7079K, committed 7168K, reserved 1048576K
}
Event: 5.664 GC heap before
{Heap before GC invocations=22 (full 0):
 garbage-first heap   total 79872K, used 60650K [0x0000000762600000, 0x0000000800000000)
  region size 2048K, 8 young (16384K), 1 survivors (2048K)
 Metaspace       used 60025K, committed 60352K, reserved 1105920K
  class space    used 7089K, committed 7232K, reserved 1048576K
}
Event: 5.673 GC heap after
{Heap after GC invocations=23 (full 0):
 garbage-first heap   total 98304K, used 49076K [0x0000000762600000, 0x0000000800000000)
  region size 2048K, 1 young (2048K), 1 survivors (2048K)
 Metaspace       used 60025K, committed 60352K, reserved 1105920K
  class space    used 7089K, committed 7232K, reserved 1048576K
}
Event: 6.042 GC heap before
{Heap before GC invocations=24 (full 0):
 garbage-first heap   total 98304K, used 75700K [0x0000000762600000, 0x0000000800000000)
  region size 2048K, 14 young (28672K), 1 survivors (2048K)
 Metaspace       used 60251K, committed 60544K, reserved 1105920K
  class space    used 7098K, committed 7232K, reserved 1048576K
}
Event: 6.057 GC heap after
{Heap after GC invocations=25 (full 0):
 garbage-first heap   total 98304K, used 54253K [0x0000000762600000, 0x0000000800000000)
  region size 2048K, 2 young (4096K), 2 survivors (4096K)
 Metaspace       used 60251K, committed 60544K, reserved 1105920K
  class space    used 7098K, committed 7232K, reserved 1048576K
}

Dll operation events (2 events):
Event: 0.011 Loaded shared library C:\Program Files\Android\Android Studio\jbr\bin\java.dll
Event: 1.110 Loaded shared library C:\Program Files\Android\Android Studio\jbr\bin\verify.dll

Deoptimization events (20 events):
Event: 5.954 Thread 0x000001ff99429dd0 Uncommon trap: trap_request=0xffffff45 fr.pc=0x000001ffa46a394c relative=0x0000000000000bec
Event: 5.954 Thread 0x000001ff99429dd0 Uncommon trap: reason=unstable_if action=reinterpret pc=0x000001ffa46a394c method=org.jetbrains.kotlin.util.Checks.isApplicable(Lorg/jetbrains/kotlin/descriptors/FunctionDescriptor;)Z @ 26 c2
Event: 5.954 Thread 0x000001ff99429dd0 DEOPT PACKING pc=0x000001ffa46a394c sp=0x000000ee1e0fd240
Event: 5.954 Thread 0x000001ff99429dd0 DEOPT UNPACKING pc=0x000001ffa3e769a3 sp=0x000000ee1e0fd1e8 mode 2
Event: 5.954 Thread 0x000001ff99429dd0 Uncommon trap: trap_request=0xffffff45 fr.pc=0x000001ffa46bf3c0 relative=0x0000000000000120
Event: 5.954 Thread 0x000001ff99429dd0 Uncommon trap: reason=unstable_if action=reinterpret pc=0x000001ffa46bf3c0 method=org.jetbrains.kotlin.util.AbstractModifierChecks.check(Lorg/jetbrains/kotlin/descriptors/FunctionDescriptor;)Lorg/jetbrains/kotlin/util/CheckResult; @ 40 c2
Event: 5.954 Thread 0x000001ff99429dd0 DEOPT PACKING pc=0x000001ffa46bf3c0 sp=0x000000ee1e0fd290
Event: 5.954 Thread 0x000001ff99429dd0 DEOPT UNPACKING pc=0x000001ffa3e769a3 sp=0x000000ee1e0fd220 mode 2
Event: 6.035 Thread 0x000001ff99429dd0 Uncommon trap: trap_request=0xffffffde fr.pc=0x000001ffa454c888 relative=0x0000000000000a88
Event: 6.035 Thread 0x000001ff99429dd0 Uncommon trap: reason=class_check action=maybe_recompile pc=0x000001ffa454c888 method=org.jetbrains.kotlin.descriptors.impl.FunctionDescriptorImpl.initialize(Lorg/jetbrains/kotlin/descriptors/ReceiverParameterDescriptor;Lorg/jetbrains/kotlin/descriptors/R
Event: 6.035 Thread 0x000001ff99429dd0 DEOPT PACKING pc=0x000001ffa454c888 sp=0x000000ee1e0fdfb0
Event: 6.035 Thread 0x000001ff99429dd0 DEOPT UNPACKING pc=0x000001ffa3e769a3 sp=0x000000ee1e0fdf80 mode 2
Event: 6.060 Thread 0x000001ff99429dd0 Uncommon trap: trap_request=0xffffffde fr.pc=0x000001ffa454c888 relative=0x0000000000000a88
Event: 6.060 Thread 0x000001ff99429dd0 Uncommon trap: reason=class_check action=maybe_recompile pc=0x000001ffa454c888 method=org.jetbrains.kotlin.descriptors.impl.FunctionDescriptorImpl.initialize(Lorg/jetbrains/kotlin/descriptors/ReceiverParameterDescriptor;Lorg/jetbrains/kotlin/descriptors/R
Event: 6.060 Thread 0x000001ff99429dd0 DEOPT PACKING pc=0x000001ffa454c888 sp=0x000000ee1e0fd6f0
Event: 6.060 Thread 0x000001ff99429dd0 DEOPT UNPACKING pc=0x000001ffa3e769a3 sp=0x000000ee1e0fd678 mode 2
Event: 6.066 Thread 0x000001ff99429dd0 Uncommon trap: trap_request=0xffffffde fr.pc=0x000001ffa454c888 relative=0x0000000000000a88
Event: 6.066 Thread 0x000001ff99429dd0 Uncommon trap: reason=class_check action=maybe_recompile pc=0x000001ffa454c888 method=org.jetbrains.kotlin.descriptors.impl.FunctionDescriptorImpl.initialize(Lorg/jetbrains/kotlin/descriptors/ReceiverParameterDescriptor;Lorg/jetbrains/kotlin/descriptors/R
Event: 6.066 Thread 0x000001ff99429dd0 DEOPT PACKING pc=0x000001ffa454c888 sp=0x000000ee1e0fdfb0
Event: 6.066 Thread 0x000001ff99429dd0 DEOPT UNPACKING pc=0x000001ffa3e769a3 sp=0x000000ee1e0fdf80 mode 2

Classes unloaded (0 events):
No events

Classes redefined (0 events):
No events

Internal exceptions (20 events):
Event: 3.173 Thread 0x000001ff99429dd0 Implicit null exception at 0x000001ffa453cf41 to 0x000001ffa453d060
Event: 3.178 Thread 0x000001ff99429dd0 Implicit null exception at 0x000001ffa453d4d0 to 0x000001ffa453d5a0
Event: 3.310 Thread 0x000001ff99429dd0 Exception <a 'java/lang/NoSuchMethodError'{0x000000076bc7e0b8}: 'java.lang.Object java.lang.invoke.DirectMethodHandle$Holder.newInvokeSpecial(java.lang.Object, java.lang.Object, java.lang.Object, int)'> (0x000000076bc7e0b8) 
thrown [s\src\hotspot\share\interpreter\linkResolver.cpp, line 771]
Event: 3.310 Thread 0x000001ff99429dd0 Exception <a 'java/lang/NoSuchMethodError'{0x000000076bc82740}: 'java.lang.Object java.lang.invoke.DirectMethodHandle$Holder.invokeSpecial(java.lang.Object, java.lang.Object, java.lang.Object, java.lang.Object, int)'> (0x000000076bc82740) 
thrown [s\src\hotspot\share\interpreter\linkResolver.cpp, line 771]
Event: 3.310 Thread 0x000001ff99429dd0 Exception <a 'java/lang/NoSuchMethodError'{0x000000076bc865b0}: 'java.lang.Object java.lang.invoke.Invokers$Holder.linkToTargetMethod(java.lang.Object, java.lang.Object, int, java.lang.Object)'> (0x000000076bc865b0) 
thrown [s\src\hotspot\share\interpreter\linkResolver.cpp, line 771]
Event: 3.812 Thread 0x000001ff99429dd0 Exception <a 'java/lang/NoSuchMethodError'{0x0000000765c50e00}: 'java.lang.Object java.lang.invoke.DirectMethodHandle$Holder.invokeInterface(java.lang.Object, java.lang.Object)'> (0x0000000765c50e00) 
thrown [s\src\hotspot\share\interpreter\linkResolver.cpp, line 771]
Event: 4.198 Thread 0x000001ff99429dd0 Exception <a 'java/lang/NoSuchMethodError'{0x0000000766062fd0}: 'java.lang.Object java.lang.invoke.DirectMethodHandle$Holder.invokeStatic(java.lang.Object, java.lang.Object, java.lang.Object, java.lang.Object, int)'> (0x0000000766062fd0) 
thrown [s\src\hotspot\share\interpreter\linkResolver.cpp, line 771]
Event: 4.199 Thread 0x000001ff99429dd0 Exception <a 'java/lang/NoSuchMethodError'{0x000000076606f9c8}: 'java.lang.Object java.lang.invoke.DirectMethodHandle$Holder.newInvokeSpecial(java.lang.Object, java.lang.Object, java.lang.Object, java.lang.Object, int)'> (0x000000076606f9c8) 
thrown [s\src\hotspot\share\interpreter\linkResolver.cpp, line 771]
Event: 4.200 Thread 0x000001ff99429dd0 Exception <a 'java/lang/NoSuchMethodError'{0x0000000766074250}: 'java.lang.Object java.lang.invoke.DirectMethodHandle$Holder.invokeSpecial(java.lang.Object, java.lang.Object, java.lang.Object, java.lang.Object, java.lang.Object, int)'> (0x0000000766074250) 
thrown [s\src\hotspot\share\interpreter\linkResolver.cpp, line 771]
Event: 4.200 Thread 0x000001ff99429dd0 Exception <a 'java/lang/NoSuchMethodError'{0x0000000766078488}: 'java.lang.Object java.lang.invoke.Invokers$Holder.linkToTargetMethod(java.lang.Object, java.lang.Object, java.lang.Object, int, java.lang.Object)'> (0x0000000766078488) 
thrown [s\src\hotspot\share\interpreter\linkResolver.cpp, line 771]
Event: 4.554 Thread 0x000001ff99429dd0 Exception <a 'java/lang/NoSuchMethodError'{0x000000076b62aa10}: 'java.lang.Object java.lang.invoke.DirectMethodHandle$Holder.newInvokeSpecial(java.lang.Object, java.lang.Object, java.lang.Object, java.lang.Object, java.lang.Object, java.lang.Object, java.lang.Object, java.lang.Object)'> (0x000000076b62aa10) 
thrown [s\src\hotspot\share\interpreter\linkResolver.cpp, line 771]
Event: 4.554 Thread 0x000001ff99429dd0 Exception <a 'java/lang/NoSuchMethodError'{0x000000076b630028}: 'java.lang.Object java.lang.invoke.DirectMethodHandle$Holder.invokeSpecial(java.lang.Object, java.lang.Object, java.lang.Object, java.lang.Object, java.lang.Object, java.lang.Object, java.lang.Object, java.lang.Object, java.lang.Object)'> (0x000000076b630028) 
thrown [s\src\hotspot\share\interpreter\linkResolver.cpp, line 771]
Event: 4.555 Thread 0x000001ff99429dd0 Exception <a 'java/lang/NoSuchMethodError'{0x000000076b634f58}: 'java.lang.Object java.lang.invoke.Invokers$Holder.linkToTargetMethod(java.lang.Object, java.lang.Object, java.lang.Object, java.lang.Object, java.lang.Object, java.lang.Object, java.lang.Object, java.lang.Object)'> (0x000000076b634f58) 
thrown [s\src\hotspot\share\interpreter\linkResolver.cpp, line 771]
Event: 4.851 Thread 0x000001ff99429dd0 Exception <a 'java/lang/NoSuchMethodError'{0x000000076bbe9ae8}: 'java.lang.Object java.lang.invoke.DirectMethodHandle$Holder.invokeSpecial(java.lang.Object, java.lang.Object, java.lang.Object, java.lang.Object, java.lang.Object, java.lang.Object, int)'> (0x000000076bbe9ae8) 
thrown [s\src\hotspot\share\interpreter\linkResolver.cpp, line 771]
Event: 4.851 Thread 0x000001ff99429dd0 Exception <a 'java/lang/NoSuchMethodError'{0x000000076bbf3520}: 'java.lang.Object java.lang.invoke.DirectMethodHandle$Holder.newInvokeSpecial(java.lang.Object, java.lang.Object, java.lang.Object, java.lang.Object, java.lang.Object, java.lang.Object)'> (0x000000076bbf3520) 
thrown [s\src\hotspot\share\interpreter\linkResolver.cpp, line 771]
Event: 5.091 Thread 0x000001ff99429dd0 Exception <a 'java/lang/NoSuchMethodError'{0x000000076c3a3070}: 'int java.lang.invoke.DirectMethodHandle$Holder.invokeInterface(java.lang.Object, java.lang.Object)'> (0x000000076c3a3070) 
thrown [s\src\hotspot\share\interpreter\linkResolver.cpp, line 771]
Event: 5.221 Thread 0x000001ff99429dd0 Exception <a 'java/lang/NoSuchMethodError'{0x000000076b649540}: 'java.lang.Object java.lang.invoke.DirectMethodHandle$Holder.invokeStaticInit(java.lang.Object, java.lang.Object, java.lang.Object)'> (0x000000076b649540) 
thrown [s\src\hotspot\share\interpreter\linkResolver.cpp, line 771]
Event: 5.732 Thread 0x000001ff99429dd0 Implicit null exception at 0x000001ffa440d86b to 0x000001ffa440da40
Event: 5.732 Thread 0x000001ff99429dd0 Implicit null exception at 0x000001ffa4418e0f to 0x000001ffa4418e89
Event: 5.959 Thread 0x000001ff99429dd0 Exception <a 'java/lang/NoSuchMethodError'{0x000000076738a080}: 'java.lang.Object java.lang.invoke.DirectMethodHandle$Holder.newInvokeSpecial(java.lang.Object, int, java.lang.Object)'> (0x000000076738a080) 
thrown [s\src\hotspot\share\interpreter\linkResolver.cpp, line 771]

VM Operations (20 events):
Event: 5.493 Executing VM operation: HandshakeAllThreads
Event: 5.493 Executing VM operation: HandshakeAllThreads done
Event: 5.626 Executing VM operation: ICBufferFull
Event: 5.626 Executing VM operation: ICBufferFull done
Event: 5.664 Executing VM operation: G1CollectForAllocation
Event: 5.673 Executing VM operation: G1CollectForAllocation done
Event: 5.700 Executing VM operation: G1Concurrent
Event: 5.706 Executing VM operation: G1Concurrent done
Event: 5.718 Executing VM operation: G1Concurrent
Event: 5.719 Executing VM operation: G1Concurrent done
Event: 5.831 Executing VM operation: HandshakeAllThreads
Event: 5.831 Executing VM operation: HandshakeAllThreads done
Event: 5.847 Executing VM operation: ICBufferFull
Event: 5.848 Executing VM operation: ICBufferFull done
Event: 5.956 Executing VM operation: HandshakeAllThreads
Event: 5.956 Executing VM operation: HandshakeAllThreads done
Event: 5.974 Executing VM operation: ICBufferFull
Event: 5.974 Executing VM operation: ICBufferFull done
Event: 6.042 Executing VM operation: G1CollectForAllocation
Event: 6.057 Executing VM operation: G1CollectForAllocation done

Events (20 events):
Event: 5.462 Thread 0x000001ffb544ed20 flushing nmethod 0x000001ff9d35e510
Event: 5.462 Thread 0x000001ffb544ed20 flushing nmethod 0x000001ff9d36d910
Event: 5.462 Thread 0x000001ffb544ed20 flushing nmethod 0x000001ff9d378310
Event: 5.462 Thread 0x000001ffb544ed20 flushing nmethod 0x000001ff9d378690
Event: 5.463 Thread 0x000001ffb544ed20 flushing nmethod 0x000001ff9d39b190
Event: 5.463 Thread 0x000001ffb544ed20 flushing nmethod 0x000001ff9d39fa90
Event: 5.463 Thread 0x000001ffb544ed20 flushing nmethod 0x000001ff9d3abc90
Event: 5.463 Thread 0x000001ffb544ed20 flushing nmethod 0x000001ff9d3b3790
Event: 5.463 Thread 0x000001ffb544ed20 flushing nmethod 0x000001ff9d3ce990
Event: 5.463 Thread 0x000001ffb544ed20 flushing nmethod 0x000001ff9d3fe790
Event: 5.463 Thread 0x000001ffb544ed20 flushing nmethod 0x000001ff9d3ff210
Event: 5.463 Thread 0x000001ffb544ed20 flushing nmethod 0x000001ff9d423690
Event: 5.463 Thread 0x000001ffb544ed20 flushing nmethod 0x000001ff9d424010
Event: 5.463 Thread 0x000001ffb544ed20 flushing nmethod 0x000001ff9d424c90
Event: 5.463 Thread 0x000001ffb544ed20 flushing nmethod 0x000001ff9d425210
Event: 5.463 Thread 0x000001ffb544ed20 flushing nmethod 0x000001ff9d425590
Event: 5.463 Thread 0x000001ffb544ed20 flushing nmethod 0x000001ff9d443510
Event: 5.464 Thread 0x000001ffb544ed20 flushing nmethod 0x000001ff9d44fb10
Event: 5.464 Thread 0x000001ffb544ed20 flushing nmethod 0x000001ff9d48fd90
Event: 5.464 Thread 0x000001ffb544ed20 flushing nmethod 0x000001ff9d4abb90


Dynamic libraries:
0x00007ff687320000 - 0x00007ff68732a000 	C:\Program Files\Android\Android Studio\jbr\bin\java.exe
0x00007ffe02a50000 - 0x00007ffe02c64000 	C:\WINDOWS\SYSTEM32\ntdll.dll
0x00007ffe01aa0000 - 0x00007ffe01b62000 	C:\WINDOWS\System32\KERNEL32.DLL
0x00007ffdffe70000 - 0x00007ffe00213000 	C:\WINDOWS\System32\KERNELBASE.dll
0x00007ffe00400000 - 0x00007ffe00511000 	C:\WINDOWS\System32\ucrtbase.dll
0x00007ffdf0360000 - 0x00007ffdf0377000 	C:\Program Files\Android\Android Studio\jbr\bin\jli.dll
0x00007ffdf0470000 - 0x00007ffdf048b000 	C:\Program Files\Android\Android Studio\jbr\bin\VCRUNTIME140.dll
0x00007ffe01fb0000 - 0x00007ffe0215b000 	C:\WINDOWS\System32\USER32.dll
0x00007ffe003d0000 - 0x00007ffe003f6000 	C:\WINDOWS\System32\win32u.dll
0x00007ffde4e00000 - 0x00007ffde508e000 	C:\WINDOWS\WinSxS\amd64_microsoft.windows.common-controls_6595b64144ccf1df_6.0.22621.1635_none_270f70857386168e\COMCTL32.dll
0x00007ffe025c0000 - 0x00007ffe025e9000 	C:\WINDOWS\System32\GDI32.dll
0x00007ffe01010000 - 0x00007ffe010b7000 	C:\WINDOWS\System32\msvcrt.dll
0x00007ffe00520000 - 0x00007ffe00638000 	C:\WINDOWS\System32\gdi32full.dll
0x00007ffe00640000 - 0x00007ffe006da000 	C:\WINDOWS\System32\msvcp_win.dll
0x00007ffe02580000 - 0x00007ffe025b1000 	C:\WINDOWS\System32\IMM32.DLL
0x00007ffdfcd40000 - 0x00007ffdfcd4c000 	C:\Program Files\Android\Android Studio\jbr\bin\vcruntime140_1.dll
0x00007ffdd9770000 - 0x00007ffdd97fd000 	C:\Program Files\Android\Android Studio\jbr\bin\msvcp140.dll
0x00007ffda4f60000 - 0x00007ffda5bcd000 	C:\Program Files\Android\Android Studio\jbr\bin\server\jvm.dll
0x00007ffe00850000 - 0x00007ffe008fe000 	C:\WINDOWS\System32\ADVAPI32.dll
0x00007ffe010c0000 - 0x00007ffe01164000 	C:\WINDOWS\System32\sechost.dll
0x00007ffe028f0000 - 0x00007ffe02a07000 	C:\WINDOWS\System32\RPCRT4.dll
0x00007ffdf8730000 - 0x00007ffdf8764000 	C:\WINDOWS\SYSTEM32\WINMM.dll
0x00007ffdf8230000 - 0x00007ffdf823a000 	C:\WINDOWS\SYSTEM32\VERSION.dll
0x00007ffdfcdd0000 - 0x00007ffdfcdd9000 	C:\WINDOWS\SYSTEM32\WSOCK32.dll
0x00007ffe00e70000 - 0x00007ffe00ee1000 	C:\WINDOWS\System32\WS2_32.dll
0x00007ffdfee90000 - 0x00007ffdfeea8000 	C:\WINDOWS\SYSTEM32\kernel.appcore.dll
0x00007ffdfcdc0000 - 0x00007ffdfcdca000 	C:\Program Files\Android\Android Studio\jbr\bin\jimage.dll
0x00007ffdfda60000 - 0x00007ffdfdc8e000 	C:\WINDOWS\SYSTEM32\DBGHELP.DLL
0x00007ffe02160000 - 0x00007ffe024e9000 	C:\WINDOWS\System32\combase.dll
0x00007ffe02670000 - 0x00007ffe02747000 	C:\WINDOWS\System32\OLEAUT32.dll
0x00007ffdeea10000 - 0x00007ffdeea42000 	C:\WINDOWS\SYSTEM32\dbgcore.DLL
0x00007ffe002e0000 - 0x00007ffe0035b000 	C:\WINDOWS\System32\bcryptPrimitives.dll
0x00007ffdf1890000 - 0x00007ffdf18b5000 	C:\Program Files\Android\Android Studio\jbr\bin\java.dll
0x00007ffdfcd50000 - 0x00007ffdfcd68000 	C:\Program Files\Android\Android Studio\jbr\bin\zip.dll
0x00007ffe011f0000 - 0x00007ffe019ea000 	C:\WINDOWS\System32\SHELL32.dll
0x00007ffdfde20000 - 0x00007ffdfe6ee000 	C:\WINDOWS\SYSTEM32\windows.storage.dll
0x00007ffdfdce0000 - 0x00007ffdfde1e000 	C:\WINDOWS\SYSTEM32\wintypes.dll
0x00007ffe00ef0000 - 0x00007ffe00fe1000 	C:\WINDOWS\System32\SHCORE.dll
0x00007ffe00900000 - 0x00007ffe0095e000 	C:\WINDOWS\System32\shlwapi.dll
0x00007ffdffda0000 - 0x00007ffdffdc1000 	C:\WINDOWS\SYSTEM32\profapi.dll
0x00007ffdf8240000 - 0x00007ffdf8259000 	C:\Program Files\Android\Android Studio\jbr\bin\net.dll
0x00007ffdf8010000 - 0x00007ffdf8147000 	C:\WINDOWS\SYSTEM32\WINHTTP.dll
0x00007ffdff310000 - 0x00007ffdff379000 	C:\WINDOWS\system32\mswsock.dll
0x00007ffdf2e90000 - 0x00007ffdf2ea6000 	C:\Program Files\Android\Android Studio\jbr\bin\nio.dll
0x00007ffdf85a0000 - 0x00007ffdf85b0000 	C:\Program Files\Android\Android Studio\jbr\bin\verify.dll

dbghelp: loaded successfully - version: 4.0.5 - missing functions: none
symbol engine: initialized successfully - sym options: 0x614 - pdb path: .;C:\Program Files\Android\Android Studio\jbr\bin;C:\WINDOWS\SYSTEM32;C:\WINDOWS\WinSxS\amd64_microsoft.windows.common-controls_6595b64144ccf1df_6.0.22621.1635_none_270f70857386168e;C:\Program Files\Android\Android Studio\jbr\bin\server

VM Arguments:
java_command: org.jetbrains.kotlin.cli.jvm.K2JVMCompiler @E:\Tugas\Kuliah\PEMBELAJARAN\SMT4\PT2\Project\Animalie\app\build\20230523_4734194465255554019.compiler.options
java_class_path (initial): C:\Users\panji\.gradle\caches\modules-2\files-2.1\org.jetbrains.kotlin\kotlin-compiler-embeddable\1.8.21\a4a682d55fb788432e4b7bf2ab3acb7a7365fb35\kotlin-compiler-embeddable-1.8.21.jar;C:\Users\panji\.gradle\caches\modules-2\files-2.1\org.jetbrains.kotlin\kotlin-stdlib\1.8.21\43d50ab85bc7587adfe3dda3dbe579e5f8d51265\kotlin-stdlib-1.8.21.jar;C:\Users\panji\.gradle\caches\modules-2\files-2.1\org.jetbrains.kotlin\kotlin-script-runtime\1.8.21\bf43f76b6e29bdc09b6c8a4511a9118b0ab12b1f\kotlin-script-runtime-1.8.21.jar;C:\Users\panji\.gradle\caches\modules-2\files-2.1\org.jetbrains.kotlin\kotlin-reflect\1.6.10\1cbe9c92c12a94eea200d23c2bbaedaf3daf5132\kotlin-reflect-1.6.10.jar;C:\Users\panji\.gradle\caches\modules-2\files-2.1\org.jetbrains.kotlin\kotlin-daemon-embeddable\1.8.21\882003c48db58d16c8fb5a933abf08b5974a1a19\kotlin-daemon-embeddable-1.8.21.jar;C:\Users\panji\.gradle\caches\modules-2\files-2.1\org.jetbrains.intellij.deps\trove4j\1.0.20200330\3afb14d5f9ceb459d724e907a21145e8ff394f02\trove4j-1.0.20200330.jar;C:\Users\panji\.gradle\caches\modules-2\files-2.1\net.java.dev.jna\jna\5.6.0\330f2244e9030119ab3030fc3fededc86713d9cc\jna-5.6.0.jar;C:\Users\panji\.gradle\caches\modules-2\files-2.1\org.jetbrains.kotlin\kotlin-stdlib-common\1.8.21\d749cd5ae25da36d06e5028785038e24f9d37976\kotlin-stdlib-common-1.8.21.jar;C:\Users\panji\.gradle\caches\modules-2\files-2.1\org.jetbrains\annotations\13.0\919f0dfe192fb4e063e7dacadee7f8bb9a2672a9\annotations-13.0.jar
Launcher Type: SUN_STANDARD

[Global flags]
     intx CICompilerCount                          = 4                                         {product} {ergonomic}
     uint ConcGCThreads                            = 3                                         {product} {ergonomic}
     uint G1ConcRefinementThreads                  = 10                                        {product} {ergonomic}
   size_t G1HeapRegionSize                         = 2097152                                   {product} {ergonomic}
    uintx GCDrainStackTargetSize                   = 64                                        {product} {ergonomic}
   size_t InitialHeapSize                          = 165675008                                 {product} {ergonomic}
   size_t MarkStackSize                            = 4194304                                   {product} {ergonomic}
   size_t MaxHeapSize                              = 2644508672                                {product} {ergonomic}
   size_t MaxNewSize                               = 1585446912                                {product} {ergonomic}
   size_t MinHeapDeltaBytes                        = 2097152                                   {product} {ergonomic}
   size_t MinHeapSize                              = 8388608                                   {product} {ergonomic}
    uintx NonNMethodCodeHeapSize                   = 5839372                                {pd product} {ergonomic}
    uintx NonProfiledCodeHeapSize                  = 122909434                              {pd product} {ergonomic}
    uintx ProfiledCodeHeapSize                     = 122909434                              {pd product} {ergonomic}
    uintx ReservedCodeCacheSize                    = 251658240                              {pd product} {ergonomic}
     bool SegmentedCodeCache                       = true                                      {product} {ergonomic}
   size_t SoftMaxHeapSize                          = 2644508672                             {manageable} {ergonomic}
     bool UseCompressedClassPointers               = true                           {product lp64_product} {ergonomic}
     bool UseCompressedOops                        = true                           {product lp64_product} {ergonomic}
     bool UseG1GC                                  = true                                      {product} {ergonomic}
     bool UseLargePagesIndividualAllocation        = false                                  {pd product} {ergonomic}

Logging:
Log output configuration:
 #0: stdout all=warning uptime,level,tags
 #1: stderr all=off uptime,level,tags

Environment Variables:
PATH=C:\Program Files\Oculus\Support\oculus-runtime;C:\Program Files\Microsoft\jdk-11.0.12.7-hotspot\bin;C:\Python311\Scripts\;C:\Python311\;C:\Program Files\Common Files\Oracle\Java\javapath;C:\Program Files (x86)\Common Files\Intel\Shared Libraries\redist\intel64\compiler;C:\WINDOWS\system32;C:\WINDOWS;C:\WINDOWS\System32\Wbem;C:\WINDOWS\System32\WindowsPowerShell\v1.0\;C:\WINDOWS\System32\OpenSSH\;C:\Program Files\Git\cmd;E:\xampp\php;C:\ProgramData\ComposerSetup\bin;C:\Program Files\nodejs\;C:\ProgramData\chocolatey\bin;C:\Program Files\dotnet\;C:\Users\panji\Downloads\Compressed\mongosh-1.6.1-win32-x64\bin;C:\Program Files\Microsoft SQL Server\150\Tools\Binn\;C:\Program Files\Microsoft SQL Server\Client SDK\ODBC\170\Tools\Binn\;C:\Users\panji\AppData\Local\Microsoft\WindowsApps;C:\Users\panji\AppData\Local\Programs\Microsoft VS Code\bin;C:\Program Files\JetBrains\IntelliJ IDEA Community Edition 2022.2.3\bin;;C:\Users\panji\AppData\Local\GitHubDesktop\bin;C:\Users\panji\AppData\Roaming\Composer\vendor\bin;C:\Users\panji\AppData\Roaming\npm;C:\Program Files\JetBrains\PhpStorm 2022.3\bin;;C:\src\flutter\bin;C:\Users\panji\.dotnet\tools;C:\tools\dart-sdk\bin;C:\Users\panji\AppData\Roaming\Pub\Cache\bin;
USERNAME=panji
OS=Windows_NT
PROCESSOR_IDENTIFIER=AMD64 Family 23 Model 104 Stepping 1, AuthenticAMD
TMP=C:\Users\panji\AppData\Local\Temp
TEMP=C:\Users\panji\AppData\Local\Temp



---------------  S Y S T E M  ---------------

OS:
 Windows 11 , 64 bit Build 22621 (10.0.22621.1635)
OS uptime: 0 days 20:18 hours
Hyper-V role detected

CPU: total 12 (initial active 12) (12 cores per cpu, 2 threads per core) family 23 model 104 stepping 1 microcode 0x0, cx8, cmov, fxsr, ht, mmx, 3dnowpref, sse, sse2, sse3, ssse3, sse4a, sse4.1, sse4.2, popcnt, lzcnt, tsc, tscinvbit, avx, avx2, aes, clmul, bmi1, bmi2, adx, sha, fma, vzeroupper, clflush, clflushopt, hv

Memory: 4k page, system-wide physical 10085M (421M free)
TotalPageFile size 14397M (AvailPageFile size 6M)
current process WorkingSet (physical memory assigned to process): 260M, peak: 263M
current process commit charge ("private bytes"): 301M, peak: 303M

vm_info: OpenJDK 64-Bit Server VM (17.0.6+0-b2043.56-9586694) for windows-amd64 JRE (17.0.6+0-b2043.56-9586694), built on Feb  9 2023 20:06:20 by "androidbuild" with MS VC++ 16.10 / 16.11 (VS2019)

END.
