#
# There is insufficient memory for the Java Runtime Environment to continue.
# Native memory allocation (malloc) failed to allocate 1689616 bytes for Chunk::new
# Possible reasons:
#   The system is out of physical RAM or swap space
#   The process is running with CompressedOops enabled, and the Java Heap may be blocking the growth of the native heap
# Possible solutions:
#   Reduce memory load on the system
#   Increase physical memory or swap space
#   Check if swap backing store is full
#   Decrease Java heap size (-Xmx/-Xms)
#   Decrease number of Java threads
#   Decrease Java thread stack sizes (-Xss)
#   Set larger code cache with -XX:ReservedCodeCacheSize=
#   JVM is running with Unscaled Compressed Oops mode in which the Java heap is
#     placed in the first 4GB address space. The Java Heap base address is the
#     maximum limit for the native heap growth. Please use -XX:HeapBaseMinAddress
#     to set the Java Heap base and to place the Java Heap above 4GB virtual address.
# This output file may be truncated or incomplete.
#
#  Out of Memory Error (arena.cpp:189), pid=7664, tid=8488
#
# JRE version: OpenJDK Runtime Environment (17.0.6) (build 17.0.6+0-b2043.56-9586694)
# Java VM: OpenJDK 64-Bit Server VM (17.0.6+0-b2043.56-9586694, mixed mode, tiered, compressed oops, compressed class ptrs, g1 gc, windows-amd64)
# No core dump will be written. Minidumps are not enabled by default on client versions of Windows
#

---------------  S U M M A R Y ------------

Command Line: --add-opens=java.base/java.util=ALL-UNNAMED --add-opens=java.base/java.lang=ALL-UNNAMED --add-opens=java.base/java.lang.invoke=ALL-UNNAMED --add-opens=java.prefs/java.util.prefs=ALL-UNNAMED --add-opens=java.base/java.nio.charset=ALL-UNNAMED --add-opens=java.base/java.net=ALL-UNNAMED --add-opens=java.base/java.util.concurrent.atomic=ALL-UNNAMED -Xmx2048m -Dfile.encoding=UTF-8 -Duser.country=US -Duser.language=en -Duser.variant org.gradle.launcher.daemon.bootstrap.GradleDaemon 8.0

Host: AMD Ryzen 5 5500U with Radeon Graphics         , 12 cores, 9G,  Windows 11 , 64 bit Build 22621 (10.0.22621.1635)
Time: Mon May 22 15:55:41 2023 SE Asia Standard Time elapsed time: 21.510687 seconds (0d 0h 0m 21s)

---------------  T H R E A D  ---------------

Current thread (0x0000021b424d2ab0):  JavaThread "C2 CompilerThread2" daemon [_thread_in_native, id=8488, stack(0x00000069ec400000,0x00000069ec500000)]


Current CompileTask:
C2:  21510 9807  s!   4       java.beans.PropertyDescriptor::getWriteMethod (152 bytes)

Stack: [0x00000069ec400000,0x00000069ec500000]
Native frames: (J=compiled Java code, j=interpreted, Vv=VM code, C=native code)
V  [jvm.dll+0x683b4a]
V  [jvm.dll+0x842654]
V  [jvm.dll+0x843dfe]
V  [jvm.dll+0x844463]
V  [jvm.dll+0x249b75]
V  [jvm.dll+0xabcac]
V  [jvm.dll+0xac27c]
V  [jvm.dll+0x368857]
V  [jvm.dll+0x1bd0b8]
V  [jvm.dll+0x21c359]
V  [jvm.dll+0x21b621]
V  [jvm.dll+0x1a4fdd]
V  [jvm.dll+0x22b098]
V  [jvm.dll+0x229159]
V  [jvm.dll+0x7f809c]
V  [jvm.dll+0x7f25fa]
V  [jvm.dll+0x682985]
C  [ucrtbase.dll+0x29363]
C  [KERNEL32.DLL+0x126ad]
C  [ntdll.dll+0x5a9f8]


---------------  P R O C E S S  ---------------

Threads class SMR info:
_java_thread_list=0x0000021b47648330, length=171, elements={
0x0000021b2003cbb0, 0x0000021b3c4f0500, 0x0000021b3d033930, 0x0000021b3d00ebd0,
0x0000021b3d00f780, 0x0000021b3d04d6e0, 0x0000021b3d0500a0, 0x0000021b3d053190,
0x0000021b3d053e40, 0x0000021b3d054740, 0x0000021b3d1c4d60, 0x0000021b3d1dbc40,
0x0000021b40169230, 0x0000021b40168890, 0x0000021b40167ef0, 0x0000021b40167550,
0x0000021b40165d40, 0x0000021b40168d60, 0x0000021b40165870, 0x0000021b40166210,
0x0000021b401666e0, 0x0000021b40166bb0, 0x0000021b401683c0, 0x0000021b40167080,
0x0000021b40ba4d10, 0x0000021b40ba1cf0, 0x0000021b40ba56b0, 0x0000021b40ba3030,
0x0000021b40ba51e0, 0x0000021b40ba39d0, 0x0000021b40ba7d30, 0x0000021b40ba69f0,
0x0000021b40ba5b80, 0x0000021b40ba6ec0, 0x0000021b40ba3500, 0x0000021b40ba7860,
0x0000021b40ba2b60, 0x0000021b40ba21c0, 0x0000021b40ba04e0, 0x0000021b40ba09b0,
0x0000021b40ba1820, 0x0000021b3d96d6a0, 0x0000021b3d96c830, 0x0000021b3d96cd00,
0x0000021b3d96f850, 0x0000021b3d96fd20, 0x0000021b3d96e9e0, 0x0000021b3d96e040,
0x0000021b3d972d40, 0x0000021b3d972870, 0x0000021b3d9701f0, 0x0000021b3d9706c0,
0x0000021b3d96db70, 0x0000021b3d96eeb0, 0x0000021b3d96f380, 0x0000021b3d973210,
0x0000021b3d970b90, 0x0000021b3d9736e0, 0x0000021b3d973bb0, 0x0000021b3d974080,
0x0000021b3d96d1d0, 0x0000021b3d971060, 0x0000021b3d971530, 0x0000021b3d96e510,
0x0000021b3d971ed0, 0x0000021b3d971a00, 0x0000021b3d9723a0, 0x0000021b40ef9040,
0x0000021b40ef69c0, 0x0000021b40efb1f0, 0x0000021b40efbb90, 0x0000021b40ef99e0,
0x0000021b40ef9eb0, 0x0000021b40efd3a0, 0x0000021b40ef7360, 0x0000021b40ef81d0,
0x0000021b40ef9510, 0x0000021b40efa380, 0x0000021b40efc060, 0x0000021b40ef5b50,
0x0000021b40efc530, 0x0000021b40ef7830, 0x0000021b40efca00, 0x0000021b40ef6020,
0x0000021b40efa850, 0x0000021b40efad20, 0x0000021b40ef6e90, 0x0000021b40ef64f0,
0x0000021b40ef86a0, 0x0000021b40efb6c0, 0x0000021b40efced0, 0x0000021b40ef7d00,
0x0000021b40ef8b70, 0x0000021b3f77b570, 0x0000021b3f782420, 0x0000021b3f781f50,
0x0000021b3f780270, 0x0000021b3f780c10, 0x0000021b3f77cd80, 0x0000021b3f77d250,
0x0000021b3f77fda0, 0x0000021b3f77f400, 0x0000021b3f7810e0, 0x0000021b3f780740,
0x0000021b3f7815b0, 0x0000021b3f77b0a0, 0x0000021b3f7828f0, 0x0000021b3f77c3e0,
0x0000021b3f77e0c0, 0x0000021b3f77ba40, 0x0000021b3f77dbf0, 0x0000021b3f77ea60,
0x0000021b3f77d720, 0x0000021b3f77f8d0, 0x0000021b3f77ef30, 0x0000021b3f77e590,
0x0000021b3f781a80, 0x0000021b3f77bf10, 0x0000021b3f77c8b0, 0x0000021b4247f300,
0x0000021b42483b30, 0x0000021b42483190, 0x0000021b42481e50, 0x0000021b42483660,
0x0000021b42482cc0, 0x0000021b4247dfc0, 0x0000021b4247c2e0, 0x0000021b42482320,
0x0000021b4247c7b0, 0x0000021b4247f7d0, 0x0000021b4247fca0, 0x0000021b424827f0,
0x0000021b4247d620, 0x0000021b4247daf0, 0x0000021b42480170, 0x0000021b4247cc80,
0x0000021b4247d150, 0x0000021b42480640, 0x0000021b42480b10, 0x0000021b424814b0,
0x0000021b42480fe0, 0x0000021b42481980, 0x0000021b4247e960, 0x0000021b4247ee30,
0x0000021b4027d3b0, 0x0000021b4027dd50, 0x0000021b4027b6d0, 0x0000021b4027bba0,
0x0000021b4027b200, 0x0000021b4027c070, 0x0000021b4027c540, 0x0000021b4027d880,
0x0000021b4027e220, 0x0000021b4027e6f0, 0x0000021b4027ca10, 0x0000021b40278b80,
0x0000021b40276ea0, 0x0000021b402786b0, 0x0000021b402781e0, 0x0000021b40277370,
0x0000021b4027cee0, 0x0000021b40277840, 0x0000021b40277d10, 0x0000021b4027ad30,
0x0000021b40279050, 0x0000021b40279520, 0x0000021b402799f0, 0x0000021b40bbf380,
0x0000021b40bbb4f0, 0x0000021b424d2090, 0x0000021b424d2ab0
}

Java Threads: ( => current thread )
  0x0000021b2003cbb0 JavaThread "main" [_thread_blocked, id=17588, stack(0x00000069e0900000,0x00000069e0a00000)]
  0x0000021b3c4f0500 JavaThread "Reference Handler" daemon [_thread_blocked, id=3976, stack(0x00000069e1000000,0x00000069e1100000)]
  0x0000021b3d033930 JavaThread "Finalizer" daemon [_thread_blocked, id=3692, stack(0x00000069e1100000,0x00000069e1200000)]
  0x0000021b3d00ebd0 JavaThread "Signal Dispatcher" daemon [_thread_blocked, id=17160, stack(0x00000069e1200000,0x00000069e1300000)]
  0x0000021b3d00f780 JavaThread "Attach Listener" daemon [_thread_blocked, id=8696, stack(0x00000069e1300000,0x00000069e1400000)]
  0x0000021b3d04d6e0 JavaThread "Service Thread" daemon [_thread_blocked, id=15796, stack(0x00000069e1400000,0x00000069e1500000)]
  0x0000021b3d0500a0 JavaThread "Monitor Deflation Thread" daemon [_thread_blocked, id=16812, stack(0x00000069e1500000,0x00000069e1600000)]
  0x0000021b3d053190 JavaThread "C2 CompilerThread0" daemon [_thread_in_native, id=2224, stack(0x00000069e1600000,0x00000069e1700000)]
  0x0000021b3d053e40 JavaThread "C1 CompilerThread0" daemon [_thread_blocked, id=17192, stack(0x00000069e1700000,0x00000069e1800000)]
  0x0000021b3d054740 JavaThread "Sweeper thread" daemon [_thread_blocked, id=16000, stack(0x00000069e1800000,0x00000069e1900000)]
  0x0000021b3d1c4d60 JavaThread "Common-Cleaner" daemon [_thread_blocked, id=7436, stack(0x00000069e1900000,0x00000069e1a00000)]
  0x0000021b3d1dbc40 JavaThread "Notification Thread" daemon [_thread_blocked, id=2260, stack(0x00000069e1a00000,0x00000069e1b00000)]
  0x0000021b40169230 JavaThread "Daemon health stats" [_thread_blocked, id=17180, stack(0x00000069e2200000,0x00000069e2300000)]
  0x0000021b40168890 JavaThread "Incoming local TCP Connector on port 54200" [_thread_in_native, id=11516, stack(0x00000069e2300000,0x00000069e2400000)]
  0x0000021b40167ef0 JavaThread "Daemon periodic checks" [_thread_blocked, id=17948, stack(0x00000069e2400000,0x00000069e2500000)]
  0x0000021b40167550 JavaThread "Daemon" [_thread_blocked, id=16240, stack(0x00000069e2500000,0x00000069e2600000)]
  0x0000021b40165d40 JavaThread "Handler for socket connection from /127.0.0.1:54200 to /127.0.0.1:54201" [_thread_in_native, id=14788, stack(0x00000069e2600000,0x00000069e2700000)]
  0x0000021b40168d60 JavaThread "Cancel handler" [_thread_blocked, id=4812, stack(0x00000069e2700000,0x00000069e2800000)]
  0x0000021b40165870 JavaThread "Daemon worker" [_thread_in_Java, id=17724, stack(0x00000069e2800000,0x00000069e2900000)]
  0x0000021b40166210 JavaThread "Asynchronous log dispatcher for DefaultDaemonConnection: socket connection from /127.0.0.1:54200 to /127.0.0.1:54201" [_thread_blocked, id=2116, stack(0x00000069e2900000,0x00000069e2a00000)]
  0x0000021b401666e0 JavaThread "Stdin handler" [_thread_blocked, id=18416, stack(0x00000069e2a00000,0x00000069e2b00000)]
  0x0000021b40166bb0 JavaThread "Daemon client event forwarder" [_thread_blocked, id=17228, stack(0x00000069e2b00000,0x00000069e2c00000)]
  0x0000021b401683c0 JavaThread "Cache worker for journal cache (C:\Users\panji\.gradle\caches\journal-1)" [_thread_blocked, id=13412, stack(0x00000069e3300000,0x00000069e3400000)]
  0x0000021b40167080 JavaThread "File lock request listener" [_thread_in_native, id=13612, stack(0x00000069e3400000,0x00000069e3500000)]
  0x0000021b40ba4d10 JavaThread "Cache worker for file hash cache (C:\Users\panji\.gradle\caches\8.0\fileHashes)" [_thread_blocked, id=12240, stack(0x00000069e3500000,0x00000069e3600000)]
  0x0000021b40ba1cf0 JavaThread "File watcher server" daemon [_thread_in_native, id=5636, stack(0x00000069e3600000,0x00000069e3700000)]
  0x0000021b40ba56b0 JavaThread "File watcher consumer" daemon [_thread_blocked, id=16428, stack(0x00000069e3700000,0x00000069e3800000)]
  0x0000021b40ba3030 JavaThread "Cache worker for checksums cache (E:\Tugas\Kuliah\PEMBELAJARAN\SMT4\PT2\Project\Animalie\.gradle\8.0\checksums)" [_thread_blocked, id=7100, stack(0x00000069e3800000,0x00000069e3900000)]
  0x0000021b40ba51e0 JavaThread "Cache worker for cache directory md-rule (C:\Users\panji\.gradle\caches\8.0\md-rule)" [_thread_blocked, id=15324, stack(0x00000069e3900000,0x00000069e3a00000)]
  0x0000021b40ba39d0 JavaThread "Cache worker for file content cache (C:\Users\panji\.gradle\caches\8.0\fileContent)" [_thread_blocked, id=15688, stack(0x00000069e3a00000,0x00000069e3b00000)]
  0x0000021b40ba7d30 JavaThread "Cache worker for file hash cache (E:\Tugas\Kuliah\PEMBELAJARAN\SMT4\PT2\Project\Animalie\.gradle\8.0\fileHashes)" [_thread_blocked, id=3180, stack(0x00000069e3b00000,0x00000069e3c00000)]
  0x0000021b40ba69f0 JavaThread "Cache worker for cache directory md-supplier (C:\Users\panji\.gradle\caches\8.0\md-supplier)" [_thread_blocked, id=7816, stack(0x00000069e3c00000,0x00000069e3d00000)]
  0x0000021b40ba5b80 JavaThread "Cache worker for execution history cache (C:\Users\panji\.gradle\caches\8.0\executionHistory)" [_thread_blocked, id=16932, stack(0x00000069e3d00000,0x00000069e3e00000)]
  0x0000021b40ba6ec0 JavaThread "jar transforms" [_thread_blocked, id=6176, stack(0x00000069e3e00000,0x00000069e3f00000)]
  0x0000021b40ba3500 JavaThread "jar transforms Thread 2" [_thread_blocked, id=14808, stack(0x00000069e3f00000,0x00000069e4000000)]
  0x0000021b40ba7860 JavaThread "jar transforms Thread 3" [_thread_blocked, id=2164, stack(0x00000069e4000000,0x00000069e4100000)]
  0x0000021b40ba2b60 JavaThread "jar transforms Thread 4" [_thread_blocked, id=6072, stack(0x00000069e4100000,0x00000069e4200000)]
  0x0000021b40ba21c0 JavaThread "Cache worker for dependencies-accessors (E:\Tugas\Kuliah\PEMBELAJARAN\SMT4\PT2\Project\Animalie\.gradle\8.0\dependencies-accessors)" [_thread_blocked, id=16620, stack(0x00000069e4200000,0x00000069e4300000)]
  0x0000021b40ba04e0 JavaThread "jar transforms Thread 5" [_thread_blocked, id=8968, stack(0x00000069e4300000,0x00000069e4400000)]
  0x0000021b40ba09b0 JavaThread "Cache worker for Build Output Cleanup Cache (E:\Tugas\Kuliah\PEMBELAJARAN\SMT4\PT2\Project\Animalie\.gradle\buildOutputCleanup)" [_thread_blocked, id=6496, stack(0x00000069e4400000,0x00000069e4500000)]
  0x0000021b40ba1820 JavaThread "Unconstrained build operations" [_thread_blocked, id=3232, stack(0x00000069e4500000,0x00000069e4600000)]
  0x0000021b3d96d6a0 JavaThread "Unconstrained build operations Thread 2" [_thread_blocked, id=8152, stack(0x00000069e4600000,0x00000069e4700000)]
  0x0000021b3d96c830 JavaThread "Unconstrained build operations Thread 3" [_thread_blocked, id=14728, stack(0x00000069e4700000,0x00000069e4800000)]
  0x0000021b3d96cd00 JavaThread "Unconstrained build operations Thread 4" [_thread_blocked, id=13392, stack(0x00000069e4800000,0x00000069e4900000)]
  0x0000021b3d96f850 JavaThread "Unconstrained build operations Thread 5" [_thread_blocked, id=1868, stack(0x00000069e4900000,0x00000069e4a00000)]
  0x0000021b3d96fd20 JavaThread "Unconstrained build operations Thread 6" [_thread_blocked, id=3944, stack(0x00000069e4a00000,0x00000069e4b00000)]
  0x0000021b3d96e9e0 JavaThread "Unconstrained build operations Thread 7" [_thread_blocked, id=6860, stack(0x00000069e4b00000,0x00000069e4c00000)]
  0x0000021b3d96e040 JavaThread "Unconstrained build operations Thread 8" [_thread_blocked, id=1900, stack(0x00000069e4c00000,0x00000069e4d00000)]
  0x0000021b3d972d40 JavaThread "Unconstrained build operations Thread 9" [_thread_blocked, id=14232, stack(0x00000069e4d00000,0x00000069e4e00000)]
  0x0000021b3d972870 JavaThread "Unconstrained build operations Thread 10" [_thread_blocked, id=3020, stack(0x00000069e4e00000,0x00000069e4f00000)]
  0x0000021b3d9701f0 JavaThread "Unconstrained build operations Thread 11" [_thread_blocked, id=1816, stack(0x00000069e4f00000,0x00000069e5000000)]
  0x0000021b3d9706c0 JavaThread "Unconstrained build operations Thread 12" [_thread_blocked, id=18308, stack(0x00000069e5000000,0x00000069e5100000)]
  0x0000021b3d96db70 JavaThread "Unconstrained build operations Thread 13" [_thread_blocked, id=5172, stack(0x00000069e5100000,0x00000069e5200000)]
  0x0000021b3d96eeb0 JavaThread "Unconstrained build operations Thread 14" [_thread_blocked, id=16420, stack(0x00000069e5200000,0x00000069e5300000)]
  0x0000021b3d96f380 JavaThread "Unconstrained build operations Thread 15" [_thread_blocked, id=17848, stack(0x00000069e5300000,0x00000069e5400000)]
  0x0000021b3d973210 JavaThread "Unconstrained build operations Thread 16" [_thread_blocked, id=16160, stack(0x00000069e5400000,0x00000069e5500000)]
  0x0000021b3d970b90 JavaThread "Unconstrained build operations Thread 17" [_thread_blocked, id=15376, stack(0x00000069e5500000,0x00000069e5600000)]
  0x0000021b3d9736e0 JavaThread "Unconstrained build operations Thread 18" [_thread_blocked, id=8560, stack(0x00000069e5600000,0x00000069e5700000)]
  0x0000021b3d973bb0 JavaThread "Unconstrained build operations Thread 19" [_thread_blocked, id=11972, stack(0x00000069e5700000,0x00000069e5800000)]
  0x0000021b3d974080 JavaThread "Unconstrained build operations Thread 20" [_thread_blocked, id=13688, stack(0x00000069e5800000,0x00000069e5900000)]
  0x0000021b3d96d1d0 JavaThread "Unconstrained build operations Thread 21" [_thread_blocked, id=4696, stack(0x00000069e5900000,0x00000069e5a00000)]
  0x0000021b3d971060 JavaThread "Unconstrained build operations Thread 22" [_thread_blocked, id=17640, stack(0x00000069e5a00000,0x00000069e5b00000)]
  0x0000021b3d971530 JavaThread "Unconstrained build operations Thread 23" [_thread_blocked, id=10576, stack(0x00000069e5b00000,0x00000069e5c00000)]
  0x0000021b3d96e510 JavaThread "Unconstrained build operations Thread 24" [_thread_blocked, id=3736, stack(0x00000069e5c00000,0x00000069e5d00000)]
  0x0000021b3d971ed0 JavaThread "Unconstrained build operations Thread 25" [_thread_blocked, id=1932, stack(0x00000069e5d00000,0x00000069e5e00000)]
  0x0000021b3d971a00 JavaThread "Unconstrained build operations Thread 26" [_thread_blocked, id=15256, stack(0x00000069e5e00000,0x00000069e5f00000)]
  0x0000021b3d9723a0 JavaThread "Unconstrained build operations Thread 27" [_thread_blocked, id=5292, stack(0x00000069e5f00000,0x00000069e6000000)]
  0x0000021b40ef9040 JavaThread "Unconstrained build operations Thread 28" [_thread_blocked, id=2544, stack(0x00000069e6000000,0x00000069e6100000)]
  0x0000021b40ef69c0 JavaThread "Unconstrained build operations Thread 29" [_thread_blocked, id=1508, stack(0x00000069e6100000,0x00000069e6200000)]
  0x0000021b40efb1f0 JavaThread "Unconstrained build operations Thread 30" [_thread_blocked, id=7008, stack(0x00000069e6200000,0x00000069e6300000)]
  0x0000021b40efbb90 JavaThread "Unconstrained build operations Thread 31" [_thread_blocked, id=9704, stack(0x00000069e6300000,0x00000069e6400000)]
  0x0000021b40ef99e0 JavaThread "Unconstrained build operations Thread 32" [_thread_blocked, id=16632, stack(0x00000069e6400000,0x00000069e6500000)]
  0x0000021b40ef9eb0 JavaThread "Unconstrained build operations Thread 33" [_thread_blocked, id=1892, stack(0x00000069e6500000,0x00000069e6600000)]
  0x0000021b40efd3a0 JavaThread "Unconstrained build operations Thread 34" [_thread_blocked, id=15988, stack(0x00000069e6600000,0x00000069e6700000)]
  0x0000021b40ef7360 JavaThread "Unconstrained build operations Thread 35" [_thread_blocked, id=8776, stack(0x00000069e6700000,0x00000069e6800000)]
  0x0000021b40ef81d0 JavaThread "Unconstrained build operations Thread 36" [_thread_blocked, id=13432, stack(0x00000069e6800000,0x00000069e6900000)]
  0x0000021b40ef9510 JavaThread "Unconstrained build operations Thread 37" [_thread_blocked, id=7140, stack(0x00000069e6900000,0x00000069e6a00000)]
  0x0000021b40efa380 JavaThread "Unconstrained build operations Thread 38" [_thread_blocked, id=2092, stack(0x00000069e6a00000,0x00000069e6b00000)]
  0x0000021b40efc060 JavaThread "Unconstrained build operations Thread 39" [_thread_blocked, id=17808, stack(0x00000069e6b00000,0x00000069e6c00000)]
  0x0000021b40ef5b50 JavaThread "Unconstrained build operations Thread 40" [_thread_blocked, id=15788, stack(0x00000069e6c00000,0x00000069e6d00000)]
  0x0000021b40efc530 JavaThread "Unconstrained build operations Thread 41" [_thread_blocked, id=16440, stack(0x00000069e6d00000,0x00000069e6e00000)]
  0x0000021b40ef7830 JavaThread "Unconstrained build operations Thread 42" [_thread_blocked, id=8204, stack(0x00000069e6e00000,0x00000069e6f00000)]
  0x0000021b40efca00 JavaThread "Unconstrained build operations Thread 43" [_thread_blocked, id=14736, stack(0x00000069e6f00000,0x00000069e7000000)]
  0x0000021b40ef6020 JavaThread "Unconstrained build operations Thread 44" [_thread_blocked, id=13140, stack(0x00000069e7000000,0x00000069e7100000)]
  0x0000021b40efa850 JavaThread "Unconstrained build operations Thread 45" [_thread_blocked, id=13176, stack(0x00000069e7100000,0x00000069e7200000)]
  0x0000021b40efad20 JavaThread "Unconstrained build operations Thread 46" [_thread_blocked, id=6272, stack(0x00000069e7200000,0x00000069e7300000)]
  0x0000021b40ef6e90 JavaThread "Unconstrained build operations Thread 47" [_thread_blocked, id=5552, stack(0x00000069e7300000,0x00000069e7400000)]
  0x0000021b40ef64f0 JavaThread "Unconstrained build operations Thread 48" [_thread_blocked, id=3352, stack(0x00000069e7400000,0x00000069e7500000)]
  0x0000021b40ef86a0 JavaThread "Unconstrained build operations Thread 49" [_thread_blocked, id=18060, stack(0x00000069e7500000,0x00000069e7600000)]
  0x0000021b40efb6c0 JavaThread "Unconstrained build operations Thread 50" [_thread_blocked, id=7204, stack(0x00000069e7600000,0x00000069e7700000)]
  0x0000021b40efced0 JavaThread "Unconstrained build operations Thread 51" [_thread_blocked, id=11188, stack(0x00000069e7700000,0x00000069e7800000)]
  0x0000021b40ef7d00 JavaThread "Unconstrained build operations Thread 52" [_thread_blocked, id=10644, stack(0x00000069e7800000,0x00000069e7900000)]
  0x0000021b40ef8b70 JavaThread "Unconstrained build operations Thread 53" [_thread_blocked, id=10844, stack(0x00000069e7900000,0x00000069e7a00000)]
  0x0000021b3f77b570 JavaThread "Unconstrained build operations Thread 54" [_thread_blocked, id=3224, stack(0x00000069e7a00000,0x00000069e7b00000)]
  0x0000021b3f782420 JavaThread "Unconstrained build operations Thread 55" [_thread_blocked, id=3248, stack(0x00000069e7b00000,0x00000069e7c00000)]
  0x0000021b3f781f50 JavaThread "Unconstrained build operations Thread 56" [_thread_blocked, id=2712, stack(0x00000069e7c00000,0x00000069e7d00000)]
  0x0000021b3f780270 JavaThread "Unconstrained build operations Thread 57" [_thread_blocked, id=18148, stack(0x00000069e7d00000,0x00000069e7e00000)]
  0x0000021b3f780c10 JavaThread "Unconstrained build operations Thread 58" [_thread_blocked, id=7876, stack(0x00000069e7e00000,0x00000069e7f00000)]
  0x0000021b3f77cd80 JavaThread "Unconstrained build operations Thread 59" [_thread_blocked, id=7880, stack(0x00000069e7f00000,0x00000069e8000000)]
  0x0000021b3f77d250 JavaThread "Unconstrained build operations Thread 60" [_thread_blocked, id=16944, stack(0x00000069e8000000,0x00000069e8100000)]
  0x0000021b3f77fda0 JavaThread "Unconstrained build operations Thread 61" [_thread_blocked, id=17648, stack(0x00000069e8100000,0x00000069e8200000)]
  0x0000021b3f77f400 JavaThread "Unconstrained build operations Thread 62" [_thread_blocked, id=16204, stack(0x00000069e8200000,0x00000069e8300000)]
  0x0000021b3f7810e0 JavaThread "Unconstrained build operations Thread 63" [_thread_blocked, id=16532, stack(0x00000069e8300000,0x00000069e8400000)]
  0x0000021b3f780740 JavaThread "Unconstrained build operations Thread 64" [_thread_blocked, id=9360, stack(0x00000069e8400000,0x00000069e8500000)]
  0x0000021b3f7815b0 JavaThread "Unconstrained build operations Thread 65" [_thread_blocked, id=4644, stack(0x00000069e8500000,0x00000069e8600000)]
  0x0000021b3f77b0a0 JavaThread "Unconstrained build operations Thread 66" [_thread_blocked, id=15960, stack(0x00000069e8600000,0x00000069e8700000)]
  0x0000021b3f7828f0 JavaThread "Unconstrained build operations Thread 67" [_thread_blocked, id=17092, stack(0x00000069e8700000,0x00000069e8800000)]
  0x0000021b3f77c3e0 JavaThread "Unconstrained build operations Thread 68" [_thread_blocked, id=1592, stack(0x00000069e8800000,0x00000069e8900000)]
  0x0000021b3f77e0c0 JavaThread "Unconstrained build operations Thread 69" [_thread_blocked, id=16352, stack(0x00000069e8900000,0x00000069e8a00000)]
  0x0000021b3f77ba40 JavaThread "Unconstrained build operations Thread 70" [_thread_blocked, id=2648, stack(0x00000069e8a00000,0x00000069e8b00000)]
  0x0000021b3f77dbf0 JavaThread "Unconstrained build operations Thread 71" [_thread_blocked, id=13028, stack(0x00000069e8b00000,0x00000069e8c00000)]
  0x0000021b3f77ea60 JavaThread "Unconstrained build operations Thread 72" [_thread_blocked, id=10996, stack(0x00000069e8c00000,0x00000069e8d00000)]
  0x0000021b3f77d720 JavaThread "Unconstrained build operations Thread 73" [_thread_blocked, id=12052, stack(0x00000069e8d00000,0x00000069e8e00000)]
  0x0000021b3f77f8d0 JavaThread "Unconstrained build operations Thread 74" [_thread_blocked, id=6724, stack(0x00000069e8e00000,0x00000069e8f00000)]
  0x0000021b3f77ef30 JavaThread "Unconstrained build operations Thread 75" [_thread_blocked, id=8536, stack(0x00000069e8f00000,0x00000069e9000000)]
  0x0000021b3f77e590 JavaThread "Unconstrained build operations Thread 76" [_thread_blocked, id=10540, stack(0x00000069e9000000,0x00000069e9100000)]
  0x0000021b3f781a80 JavaThread "Unconstrained build operations Thread 77" [_thread_blocked, id=7892, stack(0x00000069e9100000,0x00000069e9200000)]
  0x0000021b3f77bf10 JavaThread "Unconstrained build operations Thread 78" [_thread_blocked, id=2388, stack(0x00000069e9200000,0x00000069e9300000)]
  0x0000021b3f77c8b0 JavaThread "Unconstrained build operations Thread 79" [_thread_blocked, id=17556, stack(0x00000069e9300000,0x00000069e9400000)]
  0x0000021b4247f300 JavaThread "Unconstrained build operations Thread 80" [_thread_blocked, id=5060, stack(0x00000069e9400000,0x00000069e9500000)]
  0x0000021b42483b30 JavaThread "Unconstrained build operations Thread 81" [_thread_blocked, id=5220, stack(0x00000069e9500000,0x00000069e9600000)]
  0x0000021b42483190 JavaThread "Unconstrained build operations Thread 82" [_thread_blocked, id=5680, stack(0x00000069e9600000,0x00000069e9700000)]
  0x0000021b42481e50 JavaThread "Unconstrained build operations Thread 83" [_thread_blocked, id=11160, stack(0x00000069e9700000,0x00000069e9800000)]
  0x0000021b42483660 JavaThread "Unconstrained build operations Thread 84" [_thread_blocked, id=17660, stack(0x00000069e9800000,0x00000069e9900000)]
  0x0000021b42482cc0 JavaThread "Unconstrained build operations Thread 85" [_thread_blocked, id=5076, stack(0x00000069e9900000,0x00000069e9a00000)]
  0x0000021b4247dfc0 JavaThread "Unconstrained build operations Thread 86" [_thread_blocked, id=14388, stack(0x00000069e9a00000,0x00000069e9b00000)]
  0x0000021b4247c2e0 JavaThread "Unconstrained build operations Thread 87" [_thread_blocked, id=8988, stack(0x00000069e9b00000,0x00000069e9c00000)]
  0x0000021b42482320 JavaThread "Unconstrained build operations Thread 88" [_thread_blocked, id=8128, stack(0x00000069e9c00000,0x00000069e9d00000)]
  0x0000021b4247c7b0 JavaThread "Unconstrained build operations Thread 89" [_thread_blocked, id=15280, stack(0x00000069e9d00000,0x00000069e9e00000)]
  0x0000021b4247f7d0 JavaThread "Unconstrained build operations Thread 90" [_thread_blocked, id=6404, stack(0x00000069e9e00000,0x00000069e9f00000)]
  0x0000021b4247fca0 JavaThread "Unconstrained build operations Thread 91" [_thread_blocked, id=10544, stack(0x00000069e9f00000,0x00000069ea000000)]
  0x0000021b424827f0 JavaThread "Unconstrained build operations Thread 92" [_thread_blocked, id=8472, stack(0x00000069ea000000,0x00000069ea100000)]
  0x0000021b4247d620 JavaThread "Unconstrained build operations Thread 93" [_thread_blocked, id=12460, stack(0x00000069ea100000,0x00000069ea200000)]
  0x0000021b4247daf0 JavaThread "Unconstrained build operations Thread 94" [_thread_blocked, id=4408, stack(0x00000069ea200000,0x00000069ea300000)]
  0x0000021b42480170 JavaThread "Unconstrained build operations Thread 95" [_thread_blocked, id=8552, stack(0x00000069ea300000,0x00000069ea400000)]
  0x0000021b4247cc80 JavaThread "Unconstrained build operations Thread 96" [_thread_blocked, id=15632, stack(0x00000069ea400000,0x00000069ea500000)]
  0x0000021b4247d150 JavaThread "Unconstrained build operations Thread 97" [_thread_blocked, id=13468, stack(0x00000069ea500000,0x00000069ea600000)]
  0x0000021b42480640 JavaThread "Unconstrained build operations Thread 98" [_thread_blocked, id=10044, stack(0x00000069ea600000,0x00000069ea700000)]
  0x0000021b42480b10 JavaThread "Unconstrained build operations Thread 99" [_thread_blocked, id=15744, stack(0x00000069ea700000,0x00000069ea800000)]
  0x0000021b424814b0 JavaThread "Unconstrained build operations Thread 100" [_thread_blocked, id=3448, stack(0x00000069ea800000,0x00000069ea900000)]
  0x0000021b42480fe0 JavaThread "Unconstrained build operations Thread 101" [_thread_blocked, id=2080, stack(0x00000069ea900000,0x00000069eaa00000)]
  0x0000021b42481980 JavaThread "Unconstrained build operations Thread 102" [_thread_blocked, id=14624, stack(0x00000069eaa00000,0x00000069eab00000)]
  0x0000021b4247e960 JavaThread "Unconstrained build operations Thread 103" [_thread_blocked, id=7096, stack(0x00000069eab00000,0x00000069eac00000)]
  0x0000021b4247ee30 JavaThread "Unconstrained build operations Thread 104" [_thread_blocked, id=9808, stack(0x00000069eac00000,0x00000069ead00000)]
  0x0000021b4027d3b0 JavaThread "Unconstrained build operations Thread 105" [_thread_blocked, id=4024, stack(0x00000069ead00000,0x00000069eae00000)]
  0x0000021b4027dd50 JavaThread "Unconstrained build operations Thread 106" [_thread_blocked, id=9740, stack(0x00000069eae00000,0x00000069eaf00000)]
  0x0000021b4027b6d0 JavaThread "Unconstrained build operations Thread 107" [_thread_blocked, id=7924, stack(0x00000069eaf00000,0x00000069eb000000)]
  0x0000021b4027bba0 JavaThread "Unconstrained build operations Thread 108" [_thread_blocked, id=8828, stack(0x00000069eb000000,0x00000069eb100000)]
  0x0000021b4027b200 JavaThread "Unconstrained build operations Thread 109" [_thread_blocked, id=1716, stack(0x00000069eb100000,0x00000069eb200000)]
  0x0000021b4027c070 JavaThread "Unconstrained build operations Thread 110" [_thread_blocked, id=8572, stack(0x00000069eb200000,0x00000069eb300000)]
  0x0000021b4027c540 JavaThread "Unconstrained build operations Thread 111" [_thread_blocked, id=16012, stack(0x00000069eb300000,0x00000069eb400000)]
  0x0000021b4027d880 JavaThread "Unconstrained build operations Thread 112" [_thread_blocked, id=14248, stack(0x00000069eb400000,0x00000069eb500000)]
  0x0000021b4027e220 JavaThread "Unconstrained build operations Thread 113" [_thread_blocked, id=17236, stack(0x00000069eb500000,0x00000069eb600000)]
  0x0000021b4027e6f0 JavaThread "Unconstrained build operations Thread 114" [_thread_blocked, id=13752, stack(0x00000069eb600000,0x00000069eb700000)]
  0x0000021b4027ca10 JavaThread "Unconstrained build operations Thread 115" [_thread_blocked, id=13164, stack(0x00000069eb700000,0x00000069eb800000)]
  0x0000021b40278b80 JavaThread "Unconstrained build operations Thread 116" [_thread_blocked, id=9820, stack(0x00000069eb800000,0x00000069eb900000)]
  0x0000021b40276ea0 JavaThread "Unconstrained build operations Thread 117" [_thread_blocked, id=12008, stack(0x00000069eb900000,0x00000069eba00000)]
  0x0000021b402786b0 JavaThread "Unconstrained build operations Thread 118" [_thread_blocked, id=12924, stack(0x00000069eba00000,0x00000069ebb00000)]
  0x0000021b402781e0 JavaThread "Unconstrained build operations Thread 119" [_thread_blocked, id=14884, stack(0x00000069ebb00000,0x00000069ebc00000)]
  0x0000021b40277370 JavaThread "Unconstrained build operations Thread 120" [_thread_blocked, id=10960, stack(0x00000069ebc00000,0x00000069ebd00000)]
  0x0000021b4027cee0 JavaThread "jar transforms Thread 6" [_thread_blocked, id=1736, stack(0x00000069ebd00000,0x00000069ebe00000)]
  0x0000021b40277840 JavaThread "jar transforms Thread 7" [_thread_blocked, id=6448, stack(0x00000069ebe00000,0x00000069ebf00000)]
  0x0000021b40277d10 JavaThread "jar transforms Thread 8" [_thread_blocked, id=7400, stack(0x00000069ebf00000,0x00000069ec000000)]
  0x0000021b4027ad30 JavaThread "jar transforms Thread 9" [_thread_blocked, id=7972, stack(0x00000069ec000000,0x00000069ec100000)]
  0x0000021b40279050 JavaThread "jar transforms Thread 10" [_thread_blocked, id=5544, stack(0x00000069ec100000,0x00000069ec200000)]
  0x0000021b40279520 JavaThread "jar transforms Thread 11" [_thread_blocked, id=8676, stack(0x00000069ec200000,0x00000069ec300000)]
  0x0000021b402799f0 JavaThread "jar transforms Thread 12" [_thread_blocked, id=11088, stack(0x00000069ec300000,0x00000069ec400000)]
  0x0000021b40bbf380 JavaThread "build event listener" [_thread_blocked, id=17412, stack(0x00000069e1d00000,0x00000069e1e00000)]
  0x0000021b40bbb4f0 JavaThread "Memory manager" [_thread_blocked, id=11448, stack(0x00000069ec500000,0x00000069ec600000)]
  0x0000021b424d2090 JavaThread "C2 CompilerThread1" daemon [_thread_in_native, id=16072, stack(0x00000069e1c00000,0x00000069e1d00000)]
=>0x0000021b424d2ab0 JavaThread "C2 CompilerThread2" daemon [_thread_in_native, id=8488, stack(0x00000069ec400000,0x00000069ec500000)]

Other Threads:
  0x0000021b3c4ed740 VMThread "VM Thread" [stack: 0x00000069e0f00000,0x00000069e1000000] [id=18300]
  0x0000021b222d7220 WatcherThread [stack: 0x00000069e1b00000,0x00000069e1c00000] [id=7484]
  0x0000021b222ae440 GCTaskThread "GC Thread#0" [stack: 0x00000069e0a00000,0x00000069e0b00000] [id=2160]
  0x0000021b3e10e9a0 GCTaskThread "GC Thread#1" [stack: 0x00000069e1e00000,0x00000069e1f00000] [id=10536]
  0x0000021b3dbf9cf0 GCTaskThread "GC Thread#2" [stack: 0x00000069e1f00000,0x00000069e2000000] [id=10808]
  0x0000021b3d8e9520 GCTaskThread "GC Thread#3" [stack: 0x00000069e2000000,0x00000069e2100000] [id=6104]
  0x0000021b3e76d450 GCTaskThread "GC Thread#4" [stack: 0x00000069e2100000,0x00000069e2200000] [id=13428]
  0x0000021b3fbd6c40 GCTaskThread "GC Thread#5" [stack: 0x00000069e2c00000,0x00000069e2d00000] [id=10476]
  0x0000021b3eb2da10 GCTaskThread "GC Thread#6" [stack: 0x00000069e2d00000,0x00000069e2e00000] [id=6336]
  0x0000021b3e40e800 GCTaskThread "GC Thread#7" [stack: 0x00000069e2e00000,0x00000069e2f00000] [id=8264]
  0x0000021b3fcaadc0 GCTaskThread "GC Thread#8" [stack: 0x00000069e2f00000,0x00000069e3000000] [id=14420]
  0x0000021b3eb9d840 GCTaskThread "GC Thread#9" [stack: 0x00000069e3000000,0x00000069e3100000] [id=14832]
  0x0000021b222c1500 ConcurrentGCThread "G1 Main Marker" [stack: 0x00000069e0b00000,0x00000069e0c00000] [id=18064]
  0x0000021b222c3560 ConcurrentGCThread "G1 Conc#0" [stack: 0x00000069e0c00000,0x00000069e0d00000] [id=11232]
  0x0000021b3fd9f520 ConcurrentGCThread "G1 Conc#1" [stack: 0x00000069e3100000,0x00000069e3200000] [id=6508]
  0x0000021b3fd9fa80 ConcurrentGCThread "G1 Conc#2" [stack: 0x00000069e3200000,0x00000069e3300000] [id=14828]
  0x0000021b2230eb70 ConcurrentGCThread "G1 Refine#0" [stack: 0x00000069e0d00000,0x00000069e0e00000] [id=10464]
  0x0000021b3c34c610 ConcurrentGCThread "G1 Service" [stack: 0x00000069e0e00000,0x00000069e0f00000] [id=5852]

Threads with active compile tasks:
C2 CompilerThread0    21555 9858       4       java.beans.Introspector::addPropertyDescriptor (265 bytes)
C2 CompilerThread1    21555 9845       4       java.beans.MethodDescriptor::<init> (48 bytes)
C2 CompilerThread2    21556 9807  s!   4       java.beans.PropertyDescriptor::getWriteMethod (152 bytes)

VM state: at safepoint (normal execution)

VM Mutex/Monitor currently owned by a thread:  ([mutex/lock_event])
[0x0000021b2224b240] Threads_lock - owner thread: 0x0000021b3c4ed740
[0x0000021b2224a3a0] Heap_lock - owner thread: 0x0000021b222c1500

Heap address: 0x0000000080000000, size: 2048 MB, Compressed Oops mode: 32-bit

CDS archive(s) not mapped
Compressed class space mapped at: 0x0000000100000000-0x0000000140000000, reserved size: 1073741824
Narrow klass base: 0x0000000000000000, Narrow klass shift: 3, Narrow klass range: 0x140000000

GC Precious Log:
 CPUs: 12 total, 12 available
 Memory: 10085M
 Large Page Support: Disabled
 NUMA Support: Disabled
 Compressed Oops: Enabled (32-bit)
 Heap Region Size: 1M
 Heap Min Capacity: 8M
 Heap Initial Capacity: 158M
 Heap Max Capacity: 2G
 Pre-touch: Disabled
 Parallel Workers: 10
 Concurrent Workers: 3
 Concurrent Refinement Workers: 10
 Periodic GC: Disabled

Heap:
 garbage-first heap   total 152576K, used 102319K [0x0000000080000000, 0x0000000100000000)
  region size 1024K, 13 young (13312K), 5 survivors (5120K)
 Metaspace       used 94882K, committed 95616K, reserved 1138688K
  class space    used 12944K, committed 13312K, reserved 1048576K

Heap Regions: E=young(eden), S=young(survivor), O=old, HS=humongous(starts), HC=humongous(continues), CS=collection set, F=free, OA=open archive, CA=closed archive, TAMS=top-at-mark-start (previous, next)
|   0|0x0000000080000000, 0x0000000080100000, 0x0000000080100000|100%|HS|  |TAMS 0x0000000080100000, 0x0000000080100000| Complete 
|   1|0x0000000080100000, 0x0000000080200000, 0x0000000080200000|100%|HC|  |TAMS 0x0000000080200000, 0x0000000080200000| Complete 
|   2|0x0000000080200000, 0x0000000080300000, 0x0000000080300000|100%|HC|  |TAMS 0x0000000080300000, 0x0000000080300000| Complete 
|   3|0x0000000080300000, 0x0000000080400000, 0x0000000080400000|100%|HC|  |TAMS 0x0000000080400000, 0x0000000080400000| Complete 
|   4|0x0000000080400000, 0x0000000080500000, 0x0000000080500000|100%| O|  |TAMS 0x0000000080500000, 0x0000000080500000| Untracked 
|   5|0x0000000080500000, 0x0000000080600000, 0x0000000080600000|100%| O|  |TAMS 0x0000000080600000, 0x0000000080600000| Untracked 
|   6|0x0000000080600000, 0x0000000080700000, 0x0000000080700000|100%| O|  |TAMS 0x0000000080700000, 0x0000000080700000| Untracked 
|   7|0x0000000080700000, 0x0000000080800000, 0x0000000080800000|100%| O|  |TAMS 0x0000000080800000, 0x0000000080800000| Untracked 
|   8|0x0000000080800000, 0x0000000080900000, 0x0000000080900000|100%| O|  |TAMS 0x0000000080900000, 0x0000000080900000| Untracked 
|   9|0x0000000080900000, 0x0000000080a00000, 0x0000000080a00000|100%| O|  |TAMS 0x0000000080a00000, 0x0000000080a00000| Untracked 
|  10|0x0000000080a00000, 0x0000000080b00000, 0x0000000080b00000|100%| O|  |TAMS 0x0000000080b00000, 0x0000000080b00000| Untracked 
|  11|0x0000000080b00000, 0x0000000080c00000, 0x0000000080c00000|100%| O|  |TAMS 0x0000000080c00000, 0x0000000080c00000| Untracked 
|  12|0x0000000080c00000, 0x0000000080d00000, 0x0000000080d00000|100%| O|  |TAMS 0x0000000080d00000, 0x0000000080d00000| Untracked 
|  13|0x0000000080d00000, 0x0000000080e00000, 0x0000000080e00000|100%| O|  |TAMS 0x0000000080e00000, 0x0000000080e00000| Untracked 
|  14|0x0000000080e00000, 0x0000000080f00000, 0x0000000080f00000|100%| O|  |TAMS 0x0000000080f00000, 0x0000000080f00000| Untracked 
|  15|0x0000000080f00000, 0x0000000081000000, 0x0000000081000000|100%| O|  |TAMS 0x0000000081000000, 0x0000000081000000| Untracked 
|  16|0x0000000081000000, 0x0000000081100000, 0x0000000081100000|100%| O|  |TAMS 0x0000000081100000, 0x0000000081100000| Untracked 
|  17|0x0000000081100000, 0x0000000081200000, 0x0000000081200000|100%| O|  |TAMS 0x0000000081200000, 0x0000000081200000| Untracked 
|  18|0x0000000081200000, 0x0000000081300000, 0x0000000081300000|100%| O|  |TAMS 0x0000000081300000, 0x0000000081300000| Untracked 
|  19|0x0000000081300000, 0x0000000081400000, 0x0000000081400000|100%| O|  |TAMS 0x0000000081400000, 0x0000000081400000| Untracked 
|  20|0x0000000081400000, 0x0000000081500000, 0x0000000081500000|100%| O|  |TAMS 0x0000000081500000, 0x0000000081500000| Untracked 
|  21|0x0000000081500000, 0x0000000081600000, 0x0000000081600000|100%| O|  |TAMS 0x0000000081600000, 0x0000000081600000| Untracked 
|  22|0x0000000081600000, 0x0000000081700000, 0x0000000081700000|100%| O|  |TAMS 0x0000000081700000, 0x0000000081700000| Untracked 
|  23|0x0000000081700000, 0x0000000081800000, 0x0000000081800000|100%| O|  |TAMS 0x0000000081700000, 0x0000000081800000| Untracked 
|  24|0x0000000081800000, 0x0000000081900000, 0x0000000081900000|100%| O|  |TAMS 0x0000000081900000, 0x0000000081900000| Untracked 
|  25|0x0000000081900000, 0x0000000081a00000, 0x0000000081a00000|100%| O|  |TAMS 0x0000000081a00000, 0x0000000081a00000| Untracked 
|  26|0x0000000081a00000, 0x0000000081b00000, 0x0000000081b00000|100%| O|  |TAMS 0x0000000081b00000, 0x0000000081b00000| Untracked 
|  27|0x0000000081b00000, 0x0000000081c00000, 0x0000000081c00000|100%| O|  |TAMS 0x0000000081c00000, 0x0000000081c00000| Untracked 
|  28|0x0000000081c00000, 0x0000000081d00000, 0x0000000081d00000|100%| O|  |TAMS 0x0000000081d00000, 0x0000000081d00000| Untracked 
|  29|0x0000000081d00000, 0x0000000081e00000, 0x0000000081e00000|100%| O|  |TAMS 0x0000000081e00000, 0x0000000081e00000| Untracked 
|  30|0x0000000081e00000, 0x0000000081f00000, 0x0000000081f00000|100%| O|  |TAMS 0x0000000081f00000, 0x0000000081f00000| Untracked 
|  31|0x0000000081f00000, 0x0000000082000000, 0x0000000082000000|100%| O|  |TAMS 0x0000000082000000, 0x0000000082000000| Untracked 
|  32|0x0000000082000000, 0x0000000082100000, 0x0000000082100000|100%| O|  |TAMS 0x0000000082100000, 0x0000000082100000| Untracked 
|  33|0x0000000082100000, 0x0000000082200000, 0x0000000082200000|100%| O|  |TAMS 0x0000000082200000, 0x0000000082200000| Untracked 
|  34|0x0000000082200000, 0x0000000082300000, 0x0000000082300000|100%| O|  |TAMS 0x0000000082300000, 0x0000000082300000| Untracked 
|  35|0x0000000082300000, 0x0000000082400000, 0x0000000082400000|100%|HS|  |TAMS 0x0000000082400000, 0x0000000082400000| Complete 
|  36|0x0000000082400000, 0x0000000082500000, 0x0000000082500000|100%| O|  |TAMS 0x0000000082500000, 0x0000000082500000| Untracked 
|  37|0x0000000082500000, 0x0000000082600000, 0x0000000082600000|100%| O|  |TAMS 0x0000000082600000, 0x0000000082600000| Untracked 
|  38|0x0000000082600000, 0x0000000082700000, 0x0000000082700000|100%|HS|  |TAMS 0x0000000082700000, 0x0000000082700000| Complete 
|  39|0x0000000082700000, 0x0000000082800000, 0x0000000082800000|100%|HC|  |TAMS 0x0000000082800000, 0x0000000082800000| Complete 
|  40|0x0000000082800000, 0x0000000082900000, 0x0000000082900000|100%|HS|  |TAMS 0x0000000082900000, 0x0000000082900000| Complete 
|  41|0x0000000082900000, 0x0000000082a00000, 0x0000000082a00000|100%| O|  |TAMS 0x0000000082a00000, 0x0000000082a00000| Untracked 
|  42|0x0000000082a00000, 0x0000000082b00000, 0x0000000082b00000|100%| O|  |TAMS 0x0000000082b00000, 0x0000000082b00000| Untracked 
|  43|0x0000000082b00000, 0x0000000082c00000, 0x0000000082c00000|100%| O|  |TAMS 0x0000000082c00000, 0x0000000082c00000| Untracked 
|  44|0x0000000082c00000, 0x0000000082cebe00, 0x0000000082d00000| 92%| O|  |TAMS 0x0000000082c00000, 0x0000000082c00000| Untracked 
|  45|0x0000000082d00000, 0x0000000082e00000, 0x0000000082e00000|100%|HS|  |TAMS 0x0000000082e00000, 0x0000000082e00000| Complete 
|  46|0x0000000082e00000, 0x0000000082f00000, 0x0000000082f00000|100%|HC|  |TAMS 0x0000000082f00000, 0x0000000082f00000| Complete 
|  47|0x0000000082f00000, 0x0000000083000000, 0x0000000083000000|100%|HC|  |TAMS 0x0000000083000000, 0x0000000083000000| Complete 
|  48|0x0000000083000000, 0x0000000083100000, 0x0000000083100000|100%|HC|  |TAMS 0x0000000083100000, 0x0000000083100000| Complete 
|  49|0x0000000083100000, 0x0000000083200000, 0x0000000083200000|100%| O|  |TAMS 0x0000000083200000, 0x0000000083200000| Untracked 
|  50|0x0000000083200000, 0x0000000083300000, 0x0000000083300000|100%| O|  |TAMS 0x0000000083300000, 0x0000000083300000| Untracked 
|  51|0x0000000083300000, 0x0000000083400000, 0x0000000083400000|100%| O|  |TAMS 0x0000000083400000, 0x0000000083400000| Untracked 
|  52|0x0000000083400000, 0x0000000083500000, 0x0000000083500000|100%| O|  |TAMS 0x0000000083500000, 0x0000000083500000| Untracked 
|  53|0x0000000083500000, 0x0000000083600000, 0x0000000083600000|100%| O|  |TAMS 0x0000000083600000, 0x0000000083600000| Untracked 
|  54|0x0000000083600000, 0x0000000083700000, 0x0000000083700000|100%| O|  |TAMS 0x0000000083700000, 0x0000000083700000| Untracked 
|  55|0x0000000083700000, 0x0000000083800000, 0x0000000083800000|100%| O|  |TAMS 0x0000000083800000, 0x0000000083800000| Untracked 
|  56|0x0000000083800000, 0x0000000083900000, 0x0000000083900000|100%| O|  |TAMS 0x0000000083900000, 0x0000000083900000| Untracked 
|  57|0x0000000083900000, 0x0000000083a00000, 0x0000000083a00000|100%| O|  |TAMS 0x0000000083a00000, 0x0000000083a00000| Untracked 
|  58|0x0000000083a00000, 0x0000000083b00000, 0x0000000083b00000|100%| O|  |TAMS 0x0000000083b00000, 0x0000000083b00000| Untracked 
|  59|0x0000000083b00000, 0x0000000083c00000, 0x0000000083c00000|100%| O|  |TAMS 0x0000000083c00000, 0x0000000083c00000| Untracked 
|  60|0x0000000083c00000, 0x0000000083d00000, 0x0000000083d00000|100%| O|  |TAMS 0x0000000083d00000, 0x0000000083d00000| Untracked 
|  61|0x0000000083d00000, 0x0000000083e00000, 0x0000000083e00000|100%| O|  |TAMS 0x0000000083e00000, 0x0000000083e00000| Untracked 
|  62|0x0000000083e00000, 0x0000000083f00000, 0x0000000083f00000|100%| O|  |TAMS 0x0000000083f00000, 0x0000000083f00000| Untracked 
|  63|0x0000000083f00000, 0x0000000084000000, 0x0000000084000000|100%| O|  |TAMS 0x0000000084000000, 0x0000000084000000| Untracked 
|  64|0x0000000084000000, 0x0000000084100000, 0x0000000084100000|100%| O|  |TAMS 0x0000000084100000, 0x0000000084100000| Untracked 
|  65|0x0000000084100000, 0x0000000084200000, 0x0000000084200000|100%| O|  |TAMS 0x0000000084200000, 0x0000000084200000| Untracked 
|  66|0x0000000084200000, 0x0000000084300000, 0x0000000084300000|100%| O|  |TAMS 0x0000000084300000, 0x0000000084300000| Untracked 
|  67|0x0000000084300000, 0x0000000084400000, 0x0000000084400000|100%| O|  |TAMS 0x0000000084400000, 0x0000000084400000| Untracked 
|  68|0x0000000084400000, 0x0000000084500000, 0x0000000084500000|100%| O|  |TAMS 0x0000000084500000, 0x0000000084500000| Untracked 
|  69|0x0000000084500000, 0x0000000084600000, 0x0000000084600000|100%| O|  |TAMS 0x0000000084600000, 0x0000000084600000| Untracked 
|  70|0x0000000084600000, 0x0000000084700000, 0x0000000084700000|100%| O|  |TAMS 0x0000000084700000, 0x0000000084700000| Untracked 
|  71|0x0000000084700000, 0x0000000084800000, 0x0000000084800000|100%| O|  |TAMS 0x0000000084800000, 0x0000000084800000| Untracked 
|  72|0x0000000084800000, 0x0000000084900000, 0x0000000084900000|100%| O|  |TAMS 0x0000000084900000, 0x0000000084900000| Untracked 
|  73|0x0000000084900000, 0x0000000084a00000, 0x0000000084a00000|100%| O|  |TAMS 0x0000000084a00000, 0x0000000084a00000| Untracked 
|  74|0x0000000084a00000, 0x0000000084b00000, 0x0000000084b00000|100%| O|  |TAMS 0x0000000084b00000, 0x0000000084b00000| Untracked 
|  75|0x0000000084b00000, 0x0000000084c00000, 0x0000000084c00000|100%| O|  |TAMS 0x0000000084c00000, 0x0000000084c00000| Untracked 
|  76|0x0000000084c00000, 0x0000000084d00000, 0x0000000084d00000|100%| O|  |TAMS 0x0000000084d00000, 0x0000000084d00000| Untracked 
|  77|0x0000000084d00000, 0x0000000084e00000, 0x0000000084e00000|100%| O|  |TAMS 0x0000000084e00000, 0x0000000084e00000| Untracked 
|  78|0x0000000084e00000, 0x0000000084f00000, 0x0000000084f00000|100%| O|  |TAMS 0x0000000084f00000, 0x0000000084f00000| Untracked 
|  79|0x0000000084f00000, 0x0000000085000000, 0x0000000085000000|100%| O|  |TAMS 0x0000000085000000, 0x0000000085000000| Untracked 
|  80|0x0000000085000000, 0x0000000085100000, 0x0000000085100000|100%| O|  |TAMS 0x0000000085100000, 0x0000000085100000| Untracked 
|  81|0x0000000085100000, 0x0000000085200000, 0x0000000085200000|100%| O|  |TAMS 0x0000000085169a00, 0x0000000085200000| Untracked 
|  82|0x0000000085200000, 0x0000000085300000, 0x0000000085300000|100%| O|  |TAMS 0x0000000085200000, 0x0000000085300000| Untracked 
|  83|0x0000000085300000, 0x0000000085400000, 0x0000000085400000|100%| O|  |TAMS 0x0000000085300000, 0x0000000085400000| Untracked 
|  84|0x0000000085400000, 0x0000000085500000, 0x0000000085500000|100%| O|  |TAMS 0x0000000085400000, 0x0000000085500000| Untracked 
|  85|0x0000000085500000, 0x0000000085600000, 0x0000000085600000|100%| O|  |TAMS 0x0000000085500000, 0x0000000085600000| Untracked 
|  86|0x0000000085600000, 0x0000000085700000, 0x0000000085700000|100%| O|  |TAMS 0x0000000085600000, 0x0000000085700000| Untracked 
|  87|0x0000000085700000, 0x0000000085800000, 0x0000000085800000|100%| O|  |TAMS 0x0000000085700000, 0x00000000857a3400| Untracked 
|  88|0x0000000085800000, 0x0000000085800000, 0x0000000085900000|  0%| F|  |TAMS 0x0000000085800000, 0x0000000085800000| Untracked 
|  89|0x0000000085900000, 0x0000000085900000, 0x0000000085a00000|  0%| F|  |TAMS 0x0000000085900000, 0x0000000085900000| Untracked 
|  90|0x0000000085a00000, 0x0000000085a00000, 0x0000000085b00000|  0%| F|  |TAMS 0x0000000085a00000, 0x0000000085a00000| Untracked 
|  91|0x0000000085b00000, 0x0000000085b00000, 0x0000000085c00000|  0%| F|  |TAMS 0x0000000085b00000, 0x0000000085b00000| Untracked 
|  92|0x0000000085c00000, 0x0000000085c00000, 0x0000000085d00000|  0%| F|  |TAMS 0x0000000085c00000, 0x0000000085c00000| Untracked 
|  93|0x0000000085d00000, 0x0000000085d00000, 0x0000000085e00000|  0%| F|  |TAMS 0x0000000085d00000, 0x0000000085d00000| Untracked 
|  94|0x0000000085e00000, 0x0000000085e00000, 0x0000000085f00000|  0%| F|  |TAMS 0x0000000085e00000, 0x0000000085e00000| Untracked 
|  95|0x0000000085f00000, 0x0000000085f00000, 0x0000000086000000|  0%| F|  |TAMS 0x0000000085f00000, 0x0000000085f00000| Untracked 
|  96|0x0000000086000000, 0x0000000086000000, 0x0000000086100000|  0%| F|  |TAMS 0x0000000086000000, 0x0000000086000000| Untracked 
|  97|0x0000000086100000, 0x0000000086100000, 0x0000000086200000|  0%| F|  |TAMS 0x0000000086100000, 0x0000000086100000| Untracked 
|  98|0x0000000086200000, 0x0000000086200000, 0x0000000086300000|  0%| F|  |TAMS 0x0000000086200000, 0x0000000086200000| Untracked 
|  99|0x0000000086300000, 0x0000000086300000, 0x0000000086400000|  0%| F|  |TAMS 0x0000000086300000, 0x0000000086300000| Untracked 
| 100|0x0000000086400000, 0x0000000086400000, 0x0000000086500000|  0%| F|  |TAMS 0x0000000086400000, 0x0000000086400000| Untracked 
| 101|0x0000000086500000, 0x0000000086500000, 0x0000000086600000|  0%| F|  |TAMS 0x0000000086500000, 0x0000000086500000| Untracked 
| 102|0x0000000086600000, 0x0000000086600000, 0x0000000086700000|  0%| F|  |TAMS 0x0000000086600000, 0x0000000086600000| Untracked 
| 103|0x0000000086700000, 0x0000000086700000, 0x0000000086800000|  0%| F|  |TAMS 0x0000000086700000, 0x0000000086700000| Untracked 
| 104|0x0000000086800000, 0x0000000086800000, 0x0000000086900000|  0%| F|  |TAMS 0x0000000086800000, 0x0000000086800000| Untracked 
| 105|0x0000000086900000, 0x0000000086900000, 0x0000000086a00000|  0%| F|  |TAMS 0x0000000086900000, 0x0000000086900000| Untracked 
| 106|0x0000000086a00000, 0x0000000086a00000, 0x0000000086b00000|  0%| F|  |TAMS 0x0000000086a00000, 0x0000000086a00000| Untracked 
| 107|0x0000000086b00000, 0x0000000086c00000, 0x0000000086c00000|100%| S|CS|TAMS 0x0000000086b00000, 0x0000000086b00000| Complete 
| 108|0x0000000086c00000, 0x0000000086d00000, 0x0000000086d00000|100%| S|CS|TAMS 0x0000000086c00000, 0x0000000086c00000| Complete 
| 109|0x0000000086d00000, 0x0000000086e00000, 0x0000000086e00000|100%| S|CS|TAMS 0x0000000086d00000, 0x0000000086d00000| Complete 
| 110|0x0000000086e00000, 0x0000000086f00000, 0x0000000086f00000|100%| S|CS|TAMS 0x0000000086e00000, 0x0000000086e00000| Complete 
| 111|0x0000000086f00000, 0x0000000087000000, 0x0000000087000000|100%| S|CS|TAMS 0x0000000086f00000, 0x0000000086f00000| Complete 
| 112|0x0000000087000000, 0x0000000087000000, 0x0000000087100000|  0%| F|  |TAMS 0x0000000087000000, 0x0000000087000000| Untracked 
| 113|0x0000000087100000, 0x0000000087100000, 0x0000000087200000|  0%| F|  |TAMS 0x0000000087100000, 0x0000000087100000| Untracked 
| 114|0x0000000087200000, 0x0000000087200000, 0x0000000087300000|  0%| F|  |TAMS 0x0000000087200000, 0x0000000087200000| Untracked 
| 115|0x0000000087300000, 0x0000000087300000, 0x0000000087400000|  0%| F|  |TAMS 0x0000000087300000, 0x0000000087300000| Untracked 
| 116|0x0000000087400000, 0x0000000087400000, 0x0000000087500000|  0%| F|  |TAMS 0x0000000087400000, 0x0000000087400000| Untracked 
| 117|0x0000000087500000, 0x0000000087500000, 0x0000000087600000|  0%| F|  |TAMS 0x0000000087500000, 0x0000000087500000| Untracked 
| 118|0x0000000087600000, 0x0000000087600000, 0x0000000087700000|  0%| F|  |TAMS 0x0000000087600000, 0x0000000087600000| Untracked 
| 119|0x0000000087700000, 0x0000000087700000, 0x0000000087800000|  0%| F|  |TAMS 0x0000000087700000, 0x0000000087700000| Untracked 
| 120|0x0000000087800000, 0x0000000087800000, 0x0000000087900000|  0%| F|  |TAMS 0x0000000087800000, 0x0000000087800000| Untracked 
| 121|0x0000000087900000, 0x0000000087900000, 0x0000000087a00000|  0%| F|  |TAMS 0x0000000087900000, 0x0000000087900000| Untracked 
| 122|0x0000000087a00000, 0x0000000087a00000, 0x0000000087b00000|  0%| F|  |TAMS 0x0000000087a00000, 0x0000000087a00000| Untracked 
| 123|0x0000000087b00000, 0x0000000087b00000, 0x0000000087c00000|  0%| F|  |TAMS 0x0000000087b00000, 0x0000000087b00000| Untracked 
| 124|0x0000000087c00000, 0x0000000087c00000, 0x0000000087d00000|  0%| F|  |TAMS 0x0000000087c00000, 0x0000000087c00000| Untracked 
| 125|0x0000000087d00000, 0x0000000087d00000, 0x0000000087e00000|  0%| F|  |TAMS 0x0000000087d00000, 0x0000000087d00000| Untracked 
| 126|0x0000000087e00000, 0x0000000087e00000, 0x0000000087f00000|  0%| F|  |TAMS 0x0000000087e00000, 0x0000000087e00000| Untracked 
| 127|0x0000000087f00000, 0x0000000087f00000, 0x0000000088000000|  0%| F|  |TAMS 0x0000000087f00000, 0x0000000087f00000| Untracked 
| 128|0x0000000088000000, 0x0000000088000000, 0x0000000088100000|  0%| F|  |TAMS 0x0000000088000000, 0x0000000088000000| Untracked 
| 129|0x0000000088100000, 0x0000000088100000, 0x0000000088200000|  0%| F|  |TAMS 0x0000000088100000, 0x0000000088100000| Untracked 
| 130|0x0000000088200000, 0x0000000088200000, 0x0000000088300000|  0%| F|  |TAMS 0x0000000088200000, 0x0000000088200000| Untracked 
| 131|0x0000000088300000, 0x0000000088300000, 0x0000000088400000|  0%| F|  |TAMS 0x0000000088300000, 0x0000000088300000| Untracked 
| 132|0x0000000088400000, 0x0000000088400000, 0x0000000088500000|  0%| F|  |TAMS 0x0000000088400000, 0x0000000088400000| Untracked 
| 133|0x0000000088500000, 0x0000000088500000, 0x0000000088600000|  0%| F|  |TAMS 0x0000000088500000, 0x0000000088500000| Untracked 
| 134|0x0000000088600000, 0x0000000088600000, 0x0000000088700000|  0%| F|  |TAMS 0x0000000088600000, 0x0000000088600000| Untracked 
| 135|0x0000000088700000, 0x0000000088700000, 0x0000000088800000|  0%| F|  |TAMS 0x0000000088700000, 0x0000000088700000| Untracked 
| 136|0x0000000088800000, 0x0000000088800000, 0x0000000088900000|  0%| F|  |TAMS 0x0000000088800000, 0x0000000088800000| Untracked 
| 137|0x0000000088900000, 0x0000000088900000, 0x0000000088a00000|  0%| F|  |TAMS 0x0000000088900000, 0x0000000088900000| Untracked 
| 138|0x0000000088a00000, 0x0000000088a00000, 0x0000000088b00000|  0%| F|  |TAMS 0x0000000088a00000, 0x0000000088a00000| Untracked 
| 139|0x0000000088b00000, 0x0000000088b00000, 0x0000000088c00000|  0%| F|  |TAMS 0x0000000088b00000, 0x0000000088b00000| Untracked 
| 140|0x0000000088c00000, 0x0000000088c00000, 0x0000000088d00000|  0%| F|  |TAMS 0x0000000088c00000, 0x0000000088c00000| Untracked 
| 141|0x0000000088d00000, 0x0000000088e00000, 0x0000000088e00000|100%| E|  |TAMS 0x0000000088d00000, 0x0000000088d00000| Complete 
| 142|0x0000000088e00000, 0x0000000088f00000, 0x0000000088f00000|100%| E|CS|TAMS 0x0000000088e00000, 0x0000000088e00000| Complete 
| 143|0x0000000088f00000, 0x0000000089000000, 0x0000000089000000|100%| E|CS|TAMS 0x0000000088f00000, 0x0000000088f00000| Complete 
| 144|0x0000000089000000, 0x0000000089100000, 0x0000000089100000|100%| E|CS|TAMS 0x0000000089000000, 0x0000000089000000| Complete 
| 145|0x0000000089100000, 0x0000000089200000, 0x0000000089200000|100%| E|CS|TAMS 0x0000000089100000, 0x0000000089100000| Complete 
| 146|0x0000000089200000, 0x0000000089300000, 0x0000000089300000|100%| E|CS|TAMS 0x0000000089200000, 0x0000000089200000| Complete 
| 147|0x0000000089300000, 0x0000000089400000, 0x0000000089400000|100%| E|CS|TAMS 0x0000000089300000, 0x0000000089300000| Complete 
| 157|0x0000000089d00000, 0x0000000089e00000, 0x0000000089e00000|100%| E|CS|TAMS 0x0000000089d00000, 0x0000000089d00000| Complete 

Card table byte_map: [0x0000021b35060000,0x0000021b35460000] _byte_map_base: 0x0000021b34c60000

Marking Bits (Prev, Next): (CMBitMap*) 0x0000021b222aea50, (CMBitMap*) 0x0000021b222aea90
 Prev Bits: [0x0000021b35860000, 0x0000021b37860000)
 Next Bits: [0x0000021b37860000, 0x0000021b39860000)

Polling page: 0x0000021b201e0000

Metaspace:

Usage:
  Non-class:     80.02 MB used.
      Class:     12.64 MB used.
       Both:     92.66 MB used.

Virtual space:
  Non-class space:       88.00 MB reserved,      80.38 MB ( 91%) committed,  11 nodes.
      Class space:        1.00 GB reserved,      13.00 MB (  1%) committed,  1 nodes.
             Both:        1.09 GB reserved,      93.38 MB (  8%) committed. 

Chunk freelists:
   Non-Class:  3.63 MB
       Class:  2.99 MB
        Both:  6.62 MB

MaxMetaspaceSize: unlimited
CompressedClassSpaceSize: 1.00 GB
Initial GC threshold: 21.00 MB
Current GC threshold: 152.81 MB
CDS: off
MetaspaceReclaimPolicy: balanced
 - commit_granule_bytes: 65536.
 - commit_granule_words: 8192.
 - virtual_space_node_default_size: 1048576.
 - enlarge_chunks_in_place: 1.
 - new_chunks_are_fully_committed: 0.
 - uncommit_free_chunks: 1.
 - use_allocation_guard: 0.
 - handle_deallocations: 1.


Internal statistics:

num_allocs_failed_limit: 6.
num_arena_births: 866.
num_arena_deaths: 0.
num_vsnodes_births: 12.
num_vsnodes_deaths: 0.
num_space_committed: 1494.
num_space_uncommitted: 0.
num_chunks_returned_to_freelist: 6.
num_chunks_taken_from_freelist: 4307.
num_chunk_merges: 6.
num_chunk_splits: 2872.
num_chunks_enlarged: 1950.
num_purges: 0.
num_inconsistent_stats: 0.

CodeHeap 'non-profiled nmethods': size=120000Kb used=5437Kb max_used=5947Kb free=114563Kb
 bounds [0x0000021b2d1e0000, 0x0000021b2d7b0000, 0x0000021b34710000]
CodeHeap 'profiled nmethods': size=120000Kb used=15879Kb max_used=17669Kb free=104121Kb
 bounds [0x0000021b25710000, 0x0000021b26860000, 0x0000021b2cc40000]
CodeHeap 'non-nmethods': size=5760Kb used=2384Kb max_used=2458Kb free=3375Kb
 bounds [0x0000021b2cc40000, 0x0000021b2ceb0000, 0x0000021b2d1e0000]
 total_blobs=9278 nmethods=8360 adapters=830
 compilation: enabled
              stopped_count=0, restarted_count=0
 full_count=0

Compilation events (20 events):
Event: 21.400 Thread 0x0000021b3d053190 nmethod 9846 0x0000021b2d4eb390 code [0x0000021b2d4eb520, 0x0000021b2d4eb8f8]
Event: 21.400 Thread 0x0000021b3d053190 9851  s    4       java.util.Hashtable::putAll (52 bytes)
Event: 21.413 Thread 0x0000021b424d2090 nmethod 9844 0x0000021b2d55c710 code [0x0000021b2d55c900, 0x0000021b2d55dd08]
Event: 21.413 Thread 0x0000021b424d2090 9836       4       java.lang.Math::min (46 bytes)
Event: 21.414 Thread 0x0000021b424d2090 nmethod 9836 0x0000021b2d580610 code [0x0000021b2d5807c0, 0x0000021b2d5808d8]
Event: 21.414 Thread 0x0000021b424d2090 9845       4       java.beans.MethodDescriptor::<init> (48 bytes)
Event: 21.433 Thread 0x0000021b3d053190 nmethod 9851 0x0000021b2d420d10 code [0x0000021b2d420f00, 0x0000021b2d421d68]
Event: 21.433 Thread 0x0000021b3d053190 9855       4       java.lang.StringBuilder::append (8 bytes)
Event: 21.442 Thread 0x0000021b3d053190 nmethod 9855 0x0000021b2d218810 code [0x0000021b2d2189c0, 0x0000021b2d219198]
Event: 21.442 Thread 0x0000021b3d053190 9853       4       groovy.lang.MetaClassImpl$Index::getNotNull (32 bytes)
Event: 21.458 Thread 0x0000021b3d053190 nmethod 9853 0x0000021b2d24e310 code [0x0000021b2d24e4e0, 0x0000021b2d24edf8]
Event: 21.458 Thread 0x0000021b3d053190 9856       4       java.lang.reflect.Type::getTypeName (5 bytes)
Event: 21.458 Thread 0x0000021b3d053190 nmethod 9856 0x0000021b2d580310 code [0x0000021b2d580480, 0x0000021b2d580518]
Event: 21.458 Thread 0x0000021b3d053190 9854       4       sun.reflect.generics.repository.ConstructorRepository::getParameterTypes (27 bytes)
Event: 21.468 Thread 0x0000021b3d053190 nmethod 9854 0x0000021b2d2e8a90 code [0x0000021b2d2e8c40, 0x0000021b2d2e9298]
Event: 21.468 Thread 0x0000021b3d053190 9858       4       java.beans.Introspector::addPropertyDescriptor (265 bytes)
Event: 21.470 Thread 0x0000021b3d053e40 9860       3       java.util.LinkedList$ListItr::previous (70 bytes)
Event: 21.471 Thread 0x0000021b3d053e40 nmethod 9860 0x0000021b25ce1b10 code [0x0000021b25ce1d00, 0x0000021b25ce2278]
Event: 21.506 Thread 0x0000021b3d053e40 9864       3       java.util.TimSort::mergeAt (358 bytes)
Event: 21.507 Thread 0x0000021b3d053e40 nmethod 9864 0x0000021b25ad6b90 code [0x0000021b25ad6da0, 0x0000021b25ad7398]

GC Heap History (20 events):
Event: 14.953 GC heap before
{Heap before GC invocations=39 (full 0):
 garbage-first heap   total 148480K, used 114433K [0x0000000080000000, 0x0000000100000000)
  region size 1024K, 45 young (46080K), 4 survivors (4096K)
 Metaspace       used 79006K, committed 79616K, reserved 1122304K
  class space    used 10658K, committed 10944K, reserved 1048576K
}
Event: 14.962 GC heap after
{Heap after GC invocations=40 (full 0):
 garbage-first heap   total 148480K, used 74977K [0x0000000080000000, 0x0000000100000000)
  region size 1024K, 3 young (3072K), 3 survivors (3072K)
 Metaspace       used 79006K, committed 79616K, reserved 1122304K
  class space    used 10658K, committed 10944K, reserved 1048576K
}
Event: 17.269 GC heap before
{Heap before GC invocations=41 (full 0):
 garbage-first heap   total 148480K, used 114913K [0x0000000080000000, 0x0000000100000000)
  region size 1024K, 43 young (44032K), 3 survivors (3072K)
 Metaspace       used 84235K, committed 84864K, reserved 1122304K
  class space    used 11387K, committed 11712K, reserved 1048576K
}
Event: 17.275 GC heap after
{Heap after GC invocations=42 (full 0):
 garbage-first heap   total 148480K, used 76177K [0x0000000080000000, 0x0000000100000000)
  region size 1024K, 5 young (5120K), 5 survivors (5120K)
 Metaspace       used 84235K, committed 84864K, reserved 1122304K
  class space    used 11387K, committed 11712K, reserved 1048576K
}
Event: 17.308 GC heap before
{Heap before GC invocations=42 (full 0):
 garbage-first heap   total 148480K, used 78225K [0x0000000080000000, 0x0000000100000000)
  region size 1024K, 7 young (7168K), 5 survivors (5120K)
 Metaspace       used 84239K, committed 84864K, reserved 1122304K
  class space    used 11387K, committed 11712K, reserved 1048576K
}
Event: 17.313 GC heap after
{Heap after GC invocations=43 (full 0):
 garbage-first heap   total 148480K, used 76676K [0x0000000080000000, 0x0000000100000000)
  region size 1024K, 1 young (1024K), 1 survivors (1024K)
 Metaspace       used 84239K, committed 84864K, reserved 1122304K
  class space    used 11387K, committed 11712K, reserved 1048576K
}
Event: 18.458 GC heap before
{Heap before GC invocations=43 (full 0):
 garbage-first heap   total 148480K, used 118660K [0x0000000080000000, 0x0000000100000000)
  region size 1024K, 42 young (43008K), 1 survivors (1024K)
 Metaspace       used 86492K, committed 87168K, reserved 1130496K
  class space    used 11733K, committed 12032K, reserved 1048576K
}
Event: 18.461 GC heap after
{Heap after GC invocations=44 (full 0):
 garbage-first heap   total 148480K, used 79704K [0x0000000080000000, 0x0000000100000000)
  region size 1024K, 4 young (4096K), 4 survivors (4096K)
 Metaspace       used 86492K, committed 87168K, reserved 1130496K
  class space    used 11733K, committed 12032K, reserved 1048576K
}
Event: 19.280 GC heap before
{Heap before GC invocations=45 (full 0):
 garbage-first heap   total 148480K, used 119640K [0x0000000080000000, 0x0000000100000000)
  region size 1024K, 43 young (44032K), 4 survivors (4096K)
 Metaspace       used 87880K, committed 88640K, reserved 1130496K
  class space    used 11940K, committed 12288K, reserved 1048576K
}
Event: 19.288 GC heap after
{Heap after GC invocations=46 (full 0):
 garbage-first heap   total 148480K, used 83042K [0x0000000080000000, 0x0000000100000000)
  region size 1024K, 4 young (4096K), 4 survivors (4096K)
 Metaspace       used 87880K, committed 88640K, reserved 1130496K
  class space    used 11940K, committed 12288K, reserved 1048576K
}
Event: 19.335 GC heap before
{Heap before GC invocations=46 (full 0):
 garbage-first heap   total 148480K, used 85090K [0x0000000080000000, 0x0000000100000000)
  region size 1024K, 7 young (7168K), 4 survivors (4096K)
 Metaspace       used 88107K, committed 88832K, reserved 1130496K
  class space    used 11967K, committed 12288K, reserved 1048576K
}
Event: 19.339 GC heap after
{Heap after GC invocations=47 (full 0):
 garbage-first heap   total 148480K, used 83020K [0x0000000080000000, 0x0000000100000000)
  region size 1024K, 1 young (1024K), 1 survivors (1024K)
 Metaspace       used 88107K, committed 88832K, reserved 1130496K
  class space    used 11967K, committed 12288K, reserved 1048576K
}
Event: 20.374 GC heap before
{Heap before GC invocations=47 (full 0):
 garbage-first heap   total 148480K, used 120908K [0x0000000080000000, 0x0000000100000000)
  region size 1024K, 38 young (38912K), 1 survivors (1024K)
 Metaspace       used 93055K, committed 93824K, reserved 1130496K
  class space    used 12687K, committed 12992K, reserved 1048576K
}
Event: 20.378 GC heap after
{Heap after GC invocations=48 (full 0):
 garbage-first heap   total 148480K, used 85494K [0x0000000080000000, 0x0000000100000000)
  region size 1024K, 4 young (4096K), 4 survivors (4096K)
 Metaspace       used 93055K, committed 93824K, reserved 1130496K
  class space    used 12687K, committed 12992K, reserved 1048576K
}
Event: 21.088 GC heap before
{Heap before GC invocations=49 (full 0):
 garbage-first heap   total 152576K, used 121334K [0x0000000080000000, 0x0000000100000000)
  region size 1024K, 39 young (39936K), 4 survivors (4096K)
 Metaspace       used 94739K, committed 95488K, reserved 1138688K
  class space    used 12929K, committed 13248K, reserved 1048576K
}
Event: 21.094 GC heap after
{Heap after GC invocations=50 (full 0):
 garbage-first heap   total 152576K, used 88908K [0x0000000080000000, 0x0000000100000000)
  region size 1024K, 4 young (4096K), 4 survivors (4096K)
 Metaspace       used 94739K, committed 95488K, reserved 1138688K
  class space    used 12929K, committed 13248K, reserved 1048576K
}
Event: 21.133 GC heap before
{Heap before GC invocations=50 (full 0):
 garbage-first heap   total 152576K, used 91980K [0x0000000080000000, 0x0000000100000000)
  region size 1024K, 7 young (7168K), 4 survivors (4096K)
 Metaspace       used 94783K, committed 95552K, reserved 1138688K
  class space    used 12937K, committed 13312K, reserved 1048576K
}
Event: 21.137 GC heap after
{Heap after GC invocations=51 (full 0):
 garbage-first heap   total 152576K, used 89527K [0x0000000080000000, 0x0000000100000000)
  region size 1024K, 1 young (1024K), 1 survivors (1024K)
 Metaspace       used 94783K, committed 95552K, reserved 1138688K
  class space    used 12937K, committed 13312K, reserved 1048576K
}
Event: 21.485 GC heap before
{Heap before GC invocations=51 (full 0):
 garbage-first heap   total 152576K, used 126391K [0x0000000080000000, 0x0000000100000000)
  region size 1024K, 37 young (37888K), 1 survivors (1024K)
 Metaspace       used 94868K, committed 95616K, reserved 1138688K
  class space    used 12944K, committed 13312K, reserved 1048576K
}
Event: 21.489 GC heap after
{Heap after GC invocations=52 (full 0):
 garbage-first heap   total 152576K, used 95151K [0x0000000080000000, 0x0000000100000000)
  region size 1024K, 5 young (5120K), 5 survivors (5120K)
 Metaspace       used 94868K, committed 95616K, reserved 1138688K
  class space    used 12944K, committed 13312K, reserved 1048576K
}

Dll operation events (2 events):
Event: 0.008 Loaded shared library C:\Program Files\Android\Android Studio\jbr\bin\java.dll
Event: 0.413 Loaded shared library C:\Program Files\Android\Android Studio\jbr\bin\verify.dll

Deoptimization events (20 events):
Event: 21.015 Thread 0x0000021b40165870 Uncommon trap: trap_request=0xffffffc6 fr.pc=0x0000021b2d391f58 relative=0x0000000000000458
Event: 21.015 Thread 0x0000021b40165870 Uncommon trap: reason=bimorphic_or_optimized_type_check action=maybe_recompile pc=0x0000021b2d391f58 method=java.util.Spliterators$IteratorSpliterator.tryAdvance(Ljava/util/function/Consumer;)Z @ 50 c2
Event: 21.015 Thread 0x0000021b40165870 DEOPT PACKING pc=0x0000021b2d391f58 sp=0x00000069e28faff0
Event: 21.015 Thread 0x0000021b40165870 DEOPT UNPACKING pc=0x0000021b2cc969a3 sp=0x00000069e28faf90 mode 2
Event: 21.034 Thread 0x0000021b40165870 Uncommon trap: trap_request=0xffffff45 fr.pc=0x0000021b2d1f5154 relative=0x0000000000000614
Event: 21.034 Thread 0x0000021b40165870 Uncommon trap: reason=unstable_if action=reinterpret pc=0x0000021b2d1f5154 method=java.util.HashMap$HashIterator.<init>(Ljava/util/HashMap;)V @ 45 c2
Event: 21.034 Thread 0x0000021b40165870 DEOPT PACKING pc=0x0000021b2d1f5154 sp=0x00000069e28fb7d0
Event: 21.034 Thread 0x0000021b40165870 DEOPT UNPACKING pc=0x0000021b2cc969a3 sp=0x00000069e28fb660 mode 2
Event: 21.181 Thread 0x0000021b40165870 DEOPT PACKING pc=0x0000021b2625f12d sp=0x00000069e28f71e0
Event: 21.181 Thread 0x0000021b40165870 DEOPT UNPACKING pc=0x0000021b2cc97143 sp=0x00000069e28f6640 mode 0
Event: 21.243 Thread 0x0000021b40165870 DEOPT PACKING pc=0x0000021b2625f12d sp=0x00000069e28f7980
Event: 21.243 Thread 0x0000021b40165870 DEOPT UNPACKING pc=0x0000021b2cc97143 sp=0x00000069e28f6de0 mode 0
Event: 21.248 Thread 0x0000021b40165870 DEOPT PACKING pc=0x0000021b2639a97d sp=0x00000069e28f7510
Event: 21.248 Thread 0x0000021b40165870 DEOPT UNPACKING pc=0x0000021b2cc97143 sp=0x00000069e28f6980 mode 0
Event: 21.386 Thread 0x0000021b40165870 DEOPT PACKING pc=0x0000021b2639a97d sp=0x00000069e28f7750
Event: 21.386 Thread 0x0000021b40165870 DEOPT UNPACKING pc=0x0000021b2cc97143 sp=0x00000069e28f6bc0 mode 0
Event: 21.429 Thread 0x0000021b40165870 DEOPT PACKING pc=0x0000021b26394c29 sp=0x00000069e28f7b30
Event: 21.429 Thread 0x0000021b40165870 DEOPT UNPACKING pc=0x0000021b2cc97143 sp=0x00000069e28f6fe0 mode 0
Event: 21.482 Thread 0x0000021b40165870 DEOPT PACKING pc=0x0000021b2639a97d sp=0x00000069e28f7750
Event: 21.482 Thread 0x0000021b40165870 DEOPT UNPACKING pc=0x0000021b2cc97143 sp=0x00000069e28f6bc0 mode 0

Classes unloaded (0 events):
No events

Classes redefined (0 events):
No events

Internal exceptions (20 events):
Event: 21.458 Thread 0x0000021b40165870 Exception <a 'java/lang/ClassNotFoundException'{0x0000000087243630}: com/android/build/gradle/internal/tasks/GlobalSyntheticsMergeTask_DecoratedBeanInfo> (0x0000000087243630) 
thrown [s\src\hotspot\share\classfile\systemDictionary.cpp, line 256]
Event: 21.458 Thread 0x0000021b40165870 Exception <a 'java/lang/ClassNotFoundException'{0x000000008724fd90}: com/android/build/gradle/internal/tasks/GlobalSyntheticsMergeTaskBeanInfo> (0x000000008724fd90) 
thrown [s\src\hotspot\share\classfile\systemDictionary.cpp, line 256]
Event: 21.459 Thread 0x0000021b40165870 Exception <a 'java/lang/ClassNotFoundException'{0x000000008725c228}: com/android/build/gradle/internal/tasks/GlobalSyntheticsMergeTaskCustomizer> (0x000000008725c228) 
thrown [s\src\hotspot\share\classfile\systemDictionary.cpp, line 256]
Event: 21.460 Thread 0x0000021b40165870 Exception <a 'java/lang/ClassNotFoundException'{0x000000008727a830}: com/android/build/gradle/internal/tasks/GlobalSyntheticsMergeTask_DecoratedCustomizer> (0x000000008727a830) 
thrown [s\src\hotspot\share\classfile\systemDictionary.cpp, line 256]
Event: 21.472 Thread 0x0000021b40165870 Exception <a 'java/lang/ClassNotFoundException'{0x00000000871a1158}: com/android/build/gradle/internal/tasks/ProcessJavaResTask_DecoratedBeanInfo> (0x00000000871a1158) 
thrown [s\src\hotspot\share\classfile\systemDictionary.cpp, line 256]
Event: 21.473 Thread 0x0000021b40165870 Exception <a 'java/lang/ClassNotFoundException'{0x00000000871ad778}: com/android/build/gradle/internal/tasks/ProcessJavaResTaskBeanInfo> (0x00000000871ad778) 
thrown [s\src\hotspot\share\classfile\systemDictionary.cpp, line 256]
Event: 21.473 Thread 0x0000021b40165870 Exception <a 'java/lang/ClassNotFoundException'{0x00000000871b8e38}: org/gradle/api/tasks/SyncBeanInfo> (0x00000000871b8e38) 
thrown [s\src\hotspot\share\classfile\systemDictionary.cpp, line 256]
Event: 21.474 Thread 0x0000021b40165870 Exception <a 'java/lang/ClassNotFoundException'{0x00000000871c4860}: org/gradle/api/tasks/AbstractCopyTaskBeanInfo> (0x00000000871c4860) 
thrown [s\src\hotspot\share\classfile\systemDictionary.cpp, line 256]
Event: 21.475 Thread 0x0000021b40165870 Exception <a 'java/lang/ClassNotFoundException'{0x00000000871d0588}: org/gradle/api/tasks/AbstractCopyTaskCustomizer> (0x00000000871d0588) 
thrown [s\src\hotspot\share\classfile\systemDictionary.cpp, line 256]
Event: 21.478 Thread 0x0000021b40165870 Exception <a 'java/lang/ClassNotFoundException'{0x00000000870499b8}: org/gradle/api/tasks/SyncCustomizer> (0x00000000870499b8) 
thrown [s\src\hotspot\share\classfile\systemDictionary.cpp, line 256]
Event: 21.480 Thread 0x0000021b40165870 Exception <a 'java/lang/ClassNotFoundException'{0x000000008706db68}: com/android/build/gradle/internal/tasks/ProcessJavaResTaskCustomizer> (0x000000008706db68) 
thrown [s\src\hotspot\share\classfile\systemDictionary.cpp, line 256]
Event: 21.482 Thread 0x0000021b40165870 Exception <a 'java/lang/ClassNotFoundException'{0x00000000870923a8}: com/android/build/gradle/internal/tasks/ProcessJavaResTask_DecoratedCustomizer> (0x00000000870923a8) 
thrown [s\src\hotspot\share\classfile\systemDictionary.cpp, line 256]
Event: 21.493 Thread 0x0000021b40165870 Exception <a 'java/lang/ClassNotFoundException'{0x0000000089d55f80}: com/android/build/gradle/internal/tasks/MergeJavaResourceTask_DecoratedBeanInfo> (0x0000000089d55f80) 
thrown [s\src\hotspot\share\classfile\systemDictionary.cpp, line 256]
Event: 21.493 Thread 0x0000021b40165870 Exception <a 'java/lang/ClassNotFoundException'{0x0000000089d625b8}: com/android/build/gradle/internal/tasks/MergeJavaResourceTaskBeanInfo> (0x0000000089d625b8) 
thrown [s\src\hotspot\share\classfile\systemDictionary.cpp, line 256]
Event: 21.494 Thread 0x0000021b40165870 Exception <a 'java/lang/ClassNotFoundException'{0x0000000089d6e9e8}: com/android/build/gradle/internal/tasks/MergeJavaResourceTaskCustomizer> (0x0000000089d6e9e8) 
thrown [s\src\hotspot\share\classfile\systemDictionary.cpp, line 256]
Event: 21.496 Thread 0x0000021b40165870 Exception <a 'java/lang/ClassNotFoundException'{0x0000000089da15e0}: com/android/build/gradle/internal/tasks/MergeJavaResourceTask_DecoratedCustomizer> (0x0000000089da15e0) 
thrown [s\src\hotspot\share\classfile\systemDictionary.cpp, line 256]
Event: 21.502 Thread 0x0000021b40165870 Exception <a 'java/lang/ClassNotFoundException'{0x0000000089336828}: com/android/build/gradle/internal/tasks/CheckDuplicateClassesTask_DecoratedBeanInfo> (0x0000000089336828) 
thrown [s\src\hotspot\share\classfile\systemDictionary.cpp, line 256]
Event: 21.503 Thread 0x0000021b40165870 Exception <a 'java/lang/ClassNotFoundException'{0x0000000089342f88}: com/android/build/gradle/internal/tasks/CheckDuplicateClassesTaskBeanInfo> (0x0000000089342f88) 
thrown [s\src\hotspot\share\classfile\systemDictionary.cpp, line 256]
Event: 21.503 Thread 0x0000021b40165870 Exception <a 'java/lang/ClassNotFoundException'{0x000000008934f420}: com/android/build/gradle/internal/tasks/CheckDuplicateClassesTaskCustomizer> (0x000000008934f420) 
thrown [s\src\hotspot\share\classfile\systemDictionary.cpp, line 256]
Event: 21.505 Thread 0x0000021b40165870 Exception <a 'java/lang/ClassNotFoundException'{0x000000008936d810}: com/android/build/gradle/internal/tasks/CheckDuplicateClassesTask_DecoratedCustomizer> (0x000000008936d810) 
thrown [s\src\hotspot\share\classfile\systemDictionary.cpp, line 256]

VM Operations (20 events):
Event: 20.490 Executing VM operation: HandshakeAllThreads
Event: 20.491 Executing VM operation: HandshakeAllThreads done
Event: 20.513 Executing VM operation: HandshakeAllThreads
Event: 20.513 Executing VM operation: HandshakeAllThreads done
Event: 20.542 Executing VM operation: HandshakeAllThreads
Event: 20.542 Executing VM operation: HandshakeAllThreads done
Event: 20.692 Executing VM operation: HandshakeAllThreads
Event: 20.692 Executing VM operation: HandshakeAllThreads done
Event: 20.874 Executing VM operation: HandshakeAllThreads
Event: 20.874 Executing VM operation: HandshakeAllThreads done
Event: 20.904 Executing VM operation: HandshakeAllThreads
Event: 20.904 Executing VM operation: HandshakeAllThreads done
Event: 20.912 Executing VM operation: ICBufferFull
Event: 20.923 Executing VM operation: ICBufferFull done
Event: 21.088 Executing VM operation: G1CollectForAllocation
Event: 21.094 Executing VM operation: G1CollectForAllocation done
Event: 21.133 Executing VM operation: G1CollectForAllocation
Event: 21.137 Executing VM operation: G1CollectForAllocation done
Event: 21.485 Executing VM operation: G1CollectForAllocation
Event: 21.489 Executing VM operation: G1CollectForAllocation done

Events (20 events):
Event: 20.935 Thread 0x0000021b3d054740 flushing nmethod 0x0000021b26699390
Event: 20.935 Thread 0x0000021b3d054740 flushing nmethod 0x0000021b2669ea10
Event: 20.935 Thread 0x0000021b3d054740 flushing nmethod 0x0000021b266a1f10
Event: 20.936 Thread 0x0000021b3d054740 flushing nmethod 0x0000021b266a7490
Event: 20.936 Thread 0x0000021b3d054740 flushing nmethod 0x0000021b266b9c10
Event: 20.936 Thread 0x0000021b3d054740 flushing nmethod 0x0000021b266ba510
Event: 20.936 Thread 0x0000021b3d054740 flushing nmethod 0x0000021b266ba990
Event: 20.936 Thread 0x0000021b3d054740 flushing nmethod 0x0000021b266bb490
Event: 20.936 Thread 0x0000021b3d054740 flushing nmethod 0x0000021b266ff990
Event: 20.936 Thread 0x0000021b3d054740 flushing nmethod 0x0000021b26700c90
Event: 20.936 Thread 0x0000021b3d054740 flushing nmethod 0x0000021b26703b10
Event: 20.936 Thread 0x0000021b3d054740 flushing nmethod 0x0000021b26757190
Event: 20.936 Thread 0x0000021b3d054740 flushing nmethod 0x0000021b26757510
Event: 20.937 Thread 0x0000021b3d054740 flushing nmethod 0x0000021b267b9e90
Event: 20.937 Thread 0x0000021b3d054740 flushing nmethod 0x0000021b267ba310
Event: 20.937 Thread 0x0000021b3d054740 flushing nmethod 0x0000021b267d8d90
Event: 21.367 loading class java/beans/ParameterDescriptor
Event: 21.367 loading class java/beans/ParameterDescriptor done
Event: 21.476 loading class java/io/FilterReader
Event: 21.476 loading class java/io/FilterReader done


Dynamic libraries:
0x00007ff6bc5d0000 - 0x00007ff6bc5da000 	C:\Program Files\Android\Android Studio\jbr\bin\java.exe
0x00007ff8311f0000 - 0x00007ff831404000 	C:\WINDOWS\SYSTEM32\ntdll.dll
0x00007ff82f7e0000 - 0x00007ff82f8a2000 	C:\WINDOWS\System32\KERNEL32.DLL
0x00007ff82ea80000 - 0x00007ff82ee23000 	C:\WINDOWS\System32\KERNELBASE.dll
0x00007ff82e610000 - 0x00007ff82e721000 	C:\WINDOWS\System32\ucrtbase.dll
0x00007ff81cf30000 - 0x00007ff81cf47000 	C:\Program Files\Android\Android Studio\jbr\bin\jli.dll
0x00007ff81cf10000 - 0x00007ff81cf2b000 	C:\Program Files\Android\Android Studio\jbr\bin\VCRUNTIME140.dll
0x00007ff82f8b0000 - 0x00007ff82fa5b000 	C:\WINDOWS\System32\USER32.dll
0x00007ff82efc0000 - 0x00007ff82efe6000 	C:\WINDOWS\System32\win32u.dll
0x00007ff814f30000 - 0x00007ff8151be000 	C:\WINDOWS\WinSxS\amd64_microsoft.windows.common-controls_6595b64144ccf1df_6.0.22621.1635_none_270f70857386168e\COMCTL32.dll
0x00007ff82fc00000 - 0x00007ff82fc29000 	C:\WINDOWS\System32\GDI32.dll
0x00007ff82f600000 - 0x00007ff82f6a7000 	C:\WINDOWS\System32\msvcrt.dll
0x00007ff82e730000 - 0x00007ff82e848000 	C:\WINDOWS\System32\gdi32full.dll
0x00007ff82ee30000 - 0x00007ff82eeca000 	C:\WINDOWS\System32\msvcp_win.dll
0x00007ff82eff0000 - 0x00007ff82f021000 	C:\WINDOWS\System32\IMM32.DLL
0x00007ff81e990000 - 0x00007ff81e99c000 	C:\Program Files\Android\Android Studio\jbr\bin\vcruntime140_1.dll
0x00007ff81ce80000 - 0x00007ff81cf0d000 	C:\Program Files\Android\Android Studio\jbr\bin\msvcp140.dll
0x00007fffe3ee0000 - 0x00007fffe4b4d000 	C:\Program Files\Android\Android Studio\jbr\bin\server\jvm.dll
0x00007ff831100000 - 0x00007ff8311ae000 	C:\WINDOWS\System32\ADVAPI32.dll
0x00007ff82f3a0000 - 0x00007ff82f444000 	C:\WINDOWS\System32\sechost.dll
0x00007ff830f60000 - 0x00007ff831077000 	C:\WINDOWS\System32\RPCRT4.dll
0x00007ff826af0000 - 0x00007ff826afa000 	C:\WINDOWS\SYSTEM32\VERSION.dll
0x00007ff826ed0000 - 0x00007ff826f04000 	C:\WINDOWS\SYSTEM32\WINMM.dll
0x00007ff82b590000 - 0x00007ff82b599000 	C:\WINDOWS\SYSTEM32\WSOCK32.dll
0x00007ff82f030000 - 0x00007ff82f0a1000 	C:\WINDOWS\System32\WS2_32.dll
0x00007ff82d630000 - 0x00007ff82d648000 	C:\WINDOWS\SYSTEM32\kernel.appcore.dll
0x00007ff829490000 - 0x00007ff82949a000 	C:\Program Files\Android\Android Studio\jbr\bin\jimage.dll
0x00007ff82c090000 - 0x00007ff82c2be000 	C:\WINDOWS\SYSTEM32\DBGHELP.DLL
0x00007ff82fd50000 - 0x00007ff8300d9000 	C:\WINDOWS\System32\combase.dll
0x00007ff830140000 - 0x00007ff830217000 	C:\WINDOWS\System32\OLEAUT32.dll
0x00007ff81bed0000 - 0x00007ff81bf02000 	C:\WINDOWS\SYSTEM32\dbgcore.DLL
0x00007ff82eed0000 - 0x00007ff82ef4b000 	C:\WINDOWS\System32\bcryptPrimitives.dll
0x00007ff8245d0000 - 0x00007ff8245f5000 	C:\Program Files\Android\Android Studio\jbr\bin\java.dll
0x00007ff8293f0000 - 0x00007ff829408000 	C:\Program Files\Android\Android Studio\jbr\bin\zip.dll
0x00007ff830760000 - 0x00007ff830f5a000 	C:\WINDOWS\System32\SHELL32.dll
0x00007ff82c5c0000 - 0x00007ff82ce8e000 	C:\WINDOWS\SYSTEM32\windows.storage.dll
0x00007ff82c480000 - 0x00007ff82c5be000 	C:\WINDOWS\SYSTEM32\wintypes.dll
0x00007ff82f500000 - 0x00007ff82f5f1000 	C:\WINDOWS\System32\SHCORE.dll
0x00007ff830220000 - 0x00007ff83027e000 	C:\WINDOWS\System32\shlwapi.dll
0x00007ff82e540000 - 0x00007ff82e561000 	C:\WINDOWS\SYSTEM32\profapi.dll
0x00007ff8273e0000 - 0x00007ff8273f9000 	C:\Program Files\Android\Android Studio\jbr\bin\net.dll
0x00007ff826820000 - 0x00007ff826957000 	C:\WINDOWS\SYSTEM32\WINHTTP.dll
0x00007ff82dab0000 - 0x00007ff82db19000 	C:\WINDOWS\system32\mswsock.dll
0x00007ff8220e0000 - 0x00007ff8220f6000 	C:\Program Files\Android\Android Studio\jbr\bin\nio.dll
0x00007ff827ac0000 - 0x00007ff827ad0000 	C:\Program Files\Android\Android Studio\jbr\bin\verify.dll
0x00007ff80ef60000 - 0x00007ff80ef87000 	C:\Users\panji\.gradle\native\68d5fa5c4cc2d200863cafc0d521ce42e7d3e7ee720ec0a83991735586a16f82\windows-amd64\native-platform.dll
0x00007ff80ba30000 - 0x00007ff80bb74000 	C:\Users\panji\.gradle\native\e376f236ea51e6404a007f0833ffe2c6e607c4080706a723a18a27aeea778392\windows-amd64\native-platform-file-events.dll
0x00007ff829430000 - 0x00007ff829439000 	C:\Program Files\Android\Android Studio\jbr\bin\management.dll
0x00007ff828bc0000 - 0x00007ff828bcb000 	C:\Program Files\Android\Android Studio\jbr\bin\management_ext.dll
0x00007ff830130000 - 0x00007ff830138000 	C:\WINDOWS\System32\PSAPI.DLL
0x00007ff82dd40000 - 0x00007ff82dd5b000 	C:\WINDOWS\SYSTEM32\CRYPTSP.dll
0x00007ff82d5a0000 - 0x00007ff82d5d5000 	C:\WINDOWS\system32\rsaenh.dll
0x00007ff82dbd0000 - 0x00007ff82dbf8000 	C:\WINDOWS\SYSTEM32\USERENV.dll
0x00007ff82ded0000 - 0x00007ff82def8000 	C:\WINDOWS\SYSTEM32\bcrypt.dll
0x00007ff82dd30000 - 0x00007ff82dd3c000 	C:\WINDOWS\SYSTEM32\CRYPTBASE.dll
0x00007ff82d0f0000 - 0x00007ff82d11d000 	C:\WINDOWS\SYSTEM32\IPHLPAPI.DLL
0x00007ff82f0b0000 - 0x00007ff82f0b9000 	C:\WINDOWS\System32\NSI.dll
0x00007ff826e10000 - 0x00007ff826e29000 	C:\WINDOWS\SYSTEM32\dhcpcsvc6.DLL
0x00007ff826b00000 - 0x00007ff826b1f000 	C:\WINDOWS\SYSTEM32\dhcpcsvc.DLL
0x00007ff82d160000 - 0x00007ff82d253000 	C:\WINDOWS\SYSTEM32\DNSAPI.dll
0x00007ff81e900000 - 0x00007ff81e908000 	C:\WINDOWS\system32\wshunix.dll
0x00007ff817820000 - 0x00007ff817837000 	C:\WINDOWS\system32\napinsp.dll
0x00007ff8151d0000 - 0x00007ff8151eb000 	C:\WINDOWS\system32\pnrpnsp.dll
0x00007ff814ee0000 - 0x00007ff814ef1000 	C:\WINDOWS\System32\winrnr.dll
0x00007ff8114e0000 - 0x00007ff8114f5000 	C:\WINDOWS\system32\wshbth.dll
0x00007ff8114b0000 - 0x00007ff8114d1000 	C:\WINDOWS\system32\nlansp_c.dll
0x00007ff821e20000 - 0x00007ff821e2a000 	C:\Windows\System32\rasadhlp.dll
0x00007ff824bd0000 - 0x00007ff824c54000 	C:\WINDOWS\System32\fwpuclnt.dll

dbghelp: loaded successfully - version: 4.0.5 - missing functions: none
symbol engine: initialized successfully - sym options: 0x614 - pdb path: .;C:\Program Files\Android\Android Studio\jbr\bin;C:\WINDOWS\SYSTEM32;C:\WINDOWS\WinSxS\amd64_microsoft.windows.common-controls_6595b64144ccf1df_6.0.22621.1635_none_270f70857386168e;C:\Program Files\Android\Android Studio\jbr\bin\server;C:\Users\panji\.gradle\native\68d5fa5c4cc2d200863cafc0d521ce42e7d3e7ee720ec0a83991735586a16f82\windows-amd64;C:\Users\panji\.gradle\native\e376f236ea51e6404a007f0833ffe2c6e607c4080706a723a18a27aeea778392\windows-amd64

VM Arguments:
jvm_args: --add-opens=java.base/java.util=ALL-UNNAMED --add-opens=java.base/java.lang=ALL-UNNAMED --add-opens=java.base/java.lang.invoke=ALL-UNNAMED --add-opens=java.prefs/java.util.prefs=ALL-UNNAMED --add-opens=java.base/java.nio.charset=ALL-UNNAMED --add-opens=java.base/java.net=ALL-UNNAMED --add-opens=java.base/java.util.concurrent.atomic=ALL-UNNAMED -Xmx2048m -Dfile.encoding=UTF-8 -Duser.country=US -Duser.language=en -Duser.variant 
java_command: org.gradle.launcher.daemon.bootstrap.GradleDaemon 8.0
java_class_path (initial): C:\Users\panji\.gradle\wrapper\dists\gradle-8.0-bin\ca5e32bp14vu59qr306oxotwh\gradle-8.0\lib\gradle-launcher-8.0.jar
Launcher Type: SUN_STANDARD

[Global flags]
     intx CICompilerCount                          = 4                                         {product} {ergonomic}
     uint ConcGCThreads                            = 3                                         {product} {ergonomic}
     uint G1ConcRefinementThreads                  = 10                                        {product} {ergonomic}
   size_t G1HeapRegionSize                         = 1048576                                   {product} {ergonomic}
    uintx GCDrainStackTargetSize                   = 64                                        {product} {ergonomic}
   size_t InitialHeapSize                          = 165675008                                 {product} {ergonomic}
   size_t MarkStackSize                            = 4194304                                   {product} {ergonomic}
   size_t MaxHeapSize                              = 2147483648                                {product} {command line}
   size_t MaxNewSize                               = 1287651328                                {product} {ergonomic}
   size_t MinHeapDeltaBytes                        = 1048576                                   {product} {ergonomic}
   size_t MinHeapSize                              = 8388608                                   {product} {ergonomic}
    uintx NonNMethodCodeHeapSize                   = 5839372                                {pd product} {ergonomic}
    uintx NonProfiledCodeHeapSize                  = 122909434                              {pd product} {ergonomic}
    uintx ProfiledCodeHeapSize                     = 122909434                              {pd product} {ergonomic}
    uintx ReservedCodeCacheSize                    = 251658240                              {pd product} {ergonomic}
     bool SegmentedCodeCache                       = true                                      {product} {ergonomic}
   size_t SoftMaxHeapSize                          = 2147483648                             {manageable} {ergonomic}
     bool UseCompressedClassPointers               = true                           {product lp64_product} {ergonomic}
     bool UseCompressedOops                        = true                           {product lp64_product} {ergonomic}
     bool UseG1GC                                  = true                                      {product} {ergonomic}
     bool UseLargePagesIndividualAllocation        = false                                  {pd product} {ergonomic}

Logging:
Log output configuration:
 #0: stdout all=warning uptime,level,tags
 #1: stderr all=off uptime,level,tags

Environment Variables:
PATH=C:\Program Files\Oculus\Support\oculus-runtime;C:\Program Files\Microsoft\jdk-11.0.12.7-hotspot\bin;C:\Python311\Scripts\;C:\Python311\;C:\Program Files\Common Files\Oracle\Java\javapath;C:\Program Files (x86)\Common Files\Intel\Shared Libraries\redist\intel64\compiler;C:\WINDOWS\system32;C:\WINDOWS;C:\WINDOWS\System32\Wbem;C:\WINDOWS\System32\WindowsPowerShell\v1.0\;C:\WINDOWS\System32\OpenSSH\;C:\Program Files\Git\cmd;E:\xampp\php;C:\ProgramData\ComposerSetup\bin;C:\Program Files\nodejs\;C:\ProgramData\chocolatey\bin;C:\Program Files\dotnet\;C:\Users\panji\Downloads\Compressed\mongosh-1.6.1-win32-x64\bin;C:\Program Files\Microsoft SQL Server\150\Tools\Binn\;C:\Program Files\Microsoft SQL Server\Client SDK\ODBC\170\Tools\Binn\;C:\Users\panji\AppData\Local\Microsoft\WindowsApps;C:\Users\panji\AppData\Local\Programs\Microsoft VS Code\bin;C:\Program Files\JetBrains\IntelliJ IDEA Community Edition 2022.2.3\bin;;C:\Users\panji\AppData\Local\GitHubDesktop\bin;C:\Users\panji\AppData\Roaming\Composer\vendor\bin;C:\Users\panji\AppData\Roaming\npm;C:\Program Files\JetBrains\PhpStorm 2022.3\bin;;C:\src\flutter\bin;C:\Users\panji\.dotnet\tools;C:\tools\dart-sdk\bin;C:\Users\panji\AppData\Roaming\Pub\Cache\bin;
USERNAME=panji
OS=Windows_NT
PROCESSOR_IDENTIFIER=AMD64 Family 23 Model 104 Stepping 1, AuthenticAMD
TMP=C:\Users\panji\AppData\Local\Temp
TEMP=C:\Users\panji\AppData\Local\Temp



---------------  S Y S T E M  ---------------

OS:
 Windows 11 , 64 bit Build 22621 (10.0.22621.1635)
OS uptime: 0 days 1:13 hours
Hyper-V role detected

CPU: total 12 (initial active 12) (12 cores per cpu, 2 threads per core) family 23 model 104 stepping 1 microcode 0x0, cx8, cmov, fxsr, ht, mmx, 3dnowpref, sse, sse2, sse3, ssse3, sse4a, sse4.1, sse4.2, popcnt, lzcnt, tsc, tscinvbit, avx, avx2, aes, clmul, bmi1, bmi2, adx, sha, fma, vzeroupper, clflush, clflushopt, hv

Memory: 4k page, system-wide physical 10085M (2142M free)
TotalPageFile size 12133M (AvailPageFile size 4M)
current process WorkingSet (physical memory assigned to process): 416M, peak: 419M
current process commit charge ("private bytes"): 460M, peak: 469M

vm_info: OpenJDK 64-Bit Server VM (17.0.6+0-b2043.56-9586694) for windows-amd64 JRE (17.0.6+0-b2043.56-9586694), built on Feb  9 2023 20:06:20 by "androidbuild" with MS VC++ 16.10 / 16.11 (VS2019)

END.
