#
# There is insufficient memory for the Java Runtime Environment to continue.
# Native memory allocation (mmap) failed to map 136314880 bytes for G1 virtual space
# Possible reasons:
#   The system is out of physical RAM or swap space
#   The process is running with CompressedOops enabled, and the Java Heap may be blocking the growth of the native heap
# Possible solutions:
#   Reduce memory load on the system
#   Increase physical memory or swap space
#   Check if swap backing store is full
#   Decrease Java heap size (-Xmx/-Xms)
#   Decrease number of Java threads
#   Decrease Java thread stack sizes (-Xss)
#   Set larger code cache with -XX:ReservedCodeCacheSize=
#   JVM is running with Unscaled Compressed Oops mode in which the Java heap is
#     placed in the first 4GB address space. The Java Heap base address is the
#     maximum limit for the native heap growth. Please use -XX:HeapBaseMinAddress
#     to set the Java Heap base and to place the Java Heap above 4GB virtual address.
# This output file may be truncated or incomplete.
#
#  Out of Memory Error (os_windows.cpp:3769), pid=17080, tid=8060
#
# JRE version: OpenJDK Runtime Environment (17.0.6) (build 17.0.6+0-b2043.56-9586694)
# Java VM: OpenJDK 64-Bit Server VM (17.0.6+0-b2043.56-9586694, mixed mode, tiered, compressed oops, compressed class ptrs, g1 gc, windows-amd64)
# No core dump will be written. Minidumps are not enabled by default on client versions of Windows
#

---------------  S U M M A R Y ------------

Command Line: --add-opens=java.base/java.util=ALL-UNNAMED --add-opens=java.base/java.lang=ALL-UNNAMED --add-opens=java.base/java.lang.invoke=ALL-UNNAMED --add-opens=java.prefs/java.util.prefs=ALL-UNNAMED --add-opens=java.base/java.nio.charset=ALL-UNNAMED --add-opens=java.base/java.net=ALL-UNNAMED --add-opens=java.base/java.util.concurrent.atomic=ALL-UNNAMED -Xmx2048m -Dfile.encoding=UTF-8 -Duser.country=US -Duser.language=en -Duser.variant org.gradle.launcher.daemon.bootstrap.GradleDaemon 8.0

Host: AMD Ryzen 5 5500U with Radeon Graphics         , 12 cores, 9G,  Windows 11 , 64 bit Build 22621 (10.0.22621.1635)
Time: Mon May 22 15:52:03 2023 SE Asia Standard Time elapsed time: 10.002356 seconds (0d 0h 0m 10s)

---------------  T H R E A D  ---------------

Current thread (0x000001c8ffb54630):  VMThread "VM Thread" [stack: 0x0000005f3ef00000,0x0000005f3f000000] [id=8060]

Stack: [0x0000005f3ef00000,0x0000005f3f000000]
Native frames: (J=compiled Java code, j=interpreted, Vv=VM code, C=native code)
V  [jvm.dll+0x683b4a]
V  [jvm.dll+0x842654]
V  [jvm.dll+0x843dfe]
V  [jvm.dll+0x844463]
V  [jvm.dll+0x249b75]
V  [jvm.dll+0x680a19]
V  [jvm.dll+0x674f0a]
V  [jvm.dll+0x309acb]
V  [jvm.dll+0x310f86]
V  [jvm.dll+0x3608ee]
V  [jvm.dll+0x360b1f]
V  [jvm.dll+0x2dfbf8]
V  [jvm.dll+0x2ddec4]
V  [jvm.dll+0x2dd4cc]
V  [jvm.dll+0x321f3b]
V  [jvm.dll+0x84893b]
V  [jvm.dll+0x849674]
V  [jvm.dll+0x849b8d]
V  [jvm.dll+0x849f64]
V  [jvm.dll+0x84a030]
V  [jvm.dll+0x7f25fa]
V  [jvm.dll+0x682985]
C  [ucrtbase.dll+0x29363]
C  [KERNEL32.DLL+0x126ad]
C  [ntdll.dll+0x5a9f8]

VM_Operation (0x0000005f408f6740): G1CollectForAllocation, mode: safepoint, requested by thread 0x000001c89643fb50


---------------  P R O C E S S  ---------------

Threads class SMR info:
_java_thread_list=0x000001c8ffdde350, length=171, elements={
0x000001c8f88eddf0, 0x000001c8ffb8e010, 0x000001c8ffb8e4e0, 0x000001c8ffb7c7b0,
0x000001c8ffbb5410, 0x000001c8ffbb7ce0, 0x000001c8ffbb8bd0, 0x000001c8ffbb9fd0,
0x000001c8ffbdd060, 0x000001c8ffbde780, 0x000001c8ffd659c0, 0x000001c8ffd666a0,
0x000001c8fff53c10, 0x000001c8966e0f80, 0x000001c896737990, 0x000001c8980ff480,
0x000001c897cef640, 0x000001c89643f1b0, 0x000001c89643f680, 0x000001c89643fb50,
0x000001c896440020, 0x000001c896441360, 0x000001c8964404f0, 0x000001c896441830,
0x000001c89643e810, 0x000001c8964421d0, 0x000001c8964409c0, 0x000001c896440e90,
0x000001c896441d00, 0x000001c897d55d80, 0x000001c897d54570, 0x000001c897d51550,
0x000001c897d53230, 0x000001c897d57590, 0x000001c897d53700, 0x000001c897d54a40,
0x000001c8992f1380, 0x000001c897d588d0, 0x000001c897d54f10, 0x000001c897d51080,
0x000001c897d57f30, 0x000001c897d570c0, 0x000001c897d558b0, 0x000001c897d523c0,
0x000001c897d56250, 0x000001c897d52890, 0x000001c897d52d60, 0x000001c89b61db70,
0x000001c89b61fd20, 0x000001c89b621a00, 0x000001c89b61e040, 0x000001c89b61e510,
0x000001c89b61f850, 0x000001c89b61cd00, 0x000001c89b61c830, 0x000001c89b61e9e0,
0x000001c89b6223a0, 0x000001c89b621530, 0x000001c89b621ed0, 0x000001c89b61d1d0,
0x000001c89b6201f0, 0x000001c89b622870, 0x000001c89b61d6a0, 0x000001c89b61f380,
0x000001c89b61eeb0, 0x000001c89b61be90, 0x000001c89b623210, 0x000001c89b622d40,
0x000001c89b6206c0, 0x000001c89b620b90, 0x000001c89b61b9c0, 0x000001c89b61c360,
0x000001c89b621060, 0x000001c89bac6750, 0x000001c89bac58e0, 0x000001c89bac3730,
0x000001c89bac3c00, 0x000001c89bac6c20, 0x000001c89bac70f0, 0x000001c89bac75c0,
0x000001c89bac8dd0, 0x000001c89bac4a70, 0x000001c89bac6280, 0x000001c89bac9770,
0x000001c89bac5db0, 0x000001c89bac40d0, 0x000001c89bac45a0, 0x000001c89bac7a90,
0x000001c89bac4f40, 0x000001c89bac5410, 0x000001c89bac7f60, 0x000001c89bac8900,
0x000001c89bacaf80, 0x000001c89bac8430, 0x000001c89bac92a0, 0x000001c89bac9c40,
0x000001c89baca110, 0x000001c89baca5e0, 0x000001c89bacaab0, 0x000001c89b639f00,
0x000001c89b635200, 0x000001c89b6339f0, 0x000001c89b637880, 0x000001c89b6356d0,
0x000001c89b638bc0, 0x000001c89b63a3d0, 0x000001c89b634390, 0x000001c89b636ee0,
0x000001c89b633ec0, 0x000001c89b634860, 0x000001c89b637d50, 0x000001c89b63a8a0,
0x000001c89b63ad70, 0x000001c89b635ba0, 0x000001c89b636a10, 0x000001c89b636070,
0x000001c89b6373b0, 0x000001c89b638220, 0x000001c89b636540, 0x000001c89b6386f0,
0x000001c89b639090, 0x000001c89b634d30, 0x000001c89b639560, 0x000001c89b639a30,
0x000001c89b63b240, 0x000001c89b897ef0, 0x000001c89b89df30, 0x000001c89b8983c0,
0x000001c89b899bd0, 0x000001c89b89b8b0, 0x000001c89b89cbf0, 0x000001c89b89e400,
0x000001c89b89bd80, 0x000001c89b89c250, 0x000001c89b89e8d0, 0x000001c89b898890,
0x000001c89b89c720, 0x000001c89b89a0a0, 0x000001c89b899230, 0x000001c89b897080,
0x000001c89b897550, 0x000001c89b89a570, 0x000001c89b898d60, 0x000001c89b897a20,
0x000001c89b89d0c0, 0x000001c89b89d590, 0x000001c89b89da60, 0x000001c89b89aa40,
0x000001c89b89b3e0, 0x000001c89b899700, 0x000001c89b89af10, 0x000001c89affbf30,
0x000001c89affabf0, 0x000001c89aff5ef0, 0x000001c89aff8f10, 0x000001c89aff7bd0,
0x000001c89aff80a0, 0x000001c89aff63c0, 0x000001c89aff8570, 0x000001c89aff8a40,
0x000001c89affa250, 0x000001c89aff9d80, 0x000001c89aff93e0, 0x000001c89aff7700,
0x000001c89aff7230, 0x000001c89aff98b0, 0x000001c89affa720, 0x000001c89affba60,
0x000001c89affc8d0, 0x000001c89affcda0, 0x000001c89aff5550
}

Java Threads: ( => current thread )
  0x000001c8f88eddf0 JavaThread "main" [_thread_blocked, id=17876, stack(0x0000005f3e900000,0x0000005f3ea00000)]
  0x000001c8ffb8e010 JavaThread "Reference Handler" daemon [_thread_blocked, id=4652, stack(0x0000005f3f000000,0x0000005f3f100000)]
  0x000001c8ffb8e4e0 JavaThread "Finalizer" daemon [_thread_blocked, id=2164, stack(0x0000005f3f100000,0x0000005f3f200000)]
  0x000001c8ffb7c7b0 JavaThread "Signal Dispatcher" daemon [_thread_blocked, id=15456, stack(0x0000005f3f200000,0x0000005f3f300000)]
  0x000001c8ffbb5410 JavaThread "Attach Listener" daemon [_thread_blocked, id=15420, stack(0x0000005f3f300000,0x0000005f3f400000)]
  0x000001c8ffbb7ce0 JavaThread "Service Thread" daemon [_thread_blocked, id=1956, stack(0x0000005f3f400000,0x0000005f3f500000)]
  0x000001c8ffbb8bd0 JavaThread "Monitor Deflation Thread" daemon [_thread_blocked, id=13760, stack(0x0000005f3f500000,0x0000005f3f600000)]
  0x000001c8ffbb9fd0 JavaThread "C2 CompilerThread0" daemon [_thread_blocked, id=13116, stack(0x0000005f3f600000,0x0000005f3f700000)]
  0x000001c8ffbdd060 JavaThread "C1 CompilerThread0" daemon [_thread_blocked, id=12032, stack(0x0000005f3f700000,0x0000005f3f800000)]
  0x000001c8ffbde780 JavaThread "Sweeper thread" daemon [_thread_blocked, id=9064, stack(0x0000005f3f800000,0x0000005f3f900000)]
  0x000001c8ffd659c0 JavaThread "Common-Cleaner" daemon [_thread_blocked, id=5508, stack(0x0000005f3f900000,0x0000005f3fa00000)]
  0x000001c8ffd666a0 JavaThread "Notification Thread" daemon [_thread_blocked, id=6572, stack(0x0000005f3fa00000,0x0000005f3fb00000)]
  0x000001c8fff53c10 JavaThread "C2 CompilerThread1" daemon [_thread_blocked, id=17404, stack(0x0000005f3fc00000,0x0000005f3fd00000)]
  0x000001c8966e0f80 JavaThread "Daemon health stats" [_thread_blocked, id=5392, stack(0x0000005f40200000,0x0000005f40300000)]
  0x000001c896737990 JavaThread "Incoming local TCP Connector on port 53942" [_thread_in_native, id=14216, stack(0x0000005f40300000,0x0000005f40400000)]
  0x000001c8980ff480 JavaThread "Daemon periodic checks" [_thread_blocked, id=6028, stack(0x0000005f40400000,0x0000005f40500000)]
  0x000001c897cef640 JavaThread "Daemon" [_thread_blocked, id=11952, stack(0x0000005f40500000,0x0000005f40600000)]
  0x000001c89643f1b0 JavaThread "Handler for socket connection from /127.0.0.1:53942 to /127.0.0.1:53943" [_thread_in_native, id=18420, stack(0x0000005f40600000,0x0000005f40700000)]
  0x000001c89643f680 JavaThread "Cancel handler" [_thread_blocked, id=8560, stack(0x0000005f40700000,0x0000005f40800000)]
  0x000001c89643fb50 JavaThread "Daemon worker" [_thread_blocked, id=7928, stack(0x0000005f40800000,0x0000005f40900000)]
  0x000001c896440020 JavaThread "Asynchronous log dispatcher for DefaultDaemonConnection: socket connection from /127.0.0.1:53942 to /127.0.0.1:53943" [_thread_blocked, id=17660, stack(0x0000005f40900000,0x0000005f40a00000)]
  0x000001c896441360 JavaThread "Stdin handler" [_thread_blocked, id=17276, stack(0x0000005f40a00000,0x0000005f40b00000)]
  0x000001c8964404f0 JavaThread "Daemon client event forwarder" [_thread_blocked, id=17144, stack(0x0000005f40b00000,0x0000005f40c00000)]
  0x000001c896441830 JavaThread "Cache worker for journal cache (C:\Users\panji\.gradle\caches\journal-1)" [_thread_blocked, id=7828, stack(0x0000005f41200000,0x0000005f41300000)]
  0x000001c89643e810 JavaThread "File lock request listener" [_thread_in_native, id=3080, stack(0x0000005f41300000,0x0000005f41400000)]
  0x000001c8964421d0 JavaThread "Cache worker for file hash cache (C:\Users\panji\.gradle\caches\8.0\fileHashes)" [_thread_blocked, id=5076, stack(0x0000005f41400000,0x0000005f41500000)]
  0x000001c8964409c0 JavaThread "File watcher server" daemon [_thread_in_native, id=10432, stack(0x0000005f41500000,0x0000005f41600000)]
  0x000001c896440e90 JavaThread "File watcher consumer" daemon [_thread_blocked, id=10828, stack(0x0000005f41600000,0x0000005f41700000)]
  0x000001c896441d00 JavaThread "Cache worker for checksums cache (E:\Tugas\Kuliah\PEMBELAJARAN\SMT4\PT2\Project\Animalie\.gradle\8.0\checksums)" [_thread_blocked, id=17060, stack(0x0000005f41700000,0x0000005f41800000)]
  0x000001c897d55d80 JavaThread "Cache worker for cache directory md-rule (C:\Users\panji\.gradle\caches\8.0\md-rule)" [_thread_blocked, id=7388, stack(0x0000005f41800000,0x0000005f41900000)]
  0x000001c897d54570 JavaThread "Cache worker for file content cache (C:\Users\panji\.gradle\caches\8.0\fileContent)" [_thread_blocked, id=3200, stack(0x0000005f41900000,0x0000005f41a00000)]
  0x000001c897d51550 JavaThread "Cache worker for file hash cache (E:\Tugas\Kuliah\PEMBELAJARAN\SMT4\PT2\Project\Animalie\.gradle\8.0\fileHashes)" [_thread_blocked, id=13200, stack(0x0000005f41a00000,0x0000005f41b00000)]
  0x000001c897d53230 JavaThread "Cache worker for cache directory md-supplier (C:\Users\panji\.gradle\caches\8.0\md-supplier)" [_thread_blocked, id=9436, stack(0x0000005f41b00000,0x0000005f41c00000)]
  0x000001c897d57590 JavaThread "Cache worker for execution history cache (C:\Users\panji\.gradle\caches\8.0\executionHistory)" [_thread_blocked, id=16056, stack(0x0000005f41c00000,0x0000005f41d00000)]
  0x000001c897d53700 JavaThread "jar transforms" [_thread_blocked, id=7896, stack(0x0000005f41d00000,0x0000005f41e00000)]
  0x000001c897d54a40 JavaThread "jar transforms Thread 2" [_thread_blocked, id=17452, stack(0x0000005f41e00000,0x0000005f41f00000)]
  0x000001c8992f1380 JavaThread "C2 CompilerThread2" daemon [_thread_blocked, id=15432, stack(0x0000005f41f00000,0x0000005f42000000)]
  0x000001c897d588d0 JavaThread "jar transforms Thread 3" [_thread_blocked, id=16492, stack(0x0000005f42000000,0x0000005f42100000)]
  0x000001c897d54f10 JavaThread "jar transforms Thread 4" [_thread_blocked, id=11584, stack(0x0000005f42100000,0x0000005f42200000)]
  0x000001c897d51080 JavaThread "Cache worker for dependencies-accessors (E:\Tugas\Kuliah\PEMBELAJARAN\SMT4\PT2\Project\Animalie\.gradle\8.0\dependencies-accessors)" [_thread_blocked, id=6480, stack(0x0000005f42200000,0x0000005f42300000)]
  0x000001c897d57f30 JavaThread "jar transforms Thread 5" [_thread_blocked, id=6776, stack(0x0000005f42300000,0x0000005f42400000)]
  0x000001c897d570c0 JavaThread "Cache worker for Build Output Cleanup Cache (E:\Tugas\Kuliah\PEMBELAJARAN\SMT4\PT2\Project\Animalie\.gradle\buildOutputCleanup)" [_thread_blocked, id=16552, stack(0x0000005f42400000,0x0000005f42500000)]
  0x000001c897d558b0 JavaThread "Unconstrained build operations" [_thread_blocked, id=16904, stack(0x0000005f42500000,0x0000005f42600000)]
  0x000001c897d523c0 JavaThread "Unconstrained build operations Thread 2" [_thread_blocked, id=17152, stack(0x0000005f42600000,0x0000005f42700000)]
  0x000001c897d56250 JavaThread "Unconstrained build operations Thread 3" [_thread_blocked, id=4736, stack(0x0000005f42700000,0x0000005f42800000)]
  0x000001c897d52890 JavaThread "Unconstrained build operations Thread 4" [_thread_blocked, id=9540, stack(0x0000005f42800000,0x0000005f42900000)]
  0x000001c897d52d60 JavaThread "Unconstrained build operations Thread 5" [_thread_blocked, id=12548, stack(0x0000005f42900000,0x0000005f42a00000)]
  0x000001c89b61db70 JavaThread "Unconstrained build operations Thread 6" [_thread_blocked, id=17216, stack(0x0000005f42a00000,0x0000005f42b00000)]
  0x000001c89b61fd20 JavaThread "Unconstrained build operations Thread 7" [_thread_blocked, id=348, stack(0x0000005f42b00000,0x0000005f42c00000)]
  0x000001c89b621a00 JavaThread "Unconstrained build operations Thread 8" [_thread_blocked, id=12604, stack(0x0000005f42c00000,0x0000005f42d00000)]
  0x000001c89b61e040 JavaThread "Unconstrained build operations Thread 9" [_thread_blocked, id=7312, stack(0x0000005f42d00000,0x0000005f42e00000)]
  0x000001c89b61e510 JavaThread "Unconstrained build operations Thread 10" [_thread_blocked, id=6232, stack(0x0000005f42e00000,0x0000005f42f00000)]
  0x000001c89b61f850 JavaThread "Unconstrained build operations Thread 11" [_thread_blocked, id=8256, stack(0x0000005f42f00000,0x0000005f43000000)]
  0x000001c89b61cd00 JavaThread "Unconstrained build operations Thread 12" [_thread_blocked, id=14932, stack(0x0000005f43000000,0x0000005f43100000)]
  0x000001c89b61c830 JavaThread "Unconstrained build operations Thread 13" [_thread_blocked, id=14812, stack(0x0000005f43100000,0x0000005f43200000)]
  0x000001c89b61e9e0 JavaThread "Unconstrained build operations Thread 14" [_thread_blocked, id=16680, stack(0x0000005f43200000,0x0000005f43300000)]
  0x000001c89b6223a0 JavaThread "Unconstrained build operations Thread 15" [_thread_blocked, id=10204, stack(0x0000005f43300000,0x0000005f43400000)]
  0x000001c89b621530 JavaThread "Unconstrained build operations Thread 16" [_thread_blocked, id=1664, stack(0x0000005f43400000,0x0000005f43500000)]
  0x000001c89b621ed0 JavaThread "Unconstrained build operations Thread 17" [_thread_blocked, id=6952, stack(0x0000005f43500000,0x0000005f43600000)]
  0x000001c89b61d1d0 JavaThread "Unconstrained build operations Thread 18" [_thread_blocked, id=13240, stack(0x0000005f43600000,0x0000005f43700000)]
  0x000001c89b6201f0 JavaThread "Unconstrained build operations Thread 19" [_thread_blocked, id=9356, stack(0x0000005f43700000,0x0000005f43800000)]
  0x000001c89b622870 JavaThread "Unconstrained build operations Thread 20" [_thread_blocked, id=10156, stack(0x0000005f43800000,0x0000005f43900000)]
  0x000001c89b61d6a0 JavaThread "Unconstrained build operations Thread 21" [_thread_blocked, id=7660, stack(0x0000005f43900000,0x0000005f43a00000)]
  0x000001c89b61f380 JavaThread "Unconstrained build operations Thread 22" [_thread_blocked, id=8156, stack(0x0000005f43a00000,0x0000005f43b00000)]
  0x000001c89b61eeb0 JavaThread "Unconstrained build operations Thread 23" [_thread_blocked, id=15340, stack(0x0000005f43b00000,0x0000005f43c00000)]
  0x000001c89b61be90 JavaThread "Unconstrained build operations Thread 24" [_thread_blocked, id=9400, stack(0x0000005f43c00000,0x0000005f43d00000)]
  0x000001c89b623210 JavaThread "Unconstrained build operations Thread 25" [_thread_blocked, id=8472, stack(0x0000005f43d00000,0x0000005f43e00000)]
  0x000001c89b622d40 JavaThread "Unconstrained build operations Thread 26" [_thread_blocked, id=7840, stack(0x0000005f43e00000,0x0000005f43f00000)]
  0x000001c89b6206c0 JavaThread "Unconstrained build operations Thread 27" [_thread_blocked, id=13860, stack(0x0000005f43f00000,0x0000005f44000000)]
  0x000001c89b620b90 JavaThread "Unconstrained build operations Thread 28" [_thread_blocked, id=7220, stack(0x0000005f44000000,0x0000005f44100000)]
  0x000001c89b61b9c0 JavaThread "Unconstrained build operations Thread 29" [_thread_blocked, id=10072, stack(0x0000005f44100000,0x0000005f44200000)]
  0x000001c89b61c360 JavaThread "Unconstrained build operations Thread 30" [_thread_blocked, id=8528, stack(0x0000005f44200000,0x0000005f44300000)]
  0x000001c89b621060 JavaThread "Unconstrained build operations Thread 31" [_thread_blocked, id=3908, stack(0x0000005f44300000,0x0000005f44400000)]
  0x000001c89bac6750 JavaThread "Unconstrained build operations Thread 32" [_thread_blocked, id=14112, stack(0x0000005f44400000,0x0000005f44500000)]
  0x000001c89bac58e0 JavaThread "Unconstrained build operations Thread 33" [_thread_blocked, id=13448, stack(0x0000005f44500000,0x0000005f44600000)]
  0x000001c89bac3730 JavaThread "Unconstrained build operations Thread 34" [_thread_blocked, id=10976, stack(0x0000005f44600000,0x0000005f44700000)]
  0x000001c89bac3c00 JavaThread "Unconstrained build operations Thread 35" [_thread_blocked, id=16536, stack(0x0000005f44700000,0x0000005f44800000)]
  0x000001c89bac6c20 JavaThread "Unconstrained build operations Thread 36" [_thread_blocked, id=8676, stack(0x0000005f44800000,0x0000005f44900000)]
  0x000001c89bac70f0 JavaThread "Unconstrained build operations Thread 37" [_thread_blocked, id=11088, stack(0x0000005f44900000,0x0000005f44a00000)]
  0x000001c89bac75c0 JavaThread "Unconstrained build operations Thread 38" [_thread_blocked, id=3972, stack(0x0000005f44a00000,0x0000005f44b00000)]
  0x000001c89bac8dd0 JavaThread "Unconstrained build operations Thread 39" [_thread_blocked, id=16564, stack(0x0000005f44b00000,0x0000005f44c00000)]
  0x000001c89bac4a70 JavaThread "Unconstrained build operations Thread 40" [_thread_blocked, id=14544, stack(0x0000005f44c00000,0x0000005f44d00000)]
  0x000001c89bac6280 JavaThread "Unconstrained build operations Thread 41" [_thread_blocked, id=324, stack(0x0000005f44d00000,0x0000005f44e00000)]
  0x000001c89bac9770 JavaThread "Unconstrained build operations Thread 42" [_thread_blocked, id=11200, stack(0x0000005f44e00000,0x0000005f44f00000)]
  0x000001c89bac5db0 JavaThread "Unconstrained build operations Thread 43" [_thread_blocked, id=12460, stack(0x0000005f44f00000,0x0000005f45000000)]
  0x000001c89bac40d0 JavaThread "Unconstrained build operations Thread 44" [_thread_blocked, id=16012, stack(0x0000005f45000000,0x0000005f45100000)]
  0x000001c89bac45a0 JavaThread "Unconstrained build operations Thread 45" [_thread_blocked, id=11960, stack(0x0000005f45100000,0x0000005f45200000)]
  0x000001c89bac7a90 JavaThread "Unconstrained build operations Thread 46" [_thread_blocked, id=18324, stack(0x0000005f45200000,0x0000005f45300000)]
  0x000001c89bac4f40 JavaThread "Unconstrained build operations Thread 47" [_thread_blocked, id=3428, stack(0x0000005f45300000,0x0000005f45400000)]
  0x000001c89bac5410 JavaThread "Unconstrained build operations Thread 48" [_thread_blocked, id=8052, stack(0x0000005f45400000,0x0000005f45500000)]
  0x000001c89bac7f60 JavaThread "Unconstrained build operations Thread 49" [_thread_blocked, id=6404, stack(0x0000005f45500000,0x0000005f45600000)]
  0x000001c89bac8900 JavaThread "Unconstrained build operations Thread 50" [_thread_blocked, id=17032, stack(0x0000005f45600000,0x0000005f45700000)]
  0x000001c89bacaf80 JavaThread "Unconstrained build operations Thread 51" [_thread_blocked, id=14924, stack(0x0000005f45700000,0x0000005f45800000)]
  0x000001c89bac8430 JavaThread "Unconstrained build operations Thread 52" [_thread_blocked, id=10544, stack(0x0000005f45800000,0x0000005f45900000)]
  0x000001c89bac92a0 JavaThread "Unconstrained build operations Thread 53" [_thread_blocked, id=17604, stack(0x0000005f45900000,0x0000005f45a00000)]
  0x000001c89bac9c40 JavaThread "Unconstrained build operations Thread 54" [_thread_blocked, id=8572, stack(0x0000005f45a00000,0x0000005f45b00000)]
  0x000001c89baca110 JavaThread "Unconstrained build operations Thread 55" [_thread_blocked, id=10648, stack(0x0000005f45b00000,0x0000005f45c00000)]
  0x000001c89baca5e0 JavaThread "Unconstrained build operations Thread 56" [_thread_blocked, id=8828, stack(0x0000005f45c00000,0x0000005f45d00000)]
  0x000001c89bacaab0 JavaThread "Unconstrained build operations Thread 57" [_thread_blocked, id=3956, stack(0x0000005f45d00000,0x0000005f45e00000)]
  0x000001c89b639f00 JavaThread "Unconstrained build operations Thread 58" [_thread_blocked, id=1884, stack(0x0000005f45e00000,0x0000005f45f00000)]
  0x000001c89b635200 JavaThread "Unconstrained build operations Thread 59" [_thread_blocked, id=17412, stack(0x0000005f45f00000,0x0000005f46000000)]
  0x000001c89b6339f0 JavaThread "Unconstrained build operations Thread 60" [_thread_blocked, id=1344, stack(0x0000005f46000000,0x0000005f46100000)]
  0x000001c89b637880 JavaThread "Unconstrained build operations Thread 61" [_thread_blocked, id=7972, stack(0x0000005f46100000,0x0000005f46200000)]
  0x000001c89b6356d0 JavaThread "Unconstrained build operations Thread 62" [_thread_blocked, id=17428, stack(0x0000005f46200000,0x0000005f46300000)]
  0x000001c89b638bc0 JavaThread "Unconstrained build operations Thread 63" [_thread_blocked, id=6448, stack(0x0000005f46300000,0x0000005f46400000)]
  0x000001c89b63a3d0 JavaThread "Unconstrained build operations Thread 64" [_thread_blocked, id=1736, stack(0x0000005f46400000,0x0000005f46500000)]
  0x000001c89b634390 JavaThread "Unconstrained build operations Thread 65" [_thread_blocked, id=13252, stack(0x0000005f46500000,0x0000005f46600000)]
  0x000001c89b636ee0 JavaThread "Unconstrained build operations Thread 66" [_thread_blocked, id=10960, stack(0x0000005f46600000,0x0000005f46700000)]
  0x000001c89b633ec0 JavaThread "Unconstrained build operations Thread 67" [_thread_blocked, id=7540, stack(0x0000005f46700000,0x0000005f46800000)]
  0x000001c89b634860 JavaThread "Unconstrained build operations Thread 68" [_thread_blocked, id=7400, stack(0x0000005f46800000,0x0000005f46900000)]
  0x000001c89b637d50 JavaThread "Unconstrained build operations Thread 69" [_thread_blocked, id=14884, stack(0x0000005f46900000,0x0000005f46a00000)]
  0x000001c89b63a8a0 JavaThread "Unconstrained build operations Thread 70" [_thread_blocked, id=3100, stack(0x0000005f46a00000,0x0000005f46b00000)]
  0x000001c89b63ad70 JavaThread "Unconstrained build operations Thread 71" [_thread_blocked, id=10044, stack(0x0000005f46b00000,0x0000005f46c00000)]
  0x000001c89b635ba0 JavaThread "Unconstrained build operations Thread 72" [_thread_blocked, id=10672, stack(0x0000005f46c00000,0x0000005f46d00000)]
  0x000001c89b636a10 JavaThread "Unconstrained build operations Thread 73" [_thread_blocked, id=12008, stack(0x0000005f46d00000,0x0000005f46e00000)]
  0x000001c89b636070 JavaThread "Unconstrained build operations Thread 74" [_thread_blocked, id=12924, stack(0x0000005f46e00000,0x0000005f46f00000)]
  0x000001c89b6373b0 JavaThread "Unconstrained build operations Thread 75" [_thread_blocked, id=8868, stack(0x0000005f46f00000,0x0000005f47000000)]
  0x000001c89b638220 JavaThread "Unconstrained build operations Thread 76" [_thread_blocked, id=17632, stack(0x0000005f47000000,0x0000005f47100000)]
  0x000001c89b636540 JavaThread "Unconstrained build operations Thread 77" [_thread_blocked, id=292, stack(0x0000005f47100000,0x0000005f47200000)]
  0x000001c89b6386f0 JavaThread "Unconstrained build operations Thread 78" [_thread_blocked, id=18160, stack(0x0000005f47200000,0x0000005f47300000)]
  0x000001c89b639090 JavaThread "Unconstrained build operations Thread 79" [_thread_blocked, id=6980, stack(0x0000005f47300000,0x0000005f47400000)]
  0x000001c89b634d30 JavaThread "Unconstrained build operations Thread 80" [_thread_blocked, id=11492, stack(0x0000005f47400000,0x0000005f47500000)]
  0x000001c89b639560 JavaThread "Unconstrained build operations Thread 81" [_thread_blocked, id=3448, stack(0x0000005f47500000,0x0000005f47600000)]
  0x000001c89b639a30 JavaThread "Unconstrained build operations Thread 82" [_thread_blocked, id=14516, stack(0x0000005f47600000,0x0000005f47700000)]
  0x000001c89b63b240 JavaThread "Unconstrained build operations Thread 83" [_thread_blocked, id=13164, stack(0x0000005f47700000,0x0000005f47800000)]
  0x000001c89b897ef0 JavaThread "Unconstrained build operations Thread 84" [_thread_blocked, id=14248, stack(0x0000005f47800000,0x0000005f47900000)]
  0x000001c89b89df30 JavaThread "Unconstrained build operations Thread 85" [_thread_blocked, id=9464, stack(0x0000005f47900000,0x0000005f47a00000)]
  0x000001c89b8983c0 JavaThread "Unconstrained build operations Thread 86" [_thread_blocked, id=17236, stack(0x0000005f47a00000,0x0000005f47b00000)]
  0x000001c89b899bd0 JavaThread "Unconstrained build operations Thread 87" [_thread_blocked, id=13752, stack(0x0000005f47b00000,0x0000005f47c00000)]
  0x000001c89b89b8b0 JavaThread "Unconstrained build operations Thread 88" [_thread_blocked, id=5284, stack(0x0000005f47c00000,0x0000005f47d00000)]
  0x000001c89b89cbf0 JavaThread "Unconstrained build operations Thread 89" [_thread_blocked, id=15296, stack(0x0000005f47d00000,0x0000005f47e00000)]
  0x000001c89b89e400 JavaThread "Unconstrained build operations Thread 90" [_thread_blocked, id=16368, stack(0x0000005f47e00000,0x0000005f47f00000)]
  0x000001c89b89bd80 JavaThread "Unconstrained build operations Thread 91" [_thread_blocked, id=15676, stack(0x0000005f47f00000,0x0000005f48000000)]
  0x000001c89b89c250 JavaThread "Unconstrained build operations Thread 92" [_thread_blocked, id=5544, stack(0x0000005f48000000,0x0000005f48100000)]
  0x000001c89b89e8d0 JavaThread "Unconstrained build operations Thread 93" [_thread_blocked, id=1716, stack(0x0000005f48100000,0x0000005f48200000)]
  0x000001c89b898890 JavaThread "Unconstrained build operations Thread 94" [_thread_blocked, id=4024, stack(0x0000005f48200000,0x0000005f48300000)]
  0x000001c89b89c720 JavaThread "Unconstrained build operations Thread 95" [_thread_blocked, id=7096, stack(0x0000005f48300000,0x0000005f48400000)]
  0x000001c89b89a0a0 JavaThread "Unconstrained build operations Thread 96" [_thread_blocked, id=9808, stack(0x0000005f48400000,0x0000005f48500000)]
  0x000001c89b899230 JavaThread "Unconstrained build operations Thread 97" [_thread_blocked, id=17120, stack(0x0000005f48500000,0x0000005f48600000)]
  0x000001c89b897080 JavaThread "Unconstrained build operations Thread 98" [_thread_blocked, id=9740, stack(0x0000005f48600000,0x0000005f48700000)]
  0x000001c89b897550 JavaThread "Unconstrained build operations Thread 99" [_thread_blocked, id=14624, stack(0x0000005f48700000,0x0000005f48800000)]
  0x000001c89b89a570 JavaThread "Unconstrained build operations Thread 100" [_thread_blocked, id=2080, stack(0x0000005f48800000,0x0000005f48900000)]
  0x000001c89b898d60 JavaThread "Unconstrained build operations Thread 101" [_thread_blocked, id=15744, stack(0x0000005f48900000,0x0000005f48a00000)]
  0x000001c89b897a20 JavaThread "Unconstrained build operations Thread 102" [_thread_blocked, id=13468, stack(0x0000005f48a00000,0x0000005f48b00000)]
  0x000001c89b89d0c0 JavaThread "Unconstrained build operations Thread 103" [_thread_blocked, id=9820, stack(0x0000005f48b00000,0x0000005f48c00000)]
  0x000001c89b89d590 JavaThread "Unconstrained build operations Thread 104" [_thread_blocked, id=18316, stack(0x0000005f48c00000,0x0000005f48d00000)]
  0x000001c89b89da60 JavaThread "Unconstrained build operations Thread 105" [_thread_blocked, id=8532, stack(0x0000005f48d00000,0x0000005f48e00000)]
  0x000001c89b89aa40 JavaThread "Unconstrained build operations Thread 106" [_thread_blocked, id=17900, stack(0x0000005f48e00000,0x0000005f48f00000)]
  0x000001c89b89b3e0 JavaThread "Unconstrained build operations Thread 107" [_thread_blocked, id=8988, stack(0x0000005f48f00000,0x0000005f49000000)]
  0x000001c89b899700 JavaThread "Unconstrained build operations Thread 108" [_thread_blocked, id=15840, stack(0x0000005f49000000,0x0000005f49100000)]
  0x000001c89b89af10 JavaThread "Unconstrained build operations Thread 109" [_thread_blocked, id=14388, stack(0x0000005f49100000,0x0000005f49200000)]
  0x000001c89affbf30 JavaThread "Unconstrained build operations Thread 110" [_thread_blocked, id=6484, stack(0x0000005f49200000,0x0000005f49300000)]
  0x000001c89affabf0 JavaThread "Unconstrained build operations Thread 111" [_thread_blocked, id=17928, stack(0x0000005f49300000,0x0000005f49400000)]
  0x000001c89aff5ef0 JavaThread "Unconstrained build operations Thread 112" [_thread_blocked, id=14660, stack(0x0000005f49400000,0x0000005f49500000)]
  0x000001c89aff8f10 JavaThread "Unconstrained build operations Thread 113" [_thread_blocked, id=1508, stack(0x0000005f49500000,0x0000005f49600000)]
  0x000001c89aff7bd0 JavaThread "Unconstrained build operations Thread 114" [_thread_blocked, id=2544, stack(0x0000005f49600000,0x0000005f49700000)]
  0x000001c89aff80a0 JavaThread "Unconstrained build operations Thread 115" [_thread_blocked, id=5292, stack(0x0000005f49700000,0x0000005f49800000)]
  0x000001c89aff63c0 JavaThread "Unconstrained build operations Thread 116" [_thread_blocked, id=6996, stack(0x0000005f49800000,0x0000005f49900000)]
  0x000001c89aff8570 JavaThread "Unconstrained build operations Thread 117" [_thread_blocked, id=15632, stack(0x0000005f49900000,0x0000005f49a00000)]
  0x000001c89aff8a40 JavaThread "Unconstrained build operations Thread 118" [_thread_blocked, id=11032, stack(0x0000005f49a00000,0x0000005f49b00000)]
  0x000001c89affa250 JavaThread "Unconstrained build operations Thread 119" [_thread_blocked, id=3652, stack(0x0000005f49b00000,0x0000005f49c00000)]
  0x000001c89aff9d80 JavaThread "Unconstrained build operations Thread 120" [_thread_blocked, id=2852, stack(0x0000005f49c00000,0x0000005f49d00000)]
  0x000001c89aff93e0 JavaThread "jar transforms Thread 6" [_thread_blocked, id=7348, stack(0x0000005f49d00000,0x0000005f49e00000)]
  0x000001c89aff7700 JavaThread "jar transforms Thread 7" [_thread_blocked, id=17488, stack(0x0000005f49e00000,0x0000005f49f00000)]
  0x000001c89aff7230 JavaThread "jar transforms Thread 8" [_thread_blocked, id=2856, stack(0x0000005f49f00000,0x0000005f4a000000)]
  0x000001c89aff98b0 JavaThread "jar transforms Thread 9" [_thread_blocked, id=4972, stack(0x0000005f4a000000,0x0000005f4a100000)]
  0x000001c89affa720 JavaThread "jar transforms Thread 10" [_thread_blocked, id=10944, stack(0x0000005f4a100000,0x0000005f4a200000)]
  0x000001c89affba60 JavaThread "jar transforms Thread 11" [_thread_blocked, id=17740, stack(0x0000005f4a200000,0x0000005f4a300000)]
  0x000001c89affc8d0 JavaThread "jar transforms Thread 12" [_thread_blocked, id=12616, stack(0x0000005f4a300000,0x0000005f4a400000)]
  0x000001c89affcda0 JavaThread "build event listener" [_thread_blocked, id=14108, stack(0x0000005f4a400000,0x0000005f4a500000)]
  0x000001c89aff5550 JavaThread "Memory manager" [_thread_blocked, id=9564, stack(0x0000005f4a500000,0x0000005f4a600000)]

Other Threads:
=>0x000001c8ffb54630 VMThread "VM Thread" [stack: 0x0000005f3ef00000,0x0000005f3f000000] [id=8060]
  0x000001c8f8961520 WatcherThread [stack: 0x0000005f3fb00000,0x0000005f3fc00000] [id=14652]
  0x000001c8f8949a60 GCTaskThread "GC Thread#0" [stack: 0x0000005f3ea00000,0x0000005f3eb00000] [id=13984]
  0x000001c895dcce10 GCTaskThread "GC Thread#1" [stack: 0x0000005f3fe00000,0x0000005f3ff00000] [id=13544]
  0x000001c8961cd1d0 GCTaskThread "GC Thread#2" [stack: 0x0000005f3ff00000,0x0000005f40000000] [id=3276]
  0x000001c896359c00 GCTaskThread "GC Thread#3" [stack: 0x0000005f40000000,0x0000005f40100000] [id=7380]
  0x000001c896c7a4e0 GCTaskThread "GC Thread#4" [stack: 0x0000005f40100000,0x0000005f40200000] [id=12708]
  0x000001c89709ebf0 GCTaskThread "GC Thread#5" [stack: 0x0000005f3fd00000,0x0000005f3fe00000] [id=16616]
  0x000001c89709eea0 GCTaskThread "GC Thread#6" [stack: 0x0000005f40c00000,0x0000005f40d00000] [id=13740]
  0x000001c89824c400 GCTaskThread "GC Thread#7" [stack: 0x0000005f40d00000,0x0000005f40e00000] [id=1420]
  0x000001c89824cac0 GCTaskThread "GC Thread#8" [stack: 0x0000005f40e00000,0x0000005f40f00000] [id=5580]
  0x000001c896d32cb0 GCTaskThread "GC Thread#9" [stack: 0x0000005f40f00000,0x0000005f41000000] [id=16160]
  0x000001c8f895a8a0 ConcurrentGCThread "G1 Main Marker" [stack: 0x0000005f3eb00000,0x0000005f3ec00000] [id=4776]
  0x000001c8f895b310 ConcurrentGCThread "G1 Conc#0" [stack: 0x0000005f3ec00000,0x0000005f3ed00000] [id=17736]
  0x000001c898282b40 ConcurrentGCThread "G1 Conc#1" [stack: 0x0000005f41000000,0x0000005f41100000] [id=17372]
  0x000001c898282890 ConcurrentGCThread "G1 Conc#2" [stack: 0x0000005f41100000,0x0000005f41200000] [id=14844]
  0x000001c8f89ade00 ConcurrentGCThread "G1 Refine#0" [stack: 0x0000005f3ed00000,0x0000005f3ee00000] [id=11084]
  0x000001c8f89ae720 ConcurrentGCThread "G1 Service" [stack: 0x0000005f3ee00000,0x0000005f3ef00000] [id=8012]

Threads with active compile tasks:
C2 CompilerThread1    10020 8728       4       org.gradle.internal.reflect.ClassInspector::inspectClass (179 bytes)
C2 CompilerThread2    10020 8884       4       org.gradle.tooling.internal.provider.runner.ClientBuildEventGenerator::started (168 bytes)

VM state: at safepoint (normal execution)

VM Mutex/Monitor currently owned by a thread:  ([mutex/lock_event])
[0x000001c8f88ea0a0] Threads_lock - owner thread: 0x000001c8ffb54630
[0x000001c8f88e9a70] Heap_lock - owner thread: 0x000001c89643fb50

Heap address: 0x0000000080000000, size: 2048 MB, Compressed Oops mode: 32-bit

CDS archive(s) not mapped
Compressed class space mapped at: 0x0000000100000000-0x0000000140000000, reserved size: 1073741824
Narrow klass base: 0x0000000000000000, Narrow klass shift: 3, Narrow klass range: 0x140000000

GC Precious Log:
 CPUs: 12 total, 12 available
 Memory: 10085M
 Large Page Support: Disabled
 NUMA Support: Disabled
 Compressed Oops: Enabled (32-bit)
 Heap Region Size: 1M
 Heap Min Capacity: 8M
 Heap Initial Capacity: 158M
 Heap Max Capacity: 2G
 Pre-touch: Disabled
 Parallel Workers: 10
 Concurrent Workers: 3
 Concurrent Refinement Workers: 10
 Periodic GC: Disabled

Heap:
 garbage-first heap   total 161792K, used 83400K [0x0000000080000000, 0x0000000100000000)
  region size 1024K, 1 young (1024K), 1 survivors (1024K)
 Metaspace       used 87790K, committed 88576K, reserved 1130496K
  class space    used 11936K, committed 12288K, reserved 1048576K

Heap Regions: E=young(eden), S=young(survivor), O=old, HS=humongous(starts), HC=humongous(continues), CS=collection set, F=free, OA=open archive, CA=closed archive, TAMS=top-at-mark-start (previous, next)
|   0|0x0000000080000000, 0x0000000080100000, 0x0000000080100000|100%|HS|  |TAMS 0x0000000080100000, 0x0000000080000000| Complete 
|   1|0x0000000080100000, 0x0000000080200000, 0x0000000080200000|100%|HC|  |TAMS 0x0000000080200000, 0x0000000080100000| Complete 
|   2|0x0000000080200000, 0x0000000080300000, 0x0000000080300000|100%|HC|  |TAMS 0x0000000080300000, 0x0000000080200000| Complete 
|   3|0x0000000080300000, 0x0000000080400000, 0x0000000080400000|100%|HC|  |TAMS 0x0000000080400000, 0x0000000080300000| Complete 
|   4|0x0000000080400000, 0x0000000080500000, 0x0000000080500000|100%| O|  |TAMS 0x0000000080500000, 0x0000000080400000| Untracked 
|   5|0x0000000080500000, 0x0000000080600000, 0x0000000080600000|100%| O|  |TAMS 0x0000000080600000, 0x0000000080500000| Untracked 
|   6|0x0000000080600000, 0x0000000080700000, 0x0000000080700000|100%| O|  |TAMS 0x0000000080700000, 0x0000000080600000| Untracked 
|   7|0x0000000080700000, 0x0000000080800000, 0x0000000080800000|100%| O|  |TAMS 0x0000000080800000, 0x0000000080700000| Untracked 
|   8|0x0000000080800000, 0x0000000080900000, 0x0000000080900000|100%| O|  |TAMS 0x0000000080900000, 0x0000000080800000| Untracked 
|   9|0x0000000080900000, 0x0000000080a00000, 0x0000000080a00000|100%| O|  |TAMS 0x0000000080a00000, 0x0000000080900000| Untracked 
|  10|0x0000000080a00000, 0x0000000080b00000, 0x0000000080b00000|100%| O|  |TAMS 0x0000000080b00000, 0x0000000080a00000| Untracked 
|  11|0x0000000080b00000, 0x0000000080c00000, 0x0000000080c00000|100%| O|  |TAMS 0x0000000080c00000, 0x0000000080b00000| Untracked 
|  12|0x0000000080c00000, 0x0000000080d00000, 0x0000000080d00000|100%| O|  |TAMS 0x0000000080d00000, 0x0000000080c00000| Untracked 
|  13|0x0000000080d00000, 0x0000000080e00000, 0x0000000080e00000|100%| O|  |TAMS 0x0000000080e00000, 0x0000000080d00000| Untracked 
|  14|0x0000000080e00000, 0x0000000080f00000, 0x0000000080f00000|100%| O|  |TAMS 0x0000000080f00000, 0x0000000080e00000| Untracked 
|  15|0x0000000080f00000, 0x0000000081000000, 0x0000000081000000|100%| O|  |TAMS 0x0000000081000000, 0x0000000080f00000| Untracked 
|  16|0x0000000081000000, 0x0000000081100000, 0x0000000081100000|100%| O|  |TAMS 0x0000000081100000, 0x0000000081000000| Untracked 
|  17|0x0000000081100000, 0x0000000081200000, 0x0000000081200000|100%| O|  |TAMS 0x0000000081200000, 0x0000000081100000| Untracked 
|  18|0x0000000081200000, 0x0000000081300000, 0x0000000081300000|100%| O|  |TAMS 0x0000000081300000, 0x0000000081200000| Untracked 
|  19|0x0000000081300000, 0x0000000081400000, 0x0000000081400000|100%| O|  |TAMS 0x0000000081400000, 0x0000000081300000| Untracked 
|  20|0x0000000081400000, 0x0000000081500000, 0x0000000081500000|100%| O|  |TAMS 0x0000000081500000, 0x0000000081400000| Untracked 
|  21|0x0000000081500000, 0x0000000081600000, 0x0000000081600000|100%| O|  |TAMS 0x0000000081600000, 0x0000000081500000| Untracked 
|  22|0x0000000081600000, 0x0000000081700000, 0x0000000081700000|100%| O|  |TAMS 0x0000000081700000, 0x0000000081600000| Untracked 
|  23|0x0000000081700000, 0x0000000081800000, 0x0000000081800000|100%| O|  |TAMS 0x0000000081800000, 0x0000000081700000| Untracked 
|  24|0x0000000081800000, 0x0000000081900000, 0x0000000081900000|100%| O|  |TAMS 0x0000000081800000, 0x0000000081800000| Untracked 
|  25|0x0000000081900000, 0x0000000081a00000, 0x0000000081a00000|100%| O|  |TAMS 0x0000000081a00000, 0x0000000081900000| Untracked 
|  26|0x0000000081a00000, 0x0000000081b00000, 0x0000000081b00000|100%| O|  |TAMS 0x0000000081b00000, 0x0000000081a00000| Untracked 
|  27|0x0000000081b00000, 0x0000000081c00000, 0x0000000081c00000|100%| O|  |TAMS 0x0000000081c00000, 0x0000000081b00000| Untracked 
|  28|0x0000000081c00000, 0x0000000081d00000, 0x0000000081d00000|100%| O|  |TAMS 0x0000000081d00000, 0x0000000081c00000| Untracked 
|  29|0x0000000081d00000, 0x0000000081e00000, 0x0000000081e00000|100%| O|  |TAMS 0x0000000081e00000, 0x0000000081d00000| Untracked 
|  30|0x0000000081e00000, 0x0000000081f00000, 0x0000000081f00000|100%| O|  |TAMS 0x0000000081f00000, 0x0000000081e00000| Untracked 
|  31|0x0000000081f00000, 0x0000000082000000, 0x0000000082000000|100%| O|  |TAMS 0x0000000082000000, 0x0000000081f00000| Untracked 
|  32|0x0000000082000000, 0x0000000082100000, 0x0000000082100000|100%| O|  |TAMS 0x0000000082100000, 0x0000000082000000| Untracked 
|  33|0x0000000082100000, 0x0000000082200000, 0x0000000082200000|100%| O|  |TAMS 0x0000000082200000, 0x0000000082100000| Untracked 
|  34|0x0000000082200000, 0x0000000082300000, 0x0000000082300000|100%|HS|  |TAMS 0x0000000082300000, 0x0000000082200000| Complete 
|  35|0x0000000082300000, 0x0000000082400000, 0x0000000082400000|100%|HS|  |TAMS 0x0000000082400000, 0x0000000082300000| Complete 
|  36|0x0000000082400000, 0x0000000082500000, 0x0000000082500000|100%|HC|  |TAMS 0x0000000082500000, 0x0000000082400000| Complete 
|  37|0x0000000082500000, 0x0000000082600000, 0x0000000082600000|100%| O|  |TAMS 0x0000000082600000, 0x0000000082500000| Untracked 
|  38|0x0000000082600000, 0x0000000082700000, 0x0000000082700000|100%| O|  |TAMS 0x0000000082700000, 0x0000000082600000| Untracked 
|  39|0x0000000082700000, 0x0000000082800000, 0x0000000082800000|100%| O|  |TAMS 0x0000000082800000, 0x0000000082700000| Untracked 
|  40|0x0000000082800000, 0x0000000082900000, 0x0000000082900000|100%| O|  |TAMS 0x0000000082900000, 0x0000000082800000| Untracked 
|  41|0x0000000082900000, 0x0000000082a00000, 0x0000000082a00000|100%|HS|  |TAMS 0x0000000082a00000, 0x0000000082900000| Complete 
|  42|0x0000000082a00000, 0x0000000082b00000, 0x0000000082b00000|100%| O|  |TAMS 0x0000000082b00000, 0x0000000082a00000| Untracked 
|  43|0x0000000082b00000, 0x0000000082c00000, 0x0000000082c00000|100%| O|  |TAMS 0x0000000082c00000, 0x0000000082b00000| Untracked 
|  44|0x0000000082c00000, 0x0000000082c00000, 0x0000000082d00000|  0%| F|  |TAMS 0x0000000082c00000, 0x0000000082c00000| Untracked 
|  45|0x0000000082d00000, 0x0000000082e00000, 0x0000000082e00000|100%|HS|  |TAMS 0x0000000082e00000, 0x0000000082d00000| Complete 
|  46|0x0000000082e00000, 0x0000000082f00000, 0x0000000082f00000|100%|HC|  |TAMS 0x0000000082f00000, 0x0000000082e00000| Complete 
|  47|0x0000000082f00000, 0x0000000083000000, 0x0000000083000000|100%|HC|  |TAMS 0x0000000083000000, 0x0000000082f00000| Complete 
|  48|0x0000000083000000, 0x0000000083100000, 0x0000000083100000|100%|HC|  |TAMS 0x0000000083100000, 0x0000000083000000| Complete 
|  49|0x0000000083100000, 0x0000000083200000, 0x0000000083200000|100%| O|  |TAMS 0x0000000083200000, 0x0000000083100000| Untracked 
|  50|0x0000000083200000, 0x0000000083300000, 0x0000000083300000|100%| O|  |TAMS 0x0000000083300000, 0x0000000083200000| Untracked 
|  51|0x0000000083300000, 0x0000000083400000, 0x0000000083400000|100%| O|  |TAMS 0x0000000083400000, 0x0000000083300000| Untracked 
|  52|0x0000000083400000, 0x0000000083500000, 0x0000000083500000|100%| O|  |TAMS 0x0000000083500000, 0x0000000083400000| Untracked 
|  53|0x0000000083500000, 0x0000000083600000, 0x0000000083600000|100%| O|  |TAMS 0x0000000083600000, 0x0000000083500000| Untracked 
|  54|0x0000000083600000, 0x0000000083700000, 0x0000000083700000|100%| O|  |TAMS 0x0000000083700000, 0x0000000083600000| Untracked 
|  55|0x0000000083700000, 0x0000000083800000, 0x0000000083800000|100%| O|  |TAMS 0x0000000083800000, 0x0000000083700000| Untracked 
|  56|0x0000000083800000, 0x0000000083900000, 0x0000000083900000|100%| O|  |TAMS 0x0000000083900000, 0x0000000083800000| Untracked 
|  57|0x0000000083900000, 0x0000000083a00000, 0x0000000083a00000|100%| O|  |TAMS 0x0000000083a00000, 0x0000000083900000| Untracked 
|  58|0x0000000083a00000, 0x0000000083b00000, 0x0000000083b00000|100%| O|  |TAMS 0x0000000083b00000, 0x0000000083a00000| Untracked 
|  59|0x0000000083b00000, 0x0000000083c00000, 0x0000000083c00000|100%| O|  |TAMS 0x0000000083c00000, 0x0000000083b00000| Untracked 
|  60|0x0000000083c00000, 0x0000000083d00000, 0x0000000083d00000|100%| O|  |TAMS 0x0000000083d00000, 0x0000000083c00000| Untracked 
|  61|0x0000000083d00000, 0x0000000083e00000, 0x0000000083e00000|100%| O|  |TAMS 0x0000000083e00000, 0x0000000083d00000| Untracked 
|  62|0x0000000083e00000, 0x0000000083f00000, 0x0000000083f00000|100%| O|  |TAMS 0x0000000083f00000, 0x0000000083e00000| Untracked 
|  63|0x0000000083f00000, 0x0000000084000000, 0x0000000084000000|100%| O|  |TAMS 0x0000000084000000, 0x0000000083f00000| Untracked 
|  64|0x0000000084000000, 0x0000000084100000, 0x0000000084100000|100%| O|  |TAMS 0x0000000084100000, 0x0000000084000000| Untracked 
|  65|0x0000000084100000, 0x0000000084200000, 0x0000000084200000|100%| O|  |TAMS 0x0000000084200000, 0x0000000084100000| Untracked 
|  66|0x0000000084200000, 0x0000000084300000, 0x0000000084300000|100%| O|  |TAMS 0x0000000084300000, 0x0000000084200000| Untracked 
|  67|0x0000000084300000, 0x0000000084400000, 0x0000000084400000|100%| O|  |TAMS 0x0000000084400000, 0x0000000084300000| Untracked 
|  68|0x0000000084400000, 0x0000000084500000, 0x0000000084500000|100%| O|  |TAMS 0x0000000084500000, 0x0000000084400000| Untracked 
|  69|0x0000000084500000, 0x0000000084600000, 0x0000000084600000|100%| O|  |TAMS 0x0000000084600000, 0x0000000084500000| Untracked 
|  70|0x0000000084600000, 0x0000000084700000, 0x0000000084700000|100%| O|  |TAMS 0x0000000084700000, 0x0000000084600000| Untracked 
|  71|0x0000000084700000, 0x0000000084800000, 0x0000000084800000|100%| O|  |TAMS 0x0000000084800000, 0x0000000084700000| Untracked 
|  72|0x0000000084800000, 0x0000000084900000, 0x0000000084900000|100%| O|  |TAMS 0x0000000084900000, 0x0000000084800000| Untracked 
|  73|0x0000000084900000, 0x0000000084a00000, 0x0000000084a00000|100%| O|  |TAMS 0x0000000084a00000, 0x0000000084900000| Untracked 
|  74|0x0000000084a00000, 0x0000000084b00000, 0x0000000084b00000|100%| O|  |TAMS 0x0000000084b00000, 0x0000000084a00000| Untracked 
|  75|0x0000000084b00000, 0x0000000084c00000, 0x0000000084c00000|100%| O|  |TAMS 0x0000000084b5cc00, 0x0000000084b00000| Untracked 
|  76|0x0000000084c00000, 0x0000000084d00000, 0x0000000084d00000|100%| O|  |TAMS 0x0000000084c00000, 0x0000000084c00000| Untracked 
|  77|0x0000000084d00000, 0x0000000084e00000, 0x0000000084e00000|100%| O|  |TAMS 0x0000000084d00000, 0x0000000084d00000| Untracked 
|  78|0x0000000084e00000, 0x0000000084f00000, 0x0000000084f00000|100%| O|  |TAMS 0x0000000084e00000, 0x0000000084e00000| Untracked 
|  79|0x0000000084f00000, 0x0000000085000000, 0x0000000085000000|100%| O|  |TAMS 0x0000000084f00000, 0x0000000084f00000| Untracked 
|  80|0x0000000085000000, 0x0000000085100000, 0x0000000085100000|100%| O|  |TAMS 0x0000000085000000, 0x0000000085000000| Untracked 
|  81|0x0000000085100000, 0x00000000851ce800, 0x0000000085200000| 80%| O|  |TAMS 0x0000000085100000, 0x0000000085100000| Untracked 
|  82|0x0000000085200000, 0x0000000085200000, 0x0000000085300000|  0%| F|  |TAMS 0x0000000085200000, 0x0000000085200000| Untracked 
|  83|0x0000000085300000, 0x0000000085300000, 0x0000000085400000|  0%| F|  |TAMS 0x0000000085300000, 0x0000000085300000| Untracked 
|  84|0x0000000085400000, 0x0000000085400000, 0x0000000085500000|  0%| F|  |TAMS 0x0000000085400000, 0x0000000085400000| Untracked 
|  85|0x0000000085500000, 0x0000000085500000, 0x0000000085600000|  0%| F|  |TAMS 0x0000000085500000, 0x0000000085500000| Untracked 
|  86|0x0000000085600000, 0x0000000085600000, 0x0000000085700000|  0%| F|  |TAMS 0x0000000085600000, 0x0000000085600000| Untracked 
|  87|0x0000000085700000, 0x0000000085700000, 0x0000000085800000|  0%| F|  |TAMS 0x0000000085700000, 0x0000000085700000| Untracked 
|  88|0x0000000085800000, 0x0000000085800000, 0x0000000085900000|  0%| F|  |TAMS 0x0000000085800000, 0x0000000085800000| Untracked 
|  89|0x0000000085900000, 0x0000000085900000, 0x0000000085a00000|  0%| F|  |TAMS 0x0000000085900000, 0x0000000085900000| Untracked 
|  90|0x0000000085a00000, 0x0000000085a00000, 0x0000000085b00000|  0%| F|  |TAMS 0x0000000085a00000, 0x0000000085a00000| Untracked 
|  91|0x0000000085b00000, 0x0000000085b00000, 0x0000000085c00000|  0%| F|  |TAMS 0x0000000085b00000, 0x0000000085b00000| Untracked 
|  92|0x0000000085c00000, 0x0000000085c00000, 0x0000000085d00000|  0%| F|  |TAMS 0x0000000085c00000, 0x0000000085c00000| Untracked 
|  93|0x0000000085d00000, 0x0000000085d00000, 0x0000000085e00000|  0%| F|  |TAMS 0x0000000085d00000, 0x0000000085d00000| Untracked 
|  94|0x0000000085e00000, 0x0000000085e00000, 0x0000000085f00000|  0%| F|  |TAMS 0x0000000085e00000, 0x0000000085e00000| Untracked 
|  95|0x0000000085f00000, 0x0000000085f00000, 0x0000000086000000|  0%| F|  |TAMS 0x0000000085f00000, 0x0000000085f00000| Untracked 
|  96|0x0000000086000000, 0x0000000086000000, 0x0000000086100000|  0%| F|  |TAMS 0x0000000086000000, 0x0000000086000000| Untracked 
|  97|0x0000000086100000, 0x0000000086100000, 0x0000000086200000|  0%| F|  |TAMS 0x0000000086100000, 0x0000000086100000| Untracked 
|  98|0x0000000086200000, 0x0000000086200000, 0x0000000086300000|  0%| F|  |TAMS 0x0000000086200000, 0x0000000086200000| Untracked 
|  99|0x0000000086300000, 0x0000000086300000, 0x0000000086400000|  0%| F|  |TAMS 0x0000000086300000, 0x0000000086300000| Untracked 
| 100|0x0000000086400000, 0x0000000086400000, 0x0000000086500000|  0%| F|  |TAMS 0x0000000086400000, 0x0000000086400000| Untracked 
| 101|0x0000000086500000, 0x0000000086500000, 0x0000000086600000|  0%| F|  |TAMS 0x0000000086500000, 0x0000000086500000| Untracked 
| 102|0x0000000086600000, 0x0000000086600000, 0x0000000086700000|  0%| F|  |TAMS 0x0000000086600000, 0x0000000086600000| Untracked 
| 103|0x0000000086700000, 0x0000000086700000, 0x0000000086800000|  0%| F|  |TAMS 0x0000000086700000, 0x0000000086700000| Untracked 
| 104|0x0000000086800000, 0x0000000086800000, 0x0000000086900000|  0%| F|  |TAMS 0x0000000086800000, 0x0000000086800000| Untracked 
| 105|0x0000000086900000, 0x0000000086900000, 0x0000000086a00000|  0%| F|  |TAMS 0x0000000086900000, 0x0000000086900000| Untracked 
| 106|0x0000000086a00000, 0x0000000086a00000, 0x0000000086b00000|  0%| F|  |TAMS 0x0000000086a00000, 0x0000000086a00000| Untracked 
| 107|0x0000000086b00000, 0x0000000086b00000, 0x0000000086c00000|  0%| F|  |TAMS 0x0000000086b00000, 0x0000000086b00000| Untracked 
| 108|0x0000000086c00000, 0x0000000086c00000, 0x0000000086d00000|  0%| F|  |TAMS 0x0000000086c00000, 0x0000000086c00000| Untracked 
| 109|0x0000000086d00000, 0x0000000086d00000, 0x0000000086e00000|  0%| F|  |TAMS 0x0000000086d00000, 0x0000000086d00000| Untracked 
| 110|0x0000000086e00000, 0x0000000086e00000, 0x0000000086f00000|  0%| F|  |TAMS 0x0000000086e00000, 0x0000000086e00000| Untracked 
| 111|0x0000000086f00000, 0x0000000086f00000, 0x0000000087000000|  0%| F|  |TAMS 0x0000000086f00000, 0x0000000086f00000| Untracked 
| 112|0x0000000087000000, 0x0000000087000000, 0x0000000087100000|  0%| F|  |TAMS 0x0000000087000000, 0x0000000087000000| Untracked 
| 113|0x0000000087100000, 0x0000000087100000, 0x0000000087200000|  0%| F|  |TAMS 0x0000000087100000, 0x0000000087100000| Untracked 
| 114|0x0000000087200000, 0x0000000087200000, 0x0000000087300000|  0%| F|  |TAMS 0x0000000087200000, 0x0000000087200000| Untracked 
| 115|0x0000000087300000, 0x0000000087300000, 0x0000000087400000|  0%| F|  |TAMS 0x0000000087300000, 0x0000000087300000| Untracked 
| 116|0x0000000087400000, 0x0000000087400000, 0x0000000087500000|  0%| F|  |TAMS 0x0000000087400000, 0x0000000087400000| Untracked 
| 117|0x0000000087500000, 0x0000000087500000, 0x0000000087600000|  0%| F|  |TAMS 0x0000000087500000, 0x0000000087500000| Untracked 
| 118|0x0000000087600000, 0x0000000087600000, 0x0000000087700000|  0%| F|  |TAMS 0x0000000087600000, 0x0000000087600000| Untracked 
| 119|0x0000000087700000, 0x0000000087700000, 0x0000000087800000|  0%| F|  |TAMS 0x0000000087700000, 0x0000000087700000| Untracked 
| 120|0x0000000087800000, 0x0000000087800000, 0x0000000087900000|  0%| F|  |TAMS 0x0000000087800000, 0x0000000087800000| Untracked 
| 121|0x0000000087900000, 0x0000000087900000, 0x0000000087a00000|  0%| F|  |TAMS 0x0000000087900000, 0x0000000087900000| Untracked 
| 122|0x0000000087a00000, 0x0000000087a00000, 0x0000000087b00000|  0%| F|  |TAMS 0x0000000087a00000, 0x0000000087a00000| Untracked 
| 123|0x0000000087b00000, 0x0000000087b00000, 0x0000000087c00000|  0%| F|  |TAMS 0x0000000087b00000, 0x0000000087b00000| Untracked 
| 124|0x0000000087c00000, 0x0000000087c00000, 0x0000000087d00000|  0%| F|  |TAMS 0x0000000087c00000, 0x0000000087c00000| Untracked 
| 125|0x0000000087d00000, 0x0000000087d00000, 0x0000000087e00000|  0%| F|  |TAMS 0x0000000087d00000, 0x0000000087d00000| Untracked 
| 126|0x0000000087e00000, 0x0000000087e00000, 0x0000000087f00000|  0%| F|  |TAMS 0x0000000087e00000, 0x0000000087e00000| Untracked 
| 127|0x0000000087f00000, 0x0000000087f00000, 0x0000000088000000|  0%| F|  |TAMS 0x0000000087f00000, 0x0000000087f00000| Untracked 
| 128|0x0000000088000000, 0x0000000088000000, 0x0000000088100000|  0%| F|  |TAMS 0x0000000088000000, 0x0000000088000000| Untracked 
| 129|0x0000000088100000, 0x0000000088100000, 0x0000000088200000|  0%| F|  |TAMS 0x0000000088100000, 0x0000000088100000| Untracked 
| 130|0x0000000088200000, 0x0000000088200000, 0x0000000088300000|  0%| F|  |TAMS 0x0000000088200000, 0x0000000088200000| Untracked 
| 131|0x0000000088300000, 0x0000000088300000, 0x0000000088400000|  0%| F|  |TAMS 0x0000000088300000, 0x0000000088300000| Untracked 
| 132|0x0000000088400000, 0x0000000088400000, 0x0000000088500000|  0%| F|  |TAMS 0x0000000088400000, 0x0000000088400000| Untracked 
| 133|0x0000000088500000, 0x0000000088500000, 0x0000000088600000|  0%| F|  |TAMS 0x0000000088500000, 0x0000000088500000| Untracked 
| 134|0x0000000088600000, 0x0000000088600000, 0x0000000088700000|  0%| F|  |TAMS 0x0000000088600000, 0x0000000088600000| Untracked 
| 135|0x0000000088700000, 0x0000000088700000, 0x0000000088800000|  0%| F|  |TAMS 0x0000000088700000, 0x0000000088700000| Untracked 
| 136|0x0000000088800000, 0x0000000088800000, 0x0000000088900000|  0%| F|  |TAMS 0x0000000088800000, 0x0000000088800000| Untracked 
| 137|0x0000000088900000, 0x0000000088900000, 0x0000000088a00000|  0%| F|  |TAMS 0x0000000088900000, 0x0000000088900000| Untracked 
| 138|0x0000000088a00000, 0x0000000088a00000, 0x0000000088b00000|  0%| F|  |TAMS 0x0000000088a00000, 0x0000000088a00000| Untracked 
| 139|0x0000000088b00000, 0x0000000088b00000, 0x0000000088c00000|  0%| F|  |TAMS 0x0000000088b00000, 0x0000000088b00000| Untracked 
| 140|0x0000000088c00000, 0x0000000088ca38a0, 0x0000000088d00000| 63%| S|CS|TAMS 0x0000000088c00000, 0x0000000088c00000| Complete 
| 141|0x0000000088d00000, 0x0000000088d00000, 0x0000000088e00000|  0%| F|  |TAMS 0x0000000088d00000, 0x0000000088d00000| Untracked 
| 142|0x0000000088e00000, 0x0000000088e00000, 0x0000000088f00000|  0%| F|  |TAMS 0x0000000088e00000, 0x0000000088e00000| Untracked 
| 143|0x0000000088f00000, 0x0000000088f00000, 0x0000000089000000|  0%| F|  |TAMS 0x0000000088f00000, 0x0000000088f00000| Untracked 
| 144|0x0000000089000000, 0x0000000089000000, 0x0000000089100000|  0%| F|  |TAMS 0x0000000089000000, 0x0000000089000000| Untracked 
| 145|0x0000000089100000, 0x0000000089100000, 0x0000000089200000|  0%| F|  |TAMS 0x0000000089100000, 0x0000000089100000| Untracked 
| 146|0x0000000089200000, 0x0000000089200000, 0x0000000089300000|  0%| F|  |TAMS 0x0000000089200000, 0x0000000089200000| Untracked 
| 147|0x0000000089300000, 0x0000000089300000, 0x0000000089400000|  0%| F|  |TAMS 0x0000000089300000, 0x0000000089300000| Untracked 
| 148|0x0000000089400000, 0x0000000089400000, 0x0000000089500000|  0%| F|  |TAMS 0x0000000089400000, 0x0000000089400000| Untracked 
| 149|0x0000000089500000, 0x0000000089500000, 0x0000000089600000|  0%| F|  |TAMS 0x0000000089500000, 0x0000000089500000| Untracked 
| 150|0x0000000089600000, 0x0000000089600000, 0x0000000089700000|  0%| F|  |TAMS 0x0000000089600000, 0x0000000089600000| Untracked 
| 151|0x0000000089700000, 0x0000000089700000, 0x0000000089800000|  0%| F|  |TAMS 0x0000000089700000, 0x0000000089700000| Untracked 
| 152|0x0000000089800000, 0x0000000089800000, 0x0000000089900000|  0%| F|  |TAMS 0x0000000089800000, 0x0000000089800000| Untracked 
| 153|0x0000000089900000, 0x0000000089900000, 0x0000000089a00000|  0%| F|  |TAMS 0x0000000089900000, 0x0000000089900000| Untracked 
| 154|0x0000000089a00000, 0x0000000089a00000, 0x0000000089b00000|  0%| F|  |TAMS 0x0000000089a00000, 0x0000000089a00000| Untracked 
| 155|0x0000000089b00000, 0x0000000089b00000, 0x0000000089c00000|  0%| F|  |TAMS 0x0000000089b00000, 0x0000000089b00000| Untracked 
| 156|0x0000000089c00000, 0x0000000089c00000, 0x0000000089d00000|  0%| F|  |TAMS 0x0000000089c00000, 0x0000000089c00000| Untracked 
| 157|0x0000000089d00000, 0x0000000089d00000, 0x0000000089e00000|  0%| F|  |TAMS 0x0000000089d00000, 0x0000000089d00000| Untracked 

Card table byte_map: [0x000001c8fe620000,0x000001c8fea20000] _byte_map_base: 0x000001c8fe220000

Marking Bits (Prev, Next): (CMBitMap*) 0x000001c8f8949f70, (CMBitMap*) 0x000001c8f8949fb0
 Prev Bits: [0x000001c88f000000, 0x000001c891000000)
 Next Bits: [0x000001c891000000, 0x000001c893000000)

Polling page: 0x000001c8fd560000

Metaspace:

Usage:
  Non-class:     74.08 MB used.
      Class:     11.66 MB used.
       Both:     85.73 MB used.

Virtual space:
  Non-class space:       80.00 MB reserved,      74.50 MB ( 93%) committed,  10 nodes.
      Class space:        1.00 GB reserved,      12.00 MB (  1%) committed,  1 nodes.
             Both:        1.08 GB reserved,      86.50 MB (  8%) committed. 

Chunk freelists:
   Non-Class:  1.48 MB
       Class:  63.00 KB
        Both:  1.55 MB

MaxMetaspaceSize: unlimited
CompressedClassSpaceSize: 1.00 GB
Initial GC threshold: 21.00 MB
Current GC threshold: 141.69 MB
CDS: off
MetaspaceReclaimPolicy: balanced
 - commit_granule_bytes: 65536.
 - commit_granule_words: 8192.
 - virtual_space_node_default_size: 1048576.
 - enlarge_chunks_in_place: 1.
 - new_chunks_are_fully_committed: 0.
 - uncommit_free_chunks: 1.
 - use_allocation_guard: 0.
 - handle_deallocations: 1.


Internal statistics:

num_allocs_failed_limit: 6.
num_arena_births: 784.
num_arena_deaths: 0.
num_vsnodes_births: 11.
num_vsnodes_deaths: 0.
num_space_committed: 1384.
num_space_uncommitted: 0.
num_chunks_returned_to_freelist: 6.
num_chunks_taken_from_freelist: 3896.
num_chunk_merges: 6.
num_chunk_splits: 2647.
num_chunks_enlarged: 1827.
num_purges: 0.
num_inconsistent_stats: 0.

CodeHeap 'non-profiled nmethods': size=120000Kb used=5267Kb max_used=5267Kb free=114732Kb
 bounds [0x000001c887ad0000, 0x000001c888000000, 0x000001c88f000000]
CodeHeap 'profiled nmethods': size=120000Kb used=15639Kb max_used=15639Kb free=104361Kb
 bounds [0x000001c880000000, 0x000001c880f50000, 0x000001c887530000]
CodeHeap 'non-nmethods': size=5760Kb used=2381Kb max_used=2445Kb free=3378Kb
 bounds [0x000001c887530000, 0x000001c8877a0000, 0x000001c887ad0000]
 total_blobs=8917 nmethods=8006 adapters=823
 compilation: enabled
              stopped_count=0, restarted_count=0
 full_count=0

Compilation events (20 events):
Event: 9.904 Thread 0x000001c8ffbdd060 8875       1       org.gradle.api.services.internal.BuildServiceDetails::getImplementationType (5 bytes)
Event: 9.905 Thread 0x000001c8ffbdd060 nmethod 8875 0x000001c887ff3190 code [0x000001c887ff3320, 0x000001c887ff33f8]
Event: 9.905 Thread 0x000001c8ffbb9fd0 8876       4       org.gradle.internal.instantiation.generator.AbstractClassGenerator$ClassGenerationHandler::startType (1 bytes)
Event: 9.905 Thread 0x000001c8ffbb9fd0 nmethod 8876 0x000001c887ff3490 code [0x000001c887ff3600, 0x000001c887ff3678]
Event: 9.906 Thread 0x000001c8992f1380 nmethod 8874 0x000001c887ff3790 code [0x000001c887ff3980, 0x000001c887ff41f8]
Event: 9.908 Thread 0x000001c8ffbdd060 8878       3       java.lang.reflect.Field::setFieldAccessor (34 bytes)
Event: 9.908 Thread 0x000001c8ffbdd060 nmethod 8878 0x000001c880f3cb10 code [0x000001c880f3cce0, 0x000001c880f3d108]
Event: 9.908 Thread 0x000001c8ffbdd060 8877       1       java.lang.reflect.Field::getRoot (5 bytes)
Event: 9.908 Thread 0x000001c8ffbdd060 nmethod 8877 0x000001c887ff4690 code [0x000001c887ff4820, 0x000001c887ff48f8]
Event: 9.909 Thread 0x000001c8ffbdd060 8879       1       com.android.builder.core.ComponentTypeImpl::isForTesting (5 bytes)
Event: 9.909 Thread 0x000001c8ffbdd060 nmethod 8879 0x000001c887ff4990 code [0x000001c887ff4b20, 0x000001c887ff4bf8]
Event: 9.909 Thread 0x000001c8ffbdd060 8880       3       org.gradle.api.internal.file.AbstractFileResolver::resolve (9 bytes)
Event: 9.909 Thread 0x000001c8ffbdd060 nmethod 8880 0x000001c880f3d210 code [0x000001c880f3d3e0, 0x000001c880f3d788]
Event: 9.909 Thread 0x000001c8ffbdd060 8881       3       org.gradle.api.internal.file.AbstractFileResolver::resolve (19 bytes)
Event: 9.909 Thread 0x000001c8992f1380 8884       4       org.gradle.tooling.internal.provider.runner.ClientBuildEventGenerator::started (168 bytes)
Event: 9.909 Thread 0x000001c8ffbdd060 nmethod 8881 0x000001c880f3d910 code [0x000001c880f3dac0, 0x000001c880f3dd88]
Event: 9.909 Thread 0x000001c8ffbdd060 8882       3       org.gradle.api.internal.file.AbstractFileResolver::convertObjectToFile (55 bytes)
Event: 9.910 Thread 0x000001c8ffbdd060 nmethod 8882 0x000001c880f3de90 code [0x000001c880f3e140, 0x000001c880f3eff8]
Event: 9.910 Thread 0x000001c8ffbdd060 8883       3       org.gradle.api.internal.file.AbstractFileResolver::validate (184 bytes)
Event: 9.913 Thread 0x000001c8ffbdd060 nmethod 8883 0x000001c880f3f490 code [0x000001c880f3fc40, 0x000001c880f44648]

GC Heap History (20 events):
Event: 6.510 GC heap after
{Heap after GC invocations=26 (full 0):
 garbage-first heap   total 122880K, used 61900K [0x0000000080000000, 0x0000000100000000)
  region size 1024K, 4 young (4096K), 4 survivors (4096K)
 Metaspace       used 65758K, committed 66240K, reserved 1114112K
  class space    used 8642K, committed 8832K, reserved 1048576K
}
Event: 6.533 GC heap before
{Heap before GC invocations=26 (full 0):
 garbage-first heap   total 122880K, used 63948K [0x0000000080000000, 0x0000000100000000)
  region size 1024K, 6 young (6144K), 4 survivors (4096K)
 Metaspace       used 65905K, committed 66368K, reserved 1114112K
  class space    used 8661K, committed 8832K, reserved 1048576K
}
Event: 6.536 GC heap after
{Heap after GC invocations=27 (full 0):
 garbage-first heap   total 147456K, used 62020K [0x0000000080000000, 0x0000000100000000)
  region size 1024K, 1 young (1024K), 1 survivors (1024K)
 Metaspace       used 65905K, committed 66368K, reserved 1114112K
  class space    used 8661K, committed 8832K, reserved 1048576K
}
Event: 7.091 GC heap before
{Heap before GC invocations=27 (full 0):
 garbage-first heap   total 147456K, used 102980K [0x0000000080000000, 0x0000000100000000)
  region size 1024K, 41 young (41984K), 1 survivors (1024K)
 Metaspace       used 70027K, committed 70592K, reserved 1114112K
  class space    used 9192K, committed 9472K, reserved 1048576K
}
Event: 7.094 GC heap after
{Heap after GC invocations=28 (full 0):
 garbage-first heap   total 147456K, used 64029K [0x0000000080000000, 0x0000000100000000)
  region size 1024K, 3 young (3072K), 3 survivors (3072K)
 Metaspace       used 70027K, committed 70592K, reserved 1114112K
  class space    used 9192K, committed 9472K, reserved 1048576K
}
Event: 7.515 GC heap before
{Heap before GC invocations=28 (full 0):
 garbage-first heap   total 147456K, used 108061K [0x0000000080000000, 0x0000000100000000)
  region size 1024K, 46 young (47104K), 3 survivors (3072K)
 Metaspace       used 72327K, committed 72896K, reserved 1114112K
  class space    used 9531K, committed 9792K, reserved 1048576K
}
Event: 7.520 GC heap after
{Heap after GC invocations=29 (full 0):
 garbage-first heap   total 147456K, used 67865K [0x0000000080000000, 0x0000000100000000)
  region size 1024K, 6 young (6144K), 6 survivors (6144K)
 Metaspace       used 72327K, committed 72896K, reserved 1114112K
  class space    used 9531K, committed 9792K, reserved 1048576K
}
Event: 7.881 GC heap before
{Heap before GC invocations=29 (full 0):
 garbage-first heap   total 147456K, used 110873K [0x0000000080000000, 0x0000000100000000)
  region size 1024K, 48 young (49152K), 6 survivors (6144K)
 Metaspace       used 73989K, committed 74624K, reserved 1114112K
  class space    used 9741K, committed 10048K, reserved 1048576K
}
Event: 7.886 GC heap after
{Heap after GC invocations=30 (full 0):
 garbage-first heap   total 147456K, used 71711K [0x0000000080000000, 0x0000000100000000)
  region size 1024K, 4 young (4096K), 4 survivors (4096K)
 Metaspace       used 73989K, committed 74624K, reserved 1114112K
  class space    used 9741K, committed 10048K, reserved 1048576K
}
Event: 8.574 GC heap before
{Heap before GC invocations=30 (full 0):
 garbage-first heap   total 147456K, used 113695K [0x0000000080000000, 0x0000000100000000)
  region size 1024K, 45 young (46080K), 4 survivors (4096K)
 Metaspace       used 78872K, committed 79552K, reserved 1122304K
  class space    used 10636K, committed 10944K, reserved 1048576K
}
Event: 8.578 GC heap after
{Heap after GC invocations=31 (full 0):
 garbage-first heap   total 147456K, used 74547K [0x0000000080000000, 0x0000000100000000)
  region size 1024K, 3 young (3072K), 3 survivors (3072K)
 Metaspace       used 78872K, committed 79552K, reserved 1122304K
  class space    used 10636K, committed 10944K, reserved 1048576K
}
Event: 9.092 GC heap before
{Heap before GC invocations=32 (full 0):
 garbage-first heap   total 147456K, used 116531K [0x0000000080000000, 0x0000000100000000)
  region size 1024K, 44 young (45056K), 3 survivors (3072K)
 Metaspace       used 84078K, committed 84736K, reserved 1122304K
  class space    used 11367K, committed 11648K, reserved 1048576K
}
Event: 9.096 GC heap after
{Heap after GC invocations=33 (full 0):
 garbage-first heap   total 147456K, used 76797K [0x0000000080000000, 0x0000000100000000)
  region size 1024K, 5 young (5120K), 5 survivors (5120K)
 Metaspace       used 84078K, committed 84736K, reserved 1122304K
  class space    used 11367K, committed 11648K, reserved 1048576K
}
Event: 9.113 GC heap before
{Heap before GC invocations=33 (full 0):
 garbage-first heap   total 147456K, used 78845K [0x0000000080000000, 0x0000000100000000)
  region size 1024K, 7 young (7168K), 5 survivors (5120K)
 Metaspace       used 84078K, committed 84736K, reserved 1122304K
  class space    used 11367K, committed 11648K, reserved 1048576K
}
Event: 9.118 GC heap after
{Heap after GC invocations=34 (full 0):
 garbage-first heap   total 147456K, used 77065K [0x0000000080000000, 0x0000000100000000)
  region size 1024K, 1 young (1024K), 1 survivors (1024K)
 Metaspace       used 84078K, committed 84736K, reserved 1122304K
  class space    used 11367K, committed 11648K, reserved 1048576K
}
Event: 9.518 GC heap before
{Heap before GC invocations=34 (full 0):
 garbage-first heap   total 147456K, used 118025K [0x0000000080000000, 0x0000000100000000)
  region size 1024K, 41 young (41984K), 1 survivors (1024K)
 Metaspace       used 86335K, committed 87040K, reserved 1130496K
  class space    used 11713K, committed 12032K, reserved 1048576K
}
Event: 9.521 GC heap after
{Heap after GC invocations=35 (full 0):
 garbage-first heap   total 147456K, used 79938K [0x0000000080000000, 0x0000000100000000)
  region size 1024K, 4 young (4096K), 4 survivors (4096K)
 Metaspace       used 86335K, committed 87040K, reserved 1130496K
  class space    used 11713K, committed 12032K, reserved 1048576K
}
Event: 9.870 GC heap before
{Heap before GC invocations=36 (full 0):
 garbage-first heap   total 147456K, used 118850K [0x0000000080000000, 0x0000000100000000)
  region size 1024K, 42 young (43008K), 4 survivors (4096K)
 Metaspace       used 87538K, committed 88256K, reserved 1130496K
  class space    used 11904K, committed 12224K, reserved 1048576K
}
Event: 9.874 GC heap after
{Heap after GC invocations=37 (full 0):
 garbage-first heap   total 147456K, used 83061K [0x0000000080000000, 0x0000000100000000)
  region size 1024K, 4 young (4096K), 4 survivors (4096K)
 Metaspace       used 87538K, committed 88256K, reserved 1130496K
  class space    used 11904K, committed 12224K, reserved 1048576K
}
Event: 9.914 GC heap before
{Heap before GC invocations=37 (full 0):
 garbage-first heap   total 147456K, used 85109K [0x0000000080000000, 0x0000000100000000)
  region size 1024K, 7 young (7168K), 4 survivors (4096K)
 Metaspace       used 87790K, committed 88576K, reserved 1130496K
  class space    used 11936K, committed 12288K, reserved 1048576K
}

Dll operation events (2 events):
Event: 0.006 Loaded shared library C:\Program Files\Android\Android Studio\jbr\bin\java.dll
Event: 0.322 Loaded shared library C:\Program Files\Android\Android Studio\jbr\bin\verify.dll

Deoptimization events (20 events):
Event: 9.736 Thread 0x000001c89643fb50 Uncommon trap: trap_request=0xffffff45 fr.pc=0x000001c887d6d31c relative=0x0000000000000c1c
Event: 9.736 Thread 0x000001c89643fb50 Uncommon trap: reason=unstable_if action=reinterpret pc=0x000001c887d6d31c method=com.esotericsoftware.kryo.io.Input.readString()Ljava/lang/String; @ 28 c2
Event: 9.736 Thread 0x000001c89643fb50 DEOPT PACKING pc=0x000001c887d6d31c sp=0x0000005f408f8a00
Event: 9.736 Thread 0x000001c89643fb50 DEOPT UNPACKING pc=0x000001c8875869a3 sp=0x0000005f408f89d8 mode 2
Event: 9.737 Thread 0x000001c89643fb50 Uncommon trap: trap_request=0xffffff45 fr.pc=0x000001c887d51458 relative=0x00000000000001b8
Event: 9.737 Thread 0x000001c89643fb50 Uncommon trap: reason=unstable_if action=reinterpret pc=0x000001c887d51458 method=com.esotericsoftware.kryo.io.Input.require(I)I @ 65 c2
Event: 9.738 Thread 0x000001c89643fb50 DEOPT PACKING pc=0x000001c887d51458 sp=0x0000005f408f8970
Event: 9.738 Thread 0x000001c89643fb50 DEOPT UNPACKING pc=0x000001c8875869a3 sp=0x0000005f408f8920 mode 2
Event: 9.755 Thread 0x000001c89643fb50 Uncommon trap: trap_request=0xfffffff4 fr.pc=0x000001c887fd1134 relative=0x0000000000000c74
Event: 9.755 Thread 0x000001c89643fb50 Uncommon trap: reason=null_check action=make_not_entrant pc=0x000001c887fd1134 method=org.gradle.tooling.internal.provider.runner.ClientBuildEventGenerator$Disabled.accept(Lorg/gradle/internal/operations/BuildOperationDescriptor;)Lorg/gradle/tooling/inter
Event: 9.755 Thread 0x000001c89643fb50 DEOPT PACKING pc=0x000001c887fd1134 sp=0x0000005f408f9480
Event: 9.755 Thread 0x000001c89643fb50 DEOPT UNPACKING pc=0x000001c8875869a3 sp=0x0000005f408f93c8 mode 2
Event: 9.756 Thread 0x000001c89643fb50 Uncommon trap: trap_request=0xfffffff4 fr.pc=0x000001c887d67c88 relative=0x00000000000006a8
Event: 9.756 Thread 0x000001c89643fb50 Uncommon trap: reason=null_check action=make_not_entrant pc=0x000001c887d67c88 method=org.gradle.util.internal.SimpleMapInterner.intern(Ljava/lang/Object;)Ljava/lang/Object; @ 2 c2
Event: 9.756 Thread 0x000001c89643fb50 DEOPT PACKING pc=0x000001c887d67c88 sp=0x0000005f408f8b20
Event: 9.756 Thread 0x000001c89643fb50 DEOPT UNPACKING pc=0x000001c8875869a3 sp=0x0000005f408f8ae8 mode 2
Event: 9.773 Thread 0x000001c89643fb50 Uncommon trap: trap_request=0xffffff45 fr.pc=0x000001c887c5bfdc relative=0x000000000000005c
Event: 9.773 Thread 0x000001c89643fb50 Uncommon trap: reason=unstable_if action=reinterpret pc=0x000001c887c5bfdc method=java.util.Objects.equals(Ljava/lang/Object;Ljava/lang/Object;)Z @ 6 c2
Event: 9.773 Thread 0x000001c89643fb50 DEOPT PACKING pc=0x000001c887c5bfdc sp=0x0000005f408fa740
Event: 9.773 Thread 0x000001c89643fb50 DEOPT UNPACKING pc=0x000001c8875869a3 sp=0x0000005f408fa6e0 mode 2

Classes unloaded (0 events):
No events

Classes redefined (0 events):
No events

Internal exceptions (20 events):
Event: 9.649 Thread 0x000001c89643fb50 Exception <a 'java/lang/ClassNotFoundException'{0x00000000878f5600}: org/gradle/api/internal/file/DefaultFilePropertyFactory$DefaultDirectoryVarCustomizer> (0x00000000878f5600) 
thrown [s\src\hotspot\share\classfile\systemDictionary.cpp, line 256]
Event: 9.652 Thread 0x000001c89643fb50 Exception <a 'java/lang/ClassNotFoundException'{0x00000000877450a0}: org/gradle/api/internal/model/DefaultObjectFactoryBeanInfo> (0x00000000877450a0) 
thrown [s\src\hotspot\share\classfile\systemDictionary.cpp, line 256]
Event: 9.652 Thread 0x000001c89643fb50 Exception <a 'java/lang/ClassNotFoundException'{0x00000000877535d0}: org/gradle/api/internal/model/DefaultObjectFactoryCustomizer> (0x00000000877535d0) 
thrown [s\src\hotspot\share\classfile\systemDictionary.cpp, line 256]
Event: 9.659 Thread 0x000001c89643fb50 Exception <a 'java/lang/ClassNotFoundException'{0x00000000877b0600}: org/gradle/api/internal/file/DefaultFilePropertyFactory$DefaultRegularFileVarBeanInfo> (0x00000000877b0600) 
thrown [s\src\hotspot\share\classfile\systemDictionary.cpp, line 256]
Event: 9.660 Thread 0x000001c89643fb50 Exception <a 'java/lang/ClassNotFoundException'{0x00000000877be948}: org/gradle/api/internal/file/DefaultFilePropertyFactory$DefaultRegularFileVarCustomizer> (0x00000000877be948) 
thrown [s\src\hotspot\share\classfile\systemDictionary.cpp, line 256]
Event: 9.667 Thread 0x000001c89643fb50 Exception <a 'java/lang/ClassNotFoundException'{0x00000000876b42a0}: org/gradle/api/internal/file/collections/DefaultConfigurableFileCollectionBeanInfo> (0x00000000876b42a0) 
thrown [s\src\hotspot\share\classfile\systemDictionary.cpp, line 256]
Event: 9.668 Thread 0x000001c89643fb50 Exception <a 'java/lang/ClassNotFoundException'{0x00000000876c2568}: org/gradle/api/internal/file/CompositeFileCollectionBeanInfo> (0x00000000876c2568) 
thrown [s\src\hotspot\share\classfile\systemDictionary.cpp, line 256]
Event: 9.668 Thread 0x000001c89643fb50 Exception <a 'java/lang/ClassNotFoundException'{0x00000000876d0a98}: org/gradle/api/internal/file/CompositeFileCollectionCustomizer> (0x00000000876d0a98) 
thrown [s\src\hotspot\share\classfile\systemDictionary.cpp, line 256]
Event: 9.669 Thread 0x000001c89643fb50 Exception <a 'java/lang/ClassNotFoundException'{0x00000000876e79b0}: org/gradle/api/internal/file/collections/DefaultConfigurableFileCollectionCustomizer> (0x00000000876e79b0) 
thrown [s\src\hotspot\share\classfile\systemDictionary.cpp, line 256]
Event: 9.672 Thread 0x000001c89643fb50 Exception <a 'java/lang/reflect/InvocationTargetException'{0x00000000875168c0}> (0x00000000875168c0) 
thrown [s\src\hotspot\share\runtime\reflection.cpp, line 1127]
Event: 9.673 Thread 0x000001c89643fb50 Exception <a 'java/lang/reflect/InvocationTargetException'{0x000000008751a688}> (0x000000008751a688) 
thrown [s\src\hotspot\share\runtime\reflection.cpp, line 1127]
Event: 9.673 Thread 0x000001c89643fb50 Exception <a 'java/lang/reflect/InvocationTargetException'{0x000000008751e3c8}> (0x000000008751e3c8) 
thrown [s\src\hotspot\share\runtime\reflection.cpp, line 1127]
Event: 9.673 Thread 0x000001c89643fb50 Exception <a 'java/lang/reflect/InvocationTargetException'{0x00000000875221b0}> (0x00000000875221b0) 
thrown [s\src\hotspot\share\runtime\reflection.cpp, line 1127]
Event: 9.673 Thread 0x000001c89643fb50 Exception <a 'java/lang/reflect/InvocationTargetException'{0x0000000087525fe0}> (0x0000000087525fe0) 
thrown [s\src\hotspot\share\runtime\reflection.cpp, line 1127]
Event: 9.682 Thread 0x000001c89643fb50 Implicit null exception at 0x000001c887ee775a to 0x000001c887ee7f10
Event: 9.682 Thread 0x000001c89643fb50 Implicit null exception at 0x000001c887ee775a to 0x000001c887ee7f10
Event: 9.683 Thread 0x000001c89643fb50 Implicit null exception at 0x000001c887ee775a to 0x000001c887ee7f10
Event: 9.683 Thread 0x000001c89643fb50 Implicit null exception at 0x000001c887ee775a to 0x000001c887ee7f10
Event: 9.755 Thread 0x000001c89643fb50 Implicit null exception at 0x000001c887fd0a00 to 0x000001c887fd1119
Event: 9.756 Thread 0x000001c89643fb50 Implicit null exception at 0x000001c887d67612 to 0x000001c887d67c78

VM Operations (20 events):
Event: 9.323 Executing VM operation: HandshakeAllThreads done
Event: 9.391 Executing VM operation: HandshakeAllThreads
Event: 9.391 Executing VM operation: HandshakeAllThreads done
Event: 9.478 Executing VM operation: HandshakeAllThreads
Event: 9.478 Executing VM operation: HandshakeAllThreads done
Event: 9.517 Executing VM operation: G1CollectForAllocation
Event: 9.521 Executing VM operation: G1CollectForAllocation done
Event: 9.552 Executing VM operation: G1Concurrent
Event: 9.556 Executing VM operation: G1Concurrent done
Event: 9.575 Executing VM operation: G1Concurrent
Event: 9.575 Executing VM operation: G1Concurrent done
Event: 9.613 Executing VM operation: HandshakeAllThreads
Event: 9.613 Executing VM operation: HandshakeAllThreads done
Event: 9.628 Executing VM operation: HandshakeAllThreads
Event: 9.628 Executing VM operation: HandshakeAllThreads done
Event: 9.846 Executing VM operation: ICBufferFull
Event: 9.846 Executing VM operation: ICBufferFull done
Event: 9.870 Executing VM operation: G1CollectForAllocation
Event: 9.874 Executing VM operation: G1CollectForAllocation done
Event: 9.914 Executing VM operation: G1CollectForAllocation

Events (20 events):
Event: 9.581 loading class java/lang/AbstractStringBuilderCustomizer
Event: 9.581 loading class java/lang/AbstractStringBuilderCustomizer done
Event: 9.582 loading class java/lang/AbstractStringBuilderCustomizer
Event: 9.582 loading class java/lang/AbstractStringBuilderCustomizer done
Event: 9.588 loading class java/lang/StringBuilderCustomizer
Event: 9.588 loading class java/lang/StringBuilderCustomizer done
Event: 9.588 loading class java/lang/StringBuilderCustomizer
Event: 9.588 loading class java/lang/StringBuilderCustomizer done
Event: 9.645 loading class java/io/FileBeanInfo
Event: 9.645 loading class java/io/FileBeanInfo done
Event: 9.645 loading class java/io/FileBeanInfo
Event: 9.645 loading class java/io/FileBeanInfo done
Event: 9.645 loading class java/io/FileCustomizer
Event: 9.645 loading class java/io/FileCustomizer done
Event: 9.645 loading class java/io/FileCustomizer
Event: 9.645 loading class java/io/FileCustomizer done
Event: 9.681 loading class java/nio/channels/Channels$1
Event: 9.681 loading class java/nio/channels/Channels$1 done
Event: 9.804 loading class java/util/zip/ZipOutputStream
Event: 9.805 loading class java/util/zip/ZipOutputStream done


Dynamic libraries:
0x00007ff6f4350000 - 0x00007ff6f435a000 	C:\Program Files\Android\Android Studio\jbr\bin\java.exe
0x00007ff8311f0000 - 0x00007ff831404000 	C:\WINDOWS\SYSTEM32\ntdll.dll
0x00007ff82f7e0000 - 0x00007ff82f8a2000 	C:\WINDOWS\System32\KERNEL32.DLL
0x00007ff82ea80000 - 0x00007ff82ee23000 	C:\WINDOWS\System32\KERNELBASE.dll
0x00007ff82e610000 - 0x00007ff82e721000 	C:\WINDOWS\System32\ucrtbase.dll
0x00007ff80bd20000 - 0x00007ff80bd37000 	C:\Program Files\Android\Android Studio\jbr\bin\jli.dll
0x00007ff80b240000 - 0x00007ff80b25b000 	C:\Program Files\Android\Android Studio\jbr\bin\VCRUNTIME140.dll
0x00007ff82f8b0000 - 0x00007ff82fa5b000 	C:\WINDOWS\System32\USER32.dll
0x00007ff82efc0000 - 0x00007ff82efe6000 	C:\WINDOWS\System32\win32u.dll
0x00007ff814f30000 - 0x00007ff8151be000 	C:\WINDOWS\WinSxS\amd64_microsoft.windows.common-controls_6595b64144ccf1df_6.0.22621.1635_none_270f70857386168e\COMCTL32.dll
0x00007ff82fc00000 - 0x00007ff82fc29000 	C:\WINDOWS\System32\GDI32.dll
0x00007ff82e730000 - 0x00007ff82e848000 	C:\WINDOWS\System32\gdi32full.dll
0x00007ff82f600000 - 0x00007ff82f6a7000 	C:\WINDOWS\System32\msvcrt.dll
0x00007ff82ee30000 - 0x00007ff82eeca000 	C:\WINDOWS\System32\msvcp_win.dll
0x00007ff82eff0000 - 0x00007ff82f021000 	C:\WINDOWS\System32\IMM32.DLL
0x00007ff80be10000 - 0x00007ff80be1c000 	C:\Program Files\Android\Android Studio\jbr\bin\vcruntime140_1.dll
0x00007ff802440000 - 0x00007ff8024cd000 	C:\Program Files\Android\Android Studio\jbr\bin\msvcp140.dll
0x00007fffe3500000 - 0x00007fffe416d000 	C:\Program Files\Android\Android Studio\jbr\bin\server\jvm.dll
0x00007ff831100000 - 0x00007ff8311ae000 	C:\WINDOWS\System32\ADVAPI32.dll
0x00007ff82f3a0000 - 0x00007ff82f444000 	C:\WINDOWS\System32\sechost.dll
0x00007ff830f60000 - 0x00007ff831077000 	C:\WINDOWS\System32\RPCRT4.dll
0x00007ff826ed0000 - 0x00007ff826f04000 	C:\WINDOWS\SYSTEM32\WINMM.dll
0x00007ff82b590000 - 0x00007ff82b599000 	C:\WINDOWS\SYSTEM32\WSOCK32.dll
0x00007ff826af0000 - 0x00007ff826afa000 	C:\WINDOWS\SYSTEM32\VERSION.dll
0x00007ff82f030000 - 0x00007ff82f0a1000 	C:\WINDOWS\System32\WS2_32.dll
0x00007ff82d630000 - 0x00007ff82d648000 	C:\WINDOWS\SYSTEM32\kernel.appcore.dll
0x00007ff82b4a0000 - 0x00007ff82b4aa000 	C:\Program Files\Android\Android Studio\jbr\bin\jimage.dll
0x00007ff82c090000 - 0x00007ff82c2be000 	C:\WINDOWS\SYSTEM32\DBGHELP.DLL
0x00007ff82fd50000 - 0x00007ff8300d9000 	C:\WINDOWS\System32\combase.dll
0x00007ff830140000 - 0x00007ff830217000 	C:\WINDOWS\System32\OLEAUT32.dll
0x00007ff81bed0000 - 0x00007ff81bf02000 	C:\WINDOWS\SYSTEM32\dbgcore.DLL
0x00007ff82eed0000 - 0x00007ff82ef4b000 	C:\WINDOWS\System32\bcryptPrimitives.dll
0x00007ff8245d0000 - 0x00007ff8245f5000 	C:\Program Files\Android\Android Studio\jbr\bin\java.dll
0x00007ff829430000 - 0x00007ff829448000 	C:\Program Files\Android\Android Studio\jbr\bin\zip.dll
0x00007ff830760000 - 0x00007ff830f5a000 	C:\WINDOWS\System32\SHELL32.dll
0x00007ff82c5c0000 - 0x00007ff82ce8e000 	C:\WINDOWS\SYSTEM32\windows.storage.dll
0x00007ff82c480000 - 0x00007ff82c5be000 	C:\WINDOWS\SYSTEM32\wintypes.dll
0x00007ff82f500000 - 0x00007ff82f5f1000 	C:\WINDOWS\System32\SHCORE.dll
0x00007ff830220000 - 0x00007ff83027e000 	C:\WINDOWS\System32\shlwapi.dll
0x00007ff82e540000 - 0x00007ff82e561000 	C:\WINDOWS\SYSTEM32\profapi.dll
0x00007ff8293f0000 - 0x00007ff829409000 	C:\Program Files\Android\Android Studio\jbr\bin\net.dll
0x00007ff826820000 - 0x00007ff826957000 	C:\WINDOWS\SYSTEM32\WINHTTP.dll
0x00007ff82dab0000 - 0x00007ff82db19000 	C:\WINDOWS\system32\mswsock.dll
0x00007ff8273e0000 - 0x00007ff8273f6000 	C:\Program Files\Android\Android Studio\jbr\bin\nio.dll
0x00007ff827ac0000 - 0x00007ff827ad0000 	C:\Program Files\Android\Android Studio\jbr\bin\verify.dll
0x00007ff80ef60000 - 0x00007ff80ef87000 	C:\Users\panji\.gradle\native\68d5fa5c4cc2d200863cafc0d521ce42e7d3e7ee720ec0a83991735586a16f82\windows-amd64\native-platform.dll
0x00007ff80ba30000 - 0x00007ff80bb74000 	C:\Users\panji\.gradle\native\e376f236ea51e6404a007f0833ffe2c6e607c4080706a723a18a27aeea778392\windows-amd64\native-platform-file-events.dll
0x00007ff82b490000 - 0x00007ff82b499000 	C:\Program Files\Android\Android Studio\jbr\bin\management.dll
0x00007ff828bc0000 - 0x00007ff828bcb000 	C:\Program Files\Android\Android Studio\jbr\bin\management_ext.dll
0x00007ff830130000 - 0x00007ff830138000 	C:\WINDOWS\System32\PSAPI.DLL
0x00007ff82dd40000 - 0x00007ff82dd5b000 	C:\WINDOWS\SYSTEM32\CRYPTSP.dll
0x00007ff82d5a0000 - 0x00007ff82d5d5000 	C:\WINDOWS\system32\rsaenh.dll
0x00007ff82dbd0000 - 0x00007ff82dbf8000 	C:\WINDOWS\SYSTEM32\USERENV.dll
0x00007ff82ded0000 - 0x00007ff82def8000 	C:\WINDOWS\SYSTEM32\bcrypt.dll
0x00007ff82dd30000 - 0x00007ff82dd3c000 	C:\WINDOWS\SYSTEM32\CRYPTBASE.dll
0x00007ff82d0f0000 - 0x00007ff82d11d000 	C:\WINDOWS\SYSTEM32\IPHLPAPI.DLL
0x00007ff82f0b0000 - 0x00007ff82f0b9000 	C:\WINDOWS\System32\NSI.dll
0x00007ff826e10000 - 0x00007ff826e29000 	C:\WINDOWS\SYSTEM32\dhcpcsvc6.DLL
0x00007ff826b00000 - 0x00007ff826b1f000 	C:\WINDOWS\SYSTEM32\dhcpcsvc.DLL
0x00007ff82d160000 - 0x00007ff82d253000 	C:\WINDOWS\SYSTEM32\DNSAPI.dll
0x00007ff81e910000 - 0x00007ff81e918000 	C:\WINDOWS\system32\wshunix.dll
0x00007ff817820000 - 0x00007ff817837000 	C:\WINDOWS\system32\napinsp.dll
0x00007ff8151d0000 - 0x00007ff8151eb000 	C:\WINDOWS\system32\pnrpnsp.dll
0x00007ff814ee0000 - 0x00007ff814ef1000 	C:\WINDOWS\System32\winrnr.dll
0x00007ff8114e0000 - 0x00007ff8114f5000 	C:\WINDOWS\system32\wshbth.dll
0x00007ff8114b0000 - 0x00007ff8114d1000 	C:\WINDOWS\system32\nlansp_c.dll
0x00007ff821e20000 - 0x00007ff821e2a000 	C:\Windows\System32\rasadhlp.dll
0x00007ff824bd0000 - 0x00007ff824c54000 	C:\WINDOWS\System32\fwpuclnt.dll

dbghelp: loaded successfully - version: 4.0.5 - missing functions: none
symbol engine: initialized successfully - sym options: 0x614 - pdb path: .;C:\Program Files\Android\Android Studio\jbr\bin;C:\WINDOWS\SYSTEM32;C:\WINDOWS\WinSxS\amd64_microsoft.windows.common-controls_6595b64144ccf1df_6.0.22621.1635_none_270f70857386168e;C:\Program Files\Android\Android Studio\jbr\bin\server;C:\Users\panji\.gradle\native\68d5fa5c4cc2d200863cafc0d521ce42e7d3e7ee720ec0a83991735586a16f82\windows-amd64;C:\Users\panji\.gradle\native\e376f236ea51e6404a007f0833ffe2c6e607c4080706a723a18a27aeea778392\windows-amd64

VM Arguments:
jvm_args: --add-opens=java.base/java.util=ALL-UNNAMED --add-opens=java.base/java.lang=ALL-UNNAMED --add-opens=java.base/java.lang.invoke=ALL-UNNAMED --add-opens=java.prefs/java.util.prefs=ALL-UNNAMED --add-opens=java.base/java.nio.charset=ALL-UNNAMED --add-opens=java.base/java.net=ALL-UNNAMED --add-opens=java.base/java.util.concurrent.atomic=ALL-UNNAMED -Xmx2048m -Dfile.encoding=UTF-8 -Duser.country=US -Duser.language=en -Duser.variant 
java_command: org.gradle.launcher.daemon.bootstrap.GradleDaemon 8.0
java_class_path (initial): C:\Users\panji\.gradle\wrapper\dists\gradle-8.0-bin\ca5e32bp14vu59qr306oxotwh\gradle-8.0\lib\gradle-launcher-8.0.jar
Launcher Type: SUN_STANDARD

[Global flags]
     intx CICompilerCount                          = 4                                         {product} {ergonomic}
     uint ConcGCThreads                            = 3                                         {product} {ergonomic}
     uint G1ConcRefinementThreads                  = 10                                        {product} {ergonomic}
   size_t G1HeapRegionSize                         = 1048576                                   {product} {ergonomic}
    uintx GCDrainStackTargetSize                   = 64                                        {product} {ergonomic}
   size_t InitialHeapSize                          = 165675008                                 {product} {ergonomic}
   size_t MarkStackSize                            = 4194304                                   {product} {ergonomic}
   size_t MaxHeapSize                              = 2147483648                                {product} {command line}
   size_t MaxNewSize                               = 1287651328                                {product} {ergonomic}
   size_t MinHeapDeltaBytes                        = 1048576                                   {product} {ergonomic}
   size_t MinHeapSize                              = 8388608                                   {product} {ergonomic}
    uintx NonNMethodCodeHeapSize                   = 5839372                                {pd product} {ergonomic}
    uintx NonProfiledCodeHeapSize                  = 122909434                              {pd product} {ergonomic}
    uintx ProfiledCodeHeapSize                     = 122909434                              {pd product} {ergonomic}
    uintx ReservedCodeCacheSize                    = 251658240                              {pd product} {ergonomic}
     bool SegmentedCodeCache                       = true                                      {product} {ergonomic}
   size_t SoftMaxHeapSize                          = 2147483648                             {manageable} {ergonomic}
     bool UseCompressedClassPointers               = true                           {product lp64_product} {ergonomic}
     bool UseCompressedOops                        = true                           {product lp64_product} {ergonomic}
     bool UseG1GC                                  = true                                      {product} {ergonomic}
     bool UseLargePagesIndividualAllocation        = false                                  {pd product} {ergonomic}

Logging:
Log output configuration:
 #0: stdout all=warning uptime,level,tags
 #1: stderr all=off uptime,level,tags

Environment Variables:
PATH=C:\Program Files\Oculus\Support\oculus-runtime;C:\Program Files\Microsoft\jdk-11.0.12.7-hotspot\bin;C:\Python311\Scripts\;C:\Python311\;C:\Program Files\Common Files\Oracle\Java\javapath;C:\Program Files (x86)\Common Files\Intel\Shared Libraries\redist\intel64\compiler;C:\WINDOWS\system32;C:\WINDOWS;C:\WINDOWS\System32\Wbem;C:\WINDOWS\System32\WindowsPowerShell\v1.0\;C:\WINDOWS\System32\OpenSSH\;C:\Program Files\Git\cmd;E:\xampp\php;C:\ProgramData\ComposerSetup\bin;C:\Program Files\nodejs\;C:\ProgramData\chocolatey\bin;C:\Program Files\dotnet\;C:\Users\panji\Downloads\Compressed\mongosh-1.6.1-win32-x64\bin;C:\Program Files\Microsoft SQL Server\150\Tools\Binn\;C:\Program Files\Microsoft SQL Server\Client SDK\ODBC\170\Tools\Binn\;C:\Users\panji\AppData\Local\Microsoft\WindowsApps;C:\Users\panji\AppData\Local\Programs\Microsoft VS Code\bin;C:\Program Files\JetBrains\IntelliJ IDEA Community Edition 2022.2.3\bin;;C:\Users\panji\AppData\Local\GitHubDesktop\bin;C:\Users\panji\AppData\Roaming\Composer\vendor\bin;C:\Users\panji\AppData\Roaming\npm;C:\Program Files\JetBrains\PhpStorm 2022.3\bin;;C:\src\flutter\bin;C:\Users\panji\.dotnet\tools;C:\tools\dart-sdk\bin;C:\Users\panji\AppData\Roaming\Pub\Cache\bin;
USERNAME=panji
OS=Windows_NT
PROCESSOR_IDENTIFIER=AMD64 Family 23 Model 104 Stepping 1, AuthenticAMD
TMP=C:\Users\panji\AppData\Local\Temp
TEMP=C:\Users\panji\AppData\Local\Temp



---------------  S Y S T E M  ---------------

OS:
 Windows 11 , 64 bit Build 22621 (10.0.22621.1635)
OS uptime: 0 days 1:09 hours
Hyper-V role detected

CPU: total 12 (initial active 12) (12 cores per cpu, 2 threads per core) family 23 model 104 stepping 1 microcode 0x0, cx8, cmov, fxsr, ht, mmx, 3dnowpref, sse, sse2, sse3, ssse3, sse4a, sse4.1, sse4.2, popcnt, lzcnt, tsc, tscinvbit, avx, avx2, aes, clmul, bmi1, bmi2, adx, sha, fma, vzeroupper, clflush, clflushopt, hv

Memory: 4k page, system-wide physical 10085M (1348M free)
TotalPageFile size 12133M (AvailPageFile size 67M)
current process WorkingSet (physical memory assigned to process): 404M, peak: 406M
current process commit charge ("private bytes"): 459M, peak: 589M

vm_info: OpenJDK 64-Bit Server VM (17.0.6+0-b2043.56-9586694) for windows-amd64 JRE (17.0.6+0-b2043.56-9586694), built on Feb  9 2023 20:06:20 by "androidbuild" with MS VC++ 16.10 / 16.11 (VS2019)

END.
