#
# There is insufficient memory for the Java Runtime Environment to continue.
# Native memory allocation (malloc) failed to allocate 1589936 bytes for Chunk::new
# Possible reasons:
#   The system is out of physical RAM or swap space
#   The process is running with CompressedOops enabled, and the Java Heap may be blocking the growth of the native heap
# Possible solutions:
#   Reduce memory load on the system
#   Increase physical memory or swap space
#   Check if swap backing store is full
#   Decrease Java heap size (-Xmx/-Xms)
#   Decrease number of Java threads
#   Decrease Java thread stack sizes (-Xss)
#   Set larger code cache with -XX:ReservedCodeCacheSize=
#   JVM is running with Unscaled Compressed Oops mode in which the Java heap is
#     placed in the first 4GB address space. The Java Heap base address is the
#     maximum limit for the native heap growth. Please use -XX:HeapBaseMinAddress
#     to set the Java Heap base and to place the Java Heap above 4GB virtual address.
# This output file may be truncated or incomplete.
#
#  Out of Memory Error (arena.cpp:189), pid=16828, tid=16116
#
# JRE version: OpenJDK Runtime Environment (17.0.6) (build 17.0.6+0-b2043.56-9586694)
# Java VM: OpenJDK 64-Bit Server VM (17.0.6+0-b2043.56-9586694, mixed mode, tiered, compressed oops, compressed class ptrs, g1 gc, windows-amd64)
# No core dump will be written. Minidumps are not enabled by default on client versions of Windows
#

---------------  S U M M A R Y ------------

Command Line: --add-opens=java.base/java.util=ALL-UNNAMED --add-opens=java.base/java.lang=ALL-UNNAMED --add-opens=java.base/java.lang.invoke=ALL-UNNAMED --add-opens=java.prefs/java.util.prefs=ALL-UNNAMED --add-opens=java.base/java.nio.charset=ALL-UNNAMED --add-opens=java.base/java.net=ALL-UNNAMED --add-opens=java.base/java.util.concurrent.atomic=ALL-UNNAMED -Xmx2048m -Dfile.encoding=UTF-8 -Duser.country=US -Duser.language=en -Duser.variant org.gradle.launcher.daemon.bootstrap.GradleDaemon 8.0

Host: AMD Ryzen 5 5500U with Radeon Graphics         , 12 cores, 9G,  Windows 11 , 64 bit Build 22621 (10.0.22621.1635)
Time: Mon May 22 18:33:05 2023 SE Asia Standard Time elapsed time: 4.509301 seconds (0d 0h 0m 4s)

---------------  T H R E A D  ---------------

Current thread (0x0000015884886d60):  JavaThread "C2 CompilerThread0" daemon [_thread_in_native, id=16116, stack(0x0000005630100000,0x0000005630200000)]


Current CompileTask:
C2:   4509 3716       4       groovy.lang.MetaClassImpl$1MOPIter::methodNameAction (325 bytes)

Stack: [0x0000005630100000,0x0000005630200000]
Native frames: (J=compiled Java code, j=interpreted, Vv=VM code, C=native code)
V  [jvm.dll+0x683b4a]
V  [jvm.dll+0x842654]
V  [jvm.dll+0x843dfe]
V  [jvm.dll+0x844463]
V  [jvm.dll+0x249b75]
V  [jvm.dll+0xabcac]
V  [jvm.dll+0xac27c]
V  [jvm.dll+0x368802]
V  [jvm.dll+0x332f31]
V  [jvm.dll+0x3323da]
V  [jvm.dll+0x21c201]
V  [jvm.dll+0x21b621]
V  [jvm.dll+0x1a4fdd]
V  [jvm.dll+0x22b098]
V  [jvm.dll+0x229159]
V  [jvm.dll+0x7f809c]
V  [jvm.dll+0x7f25fa]
V  [jvm.dll+0x682985]
C  [ucrtbase.dll+0x29363]
C  [KERNEL32.DLL+0x126ad]
C  [ntdll.dll+0x5a9f8]


---------------  P R O C E S S  ---------------

Threads class SMR info:
_java_thread_list=0x0000015889dee5d0, length=39, elements={
0x00000158e70dcf70, 0x000001588483d9b0, 0x0000015884840570, 0x0000015884845e60,
0x0000015884882600, 0x00000158848850c0, 0x0000015884886080, 0x0000015884886d60,
0x0000015884887800, 0x00000158848881f0, 0x0000015884a02a60, 0x0000015884a15620,
0x0000015884bd93e0, 0x0000015885d6aec0, 0x00000158862ce260, 0x0000015887362500,
0x0000015887308600, 0x000001588730b150, 0x000001588730a2e0, 0x0000015887308ad0,
0x0000015887308fa0, 0x0000015887309470, 0x0000015887309940, 0x0000015887309e10,
0x0000015887308130, 0x000001588730b620, 0x0000015888be2560, 0x000001588730a7b0,
0x000001588730ac80, 0x000001588730baf0, 0x0000015888815fb0, 0x00000158888125f0,
0x000001588880faa0, 0x0000015888811780, 0x0000015888813930, 0x0000015888815ae0,
0x0000015888815140, 0x0000015888816480, 0x0000015888814c70
}

Java Threads: ( => current thread )
  0x00000158e70dcf70 JavaThread "main" [_thread_blocked, id=15696, stack(0x000000562f400000,0x000000562f500000)]
  0x000001588483d9b0 JavaThread "Reference Handler" daemon [_thread_blocked, id=16204, stack(0x000000562fb00000,0x000000562fc00000)]
  0x0000015884840570 JavaThread "Finalizer" daemon [_thread_blocked, id=14412, stack(0x000000562fc00000,0x000000562fd00000)]
  0x0000015884845e60 JavaThread "Signal Dispatcher" daemon [_thread_blocked, id=3104, stack(0x000000562fd00000,0x000000562fe00000)]
  0x0000015884882600 JavaThread "Attach Listener" daemon [_thread_blocked, id=6516, stack(0x000000562fe00000,0x000000562ff00000)]
  0x00000158848850c0 JavaThread "Service Thread" daemon [_thread_blocked, id=6208, stack(0x000000562ff00000,0x0000005630000000)]
  0x0000015884886080 JavaThread "Monitor Deflation Thread" daemon [_thread_blocked, id=14996, stack(0x0000005630000000,0x0000005630100000)]
=>0x0000015884886d60 JavaThread "C2 CompilerThread0" daemon [_thread_in_native, id=16116, stack(0x0000005630100000,0x0000005630200000)]
  0x0000015884887800 JavaThread "C1 CompilerThread0" daemon [_thread_in_vm, id=3916, stack(0x0000005630200000,0x0000005630300000)]
  0x00000158848881f0 JavaThread "Sweeper thread" daemon [_thread_blocked, id=12700, stack(0x0000005630300000,0x0000005630400000)]
  0x0000015884a02a60 JavaThread "Common-Cleaner" daemon [_thread_blocked, id=16548, stack(0x0000005630400000,0x0000005630500000)]
  0x0000015884a15620 JavaThread "Notification Thread" daemon [_thread_blocked, id=16452, stack(0x0000005630500000,0x0000005630600000)]
  0x0000015884bd93e0 JavaThread "C2 CompilerThread1" daemon [_thread_in_native, id=16736, stack(0x0000005630700000,0x0000005630800000)]
  0x0000015885d6aec0 JavaThread "Daemon health stats" [_thread_blocked, id=17372, stack(0x0000005630d00000,0x0000005630e00000)]
  0x00000158862ce260 JavaThread "Incoming local TCP Connector on port 50150" [_thread_in_native, id=12868, stack(0x0000005630e00000,0x0000005630f00000)]
  0x0000015887362500 JavaThread "Daemon periodic checks" [_thread_blocked, id=15780, stack(0x0000005630f00000,0x0000005631000000)]
  0x0000015887308600 JavaThread "Daemon" [_thread_blocked, id=16668, stack(0x0000005631000000,0x0000005631100000)]
  0x000001588730b150 JavaThread "Handler for socket connection from /127.0.0.1:50150 to /127.0.0.1:50151" [_thread_in_native, id=15784, stack(0x0000005631100000,0x0000005631200000)]
  0x000001588730a2e0 JavaThread "Cancel handler" [_thread_blocked, id=16728, stack(0x0000005631200000,0x0000005631300000)]
  0x0000015887308ad0 JavaThread "Daemon worker" [_thread_in_native, id=16364, stack(0x0000005631300000,0x0000005631400000)]
  0x0000015887308fa0 JavaThread "Asynchronous log dispatcher for DefaultDaemonConnection: socket connection from /127.0.0.1:50150 to /127.0.0.1:50151" [_thread_blocked, id=12404, stack(0x0000005631400000,0x0000005631500000)]
  0x0000015887309470 JavaThread "Stdin handler" [_thread_blocked, id=3004, stack(0x0000005631500000,0x0000005631600000)]
  0x0000015887309940 JavaThread "Daemon client event forwarder" [_thread_blocked, id=6428, stack(0x0000005631600000,0x0000005631700000)]
  0x0000015887309e10 JavaThread "Cache worker for journal cache (C:\Users\panji\.gradle\caches\journal-1)" [_thread_blocked, id=11188, stack(0x0000005631d00000,0x0000005631e00000)]
  0x0000015887308130 JavaThread "File lock request listener" [_thread_in_native, id=9940, stack(0x0000005631e00000,0x0000005631f00000)]
  0x000001588730b620 JavaThread "Cache worker for file hash cache (C:\Users\panji\.gradle\caches\8.0\fileHashes)" [_thread_blocked, id=12636, stack(0x0000005631f00000,0x0000005632000000)]
  0x0000015888be2560 JavaThread "C2 CompilerThread2" daemon [_thread_in_native, id=10208, stack(0x0000005632000000,0x0000005632100000)]
  0x000001588730a7b0 JavaThread "File watcher server" daemon [_thread_in_native, id=6268, stack(0x0000005632100000,0x0000005632200000)]
  0x000001588730ac80 JavaThread "File watcher consumer" daemon [_thread_blocked, id=3036, stack(0x0000005632200000,0x0000005632300000)]
  0x000001588730baf0 JavaThread "Cache worker for checksums cache (E:\Tugas\Kuliah\PEMBELAJARAN\SMT4\PT2\Project\Animalie\.gradle\8.0\checksums)" [_thread_blocked, id=15972, stack(0x0000005632300000,0x0000005632400000)]
  0x0000015888815fb0 JavaThread "Cache worker for cache directory md-rule (C:\Users\panji\.gradle\caches\8.0\md-rule)" [_thread_blocked, id=6568, stack(0x0000005632400000,0x0000005632500000)]
  0x00000158888125f0 JavaThread "Cache worker for file content cache (C:\Users\panji\.gradle\caches\8.0\fileContent)" [_thread_blocked, id=16408, stack(0x0000005632500000,0x0000005632600000)]
  0x000001588880faa0 JavaThread "Cache worker for file hash cache (E:\Tugas\Kuliah\PEMBELAJARAN\SMT4\PT2\Project\Animalie\.gradle\8.0\fileHashes)" [_thread_blocked, id=16236, stack(0x0000005632600000,0x0000005632700000)]
  0x0000015888811780 JavaThread "Cache worker for cache directory md-supplier (C:\Users\panji\.gradle\caches\8.0\md-supplier)" [_thread_blocked, id=6272, stack(0x0000005632700000,0x0000005632800000)]
  0x0000015888813930 JavaThread "Cache worker for execution history cache (C:\Users\panji\.gradle\caches\8.0\executionHistory)" [_thread_blocked, id=6148, stack(0x0000005632800000,0x0000005632900000)]
  0x0000015888815ae0 JavaThread "jar transforms" [_thread_blocked, id=9748, stack(0x0000005632900000,0x0000005632a00000)]
  0x0000015888815140 JavaThread "jar transforms Thread 2" [_thread_blocked, id=14236, stack(0x0000005632a00000,0x0000005632b00000)]
  0x0000015888816480 JavaThread "jar transforms Thread 3" [_thread_blocked, id=3848, stack(0x0000005632c00000,0x0000005632d00000)]
  0x0000015888814c70 JavaThread "jar transforms Thread 4" [_thread_blocked, id=4872, stack(0x0000005632d00000,0x0000005632e00000)]

Other Threads:
  0x00000158ff51e840 VMThread "VM Thread" [stack: 0x000000562fa00000,0x000000562fb00000] [id=10484]
  0x0000015884a02f30 WatcherThread [stack: 0x0000005630600000,0x0000005630700000] [id=9348]
  0x00000158e92b6520 GCTaskThread "GC Thread#0" [stack: 0x000000562f500000,0x000000562f600000] [id=10116]
  0x00000158852da160 GCTaskThread "GC Thread#1" [stack: 0x0000005630900000,0x0000005630a00000] [id=13348]
  0x0000015885802fb0 GCTaskThread "GC Thread#2" [stack: 0x0000005630a00000,0x0000005630b00000] [id=6248]
  0x000001588580d4d0 GCTaskThread "GC Thread#3" [stack: 0x0000005630b00000,0x0000005630c00000] [id=1496]
  0x00000158860c2ee0 GCTaskThread "GC Thread#4" [stack: 0x0000005630c00000,0x0000005630d00000] [id=17292]
  0x00000158872086b0 GCTaskThread "GC Thread#5" [stack: 0x0000005630800000,0x0000005630900000] [id=3932]
  0x0000015887209980 GCTaskThread "GC Thread#6" [stack: 0x0000005631700000,0x0000005631800000] [id=14984]
  0x00000158872096d0 GCTaskThread "GC Thread#7" [stack: 0x0000005631800000,0x0000005631900000] [id=13548]
  0x0000015887208ec0 GCTaskThread "GC Thread#8" [stack: 0x0000005631900000,0x0000005631a00000] [id=12820]
  0x0000015887209420 GCTaskThread "GC Thread#9" [stack: 0x0000005631a00000,0x0000005631b00000] [id=15868]
  0x00000158e92c75c0 ConcurrentGCThread "G1 Main Marker" [stack: 0x000000562f600000,0x000000562f700000] [id=11520]
  0x00000158e92c8e80 ConcurrentGCThread "G1 Conc#0" [stack: 0x000000562f700000,0x000000562f800000] [id=15668]
  0x0000015887209170 ConcurrentGCThread "G1 Conc#1" [stack: 0x0000005631b00000,0x0000005631c00000] [id=1908]
  0x0000015887209c30 ConcurrentGCThread "G1 Conc#2" [stack: 0x0000005631c00000,0x0000005631d00000] [id=8728]
  0x00000158e931e8c0 ConcurrentGCThread "G1 Refine#0" [stack: 0x000000562f800000,0x000000562f900000] [id=15772]
  0x0000015886386820 ConcurrentGCThread "G1 Refine#1" [stack: 0x0000005632b00000,0x0000005632c00000] [id=3976]
  0x00000158ff38c370 ConcurrentGCThread "G1 Service" [stack: 0x000000562f900000,0x000000562fa00000] [id=11372]

Threads with active compile tasks:
C2 CompilerThread0     4529 3716       4       groovy.lang.MetaClassImpl$1MOPIter::methodNameAction (325 bytes)
C1 CompilerThread0     4529 3849       3       java.util.concurrent.atomic.AtomicReferenceArray::set (13 bytes)
C2 CompilerThread1     4529 3779   !   4       jdk.internal.loader.URLClassPath$JarLoader::getResource (354 bytes)
C2 CompilerThread2     4529 3787       4       org.objectweb.asm.Frame::execute (2318 bytes)

VM state: not at safepoint (normal execution)

VM Mutex/Monitor currently owned by a thread: None

Heap address: 0x0000000080000000, size: 2048 MB, Compressed Oops mode: 32-bit

CDS archive(s) not mapped
Compressed class space mapped at: 0x0000000100000000-0x0000000140000000, reserved size: 1073741824
Narrow klass base: 0x0000000000000000, Narrow klass shift: 3, Narrow klass range: 0x140000000

GC Precious Log:
 CPUs: 12 total, 12 available
 Memory: 10085M
 Large Page Support: Disabled
 NUMA Support: Disabled
 Compressed Oops: Enabled (32-bit)
 Heap Region Size: 1M
 Heap Min Capacity: 8M
 Heap Initial Capacity: 158M
 Heap Max Capacity: 2G
 Pre-touch: Disabled
 Parallel Workers: 10
 Concurrent Workers: 3
 Concurrent Refinement Workers: 10
 Periodic GC: Disabled

Heap:
 garbage-first heap   total 82944K, used 41774K [0x0000000080000000, 0x0000000100000000)
  region size 1024K, 15 young (15360K), 3 survivors (3072K)
 Metaspace       used 43000K, committed 43392K, reserved 1089536K
  class space    used 5638K, committed 5824K, reserved 1048576K

Heap Regions: E=young(eden), S=young(survivor), O=old, HS=humongous(starts), HC=humongous(continues), CS=collection set, F=free, OA=open archive, CA=closed archive, TAMS=top-at-mark-start (previous, next)
|   0|0x0000000080000000, 0x0000000080100000, 0x0000000080100000|100%|HS|  |TAMS 0x0000000080100000, 0x0000000080000000| Complete 
|   1|0x0000000080100000, 0x0000000080200000, 0x0000000080200000|100%|HC|  |TAMS 0x0000000080200000, 0x0000000080100000| Complete 
|   2|0x0000000080200000, 0x0000000080300000, 0x0000000080300000|100%|HC|  |TAMS 0x0000000080300000, 0x0000000080200000| Complete 
|   3|0x0000000080300000, 0x0000000080400000, 0x0000000080400000|100%|HC|  |TAMS 0x0000000080400000, 0x0000000080300000| Complete 
|   4|0x0000000080400000, 0x0000000080500000, 0x0000000080500000|100%| O|  |TAMS 0x0000000080500000, 0x0000000080400000| Untracked 
|   5|0x0000000080500000, 0x0000000080600000, 0x0000000080600000|100%| O|  |TAMS 0x0000000080600000, 0x0000000080500000| Untracked 
|   6|0x0000000080600000, 0x0000000080700000, 0x0000000080700000|100%| O|  |TAMS 0x0000000080700000, 0x0000000080600000| Untracked 
|   7|0x0000000080700000, 0x0000000080800000, 0x0000000080800000|100%| O|  |TAMS 0x0000000080800000, 0x0000000080700000| Untracked 
|   8|0x0000000080800000, 0x0000000080900000, 0x0000000080900000|100%| O|  |TAMS 0x0000000080900000, 0x0000000080800000| Untracked 
|   9|0x0000000080900000, 0x0000000080a00000, 0x0000000080a00000|100%| O|  |TAMS 0x0000000080a00000, 0x0000000080900000| Untracked 
|  10|0x0000000080a00000, 0x0000000080b00000, 0x0000000080b00000|100%| O|  |TAMS 0x0000000080b00000, 0x0000000080a00000| Untracked 
|  11|0x0000000080b00000, 0x0000000080b4ec00, 0x0000000080c00000| 30%| O|  |TAMS 0x0000000080b4ec00, 0x0000000080b00000| Untracked 
|  12|0x0000000080c00000, 0x0000000080d00000, 0x0000000080d00000|100%| O|  |TAMS 0x0000000080d00000, 0x0000000080c00000| Untracked 
|  13|0x0000000080d00000, 0x0000000080e00000, 0x0000000080e00000|100%| O|  |TAMS 0x0000000080e00000, 0x0000000080d00000| Untracked 
|  14|0x0000000080e00000, 0x0000000080f00000, 0x0000000080f00000|100%| O|  |TAMS 0x0000000080f00000, 0x0000000080e00000| Untracked 
|  15|0x0000000080f00000, 0x0000000081000000, 0x0000000081000000|100%| O|  |TAMS 0x0000000081000000, 0x0000000080f00000| Untracked 
|  16|0x0000000081000000, 0x0000000081100000, 0x0000000081100000|100%| O|  |TAMS 0x0000000081100000, 0x0000000081000000| Untracked 
|  17|0x0000000081100000, 0x0000000081200000, 0x0000000081200000|100%| O|  |TAMS 0x0000000081200000, 0x0000000081100000| Untracked 
|  18|0x0000000081200000, 0x0000000081300000, 0x0000000081300000|100%| O|  |TAMS 0x0000000081300000, 0x0000000081200000| Untracked 
|  19|0x0000000081300000, 0x0000000081400000, 0x0000000081400000|100%| O|  |TAMS 0x0000000081400000, 0x0000000081300000| Untracked 
|  20|0x0000000081400000, 0x0000000081500000, 0x0000000081500000|100%| O|  |TAMS 0x00000000814b5000, 0x0000000081400000| Untracked 
|  21|0x0000000081500000, 0x0000000081600000, 0x0000000081600000|100%| O|  |TAMS 0x0000000081500000, 0x0000000081500000| Untracked 
|  22|0x0000000081600000, 0x0000000081700000, 0x0000000081700000|100%| O|  |TAMS 0x0000000081600000, 0x0000000081600000| Untracked 
|  23|0x0000000081700000, 0x0000000081800000, 0x0000000081800000|100%| O|  |TAMS 0x0000000081700000, 0x0000000081700000| Untracked 
|  24|0x0000000081800000, 0x0000000081900000, 0x0000000081900000|100%| O|  |TAMS 0x0000000081800000, 0x0000000081800000| Untracked 
|  25|0x0000000081900000, 0x0000000081900000, 0x0000000081a00000|  0%| F|  |TAMS 0x0000000081900000, 0x0000000081900000| Untracked 
|  26|0x0000000081a00000, 0x0000000081a00000, 0x0000000081b00000|  0%| F|  |TAMS 0x0000000081a00000, 0x0000000081a00000| Untracked 
|  27|0x0000000081b00000, 0x0000000081b00000, 0x0000000081c00000|  0%| F|  |TAMS 0x0000000081b00000, 0x0000000081b00000| Untracked 
|  28|0x0000000081c00000, 0x0000000081d00000, 0x0000000081d00000|100%| O|  |TAMS 0x0000000081c00000, 0x0000000081c00000| Untracked 
|  29|0x0000000081d00000, 0x0000000081e00000, 0x0000000081e00000|100%| O|  |TAMS 0x0000000081d00000, 0x0000000081d00000| Untracked 
|  30|0x0000000081e00000, 0x0000000081ea4400, 0x0000000081f00000| 64%| O|  |TAMS 0x0000000081e00000, 0x0000000081e00000| Untracked 
|  31|0x0000000081f00000, 0x0000000081f00000, 0x0000000082000000|  0%| F|  |TAMS 0x0000000081f00000, 0x0000000081f00000| Untracked 
|  32|0x0000000082000000, 0x0000000082000000, 0x0000000082100000|  0%| F|  |TAMS 0x0000000082000000, 0x0000000082000000| Untracked 
|  33|0x0000000082100000, 0x0000000082100000, 0x0000000082200000|  0%| F|  |TAMS 0x0000000082100000, 0x0000000082100000| Untracked 
|  34|0x0000000082200000, 0x0000000082200000, 0x0000000082300000|  0%| F|  |TAMS 0x0000000082200000, 0x0000000082200000| Untracked 
|  35|0x0000000082300000, 0x0000000082300000, 0x0000000082400000|  0%| F|  |TAMS 0x0000000082300000, 0x0000000082300000| Untracked 
|  36|0x0000000082400000, 0x0000000082400000, 0x0000000082500000|  0%| F|  |TAMS 0x0000000082400000, 0x0000000082400000| Untracked 
|  37|0x0000000082500000, 0x0000000082500000, 0x0000000082600000|  0%| F|  |TAMS 0x0000000082500000, 0x0000000082500000| Untracked 
|  38|0x0000000082600000, 0x0000000082600000, 0x0000000082700000|  0%| F|  |TAMS 0x0000000082600000, 0x0000000082600000| Untracked 
|  39|0x0000000082700000, 0x0000000082700000, 0x0000000082800000|  0%| F|  |TAMS 0x0000000082700000, 0x0000000082700000| Untracked 
|  40|0x0000000082800000, 0x0000000082800000, 0x0000000082900000|  0%| F|  |TAMS 0x0000000082800000, 0x0000000082800000| Untracked 
|  41|0x0000000082900000, 0x0000000082900000, 0x0000000082a00000|  0%| F|  |TAMS 0x0000000082900000, 0x0000000082900000| Untracked 
|  42|0x0000000082a00000, 0x0000000082ad88e8, 0x0000000082b00000| 84%| S|CS|TAMS 0x0000000082a00000, 0x0000000082a00000| Complete 
|  43|0x0000000082b00000, 0x0000000082c00000, 0x0000000082c00000|100%| S|CS|TAMS 0x0000000082b00000, 0x0000000082b00000| Complete 
|  44|0x0000000082c00000, 0x0000000082d00000, 0x0000000082d00000|100%| S|CS|TAMS 0x0000000082c00000, 0x0000000082c00000| Complete 
|  45|0x0000000082d00000, 0x0000000082d00000, 0x0000000082e00000|  0%| F|  |TAMS 0x0000000082d00000, 0x0000000082d00000| Untracked 
|  46|0x0000000082e00000, 0x0000000082e00000, 0x0000000082f00000|  0%| F|  |TAMS 0x0000000082e00000, 0x0000000082e00000| Untracked 
|  47|0x0000000082f00000, 0x0000000082f00000, 0x0000000083000000|  0%| F|  |TAMS 0x0000000082f00000, 0x0000000082f00000| Untracked 
|  48|0x0000000083000000, 0x0000000083000000, 0x0000000083100000|  0%| F|  |TAMS 0x0000000083000000, 0x0000000083000000| Untracked 
|  49|0x0000000083100000, 0x0000000083100000, 0x0000000083200000|  0%| F|  |TAMS 0x0000000083100000, 0x0000000083100000| Untracked 
|  50|0x0000000083200000, 0x0000000083200000, 0x0000000083300000|  0%| F|  |TAMS 0x0000000083200000, 0x0000000083200000| Untracked 
|  51|0x0000000083300000, 0x0000000083300000, 0x0000000083400000|  0%| F|  |TAMS 0x0000000083300000, 0x0000000083300000| Untracked 
|  52|0x0000000083400000, 0x0000000083400000, 0x0000000083500000|  0%| F|  |TAMS 0x0000000083400000, 0x0000000083400000| Untracked 
|  53|0x0000000083500000, 0x0000000083500000, 0x0000000083600000|  0%| F|  |TAMS 0x0000000083500000, 0x0000000083500000| Untracked 
|  54|0x0000000083600000, 0x0000000083600000, 0x0000000083700000|  0%| F|  |TAMS 0x0000000083600000, 0x0000000083600000| Untracked 
|  55|0x0000000083700000, 0x0000000083700000, 0x0000000083800000|  0%| F|  |TAMS 0x0000000083700000, 0x0000000083700000| Untracked 
|  56|0x0000000083800000, 0x0000000083800000, 0x0000000083900000|  0%| F|  |TAMS 0x0000000083800000, 0x0000000083800000| Untracked 
|  57|0x0000000083900000, 0x0000000083900000, 0x0000000083a00000|  0%| F|  |TAMS 0x0000000083900000, 0x0000000083900000| Untracked 
|  58|0x0000000083a00000, 0x0000000083a00000, 0x0000000083b00000|  0%| F|  |TAMS 0x0000000083a00000, 0x0000000083a00000| Untracked 
|  59|0x0000000083b00000, 0x0000000083b00000, 0x0000000083c00000|  0%| F|  |TAMS 0x0000000083b00000, 0x0000000083b00000| Untracked 
|  60|0x0000000083c00000, 0x0000000083c00000, 0x0000000083d00000|  0%| F|  |TAMS 0x0000000083c00000, 0x0000000083c00000| Untracked 
|  61|0x0000000083d00000, 0x0000000083d00000, 0x0000000083e00000|  0%| F|  |TAMS 0x0000000083d00000, 0x0000000083d00000| Untracked 
|  62|0x0000000083e00000, 0x0000000083e00000, 0x0000000083f00000|  0%| F|  |TAMS 0x0000000083e00000, 0x0000000083e00000| Untracked 
|  63|0x0000000083f00000, 0x0000000083f00000, 0x0000000084000000|  0%| F|  |TAMS 0x0000000083f00000, 0x0000000083f00000| Untracked 
|  64|0x0000000084000000, 0x0000000084000000, 0x0000000084100000|  0%| F|  |TAMS 0x0000000084000000, 0x0000000084000000| Untracked 
|  65|0x0000000084100000, 0x0000000084100000, 0x0000000084200000|  0%| F|  |TAMS 0x0000000084100000, 0x0000000084100000| Untracked 
|  66|0x0000000084200000, 0x0000000084200000, 0x0000000084300000|  0%| F|  |TAMS 0x0000000084200000, 0x0000000084200000| Untracked 
|  67|0x0000000084300000, 0x0000000084300000, 0x0000000084400000|  0%| F|  |TAMS 0x0000000084300000, 0x0000000084300000| Untracked 
|  68|0x0000000084400000, 0x0000000084400000, 0x0000000084500000|  0%| F|  |TAMS 0x0000000084400000, 0x0000000084400000| Untracked 
|  69|0x0000000084500000, 0x0000000084580800, 0x0000000084600000| 50%| E|  |TAMS 0x0000000084500000, 0x0000000084500000| Complete 
|  70|0x0000000084600000, 0x0000000084700000, 0x0000000084700000|100%| E|CS|TAMS 0x0000000084600000, 0x0000000084600000| Complete 
|  71|0x0000000084700000, 0x0000000084800000, 0x0000000084800000|100%| E|CS|TAMS 0x0000000084700000, 0x0000000084700000| Complete 
| 108|0x0000000086c00000, 0x0000000086d00000, 0x0000000086d00000|100%| E|CS|TAMS 0x0000000086c00000, 0x0000000086c00000| Complete 
| 109|0x0000000086d00000, 0x0000000086e00000, 0x0000000086e00000|100%| E|CS|TAMS 0x0000000086d00000, 0x0000000086d00000| Complete 
| 110|0x0000000086e00000, 0x0000000086f00000, 0x0000000086f00000|100%| E|CS|TAMS 0x0000000086e00000, 0x0000000086e00000| Complete 
| 111|0x0000000086f00000, 0x0000000087000000, 0x0000000087000000|100%| E|CS|TAMS 0x0000000086f00000, 0x0000000086f00000| Complete 
| 112|0x0000000087000000, 0x0000000087100000, 0x0000000087100000|100%| E|CS|TAMS 0x0000000087000000, 0x0000000087000000| Complete 
| 113|0x0000000087100000, 0x0000000087200000, 0x0000000087200000|100%| E|CS|TAMS 0x0000000087100000, 0x0000000087100000| Complete 
| 114|0x0000000087200000, 0x0000000087300000, 0x0000000087300000|100%| E|CS|TAMS 0x0000000087200000, 0x0000000087200000| Complete 
| 115|0x0000000087300000, 0x0000000087400000, 0x0000000087400000|100%| E|CS|TAMS 0x0000000087300000, 0x0000000087300000| Complete 
| 157|0x0000000089d00000, 0x0000000089e00000, 0x0000000089e00000|100%| E|CS|TAMS 0x0000000089d00000, 0x0000000089d00000| Complete 

Card table byte_map: [0x00000158fc080000,0x00000158fc480000] _byte_map_base: 0x00000158fbc80000

Marking Bits (Prev, Next): (CMBitMap*) 0x00000158e92b6b30, (CMBitMap*) 0x00000158e92b6b70
 Prev Bits: [0x00000158fc880000, 0x00000158fe880000)
 Next Bits: [0x0000015880000000, 0x0000015882000000)

Polling page: 0x00000158e8a20000

Metaspace:

Usage:
  Non-class:     36.49 MB used.
      Class:      5.51 MB used.
       Both:     42.00 MB used.

Virtual space:
  Non-class space:       40.00 MB reserved,      36.69 MB ( 92%) committed,  5 nodes.
      Class space:        1.00 GB reserved,       5.69 MB ( <1%) committed,  1 nodes.
             Both:        1.04 GB reserved,      42.38 MB (  4%) committed. 

Chunk freelists:
   Non-Class:  2.62 MB
       Class:  2.25 MB
        Both:  4.87 MB

MaxMetaspaceSize: unlimited
CompressedClassSpaceSize: 1.00 GB
Initial GC threshold: 21.00 MB
Current GC threshold: 59.00 MB
CDS: off
MetaspaceReclaimPolicy: balanced
 - commit_granule_bytes: 65536.
 - commit_granule_words: 8192.
 - virtual_space_node_default_size: 1048576.
 - enlarge_chunks_in_place: 1.
 - new_chunks_are_fully_committed: 0.
 - uncommit_free_chunks: 1.
 - use_allocation_guard: 0.
 - handle_deallocations: 1.


Internal statistics:

num_allocs_failed_limit: 6.
num_arena_births: 342.
num_arena_deaths: 0.
num_vsnodes_births: 6.
num_vsnodes_deaths: 0.
num_space_committed: 678.
num_space_uncommitted: 0.
num_chunks_returned_to_freelist: 6.
num_chunks_taken_from_freelist: 1553.
num_chunk_merges: 6.
num_chunk_splits: 1038.
num_chunks_enlarged: 752.
num_purges: 0.
num_inconsistent_stats: 0.

CodeHeap 'non-profiled nmethods': size=120000Kb used=2140Kb max_used=2140Kb free=117859Kb
 bounds [0x00000158f41f0000, 0x00000158f4460000, 0x00000158fb720000]
CodeHeap 'profiled nmethods': size=120000Kb used=8041Kb max_used=8041Kb free=111958Kb
 bounds [0x00000158ec720000, 0x00000158ecf00000, 0x00000158f3c50000]
CodeHeap 'non-nmethods': size=5760Kb used=2283Kb max_used=2329Kb free=3476Kb
 bounds [0x00000158f3c50000, 0x00000158f3ec0000, 0x00000158f41f0000]
 total_blobs=4629 nmethods=3839 adapters=701
 compilation: enabled
              stopped_count=0, restarted_count=0
 full_count=0

Compilation events (20 events):
Event: 4.500 Thread 0x0000015884887800 nmethod 3812 0x00000158eced1490 code [0x00000158eced1740, 0x00000158eced2798]
Event: 4.500 Thread 0x0000015884887800 3811       3       org.codehaus.groovy.reflection.CachedMethod::find (30 bytes)
Event: 4.501 Thread 0x0000015884887800 nmethod 3811 0x00000158eced2c90 code [0x00000158eced2ec0, 0x00000158eced37d8]
Event: 4.502 Thread 0x0000015884887800 3814       3       sun.reflect.generics.repository.GenericDeclRepository::computeTypeParameters (65 bytes)
Event: 4.503 Thread 0x0000015884887800 nmethod 3814 0x00000158eced3b10 code [0x00000158eced3d60, 0x00000158eced4ad8]
Event: 4.503 Thread 0x0000015884887800 3815       3       com.sun.beans.util.Cache::getEntryValue (33 bytes)
Event: 4.503 Thread 0x0000015884887800 nmethod 3815 0x00000158eced4f90 code [0x00000158eced5160, 0x00000158eced5538]
Event: 4.503 Thread 0x0000015884887800 3816       3       sun.reflect.generics.reflectiveObjects.WildcardTypeImpl::getUpperBounds (34 bytes)
Event: 4.503 Thread 0x0000015884887800 nmethod 3816 0x00000158eced5710 code [0x00000158eced58e0, 0x00000158eced5f18]
Event: 4.504 Thread 0x0000015884887800 3817       3       java.beans.FeatureDescriptor::<init> (137 bytes)
Event: 4.505 Thread 0x0000015884887800 nmethod 3817 0x00000158eced6010 code [0x00000158eced62a0, 0x00000158eced70b8]
Event: 4.505 Thread 0x0000015884887800 3818       3       com.sun.beans.introspect.PropertyInfo::initialize (392 bytes)
Event: 4.506 Thread 0x0000015884887800 nmethod 3818 0x00000158eced7410 code [0x00000158eced7780, 0x00000158eced9088]
Event: 4.506 Thread 0x0000015884887800 3823       3       groovy.lang.MetaClassImpl$$Lambda$428/0x0000000100519bb8::apply (8 bytes)
Event: 4.507 Thread 0x0000015884887800 nmethod 3823 0x00000158eced9790 code [0x00000158eced9960, 0x00000158eced9d48]
Event: 4.507 Thread 0x0000015884887800 3820       3       java.util.Collections$UnmodifiableMap$UnmodifiableEntrySet$1::next (5 bytes)
Event: 4.507 Thread 0x0000015884887800 nmethod 3820 0x00000158eced9e90 code [0x00000158eceda080, 0x00000158eceda798]
Event: 4.507 Thread 0x0000015884887800 3821       3       java.util.Collections$UnmodifiableMap$UnmodifiableEntrySet$1::next (20 bytes)
Event: 4.508 Thread 0x0000015884887800 nmethod 3821 0x00000158eceda990 code [0x00000158ecedab80, 0x00000158ecedb218]
Event: 4.508 Thread 0x0000015884887800 3822       3       java.util.Collections$UnmodifiableMap$UnmodifiableEntrySet$UnmodifiableEntry::<init> (16 bytes)

GC Heap History (18 events):
Event: 0.626 GC heap before
{Heap before GC invocations=0 (full 0):
 garbage-first heap   total 161792K, used 26624K [0x0000000080000000, 0x0000000100000000)
  region size 1024K, 23 young (23552K), 0 survivors (0K)
 Metaspace       used 10250K, committed 10432K, reserved 1064960K
  class space    used 1058K, committed 1152K, reserved 1048576K
}
Event: 0.630 GC heap after
{Heap after GC invocations=1 (full 0):
 garbage-first heap   total 161792K, used 10427K [0x0000000080000000, 0x0000000100000000)
  region size 1024K, 3 young (3072K), 3 survivors (3072K)
 Metaspace       used 10250K, committed 10432K, reserved 1064960K
  class space    used 1058K, committed 1152K, reserved 1048576K
}
Event: 0.987 GC heap before
{Heap before GC invocations=1 (full 0):
 garbage-first heap   total 161792K, used 41147K [0x0000000080000000, 0x0000000100000000)
  region size 1024K, 32 young (32768K), 3 survivors (3072K)
 Metaspace       used 11196K, committed 11456K, reserved 1064960K
  class space    used 1161K, committed 1280K, reserved 1048576K
}
Event: 0.991 GC heap after
{Heap after GC invocations=2 (full 0):
 garbage-first heap   total 161792K, used 14651K [0x0000000080000000, 0x0000000100000000)
  region size 1024K, 4 young (4096K), 4 survivors (4096K)
 Metaspace       used 11196K, committed 11456K, reserved 1064960K
  class space    used 1161K, committed 1280K, reserved 1048576K
}
Event: 1.889 GC heap before
{Heap before GC invocations=2 (full 0):
 garbage-first heap   total 161792K, used 52539K [0x0000000080000000, 0x0000000100000000)
  region size 1024K, 42 young (43008K), 4 survivors (4096K)
 Metaspace       used 21334K, committed 21504K, reserved 1073152K
  class space    used 2601K, committed 2688K, reserved 1048576K
}
Event: 1.895 GC heap after
{Heap after GC invocations=3 (full 0):
 garbage-first heap   total 161792K, used 18746K [0x0000000080000000, 0x0000000100000000)
  region size 1024K, 8 young (8192K), 8 survivors (8192K)
 Metaspace       used 21334K, committed 21504K, reserved 1073152K
  class space    used 2601K, committed 2688K, reserved 1048576K
}
Event: 2.575 GC heap before
{Heap before GC invocations=4 (full 0):
 garbage-first heap   total 68608K, used 51514K [0x0000000080000000, 0x0000000100000000)
  region size 1024K, 40 young (40960K), 8 survivors (8192K)
 Metaspace       used 26368K, committed 26624K, reserved 1073152K
  class space    used 3472K, committed 3584K, reserved 1048576K
}
Event: 2.580 GC heap after
{Heap after GC invocations=5 (full 0):
 garbage-first heap   total 68608K, used 20948K [0x0000000080000000, 0x0000000100000000)
  region size 1024K, 3 young (3072K), 3 survivors (3072K)
 Metaspace       used 26368K, committed 26624K, reserved 1073152K
  class space    used 3472K, committed 3584K, reserved 1048576K
}
Event: 3.108 GC heap before
{Heap before GC invocations=5 (full 0):
 garbage-first heap   total 68608K, used 46548K [0x0000000080000000, 0x0000000100000000)
  region size 1024K, 28 young (28672K), 3 survivors (3072K)
 Metaspace       used 30354K, committed 30592K, reserved 1081344K
  class space    used 4119K, committed 4224K, reserved 1048576K
}
Event: 3.110 GC heap after
{Heap after GC invocations=6 (full 0):
 garbage-first heap   total 68608K, used 22124K [0x0000000080000000, 0x0000000100000000)
  region size 1024K, 4 young (4096K), 4 survivors (4096K)
 Metaspace       used 30354K, committed 30592K, reserved 1081344K
  class space    used 4119K, committed 4224K, reserved 1048576K
}
Event: 3.559 GC heap before
{Heap before GC invocations=6 (full 0):
 garbage-first heap   total 68608K, used 48748K [0x0000000080000000, 0x0000000100000000)
  region size 1024K, 30 young (30720K), 4 survivors (4096K)
 Metaspace       used 34804K, committed 35136K, reserved 1081344K
  class space    used 4824K, committed 4992K, reserved 1048576K
}
Event: 3.562 GC heap after
{Heap after GC invocations=7 (full 0):
 garbage-first heap   total 68608K, used 23875K [0x0000000080000000, 0x0000000100000000)
  region size 1024K, 4 young (4096K), 4 survivors (4096K)
 Metaspace       used 34804K, committed 35136K, reserved 1081344K
  class space    used 4824K, committed 4992K, reserved 1048576K
}
Event: 3.637 GC heap before
{Heap before GC invocations=7 (full 0):
 garbage-first heap   total 68608K, used 25923K [0x0000000080000000, 0x0000000100000000)
  region size 1024K, 8 young (8192K), 4 survivors (4096K)
 Metaspace       used 35783K, committed 36096K, reserved 1081344K
  class space    used 4895K, committed 5056K, reserved 1048576K
}
Event: 3.640 GC heap after
{Heap after GC invocations=8 (full 0):
 garbage-first heap   total 68608K, used 24602K [0x0000000080000000, 0x0000000100000000)
  region size 1024K, 3 young (3072K), 3 survivors (3072K)
 Metaspace       used 35783K, committed 36096K, reserved 1081344K
  class space    used 4895K, committed 5056K, reserved 1048576K
}
Event: 4.001 GC heap before
{Heap before GC invocations=9 (full 0):
 garbage-first heap   total 68608K, used 49178K [0x0000000080000000, 0x0000000100000000)
  region size 1024K, 28 young (28672K), 3 survivors (3072K)
 Metaspace       used 40356K, committed 40704K, reserved 1089536K
  class space    used 5352K, committed 5504K, reserved 1048576K
}
Event: 4.005 GC heap after
{Heap after GC invocations=10 (full 0):
 garbage-first heap   total 68608K, used 28435K [0x0000000080000000, 0x0000000100000000)
  region size 1024K, 4 young (4096K), 4 survivors (4096K)
 Metaspace       used 40356K, committed 40704K, reserved 1089536K
  class space    used 5352K, committed 5504K, reserved 1048576K
}
Event: 4.389 GC heap before
{Heap before GC invocations=10 (full 0):
 garbage-first heap   total 68608K, used 53011K [0x0000000080000000, 0x0000000100000000)
  region size 1024K, 26 young (26624K), 4 survivors (4096K)
 Metaspace       used 42534K, committed 42880K, reserved 1089536K
  class space    used 5564K, committed 5696K, reserved 1048576K
}
Event: 4.393 GC heap after
{Heap after GC invocations=11 (full 0):
 garbage-first heap   total 82944K, used 30510K [0x0000000080000000, 0x0000000100000000)
  region size 1024K, 3 young (3072K), 3 survivors (3072K)
 Metaspace       used 42534K, committed 42880K, reserved 1089536K
  class space    used 5564K, committed 5696K, reserved 1048576K
}

Dll operation events (2 events):
Event: 0.007 Loaded shared library C:\Program Files\Android\Android Studio\jbr\bin\java.dll
Event: 0.333 Loaded shared library C:\Program Files\Android\Android Studio\jbr\bin\verify.dll

Deoptimization events (20 events):
Event: 4.240 Thread 0x0000015887308ad0 Uncommon trap: trap_request=0xffffffc6 fr.pc=0x00000158f43b8b74 relative=0x0000000000000774
Event: 4.240 Thread 0x0000015887308ad0 Uncommon trap: reason=bimorphic_or_optimized_type_check action=maybe_recompile pc=0x00000158f43b8b74 method=java.util.stream.ReferencePipeline.forEachWithCancel(Ljava/util/Spliterator;Ljava/util/stream/Sink;)Z @ 13 c2
Event: 4.240 Thread 0x0000015887308ad0 DEOPT PACKING pc=0x00000158f43b8b74 sp=0x00000056313f8660
Event: 4.240 Thread 0x0000015887308ad0 DEOPT UNPACKING pc=0x00000158f3ca69a3 sp=0x00000056313f8628 mode 2
Event: 4.240 Thread 0x0000015887308ad0 Uncommon trap: trap_request=0xffffffc6 fr.pc=0x00000158f43b8b74 relative=0x0000000000000774
Event: 4.240 Thread 0x0000015887308ad0 Uncommon trap: reason=bimorphic_or_optimized_type_check action=maybe_recompile pc=0x00000158f43b8b74 method=java.util.stream.ReferencePipeline.forEachWithCancel(Ljava/util/Spliterator;Ljava/util/stream/Sink;)Z @ 13 c2
Event: 4.240 Thread 0x0000015887308ad0 DEOPT PACKING pc=0x00000158f43b8b74 sp=0x00000056313f8660
Event: 4.240 Thread 0x0000015887308ad0 DEOPT UNPACKING pc=0x00000158f3ca69a3 sp=0x00000056313f8628 mode 2
Event: 4.241 Thread 0x0000015887308ad0 Uncommon trap: trap_request=0xffffffc6 fr.pc=0x00000158f43b8b74 relative=0x0000000000000774
Event: 4.241 Thread 0x0000015887308ad0 Uncommon trap: reason=bimorphic_or_optimized_type_check action=maybe_recompile pc=0x00000158f43b8b74 method=java.util.stream.ReferencePipeline.forEachWithCancel(Ljava/util/Spliterator;Ljava/util/stream/Sink;)Z @ 13 c2
Event: 4.241 Thread 0x0000015887308ad0 DEOPT PACKING pc=0x00000158f43b8b74 sp=0x00000056313f8500
Event: 4.241 Thread 0x0000015887308ad0 DEOPT UNPACKING pc=0x00000158f3ca69a3 sp=0x00000056313f84c8 mode 2
Event: 4.241 Thread 0x0000015887308ad0 Uncommon trap: trap_request=0xffffffc6 fr.pc=0x00000158f43b8b74 relative=0x0000000000000774
Event: 4.241 Thread 0x0000015887308ad0 Uncommon trap: reason=bimorphic_or_optimized_type_check action=maybe_recompile pc=0x00000158f43b8b74 method=java.util.stream.ReferencePipeline.forEachWithCancel(Ljava/util/Spliterator;Ljava/util/stream/Sink;)Z @ 13 c2
Event: 4.241 Thread 0x0000015887308ad0 DEOPT PACKING pc=0x00000158f43b8b74 sp=0x00000056313f8660
Event: 4.241 Thread 0x0000015887308ad0 DEOPT UNPACKING pc=0x00000158f3ca69a3 sp=0x00000056313f8628 mode 2
Event: 4.412 Thread 0x0000015887308ad0 Uncommon trap: trap_request=0xffffffde fr.pc=0x00000158f4368b2c relative=0x000000000000182c
Event: 4.412 Thread 0x0000015887308ad0 Uncommon trap: reason=class_check action=maybe_recompile pc=0x00000158f4368b2c method=java.util.WeakHashMap.matchesKey(Ljava/util/WeakHashMap$Entry;Ljava/lang/Object;)Z @ 21 c2
Event: 4.412 Thread 0x0000015887308ad0 DEOPT PACKING pc=0x00000158f4368b2c sp=0x00000056313f4f50
Event: 4.412 Thread 0x0000015887308ad0 DEOPT UNPACKING pc=0x00000158f3ca69a3 sp=0x00000056313f4ed0 mode 2

Classes unloaded (0 events):
No events

Classes redefined (0 events):
No events

Internal exceptions (20 events):
Event: 4.401 Thread 0x0000015887308ad0 Exception <a 'java/lang/ClassNotFoundException'{0x0000000087192b10}: org/gradle/api/internal/artifacts/DefaultArtifactRepositoryContainerBeanInfo> (0x0000000087192b10) 
thrown [s\src\hotspot\share\classfile\systemDictionary.cpp, line 256]
Event: 4.402 Thread 0x0000015887308ad0 Exception <a 'java/lang/ClassNotFoundException'{0x00000000871a6608}: org/gradle/api/internal/DefaultNamedDomainObjectListBeanInfo> (0x00000000871a6608) 
thrown [s\src\hotspot\share\classfile\systemDictionary.cpp, line 256]
Event: 4.403 Thread 0x0000015887308ad0 Exception <a 'java/lang/ClassNotFoundException'{0x00000000871ba208}: org/gradle/api/internal/DefaultNamedDomainObjectCollectionBeanInfo> (0x00000000871ba208) 
thrown [s\src\hotspot\share\classfile\systemDictionary.cpp, line 256]
Event: 4.404 Thread 0x0000015887308ad0 Exception <a 'java/lang/ClassNotFoundException'{0x00000000871cdd60}: org/gradle/api/internal/DefaultDomainObjectCollectionBeanInfo> (0x00000000871cdd60) 
thrown [s\src\hotspot\share\classfile\systemDictionary.cpp, line 256]
Event: 4.404 Thread 0x0000015887308ad0 Exception <a 'java/lang/ClassNotFoundException'{0x00000000871d4208}: java/util/AbstractCollectionBeanInfo> (0x00000000871d4208) 
thrown [s\src\hotspot\share\classfile\systemDictionary.cpp, line 256]
Event: 4.405 Thread 0x0000015887308ad0 Exception <a 'java/lang/ClassNotFoundException'{0x00000000871da618}: java/util/AbstractCollectionCustomizer> (0x00000000871da618) 
thrown [s\src\hotspot\share\classfile\systemDictionary.cpp, line 256]
Event: 4.407 Thread 0x0000015887308ad0 Exception <a 'java/lang/ClassNotFoundException'{0x00000000871f75f0}: org/gradle/api/internal/DefaultDomainObjectCollectionCustomizer> (0x00000000871f75f0) 
thrown [s\src\hotspot\share\classfile\systemDictionary.cpp, line 256]
Event: 4.409 Thread 0x0000015887308ad0 Exception <a 'java/lang/ClassNotFoundException'{0x000000008702be50}: org/gradle/api/internal/DefaultNamedDomainObjectCollectionCustomizer> (0x000000008702be50) 
thrown [s\src\hotspot\share\classfile\systemDictionary.cpp, line 256]
Event: 4.412 Thread 0x0000015887308ad0 Exception <a 'java/lang/ClassNotFoundException'{0x000000008706bfe8}: org/gradle/api/internal/DefaultNamedDomainObjectListCustomizer> (0x000000008706bfe8) 
thrown [s\src\hotspot\share\classfile\systemDictionary.cpp, line 256]
Event: 4.414 Thread 0x0000015887308ad0 Exception <a 'java/lang/ClassNotFoundException'{0x00000000870a3458}: org/gradle/api/internal/artifacts/DefaultArtifactRepositoryContainerCustomizer> (0x00000000870a3458) 
thrown [s\src\hotspot\share\classfile\systemDictionary.cpp, line 256]
Event: 4.416 Thread 0x0000015887308ad0 Exception <a 'java/lang/ClassNotFoundException'{0x00000000870cc710}: org/gradle/api/internal/artifacts/dsl/DefaultRepositoryHandlerCustomizer> (0x00000000870cc710) 
thrown [s\src\hotspot\share\classfile\systemDictionary.cpp, line 256]
Event: 4.418 Thread 0x0000015887308ad0 Exception <a 'java/lang/ClassNotFoundException'{0x0000000086f03db8}: org/gradle/api/internal/artifacts/dsl/DefaultRepositoryHandler_DecoratedCustomizer> (0x0000000086f03db8) 
thrown [s\src\hotspot\share\classfile\systemDictionary.cpp, line 256]
Event: 4.477 Thread 0x0000015887308ad0 Exception <a 'java/lang/NoSuchMethodError'{0x0000000086c2c610}: 'void java.lang.invoke.DirectMethodHandle$Holder.invokeInterface(java.lang.Object, java.lang.Object)'> (0x0000000086c2c610) 
thrown [s\src\hotspot\share\interpreter\linkResolver.cpp, line 771]
Event: 4.479 Thread 0x0000015887308ad0 Exception <a 'java/lang/IncompatibleClassChangeError'{0x0000000086c381a0}: Found class java.lang.Object, but interface was expected> (0x0000000086c381a0) 
thrown [s\src\hotspot\share\interpreter\linkResolver.cpp, line 838]
Event: 4.492 Thread 0x0000015887308ad0 Exception <a 'java/lang/ClassNotFoundException'{0x0000000086cf0790}: settings_2umlcsp84z79v0ow9mzy7cz29BeanInfo> (0x0000000086cf0790) 
thrown [s\src\hotspot\share\classfile\systemDictionary.cpp, line 256]
Event: 4.492 Thread 0x0000015887308ad0 Exception <a 'java/lang/ClassNotFoundException'{0x0000000086cf6fc8}: settings_2umlcsp84z79v0ow9mzy7cz29Customizer> (0x0000000086cf6fc8) 
thrown [s\src\hotspot\share\classfile\systemDictionary.cpp, line 256]
Event: 4.500 Thread 0x0000015887308ad0 Exception <a 'java/lang/ClassNotFoundException'{0x0000000084752eb8}: org/gradle/internal/management/DefaultDependencyResolutionManagement_DecoratedBeanInfo> (0x0000000084752eb8) 
thrown [s\src\hotspot\share\classfile\systemDictionary.cpp, line 256]
Event: 4.501 Thread 0x0000015887308ad0 Exception <a 'java/lang/ClassNotFoundException'{0x0000000084767408}: org/gradle/internal/management/DefaultDependencyResolutionManagementBeanInfo> (0x0000000084767408) 
thrown [s\src\hotspot\share\classfile\systemDictionary.cpp, line 256]
Event: 4.502 Thread 0x0000015887308ad0 Exception <a 'java/lang/ClassNotFoundException'{0x000000008477b3f0}: org/gradle/internal/management/DefaultDependencyResolutionManagementCustomizer> (0x000000008477b3f0) 
thrown [s\src\hotspot\share\classfile\systemDictionary.cpp, line 256]
Event: 4.503 Thread 0x0000015887308ad0 Exception <a 'java/lang/ClassNotFoundException'{0x00000000847a1cb8}: org/gradle/internal/management/DefaultDependencyResolutionManagement_DecoratedCustomizer> (0x00000000847a1cb8) 
thrown [s\src\hotspot\share\classfile\systemDictionary.cpp, line 256]

VM Operations (20 events):
Event: 3.759 Executing VM operation: HandshakeAllThreads
Event: 3.759 Executing VM operation: HandshakeAllThreads done
Event: 3.870 Executing VM operation: HandshakeAllThreads
Event: 3.870 Executing VM operation: HandshakeAllThreads done
Event: 3.870 Executing VM operation: HandshakeAllThreads
Event: 3.871 Executing VM operation: HandshakeAllThreads done
Event: 3.874 Executing VM operation: HandshakeAllThreads
Event: 3.874 Executing VM operation: HandshakeAllThreads done
Event: 3.879 Executing VM operation: HandshakeAllThreads
Event: 3.879 Executing VM operation: HandshakeAllThreads done
Event: 3.885 Executing VM operation: HandshakeAllThreads
Event: 3.885 Executing VM operation: HandshakeAllThreads done
Event: 3.946 Executing VM operation: HandshakeAllThreads
Event: 3.946 Executing VM operation: HandshakeAllThreads done
Event: 4.001 Executing VM operation: G1CollectForAllocation
Event: 4.005 Executing VM operation: G1CollectForAllocation done
Event: 4.326 Executing VM operation: ICBufferFull
Event: 4.326 Executing VM operation: ICBufferFull done
Event: 4.389 Executing VM operation: G1CollectForAllocation
Event: 4.393 Executing VM operation: G1CollectForAllocation done

Events (20 events):
Event: 4.178 loading class com/sun/beans/finder/FinderUtils
Event: 4.178 loading class com/sun/beans/finder/FinderUtils done
Event: 4.250 loading class sun/reflect/MagicAccessorImpl
Event: 4.250 loading class sun/reflect/MagicAccessorImpl done
Event: 4.316 loading class jdk/internal/reflect/UnsafeStaticIntegerFieldAccessorImpl
Event: 4.317 loading class jdk/internal/reflect/UnsafeStaticIntegerFieldAccessorImpl done
Event: 4.331 Thread 0x0000015888816480 Thread added: 0x0000015888816480
Event: 4.404 loading class java/util/AbstractCollectionBeanInfo
Event: 4.404 loading class java/util/AbstractCollectionBeanInfo done
Event: 4.404 loading class java/util/AbstractCollectionBeanInfo
Event: 4.404 loading class java/util/AbstractCollectionBeanInfo done
Event: 4.404 loading class java/util/AbstractCollectionCustomizer
Event: 4.404 loading class java/util/AbstractCollectionCustomizer done
Event: 4.404 loading class java/util/AbstractCollectionCustomizer
Event: 4.404 loading class java/util/AbstractCollectionCustomizer done
Event: 4.405 loading class sun/reflect/generics/tree/BooleanSignature
Event: 4.405 loading class sun/reflect/generics/tree/BooleanSignature done
Event: 4.405 loading class sun/reflect/generics/reflectiveObjects/GenericArrayTypeImpl
Event: 4.405 loading class sun/reflect/generics/reflectiveObjects/GenericArrayTypeImpl done
Event: 4.485 Thread 0x0000015888814c70 Thread added: 0x0000015888814c70


Dynamic libraries:
0x00007ff66d340000 - 0x00007ff66d34a000 	C:\Program Files\Android\Android Studio\jbr\bin\java.exe
0x00007ffd94d10000 - 0x00007ffd94f24000 	C:\WINDOWS\SYSTEM32\ntdll.dll
0x00007ffd93b00000 - 0x00007ffd93bc2000 	C:\WINDOWS\System32\KERNEL32.DLL
0x00007ffd92430000 - 0x00007ffd927d3000 	C:\WINDOWS\System32\KERNELBASE.dll
0x00007ffd92250000 - 0x00007ffd92361000 	C:\WINDOWS\System32\ucrtbase.dll
0x00007ffd8c800000 - 0x00007ffd8c817000 	C:\Program Files\Android\Android Studio\jbr\bin\jli.dll
0x00007ffd93400000 - 0x00007ffd935ab000 	C:\WINDOWS\System32\USER32.dll
0x00007ffd8b240000 - 0x00007ffd8b25b000 	C:\Program Files\Android\Android Studio\jbr\bin\VCRUNTIME140.dll
0x00007ffd92ae0000 - 0x00007ffd92b06000 	C:\WINDOWS\System32\win32u.dll
0x00007ffd76d30000 - 0x00007ffd76fbe000 	C:\WINDOWS\WinSxS\amd64_microsoft.windows.common-controls_6595b64144ccf1df_6.0.22621.1635_none_270f70857386168e\COMCTL32.dll
0x00007ffd94ac0000 - 0x00007ffd94ae9000 	C:\WINDOWS\System32\GDI32.dll
0x00007ffd93c90000 - 0x00007ffd93d37000 	C:\WINDOWS\System32\msvcrt.dll
0x00007ffd92130000 - 0x00007ffd92248000 	C:\WINDOWS\System32\gdi32full.dll
0x00007ffd927e0000 - 0x00007ffd9287a000 	C:\WINDOWS\System32\msvcp_win.dll
0x00007ffd93640000 - 0x00007ffd93671000 	C:\WINDOWS\System32\IMM32.DLL
0x00007ffd7b720000 - 0x00007ffd7b72c000 	C:\Program Files\Android\Android Studio\jbr\bin\vcruntime140_1.dll
0x00007ffd7b690000 - 0x00007ffd7b71d000 	C:\Program Files\Android\Android Studio\jbr\bin\msvcp140.dll
0x00007ffd38c90000 - 0x00007ffd398fd000 	C:\Program Files\Android\Android Studio\jbr\bin\server\jvm.dll
0x00007ffd93be0000 - 0x00007ffd93c8e000 	C:\WINDOWS\System32\ADVAPI32.dll
0x00007ffd92c90000 - 0x00007ffd92d34000 	C:\WINDOWS\System32\sechost.dll
0x00007ffd92f80000 - 0x00007ffd93097000 	C:\WINDOWS\System32\RPCRT4.dll
0x00007ffd890e0000 - 0x00007ffd890ea000 	C:\WINDOWS\SYSTEM32\VERSION.dll
0x00007ffd8c780000 - 0x00007ffd8c789000 	C:\WINDOWS\SYSTEM32\WSOCK32.dll
0x00007ffd8be50000 - 0x00007ffd8be84000 	C:\WINDOWS\SYSTEM32\WINMM.dll
0x00007ffd935c0000 - 0x00007ffd93631000 	C:\WINDOWS\System32\WS2_32.dll
0x00007ffd91150000 - 0x00007ffd91168000 	C:\WINDOWS\SYSTEM32\kernel.appcore.dll
0x00007ffd8c770000 - 0x00007ffd8c77a000 	C:\Program Files\Android\Android Studio\jbr\bin\jimage.dll
0x00007ffd8fd20000 - 0x00007ffd8ff4e000 	C:\WINDOWS\SYSTEM32\DBGHELP.DLL
0x00007ffd94730000 - 0x00007ffd94ab9000 	C:\WINDOWS\System32\combase.dll
0x00007ffd92e40000 - 0x00007ffd92f17000 	C:\WINDOWS\System32\OLEAUT32.dll
0x00007ffd804b0000 - 0x00007ffd804e2000 	C:\WINDOWS\SYSTEM32\dbgcore.DLL
0x00007ffd92a60000 - 0x00007ffd92adb000 	C:\WINDOWS\System32\bcryptPrimitives.dll
0x00007ffd7af90000 - 0x00007ffd7afb5000 	C:\Program Files\Android\Android Studio\jbr\bin\java.dll
0x00007ffd8c750000 - 0x00007ffd8c768000 	C:\Program Files\Android\Android Studio\jbr\bin\zip.dll
0x00007ffd93f10000 - 0x00007ffd9470a000 	C:\WINDOWS\System32\SHELL32.dll
0x00007ffd900e0000 - 0x00007ffd909ae000 	C:\WINDOWS\SYSTEM32\windows.storage.dll
0x00007ffd8ffa0000 - 0x00007ffd900de000 	C:\WINDOWS\SYSTEM32\wintypes.dll
0x00007ffd92d40000 - 0x00007ffd92e31000 	C:\WINDOWS\System32\SHCORE.dll
0x00007ffd94af0000 - 0x00007ffd94b4e000 	C:\WINDOWS\System32\shlwapi.dll
0x00007ffd92060000 - 0x00007ffd92081000 	C:\WINDOWS\SYSTEM32\profapi.dll
0x00007ffd7af70000 - 0x00007ffd7af89000 	C:\Program Files\Android\Android Studio\jbr\bin\net.dll
0x00007ffd8acb0000 - 0x00007ffd8ade7000 	C:\WINDOWS\SYSTEM32\WINHTTP.dll
0x00007ffd915f0000 - 0x00007ffd91659000 	C:\WINDOWS\system32\mswsock.dll
0x00007ffd6f220000 - 0x00007ffd6f236000 	C:\Program Files\Android\Android Studio\jbr\bin\nio.dll
0x00007ffd6f210000 - 0x00007ffd6f220000 	C:\Program Files\Android\Android Studio\jbr\bin\verify.dll
0x00007ffd7af40000 - 0x00007ffd7af67000 	C:\Users\panji\.gradle\native\68d5fa5c4cc2d200863cafc0d521ce42e7d3e7ee720ec0a83991735586a16f82\windows-amd64\native-platform.dll
0x00007ffd6ec50000 - 0x00007ffd6ed94000 	C:\Users\panji\.gradle\native\e376f236ea51e6404a007f0833ffe2c6e607c4080706a723a18a27aeea778392\windows-amd64\native-platform-file-events.dll
0x00007ffd8c720000 - 0x00007ffd8c729000 	C:\Program Files\Android\Android Studio\jbr\bin\management.dll
0x00007ffd8b170000 - 0x00007ffd8b17b000 	C:\Program Files\Android\Android Studio\jbr\bin\management_ext.dll
0x00007ffd93bd0000 - 0x00007ffd93bd8000 	C:\WINDOWS\System32\PSAPI.DLL
0x00007ffd91850000 - 0x00007ffd9186b000 	C:\WINDOWS\SYSTEM32\CRYPTSP.dll
0x00007ffd910c0000 - 0x00007ffd910f5000 	C:\WINDOWS\system32\rsaenh.dll
0x00007ffd916f0000 - 0x00007ffd91718000 	C:\WINDOWS\SYSTEM32\USERENV.dll
0x00007ffd919f0000 - 0x00007ffd91a18000 	C:\WINDOWS\SYSTEM32\bcrypt.dll
0x00007ffd91870000 - 0x00007ffd9187c000 	C:\WINDOWS\SYSTEM32\CRYPTBASE.dll
0x00007ffd90c10000 - 0x00007ffd90c3d000 	C:\WINDOWS\SYSTEM32\IPHLPAPI.DLL
0x00007ffd935b0000 - 0x00007ffd935b9000 	C:\WINDOWS\System32\NSI.dll
0x00007ffd8be30000 - 0x00007ffd8be49000 	C:\WINDOWS\SYSTEM32\dhcpcsvc6.DLL
0x00007ffd8a4b0000 - 0x00007ffd8a4cf000 	C:\WINDOWS\SYSTEM32\dhcpcsvc.DLL
0x00007ffd90c80000 - 0x00007ffd90d73000 	C:\WINDOWS\SYSTEM32\DNSAPI.dll
0x00007ffd6f0f0000 - 0x00007ffd6f0f8000 	C:\WINDOWS\system32\wshunix.dll

dbghelp: loaded successfully - version: 4.0.5 - missing functions: none
symbol engine: initialized successfully - sym options: 0x614 - pdb path: .;C:\Program Files\Android\Android Studio\jbr\bin;C:\WINDOWS\SYSTEM32;C:\WINDOWS\WinSxS\amd64_microsoft.windows.common-controls_6595b64144ccf1df_6.0.22621.1635_none_270f70857386168e;C:\Program Files\Android\Android Studio\jbr\bin\server;C:\Users\panji\.gradle\native\68d5fa5c4cc2d200863cafc0d521ce42e7d3e7ee720ec0a83991735586a16f82\windows-amd64;C:\Users\panji\.gradle\native\e376f236ea51e6404a007f0833ffe2c6e607c4080706a723a18a27aeea778392\windows-amd64

VM Arguments:
jvm_args: --add-opens=java.base/java.util=ALL-UNNAMED --add-opens=java.base/java.lang=ALL-UNNAMED --add-opens=java.base/java.lang.invoke=ALL-UNNAMED --add-opens=java.prefs/java.util.prefs=ALL-UNNAMED --add-opens=java.base/java.nio.charset=ALL-UNNAMED --add-opens=java.base/java.net=ALL-UNNAMED --add-opens=java.base/java.util.concurrent.atomic=ALL-UNNAMED -Xmx2048m -Dfile.encoding=UTF-8 -Duser.country=US -Duser.language=en -Duser.variant 
java_command: org.gradle.launcher.daemon.bootstrap.GradleDaemon 8.0
java_class_path (initial): C:\Users\panji\.gradle\wrapper\dists\gradle-8.0-bin\ca5e32bp14vu59qr306oxotwh\gradle-8.0\lib\gradle-launcher-8.0.jar
Launcher Type: SUN_STANDARD

[Global flags]
     intx CICompilerCount                          = 4                                         {product} {ergonomic}
     uint ConcGCThreads                            = 3                                         {product} {ergonomic}
     uint G1ConcRefinementThreads                  = 10                                        {product} {ergonomic}
   size_t G1HeapRegionSize                         = 1048576                                   {product} {ergonomic}
    uintx GCDrainStackTargetSize                   = 64                                        {product} {ergonomic}
   size_t InitialHeapSize                          = 165675008                                 {product} {ergonomic}
   size_t MarkStackSize                            = 4194304                                   {product} {ergonomic}
   size_t MaxHeapSize                              = 2147483648                                {product} {command line}
   size_t MaxNewSize                               = 1287651328                                {product} {ergonomic}
   size_t MinHeapDeltaBytes                        = 1048576                                   {product} {ergonomic}
   size_t MinHeapSize                              = 8388608                                   {product} {ergonomic}
    uintx NonNMethodCodeHeapSize                   = 5839372                                {pd product} {ergonomic}
    uintx NonProfiledCodeHeapSize                  = 122909434                              {pd product} {ergonomic}
    uintx ProfiledCodeHeapSize                     = 122909434                              {pd product} {ergonomic}
    uintx ReservedCodeCacheSize                    = 251658240                              {pd product} {ergonomic}
     bool SegmentedCodeCache                       = true                                      {product} {ergonomic}
   size_t SoftMaxHeapSize                          = 2147483648                             {manageable} {ergonomic}
     bool UseCompressedClassPointers               = true                           {product lp64_product} {ergonomic}
     bool UseCompressedOops                        = true                           {product lp64_product} {ergonomic}
     bool UseG1GC                                  = true                                      {product} {ergonomic}
     bool UseLargePagesIndividualAllocation        = false                                  {pd product} {ergonomic}

Logging:
Log output configuration:
 #0: stdout all=warning uptime,level,tags
 #1: stderr all=off uptime,level,tags

Environment Variables:
PATH=C:\Program Files\Oculus\Support\oculus-runtime;C:\Program Files\Microsoft\jdk-11.0.12.7-hotspot\bin;C:\Python311\Scripts\;C:\Python311\;C:\Program Files\Common Files\Oracle\Java\javapath;C:\Program Files (x86)\Common Files\Intel\Shared Libraries\redist\intel64\compiler;C:\WINDOWS\system32;C:\WINDOWS;C:\WINDOWS\System32\Wbem;C:\WINDOWS\System32\WindowsPowerShell\v1.0\;C:\WINDOWS\System32\OpenSSH\;C:\Program Files\Git\cmd;E:\xampp\php;C:\ProgramData\ComposerSetup\bin;C:\Program Files\nodejs\;C:\ProgramData\chocolatey\bin;C:\Program Files\dotnet\;C:\Users\panji\Downloads\Compressed\mongosh-1.6.1-win32-x64\bin;C:\Program Files\Microsoft SQL Server\150\Tools\Binn\;C:\Program Files\Microsoft SQL Server\Client SDK\ODBC\170\Tools\Binn\;C:\Users\panji\AppData\Local\Microsoft\WindowsApps;C:\Users\panji\AppData\Local\Programs\Microsoft VS Code\bin;C:\Program Files\JetBrains\IntelliJ IDEA Community Edition 2022.2.3\bin;;C:\Users\panji\AppData\Local\GitHubDesktop\bin;C:\Users\panji\AppData\Roaming\Composer\vendor\bin;C:\Users\panji\AppData\Roaming\npm;C:\Program Files\JetBrains\PhpStorm 2022.3\bin;;C:\src\flutter\bin;C:\Users\panji\.dotnet\tools;C:\tools\dart-sdk\bin;C:\Users\panji\AppData\Roaming\Pub\Cache\bin;
USERNAME=panji
OS=Windows_NT
PROCESSOR_IDENTIFIER=AMD64 Family 23 Model 104 Stepping 1, AuthenticAMD
TMP=C:\Users\panji\AppData\Local\Temp
TEMP=C:\Users\panji\AppData\Local\Temp



---------------  S Y S T E M  ---------------

OS:
 Windows 11 , 64 bit Build 22621 (10.0.22621.1635)
OS uptime: 0 days 0:06 hours
Hyper-V role detected

CPU: total 12 (initial active 12) (12 cores per cpu, 2 threads per core) family 23 model 104 stepping 1 microcode 0x0, cx8, cmov, fxsr, ht, mmx, 3dnowpref, sse, sse2, sse3, ssse3, sse4a, sse4.1, sse4.2, popcnt, lzcnt, tsc, tscinvbit, avx, avx2, aes, clmul, bmi1, bmi2, adx, sha, fma, vzeroupper, clflush, clflushopt, hv

Memory: 4k page, system-wide physical 10085M (1426M free)
TotalPageFile size 12133M (AvailPageFile size 4M)
current process WorkingSet (physical memory assigned to process): 224M, peak: 224M
current process commit charge ("private bytes"): 274M, peak: 297M

vm_info: OpenJDK 64-Bit Server VM (17.0.6+0-b2043.56-9586694) for windows-amd64 JRE (17.0.6+0-b2043.56-9586694), built on Feb  9 2023 20:06:20 by "androidbuild" with MS VC++ 16.10 / 16.11 (VS2019)

END.
